2022-03-21, 16:25:41, Found, person, 1, 2218, 1001
2022-03-21, 16:25:41, Eingang, 2620, 1, No face visible, NA, -1
2022-03-21, 16:25:42, Eingang, 2630, 1, No face visible, NA, -1
2022-03-21, 16:25:43, Eingang, 2640, 1, No face visible, NA, -1
2022-03-21, 16:25:44, Eingang, 2650, 1, No face visible, NA, -1
2022-03-21, 16:25:45, Eingang, 2660, 1, No face visible, NA, -1
2022-03-21, 16:25:46, Eingang, 2670, 1, No face visible, NA, -1
2022-03-21, 16:25:47, Eingang, 2680, 1, No face visible, NA, -1
2022-03-21, 16:25:47, Eingang, 2681, 1, No face visible, NA, -1
2022-03-21, 16:25:48, Eingang, 2691, 1, unknown, NA, [-0.014725882560014725, -0.08830573409795761, -0.055641256272792816, -0.10010574012994766, 0.0793255940079689, -0.014759302139282227, 0.02092328853905201, -0.062479641288518906, -0.002727966755628586, 0.041813500225543976, 0.07350862771272659, -0.09878074377775192, -0.013669401407241821, -0.12770913541316986, 0.01521538570523262, 0.1129549890756607, 0.09470836818218231, -0.08660662174224854, 0.054646529257297516, -0.1574259251356125, -0.028429104015231133, 0.025498658418655396, -0.10664315521717072, -0.024406328797340393, 0.03443143889307976, -0.03369738161563873, 0.1361764818429947, 0.09239577502012253, -0.07070420682430267, 0.003988771233707666, -0.043452225625514984, 0.08982540667057037, 0.02931389771401882, -0.04824154078960419, 0.14861075580120087, -0.09045684337615967, 0.10870489478111267, 0.03266962990164757, 0.15502206981182098, 0.003756395075470209, 0.07884807884693146, 0.012667860835790634, -0.04898791387677193, -0.059571411460638046, -0.10963215678930283, -0.13815821707248688, 0.014037497341632843, -0.016192028298974037, 0.09463383257389069, 0.08459055423736572, -0.10549179464578629, 0.03825182095170021, 0.06944134831428528, -0.0603598952293396, 0.01178831048309803, 0.07591307908296585, 0.1322622001171112, 0.03596699982881546, -0.025842705741524696, -0.2330920696258545, -0.09891027212142944, -0.0836150273680687, -0.038940586149692535, 0.2415561079978943, 0.021283091977238655, 0.14039631187915802, 0.079472117125988, -0.007824900560081005, 0.052468180656433105, -0.10618765652179718, -0.020800400525331497, -0.15861085057258606, 0.06158927455544472, -0.12964043021202087, -0.029103649780154228, -0.02306969091296196, -0.008554583415389061, 0.11811722815036774, -0.06326915323734283, -0.10580796003341675, -0.14471077919006348, -0.07736580073833466, 0.01772146299481392, 0.06560327112674713, 0.10860244184732437, -0.01412414200603962, 0.12329639494419098, -0.06595178693532944, -0.1898452341556549, 0.21417784690856934, 0.08512353152036667, 0.008237631060183048, -0.038670577108860016, -0.05006297305226326, 0.11733240634202957, 0.039462197571992874, 0.012192958034574986, -0.11557053029537201, -0.1960623413324356, 0.014531499706208706, -0.13255217671394348, 0.18469847738742828, 0.054021790623664856, -0.09542309492826462, 0.03779655694961548, 0.07185699790716171, -0.030715810135006905, 0.005346896592527628, -0.04575076326727867, -0.08576473593711853, 0.03961768373847008, 0.044852711260318756, 0.08408743143081665, 0.11848516017198563, -0.0390615239739418, 0.04085620865225792, 0.019802838563919067, 0.10370545834302902, 0.061043404042720795, 0.022198103368282318, -0.04738954082131386, -0.04676540568470955, 0.10409121215343475, 0.05297750234603882, 0.09082410484552383, -0.12785454094409943, 0.056394342333078384, 0.028530560433864594]
2022-03-21, 16:25:49, Eingang, 2701, 1, unknown, NA, [-0.02816234529018402, -0.08468814194202423, -0.07478770613670349, -0.09748702496290207, 0.07782161235809326, -0.03413541242480278, 0.04476843401789665, -0.07173659652471542, 0.013546314090490341, 0.024762123823165894, 0.08195964246988297, -0.07594215869903564, -0.011155949905514717, -0.13465926051139832, -0.01077050156891346, 0.1093614473938942, 0.08132197707891464, -0.09132120758295059, 0.07245812565088272, -0.17279598116874695, -0.02154815010726452, 0.0011478159576654434, -0.07796791940927505, -0.050731077790260315, 0.05039486289024353, -0.03726649656891823, 0.1736627072095871, 0.09405451267957687, -0.09270884841680527, 0.009336842224001884, -0.10517746955156326, 0.07756927609443665, 0.03678540885448456, -0.05414361506700516, 0.14581620693206787, -0.0583052858710289, 0.14035074412822723, 0.01150743942707777, 0.16047193109989166, -0.008099561557173729, 0.07903766632080078, 0.03207758814096451, -0.05938545987010002, -0.03392412140965462, -0.07970414310693741, -0.1273108273744583, -0.011177340522408485, -0.023180508986115456, 0.09490092843770981, 0.09562107175588608, -0.1377716213464737, 0.07026135921478271, 0.069095179438591, -0.06316433846950531, 0.005246569402515888, 0.11510802805423737, 0.1366616040468216, 0.07735468447208405, -0.022746190428733826, -0.21027448773384094, -0.1006750762462616, -0.07401011884212494, -0.03842597454786301, 0.18979787826538086, 0.02436296083033085, 0.1769769936800003, 0.07246016710996628, 0.006423513405025005, 0.035437289625406265, -0.12562450766563416, -0.0017954435897991061, -0.11143501102924347, 0.023640571162104607, -0.1279570311307907, -0.03255152702331543, -0.04711424931883812, -0.01996842958033085, 0.10124272853136063, -0.05517840385437012, -0.11954204738140106, -0.14901798963546753, -0.04511743038892746, 0.05367796868085861, 0.039474498480558395, 0.0967041626572609, -0.00748488400131464, 0.10134236514568329, -0.026098014786839485, -0.16124720871448517, 0.19985347986221313, 0.05028759688138962, 0.012272610329091549, -0.010877582244575024, -0.01719115488231182, 0.09067758172750473, 0.0541263148188591, -0.02220967411994934, -0.14439910650253296, -0.21708635985851288, 0.05515803396701813, -0.08934162557125092, 0.15623745322227478, 0.07648276537656784, -0.12623004615306854, 0.013174896128475666, 0.0633004680275917, -0.015381722711026669, -0.0003947542863897979, -0.047278501093387604, -0.07576674968004227, 0.0568515807390213, 0.04250181093811989, 0.11125797778367996, 0.12806539237499237, -0.024150030687451363, 0.049111928790807724, 0.035123925656080246, 0.13018259406089783, 0.09306847304105759, 0.04544420540332794, -0.03603648766875267, -0.030156316235661507, 0.12697257101535797, 0.034770041704177856, 0.08441292494535446, -0.09221268445253372, 0.10646747797727585, 0.01727321185171604]
2022-03-21, 16:25:50, Eingang, 2711, 1, No face visible, NA, -1
2022-03-21, 16:25:51, Eingang, 2721, 1, No face visible, NA, -1
2022-03-21, 16:25:52, Eingang, 2731, 1, No face visible, NA, -1
2022-03-21, 16:25:53, Eingang, 2741, 1, No face visible, NA, -1
2022-03-21, 16:25:53, Eingang, 2742, 1, No face visible, NA, -1
2022-03-21, 16:25:54, Eingang, 2752, 1, No face visible, NA, -1
2022-03-21, 16:25:55, Eingang, 2765, 1, No face visible, NA, -1
2022-03-21, 16:25:57, Eingang, 2781, 1, No face visible, NA, -1
2022-03-21, 16:25:58, Eingang, 2791, 1, No face visible, NA, -1
2022-03-21, 16:25:59, Eingang, 2801, 1, No face visible, NA, -1
2022-03-21, 16:26:00, Eingang, 2811, 1, No face visible, NA, -1
2022-03-21, 16:26:59, Eingang, 3397, 1, No face visible, NA, -1
2022-03-21, 16:27:01, Eingang, 3419, 1, No face visible, NA, -1
2022-03-21, 16:27:05, Eingang, 3468, 1, No face visible, NA, -1
2022-03-21, 16:27:10, Out, person, 1, 2265,   -1
