2022-03-22, 12:27:30, Reidentified, person, 177, 196, 1912
2022-03-22, 12:27:33, Eingang, 741491, 177, No face visible, NA, -1
2022-03-22, 12:27:37, Eingang, 741528, 177, Janine_Möske, 0.1238683294443517, [-0.017512863501906395, -0.07664040476083755, -0.036049310117959976, -0.1114058867096901, -0.11303003877401352, -0.1472485214471817, 0.028932545334100723, 0.010217367671430111, -0.07807207852602005, 0.006122493650764227, 0.005112051963806152, -0.006259943824261427, 0.023194221779704094, -0.1002679243683815, 0.03041164018213749, -0.05604042485356331, 0.10325890779495239, -0.14041507244110107, 0.11249959468841553, -0.10030689090490341, -0.15130187571048737, 0.0020195802208036184, -0.11769271641969681, 0.07697774469852448, 0.016992706805467606, 0.07506340742111206, 0.22863249480724335, 0.005170302465558052, -0.02397792600095272, -0.05589311569929123, -0.08510740846395493, 0.02436547540128231, 0.011186878196895123, -0.03915119171142578, 0.10424894839525223, 0.08034367859363556, 0.12773717939853668, -0.0803188607096672, 0.09083527326583862, -0.013458454050123692, -0.0058921887539327145, 0.15714460611343384, -0.023936627432703972, 0.10157910734415054, -0.03281219303607941, -0.06544620543718338, 0.003806952154263854, -0.13057737052440643, 0.030028482899069786, -0.024027887731790543, -0.1519232541322708, -0.02167656645178795, 0.04872596636414528, -0.01840093918144703, -0.09580570459365845, 0.12487313896417618, 0.13485553860664368, 0.09954988956451416, -0.11732032895088196, -0.13552454113960266, -0.12312972545623779, 0.018468758091330528, -0.03591705858707428, 0.09163644164800644, 0.013530977070331573, 0.19094477593898773, 0.05659409612417221, 0.040775883942842484, 0.04774012416601181, -0.002663640072569251, 0.0633758082985878, 0.06986860185861588, -0.0128373634070158, -0.17725074291229248, -0.00551008153706789, -0.06054394319653511, -0.14274205267429352, -0.012626971118152142, 0.010336552746593952, -0.11496444791555405, 0.012252102605998516, -0.04522262141108513, -0.016464224085211754, -0.060737285763025284, 0.09853128343820572, -0.09104856103658676, 0.0019261159468442202, 0.06531931459903717, -0.11956996470689774, 0.12356893718242645, 0.03562545031309128, -0.028531614691019058, -0.10901857912540436, -0.009374931454658508, -0.03278868645429611, 0.0895315557718277, -0.013782116584479809, -0.06748528778553009, 0.025614604353904724, 0.07105552405118942, 0.01979753188788891, 0.12622635066509247, 0.17070405185222626, -0.08501257002353668, 0.07702858000993729, 0.055912941694259644, -0.016379067674279213, -0.042629990726709366, -0.07973427325487137, -0.16577452421188354, 0.055256329476833344, -0.012800282798707485, 0.1197819709777832, 0.09645187854766846, -0.03148558735847473, 0.0713033601641655, -0.045378439128398895, 0.13444462418556213, 0.2758747935295105, 0.1303366869688034, 0.022786574438214302, -0.09940070658922195, 0.017459016293287277, 0.022651784121990204, 0.11614210903644562, -0.10580644756555557, 0.13780397176742554, -0.003480462357401848]
2022-03-22, 12:27:39, Eingang, 741544, 177, unknown, NA, [0.0009677546913735569, -0.10073215514421463, -0.09419985115528107, -0.07914276421070099, 0.021448958665132523, -0.14912936091423035, 0.01755950041115284, -0.03322300687432289, -0.017476215958595276, 0.017005762085318565, 0.046836331486701965, -0.10975141078233719, -0.025559930130839348, -0.12943008542060852, 0.038039468228816986, 0.05498707294464111, 0.09820882230997086, -0.1141611635684967, 0.06512252241373062, -0.12553612887859344, -0.132820263504982, -0.011939200572669506, -0.12642735242843628, 0.0407228097319603, 0.04036823660135269, -0.0033279394265264273, 0.1690925806760788, 0.10199104994535446, -0.0782860741019249, 0.009060507640242577, -0.06889740377664566, 0.07110712677240372, 0.008479997515678406, -0.0657450333237648, 0.11964656412601471, -0.03704940900206566, 0.13795091211795807, -0.01705149933695793, 0.17324186861515045, -0.009959581308066845, 0.04550928622484207, 0.03755274415016174, -0.09052275121212006, 0.002668139524757862, -0.09167015552520752, -0.13363869488239288, 0.004935967270284891, -0.02710447460412979, 0.04008850082755089, 0.044415317475795746, -0.04904397949576378, 0.039112553000450134, 0.04892471432685852, -0.06460442394018173, -0.026273533701896667, 0.10159667581319809, 0.16729319095611572, 0.07287371903657913, -0.007407342083752155, -0.18659234046936035, -0.0707448199391365, -0.05707627162337303, -0.06078832969069481, 0.18805591762065887, 0.06593896448612213, 0.18367227911949158, 0.0749475359916687, -0.013541357591748238, 0.02436474710702896, -0.06835562735795975, -0.012024801224470139, -0.13956286013126373, 0.0827394500374794, -0.14612381160259247, -0.05968283861875534, -0.001085183466784656, -0.03988993167877197, 0.07651399821043015, -0.0386681966483593, -0.15944944322109222, -0.10542859882116318, -0.030486565083265305, 0.017532074823975563, 0.06650373339653015, 0.0911121517419815, -0.12065533548593521, 0.08785269409418106, -0.05475896969437599, -0.18128997087478638, 0.21179597079753876, 0.08171802014112473, -0.023561058565974236, -0.12469565868377686, -0.03898715227842331, -0.005691390484571457, 0.01162954606115818, 0.04823800176382065, -0.12888716161251068, -0.18153533339500427, 0.03835329785943031, -0.10535485297441483, 0.18162959814071655, 0.08041386306285858, -0.1141098290681839, 0.06454462558031082, 0.07271506637334824, -0.005081729032099247, 0.0039983042515814304, -0.016827676445245743, -0.07931607961654663, 0.041381340473890305, 0.02743329107761383, 0.13363726437091827, 0.06576929241418839, -0.011361559852957726, 0.04171447455883026, 0.013504879549145699, 0.0935579314827919, 0.11803808808326721, 0.0650191456079483, 0.007662560325115919, -0.059591084718704224, 0.04051562398672104, 0.05187578499317169, 0.11725299060344696, -0.16188554465770721, 0.07122071832418442, -0.05741387978196144]
2022-03-22, 12:27:39, Eingang, 741554, 177, No face visible, NA, -1
2022-03-22, 12:27:40, Eingang, 741564, 177, No face visible, NA, -1
2022-03-22, 12:27:41, Eingang, 741577, 177, No face visible, NA, -1
2022-03-22, 12:27:41, Eingang, 741578, 177, No face visible, NA, -1
2022-03-22, 12:27:42, Eingang, 741588, 177, No face visible, NA, -1
2022-03-22, 12:27:46, Eingang, 741619, 177, No face visible, NA, -1
2022-03-22, 12:27:47, Eingang, 741634, 177, No face visible, NA, -1
2022-03-22, 12:27:48, Eingang, 741644, 177, No face visible, NA, -1
2022-03-22, 12:27:51, Eingang, 741676, 177, No face visible, NA, -1
2022-03-22, 12:27:55, Eingang, 741706, 177, No face visible, NA, -1
2022-03-22, 12:27:55, Eingang, 741707, 177, No face visible, NA, -1
2022-03-22, 12:27:57, Eingang, 741736, 177, No face visible, NA, -1
2022-03-22, 12:27:59, Eingang, 741757, 177, No face visible, NA, -1
2022-03-22, 12:28:01, Eingang, 741769, 177, No face visible, NA, -1
2022-03-22, 12:28:03, Eingang, 741787, 177, No face visible, NA, -1
2022-03-22, 12:28:08, Eingang, 741842, 177, No face visible, NA, -1
2022-03-22, 12:28:11, Eingang, 741874, 177, No face visible, NA, -1
2022-03-22, 12:28:11, Eingang, 741875, 177, No face visible, NA, -1
2022-03-22, 12:28:12, Eingang, 741885, 177, No face visible, NA, -1
2022-03-22, 12:28:13, Eingang, 741895, 177, No face visible, NA, -1
2022-03-22, 12:28:14, Eingang, 741905, 177, No face visible, NA, -1
2022-03-22, 12:28:15, Eingang, 741915, 177, No face visible, NA, -1
2022-03-22, 12:28:17, Eingang, 741925, 177, No face visible, NA, -1
2022-03-22, 12:28:17, Eingang, 741935, 177, No face visible, NA, -1
2022-03-22, 12:28:17, Eingang, 741936, 177, No face visible, NA, -1
2022-03-22, 12:28:18, Eingang, 741946, 177, No face visible, NA, -1
2022-03-22, 12:28:20, Eingang, 741963, 177, No face visible, NA, -1
2022-03-22, 12:28:24, Eingang, 742000, 177, No face visible, NA, -1
2022-03-22, 12:28:32, Lost, person, 177, 145, 1834
