2022-03-23, 17:32:04, Found, person, 927, 2330,  338
2022-03-23, 17:32:04, Eingang, 1805902, 927, No face visible, NA, -1
2022-03-23, 17:32:05, Eingang, 1805912, 927, No face visible, NA, -1
2022-03-23, 17:32:06, Eingang, 1805922, 927, No face visible, NA, -1
2022-03-23, 17:32:07, Eingang, 1805932, 927, No face visible, NA, -1
2022-03-23, 17:32:08, Eingang, 1805942, 927, No face visible, NA, -1
2022-03-23, 17:32:09, Eingang, 1805952, 927, Silvia, NA, -1
2022-03-23, 17:32:10, Eingang, 1805962, 927, No face visible, NA, -1
2022-03-23, 17:32:10, Eingang, 1805963, 927, Maureen_Leber, 3.1846451722370186, [-0.006982642225921154, -0.10259835422039032, -0.052486978471279144, -0.08769147843122482, 0.11209069192409515, -0.020068425685167313, 0.03718574345111847, -0.04810726270079613, 0.026357194408774376, 0.06017177551984787, 0.09132534265518188, -0.09372855722904205, -0.0010857272427529097, -0.13675548136234283, 0.01109512709081173, 0.10860136896371841, 0.05043458193540573, -0.08608991652727127, 0.061316799372434616, -0.15604200959205627, -0.048766132444143295, 0.02683916874229908, -0.08495636284351349, 0.02524563856422901, 0.03480646386742592, -0.044419605284929276, 0.17537634074687958, 0.08461116999387741, -0.09444326162338257, -0.01812916062772274, -0.06287648528814316, 0.08968654274940491, 0.02669391967356205, -0.06364116072654724, 0.12356817722320557, -0.08948209881782532, 0.10232988744974136, 0.011708242818713188, 0.14702405035495758, 0.0028617403004318476, 0.08117107301950455, -0.0265871100127697, -0.057725079357624054, -0.07082526385784149, -0.11189385503530502, -0.13615792989730835, 0.014733660966157913, -0.003529751906171441, 0.103164441883564, 0.08472410589456558, -0.11766388267278671, 0.08394420146942139, 0.06651574373245239, -0.0513368584215641, 0.021408069878816605, 0.07987503707408905, 0.12487541884183884, 0.0529535673558712, -0.03530501574277878, -0.21051740646362305, -0.08847073465585709, -0.08430281281471252, -0.024703340604901314, 0.2272307574748993, 0.052754957228899, 0.15320010483264923, 0.0869075134396553, 0.01855817809700966, 0.03227918967604637, -0.09365074336528778, -0.03931067883968353, -0.15915566682815552, 0.07471981644630432, -0.09609967470169067, -0.050326429307460785, -0.05821823701262474, -0.02684924565255642, 0.10860909521579742, -0.08327616751194, -0.10171985626220703, -0.15788739919662476, -0.08331014215946198, 0.0427117645740509, 0.07223687320947647, 0.0964265912771225, -0.014310576021671295, 0.10714470595121384, -0.059458985924720764, -0.15083864331245422, 0.17973585426807404, 0.08664858341217041, 0.004869953729212284, -0.017926165834069252, -0.04051250219345093, 0.14071190357208252, 0.03788219019770622, -0.00857764296233654, -0.10875745117664337, -0.213423952460289, 0.01171202678233385, -0.12513743340969086, 0.17387716472148895, 0.055259816348552704, -0.10554490238428116, 0.03173239529132843, 0.07584934681653976, -0.019383572041988373, 0.008619540371000767, -0.02868938259780407, -0.09777585417032242, 0.03493098169565201, 0.060264330357313156, 0.10609568655490875, 0.1006908193230629, -0.03021450899541378, 0.05223362520337105, 0.019064243882894516, 0.10892384499311447, 0.07253475487232208, 0.04243353754281998, -0.08013611286878586, -0.03783265873789787, 0.1051294133067131, 0.04817916080355644, 0.10536588728427887, -0.11342140287160873, 0.0817849412560463, 0.03185286745429039]
2022-03-23, 17:32:11, Eingang, 1805973, 927, No face visible, NA, -1
2022-03-23, 17:32:12, Eingang, 1805983, 927, Silvia, NA, -1
2022-03-23, 17:32:13, Eingang, 1805993, 927, No face visible, NA, -1
2022-03-23, 17:32:14, Eingang, 1806003, 927, No face visible, NA, -1
2022-03-23, 17:32:15, Eingang, 1806013, 927, No face visible, NA, -1
2022-03-23, 17:32:16, Eingang, 1806023, 927, No face visible, NA, -1
2022-03-23, 17:32:16, Eingang, 1806024, 927, No face visible, NA, -1
2022-03-23, 17:32:17, Eingang, 1806034, 927, No face visible, NA, -1
2022-03-23, 17:32:18, Eingang, 1806044, 927, No face visible, NA, -1
2022-03-23, 17:32:19, Eingang, 1806054, 927, No face visible, NA, -1
2022-03-23, 17:32:20, Eingang, 1806064, 927, No face visible, NA, -1
2022-03-23, 17:32:21, Eingang, 1806074, 927, No face visible, NA, -1
2022-03-23, 17:32:22, Eingang, 1806084, 927, No face visible, NA, -1
2022-03-23, 17:32:22, Eingang, 1806085, 927, No face visible, NA, -1
2022-03-23, 17:32:23, Eingang, 1806095, 927, No face visible, NA, -1
2022-03-23, 17:32:24, Eingang, 1806105, 927, No face visible, NA, -1
2022-03-23, 17:32:34, Lost, person, 927, 2245, 1292
