2022-03-22, 12:27:48, Found, person, 186, 1649,  910
2022-03-22, 12:27:48, Eingang, 741643, 186, No face visible, NA, -1
2022-03-22, 12:27:49, Eingang, 741653, 186, Silvia, 0.15952845483214254, [-0.01206454262137413, -0.1050073578953743, -0.04285835102200508, -0.1047963798046112, 0.06437168270349503, -0.0005397727363742888, 0.016988076269626617, -0.07246476411819458, -0.00011470348545117304, 0.02164352498948574, 0.08766598999500275, -0.08026884496212006, -0.0002767775731626898, -0.13744217157363892, -0.00028076706803403795, 0.09475743770599365, 0.1218608096241951, -0.08954634517431259, 0.08224641531705856, -0.1450406163930893, -0.026174740865826607, -0.007572909817099571, -0.09954878687858582, -0.026920661330223083, 0.024104835465550423, -0.05013328418135643, 0.169423907995224, 0.07847557961940765, -0.08244367688894272, 0.00538883451372385, -0.0670040026307106, 0.09592805802822113, 0.031172968447208405, -0.04046240448951721, 0.13894373178482056, -0.07432962208986282, 0.1166885495185852, 0.026410721242427826, 0.15919965505599976, 0.009921115823090076, 0.09051501005887985, 0.014298554509878159, -0.03450605273246765, -0.05362918972969055, -0.10730507969856262, -0.15094029903411865, 0.016446998342871666, -0.020003145560622215, 0.09826279431581497, 0.07743103802204132, -0.11151434481143951, 0.049909185618162155, 0.07525530457496643, -0.051319025456905365, 0.02902604267001152, 0.08925031870603561, 0.09599518030881882, 0.04220535233616829, -0.026089612394571304, -0.21068479120731354, -0.09616700559854507, -0.0943421870470047, -0.0014391705626621842, 0.21896038949489594, 0.01667778007686138, 0.16991202533245087, 0.07147131115198135, 0.02452070079743862, 0.0391823872923851, -0.08323206752538681, -0.026161691173911095, -0.14093025028705597, 0.05378533527255058, -0.12880408763885498, -0.03686827793717384, -0.023869618773460388, -0.022914208471775055, 0.09134974330663681, -0.06612571328878403, -0.11884533613920212, -0.1411520540714264, -0.06268557161092758, 0.018979528918862343, 0.07961496710777283, 0.11475224047899246, -0.011852030642330647, 0.1271260380744934, -0.07991468906402588, -0.20256493985652924, 0.1941850483417511, 0.06718850880861282, 0.005528188310563564, -0.027358224615454674, -0.051307663321495056, 0.10775252431631088, 0.03995843604207039, 0.005660712253302336, -0.1176820695400238, -0.20724701881408691, 0.04149162769317627, -0.11169658601284027, 0.17322741448879242, 0.07673490792512894, -0.0728197693824768, 0.0183712188154459, 0.07748457044363022, -0.04351815581321716, -0.006118409801274538, -0.07673881202936172, -0.10483623296022415, 0.06091846153140068, 0.03854543715715408, 0.10271900147199631, 0.10227670520544052, -0.05274961143732071, 0.02930511347949505, -0.009831593371927738, 0.12109019607305527, 0.08207107335329056, 0.028930101543664932, -0.059769198298454285, -0.04580532759428024, 0.1311332732439041, 0.04531363770365715, 0.08150192350149155, -0.09880203753709793, 0.08212865889072418, 0.04803736135363579]
2022-03-22, 12:27:50, Eingang, 741663, 186, No face visible, NA, -1
2022-03-22, 12:27:51, Eingang, 741673, 186, No face visible, NA, -1
2022-03-22, 12:27:52, Eingang, 741683, 186, No face visible, NA, -1
2022-03-22, 12:27:53, Eingang, 741693, 186, No face visible, NA, -1
2022-03-22, 12:27:54, Eingang, 741703, 186, No face visible, NA, -1
2022-03-22, 12:27:54, Eingang, 741704, 186, No face visible, NA, -1
2022-03-22, 12:27:55, Eingang, 741714, 186, No face visible, NA, -1
2022-03-22, 12:27:56, Eingang, 741724, 186, No face visible, NA, -1
2022-03-22, 12:27:57, Eingang, 741734, 186, No face visible, NA, -1
2022-03-22, 12:27:58, Eingang, 741744, 186, No face visible, NA, -1
2022-03-22, 12:27:59, Eingang, 741754, 186, No face visible, NA, -1
2022-03-22, 12:28:00, Eingang, 741764, 186, No face visible, NA, -1
2022-03-22, 12:28:00, Eingang, 741765, 186, No face visible, NA, -1
2022-03-22, 12:28:01, Eingang, 741775, 186, No face visible, NA, -1
2022-03-22, 12:28:02, Eingang, 741785, 186, No face visible, NA, -1
2022-03-22, 12:28:03, Eingang, 741795, 186, No face visible, NA, -1
2022-03-22, 12:28:04, Eingang, 741805, 186, No face visible, NA, -1
2022-03-22, 12:28:05, Eingang, 741815, 186, No face visible, NA, -1
2022-03-22, 12:28:06, Eingang, 741825, 186, No face visible, NA, -1
2022-03-22, 12:28:06, Eingang, 741826, 186, No face visible, NA, -1
2022-03-22, 12:28:07, Eingang, 741836, 186, No face visible, NA, -1
2022-03-22, 12:28:08, Eingang, 741846, 186, No face visible, NA, -1
2022-03-22, 12:28:11, Eingang, 741871, 186, No face visible, NA, -1
2022-03-22, 12:28:12, Eingang, 741881, 186, No face visible, NA, -1
2022-03-22, 12:28:15, Eingang, 741909, 186, unknown, NA, [0.04783375561237335, -0.06512480974197388, -0.0472349189221859, -0.07784755527973175, -0.007007434032857418, 0.07345322519540787, 0.01919640600681305, -0.07368066161870956, 0.09867320954799652, 0.01632007211446762, 0.10147015750408173, -0.05386381968855858, 0.06619706749916077, -0.19529271125793457, 0.03869327902793884, -0.0069473120383918285, 0.11262287199497223, -0.04568297788500786, 0.09094134718179703, -0.08320897072553635, -0.14870323240756989, 0.03173885866999626, -0.09938273578882217, 0.057901591062545776, 0.012165006250143051, -0.006703501101583242, 0.16891354322433472, 0.04095711186528206, -0.17448189854621887, -0.09511467814445496, -0.07902169227600098, 0.051447127014398575, -0.0059192972257733345, -0.010234188288450241, 0.09482976794242859, 0.012082398869097233, 0.09444135427474976, 0.0051940372213721275, 0.10205739736557007, -0.0450143963098526, 0.04460155591368675, 0.03751420974731445, 0.006054586730897427, -0.07370351999998093, -0.12248965352773666, -0.16184818744659424, -0.0019094294402748346, -0.08863655477762222, 0.08958545327186584, 0.06533989310264587, -0.009213789366185665, -0.08008519560098648, 0.07486153393983841, -0.08404383063316345, 0.02031770348548889, 0.13534985482692719, 0.015075371600687504, -0.0831880196928978, -0.04346013814210892, -0.17149943113327026, -0.03799287602305412, -0.05414759740233421, 0.07319094240665436, 0.1755017340183258, 0.08478584885597229, 0.1014116033911705, 0.014342576265335083, -0.015576602891087532, 0.010762693360447884, -0.028453567996621132, 0.03807233273983002, -0.11285030841827393, 0.047830142080783844, -0.17616543173789978, 0.07328067719936371, -0.020145593211054802, -0.1130647212266922, 0.05463920161128044, -0.07328800857067108, -0.06478240340948105, -0.03976929932832718, -0.05929291993379593, -0.08576662838459015, 0.11777614057064056, 0.12765459716320038, -0.060646507889032364, 0.1270592361688614, -0.07783543318510056, -0.13711115717887878, 0.10280988365411758, 0.019113635644316673, -0.06715624034404755, -0.07984425872564316, 0.003281407058238983, 0.07469631731510162, 0.02461456134915352, -0.058313798159360886, -0.0692603811621666, -0.11617420613765717, 0.05188938230276108, 0.019227150827646255, 0.12155546993017197, 0.10924089699983597, -0.09055759757757187, 0.003926429431885481, 0.10423775762319565, -0.11995135992765427, -0.07566669583320618, -0.10789874196052551, -0.19985824823379517, 0.1531161516904831, 0.05520172417163849, 0.002033345168456435, 0.1625472754240036, -0.04957493767142296, 0.07727222889661789, -0.11790209263563156, 0.06415558606386185, 0.06179900839924812, 0.20215697586536407, -0.06872093677520752, -0.1606985181570053, 0.10526113957166672, 0.06870350241661072, 0.00015536503633484244, -0.02550411969423294, 0.12981216609477997, 0.02965284325182438]
2022-03-22, 12:28:16, Eingang, 741919, 186, No face visible, NA, -1
2022-03-22, 12:28:16, Eingang, 741920, 186, unknown, NA, [-0.021006856113672256, -0.0670967698097229, -0.09449534863233566, -0.06243866682052612, 0.0016269144834950566, -0.021499084308743477, -0.019000476226210594, -0.06259167939424515, -0.0015044313622638583, -0.02730562351644039, -0.0010583517141640186, -0.019689055159687996, 0.07578235119581223, -0.12857963144779205, -0.004745837766677141, -0.03768397122621536, 0.17455530166625977, -0.10968849807977676, 0.05016987398266792, -0.09625153988599777, -0.08376478403806686, -0.03160819038748741, -0.07101695984601974, -0.013946720398962498, 0.014885838143527508, 0.03152987360954285, 0.20011594891548157, -0.024378124624490738, -0.08634448051452637, -0.051012806594371796, -0.055256348103284836, 0.026088368147611618, 0.03655765950679779, 0.040483828634023666, 0.08027680963277817, 0.05698117986321449, 0.1332513689994812, -0.026091542094945908, 0.02251235395669937, -0.0014174727257341146, 0.07586896419525146, 0.15263698995113373, 0.022480227053165436, 0.05125492438673973, -0.06155351549386978, -0.12636041641235352, 0.0027817885857075453, -0.042023587971925735, 0.1068631261587143, -0.021343305706977844, -0.1621682494878769, -0.08593645691871643, 0.032142769545316696, -0.010927191935479641, -0.023164043202996254, 0.0754837915301323, 0.09762641042470932, -0.025339186191558838, -0.06540984660387039, -0.21430149674415588, -0.13229535520076752, 0.022814858704805374, -0.030595485121011734, 0.2178388088941574, -0.03261667862534523, 0.18732571601867676, -0.009018625132739544, -0.0007546308333985507, 0.07556037604808807, -0.04280915856361389, 0.09471922367811203, -0.010144776664674282, 0.002949984511360526, -0.1077297255396843, 0.06336063146591187, -0.02490997686982155, -0.06086010858416557, 0.03736037388443947, 0.03166558966040611, -0.14265353977680206, -0.04804624989628792, -0.044224176555871964, -0.0821327194571495, 0.016400810331106186, 0.17849232256412506, 0.00641876645386219, 0.07543200999498367, -0.035555992275476456, -0.1909966915845871, 0.20389392971992493, 0.023139841854572296, 0.026913173496723175, -0.031348563730716705, -0.027487605810165405, 0.001986562740057707, 0.14722414314746857, 0.003128509735688567, -0.0289145577698946, -0.12514618039131165, 0.05470680817961693, -0.009963952004909515, 0.08667968958616257, 0.09877066314220428, -0.07291420549154282, 0.05561928078532219, 0.08800707757472992, -0.08355843275785446, -0.0846409872174263, -0.14457036554813385, -0.16974490880966187, 0.05298732966184616, 0.04208268225193024, 0.040772389620542526, 0.13623309135437012, -0.0770355686545372, 0.09506256878376007, -0.15691328048706055, 0.04911971092224121, 0.18710917234420776, 0.10226106643676758, 0.022055398672819138, -0.16958199441432953, 0.05771329626441002, 0.015246163122355938, 0.057406459003686905, -0.10577984899282455, 0.1938818097114563, 0.04386810213327408]
2022-03-22, 12:28:17, Eingang, 741930, 186, No face visible, NA, -1
2022-03-22, 12:28:18, Eingang, 741940, 186, No face visible, NA, -1
2022-03-22, 12:28:19, Eingang, 741950, 186, No face visible, NA, -1
2022-03-22, 12:28:20, Eingang, 741960, 186, No face visible, NA, -1
2022-03-22, 12:28:21, Eingang, 741970, 186, No face visible, NA, -1
2022-03-22, 12:28:22, Eingang, 741980, 186, No face visible, NA, -1
2022-03-22, 12:28:22, Eingang, 741981, 186, No face visible, NA, -1
2022-03-22, 12:28:23, Eingang, 741991, 186, No face visible, NA, -1
2022-03-22, 12:28:24, Eingang, 742001, 186, No face visible, NA, -1
2022-03-22, 12:28:25, Eingang, 742011, 186, No face visible, NA, -1
2022-03-22, 12:28:26, Eingang, 742021, 186, No face visible, NA, -1
2022-03-22, 12:28:27, Eingang, 742031, 186, No face visible, NA, -1
2022-03-22, 12:28:29, Eingang, 742059, 186, No face visible, NA, -1
2022-03-22, 12:28:30, Eingang, 742060, 186, No face visible, NA, -1
2022-03-22, 12:28:31, Eingang, 742073, 186, No face visible, NA, -1
2022-03-22, 12:28:34, Out, person, 186, -1, 1247
