2022-03-31, 06:23:08, Found, person, 328, 1236,  779
2022-03-31, 06:23:08, Eingang, 3978040, 328, No face visible, NA, -1
2022-03-31, 06:23:10, Eingang, 3978060, 328, No face visible, NA, -1
2022-03-31, 06:23:11, Eingang, 3978083, 328, No face visible, NA, -1
2022-03-31, 06:23:12, Eingang, 3978103, 328, No face visible, NA, -1
2022-03-31, 06:23:13, Eingang, 3978123, 328, No face visible, NA, -1
2022-03-31, 06:23:14, Eingang, 3978143, 328, No face visible, NA, -1
2022-03-31, 06:23:15, Eingang, 3978163, 328, No face visible, NA, -1
2022-03-31, 06:23:15, Eingang, 3978164, 328, No face visible, NA, -1
2022-03-31, 06:23:17, Eingang, 3978184, 328, No face visible, NA, -1
2022-03-31, 06:23:18, Eingang, 3978204, 328, No face visible, NA, -1
2022-03-31, 06:23:19, Eingang, 3978224, 328, No face visible, NA, -1
2022-03-31, 06:23:20, Eingang, 3978244, 328, No face visible, NA, -1
2022-03-31, 06:23:22, Eingang, 3978279, 328, No face visible, NA, -1
2022-03-31, 06:23:27, Eingang, 3978383, 328, No face visible, NA, -1
2022-03-31, 06:23:27, Eingang, 3978384, 328, No face visible, NA, -1
2022-03-31, 06:23:28, Eingang, 3978404, 328, No face visible, NA, -1
2022-03-31, 06:23:29, Eingang, 3978424, 328, No face visible, NA, -1
2022-03-31, 06:23:30, Eingang, 3978444, 328, No face visible, NA, -1
2022-03-31, 06:23:32, Eingang, 3978464, 328, unknown, NA, [-0.011940911412239075, -0.10511772334575653, -0.03875930234789848, -0.08655639737844467, 0.07206375896930695, 0.03690555319190025, 0.015368415042757988, -0.0827907919883728, 0.023927241563796997, 0.07454290986061096, 0.05408645421266556, -0.09256377071142197, 0.028969142585992813, -0.1439404934644699, 0.0032548734452575445, 0.11819487065076828, 0.07440052181482315, -0.06640075147151947, 0.07866328954696655, -0.11789874732494354, 0.004282660782337189, 0.030478959903120995, -0.09232212603092194, 0.0037598195485770702, 0.030493663623929024, -0.024803677573800087, 0.169502854347229, 0.0911078155040741, -0.08397679775953293, -0.014586287550628185, -0.04446156322956085, 0.11094290763139725, 0.042664505541324615, -0.05127222090959549, 0.13058322668075562, -0.11740843951702118, 0.09222624450922012, 0.019881941378116608, 0.14432503283023834, 0.021838661283254623, 0.10329141467809677, -0.021194837987422943, -0.03206361085176468, -0.08619485795497894, -0.1052146628499031, -0.12911513447761536, 0.018208030611276627, -0.006891055963933468, 0.09573954343795776, 0.05652053654193878, -0.12295736372470856, 0.06210697069764137, 0.05232353135943413, -0.04280698671936989, 0.045992087572813034, 0.06640410423278809, 0.11775369942188263, 0.039454199373722076, -0.02454277127981186, -0.2526470720767975, -0.06607934832572937, -0.0868644267320633, -0.016092536970973015, 0.23766665160655975, 0.00495424959808588, 0.1373867243528366, 0.11197380721569061, 0.007803922053426504, 0.042169760912656784, -0.11881048232316971, -0.041772179305553436, -0.16443400084972382, 0.09192397445440292, -0.09119372069835663, -0.04079032689332962, -0.04216618463397026, -0.0199695136398077, 0.09788828343153, -0.06645824760198593, -0.1011631190776825, -0.14273260533809662, -0.1029314249753952, 0.02176208235323429, 0.09326213598251343, 0.11013267934322357, -0.010422153398394585, 0.12791408598423004, -0.07036823034286499, -0.17697735130786896, 0.18241392076015472, 0.056285418570041656, -0.011934549547731876, -0.0031271404586732388, -0.024636588990688324, 0.15328162908554077, 0.017022958025336266, 0.008120427839457989, -0.0861196517944336, -0.20944707095623016, -0.004257985390722752, -0.10646466165781021, 0.18335698544979095, 0.03842362388968468, -0.07934603095054626, 0.008929584175348282, 0.07970881462097168, -0.05724819004535675, 0.009471266530454159, -0.05428420007228851, -0.09165890514850616, 0.04392240196466446, 0.06211947277188301, 0.08705867826938629, 0.10647981613874435, -0.06674430519342422, 0.059243787080049515, -0.011107434518635273, 0.08410277217626572, 0.04555824398994446, 0.028114724904298782, -0.07261210680007935, -0.01865811087191105, 0.10861200094223022, 0.04773658514022827, 0.10535208135843277, -0.09895030409097672, 0.1022181436419487, 0.05660463124513626]
2022-03-31, 06:23:32, Eingang, 3978484, 328, unknown, NA, [-0.034888286143541336, -0.10717955976724625, -0.03797738254070282, -0.10284285247325897, 0.08789261430501938, 0.002778442343696952, 0.036317333579063416, -0.09675208479166031, 0.005549073684960604, 0.0723886489868164, 0.07697433978319168, -0.08194492757320404, 0.02607874572277069, -0.11479344218969345, -0.00026864311075769365, 0.1352234184741974, 0.07795695215463638, -0.07612451165914536, 0.07551293820142746, -0.13950446248054504, 0.012479497119784355, 0.007887231186032295, -0.07085701078176498, -0.036983754485845566, 0.04019192233681679, -0.045810550451278687, 0.1683821827173233, 0.09527628123760223, -0.07906581461429596, 0.009957806207239628, -0.0677608847618103, 0.08790592104196548, 0.04437955841422081, -0.04675479978322983, 0.1420784443616867, -0.10818599909543991, 0.0906379222869873, 0.03290533274412155, 0.1452256143093109, 0.005125557072460651, 0.09419435262680054, -0.0076142181642353535, -0.041867777705192566, -0.04646740481257439, -0.10307759046554565, -0.14715097844600677, -0.0010819961316883564, -0.011129038408398628, 0.10303749889135361, 0.07812938094139099, -0.13468043506145477, 0.07471905648708344, 0.04977535083889961, -0.060675717890262604, 0.0357026606798172, 0.053244929760694504, 0.13938762247562408, 0.0748000293970108, -0.029172347858548164, -0.24608314037322998, -0.0762699767947197, -0.0708976536989212, -0.030868643894791603, 0.21740782260894775, -0.002860678592696786, 0.14600442349910736, 0.08457695692777634, 0.005047350190579891, 0.05094875767827034, -0.11611489206552505, -0.05086168274283409, -0.14756691455841064, 0.06616469472646713, -0.10643501579761505, -0.05889754742383957, -0.034698061645030975, -0.002763985889032483, 0.07634404301643372, -0.0454070046544075, -0.11688755452632904, -0.15167291462421417, -0.06167305260896683, 0.04590706154704094, 0.08190380036830902, 0.10093126446008682, 0.007593086455017328, 0.1272522360086441, -0.04734892398118973, -0.17446647584438324, 0.20039165019989014, 0.058725785464048386, 0.017635399475693703, 0.014243624173104763, -0.011268965899944305, 0.14560467004776, 0.03269704431295395, 0.002042347565293312, -0.10630887746810913, -0.22146065533161163, 0.005758675280958414, -0.10158699750900269, 0.17439396679401398, 0.037137147039175034, -0.09437325596809387, 0.021852340549230576, 0.06532403081655502, -0.030131572857499123, 0.018727408722043037, -0.04205026477575302, -0.08710433542728424, 0.04833383858203888, 0.05036840960383415, 0.10216840356588364, 0.1201823428273201, -0.051801785826683044, 0.045756980776786804, 0.030598966404795647, 0.10296308994293213, 0.05768360570073128, 0.024541418999433517, -0.05643008276820183, 0.015203436836600304, 0.10448820143938065, 0.03008282370865345, 0.10562010109424591, -0.10004524886608124, 0.09670735150575638, 0.02794206701219082]
2022-03-31, 06:23:34, Eingang, 3978504, 328, No face visible, NA, -1
2022-03-31, 06:23:34, Eingang, 3978505, 328, No face visible, NA, -1
2022-03-31, 06:23:34, Out, person, 328, 1700,  931
