2022-03-26, 10:05:43, Found, person, 18, 2279,  387
2022-03-26, 10:05:43, Eingang, 678334, 18, No face visible, NA, -1
2022-03-26, 10:05:43, Eingang, 678344, 18, No face visible, NA, -1
2022-03-26, 10:05:44, Eingang, 678354, 18, No face visible, NA, -1
2022-03-26, 10:05:44, Eingang, 678364, 18, No face visible, NA, -1
2022-03-26, 10:05:45, Eingang, 678374, 18, No face visible, NA, -1
2022-03-26, 10:05:45, Eingang, 678384, 18, No face visible, NA, -1
2022-03-26, 10:05:46, Eingang, 678394, 18, No face visible, NA, -1
2022-03-26, 10:05:46, Eingang, 678395, 18, No face visible, NA, -1
2022-03-26, 10:05:46, Eingang, 678405, 18, No face visible, NA, -1
2022-03-26, 10:05:47, Eingang, 678415, 18, No face visible, NA, -1
2022-03-26, 10:05:47, Eingang, 678425, 18, unknown, NA, [-0.03672780469059944, -0.10543566197156906, -0.0383043996989727, -0.12192042171955109, 0.09384675323963165, 0.02306118980050087, 0.013553960248827934, -0.0662362277507782, -0.0016237521776929498, 0.06270599365234375, 0.07737549394369125, -0.08982400596141815, 0.02403007261455059, -0.12161344289779663, -0.0018314810004085302, 0.12069105356931686, 0.08979007601737976, -0.07954433560371399, 0.08056598901748657, -0.1461494415998459, 0.038695234805345535, 0.02656000852584839, -0.07396066188812256, -0.022774742916226387, 0.03511755168437958, -0.057157378643751144, 0.1351277381181717, 0.08393882215023041, -0.06835959851741791, -0.0011821289081126451, -0.05398472025990486, 0.07954417169094086, 0.03239085525274277, -0.02117019146680832, 0.1528090089559555, -0.12030606716871262, 0.08958335965871811, 0.016754863783717155, 0.14161494374275208, 0.0029625375755131245, 0.08255947381258011, -0.001980311470106244, -0.023069221526384354, -0.047548286616802216, -0.1046949177980423, -0.14872048795223236, 0.0064805843867361546, -0.017969096079468727, 0.1312970072031021, 0.07144881039857864, -0.14349573850631714, 0.07602750509977341, 0.047447554767131805, -0.08412984758615494, 0.024411946535110474, 0.04891214519739151, 0.13877402245998383, 0.03953995555639267, -0.058234699070453644, -0.24284698069095612, -0.09357692301273346, -0.07354476302862167, -0.028270849958062172, 0.22873170673847198, -0.027715062722563744, 0.1447964608669281, 0.08690505474805832, 0.0063064610585570335, 0.04881925508379936, -0.1251106858253479, -0.024716129526495934, -0.1430211216211319, 0.05423654615879059, -0.1268184334039688, -0.021955158561468124, -0.03717449679970741, -0.004045378882437944, 0.09409525245428085, -0.0667281374335289, -0.09646420925855637, -0.16105812788009644, -0.057740550488233566, 0.030579695478081703, 0.05888991802930832, 0.11298415809869766, 0.029575763270258904, 0.09785369783639908, -0.053998056799173355, -0.18521934747695923, 0.2049543410539627, 0.08127615600824356, 0.030097460374236107, -0.005082334857434034, 0.001382133224979043, 0.17615807056427002, 0.0354580357670784, -0.006260827649384737, -0.09047122299671173, -0.2163400501012802, 0.005179735831916332, -0.07747618854045868, 0.15341785550117493, 0.0473158098757267, -0.07870357483625412, 0.008491087704896927, 0.06465849280357361, -0.030667239800095558, 0.00047814648132771254, -0.07851957529783249, -0.09814988821744919, 0.036455389112234116, 0.047001875936985016, 0.09806232154369354, 0.11799797415733337, -0.04562690854072571, 0.026494400575757027, 0.03761569410562515, 0.09768754988908768, 0.05381782352924347, 0.02700831927359104, -0.06019526720046997, 0.00041595089714974165, 0.10556205362081528, 0.0315701961517334, 0.08981393277645111, -0.12272530794143677, 0.0744701474905014, 0.04654049128293991]
2022-03-26, 10:05:48, Eingang, 678435, 18, No face visible, NA, -1
2022-03-26, 10:05:48, Eingang, 678445, 18, No face visible, NA, -1
2022-03-26, 10:05:49, Eingang, 678455, 18, No face visible, NA, -1
2022-03-26, 10:05:49, Eingang, 678456, 18, No face visible, NA, -1
2022-03-26, 10:05:49, Eingang, 678466, 18, No face visible, NA, -1
2022-03-26, 10:05:50, Eingang, 678476, 18, No face visible, NA, -1
2022-03-26, 10:05:51, Eingang, 678486, 18, No face visible, NA, -1
2022-03-26, 10:05:51, Eingang, 678496, 18, No face visible, NA, -1
2022-03-26, 10:05:52, Eingang, 678506, 18, No face visible, NA, -1
2022-03-26, 10:05:52, Eingang, 678516, 18, No face visible, NA, -1
2022-03-26, 10:05:52, Eingang, 678517, 18, No face visible, NA, -1
2022-03-26, 10:05:53, Eingang, 678527, 18, No face visible, NA, -1
2022-03-26, 10:05:53, Eingang, 678537, 18, No face visible, NA, -1
2022-03-26, 10:05:54, Eingang, 678547, 18, No face visible, NA, -1
2022-03-26, 10:05:54, Eingang, 678557, 18, No face visible, NA, -1
2022-03-26, 10:05:55, Eingang, 678567, 18, No face visible, NA, -1
2022-03-26, 10:05:55, Eingang, 678577, 18, No face visible, NA, -1
2022-03-26, 10:05:55, Eingang, 678578, 18, No face visible, NA, -1
2022-03-26, 10:05:55, Eingang, 678588, 18, No face visible, NA, -1
2022-03-26, 10:05:56, Eingang, 678598, 18, No face visible, NA, -1
2022-03-26, 10:06:01, Lost, person, 18, 2358,  283
