2022-03-27, 12:18:28, Found, person, 187, 2292,  455
2022-03-27, 12:18:29, Eingang, 2211340, 187, No face visible, NA, -1
2022-03-27, 12:18:29, Eingang, 2211350, 187, No face visible, NA, -1
2022-03-27, 12:18:30, Eingang, 2211360, 187, No face visible, NA, -1
2022-03-27, 12:18:30, Eingang, 2211370, 187, No face visible, NA, -1
2022-03-27, 12:18:30, Eingang, 2211380, 187, No face visible, NA, -1
2022-03-27, 12:18:31, Eingang, 2211390, 187, No face visible, NA, -1
2022-03-27, 12:18:32, Eingang, 2211400, 187, No face visible, NA, -1
2022-03-27, 12:18:32, Eingang, 2211401, 187, No face visible, NA, -1
2022-03-27, 12:18:32, Eingang, 2211414, 187, No face visible, NA, -1
2022-03-27, 12:18:35, Eingang, 2211460, 187, No face visible, NA, -1
2022-03-27, 12:18:35, Eingang, 2211470, 187, No face visible, NA, -1
2022-03-27, 12:18:36, Eingang, 2211480, 187, Silvia, NA, -1
2022-03-27, 12:18:36, Eingang, 2211490, 187, No face visible, NA, -1
2022-03-27, 12:18:37, Eingang, 2211503, 187, No face visible, NA, -1
2022-03-27, 12:18:37, Eingang, 2211504, 187, No face visible, NA, -1
2022-03-27, 12:18:38, Eingang, 2211514, 187, No face visible, NA, -1
2022-03-27, 12:18:38, Eingang, 2211524, 187, No face visible, NA, -1
2022-03-27, 12:18:39, Eingang, 2211534, 187, No face visible, NA, -1
2022-03-27, 12:18:39, Eingang, 2211544, 187, No face visible, NA, -1
2022-03-27, 12:18:39, Eingang, 2211554, 187, No face visible, NA, -1
2022-03-27, 12:18:40, Eingang, 2211564, 187, No face visible, NA, -1
2022-03-27, 12:18:40, Eingang, 2211565, 187, No face visible, NA, -1
2022-03-27, 12:18:41, Eingang, 2211575, 187, Maureen_Leber, 2.250742824686612, [-0.09494605660438538, -0.1192617267370224, -0.06820796430110931, -0.10161756724119186, 0.08655001223087311, -0.02456987462937832, -0.006507483310997486, 0.03294643387198448, 0.11377772688865662, -0.026618262752890587, 0.09129388630390167, -0.05809769779443741, -0.05834360048174858, -0.1433676779270172, 0.032264839857816696, -0.02410266548395157, 0.024987179785966873, -0.06301278620958328, 0.06401816755533218, -0.19394221901893616, -0.045797571539878845, -0.053187355399131775, -0.02419900707900524, 0.0962863564491272, 0.06507790088653564, 0.0008921803091652691, 0.20390725135803223, 0.05232733115553856, -0.1364593505859375, -0.03699658811092377, -0.1077316552400589, 0.0783219188451767, -0.047732193022966385, 0.03390425071120262, 0.12091732770204544, -0.006547067780047655, 0.06631840765476227, -0.01552598737180233, 0.18788595497608185, -0.04180115833878517, 0.0006517360452562571, 0.023585928604006767, -0.0399053655564785, -0.010037442669272423, -0.0686701238155365, -0.047161612659692764, 0.029139284044504166, -0.15242739021778107, 0.04940294846892357, 0.061368875205516815, -0.1539747714996338, 0.13133539259433746, 0.1327836513519287, -0.12303301692008972, 0.02949889563024044, 0.15958987176418304, 0.10249710828065872, -0.022510835900902748, 0.0012547236401587725, -0.09332351386547089, 0.016439545899629593, 0.028913339599967003, -0.0472947396337986, 0.09406571835279465, 0.1072515919804573, 0.14441242814064026, 0.020054861903190613, 0.09648867696523666, -0.09623993188142776, -0.04863884299993515, 0.026693640276789665, -0.03984401375055313, -0.0034220125526189804, -0.1923908293247223, 0.02987700328230858, -0.00539361359551549, -0.08567517250776291, 0.06443977355957031, -0.15517377853393555, -0.08566181361675262, -0.10109768807888031, -0.025764983147382736, -0.014546174556016922, 0.0561537928879261, 0.08682721853256226, -0.03767317160964012, 0.030084937810897827, -0.0008812730084173381, -0.13802263140678406, 0.037359535694122314, 0.07292678952217102, -0.02754461206495762, -0.16102875769138336, -0.01551270391792059, 0.09874805063009262, 0.06009139120578766, -0.11718288064002991, -0.10635680705308914, -0.13248340785503387, 0.05596798658370972, 0.014575258828699589, 0.06548110395669937, 0.04863612726330757, -0.17965860664844513, 0.021143335849046707, 0.07080955803394318, -0.04825014993548393, -0.055908333510160446, -0.014072834514081478, -0.12492693215608597, 0.08082272112369537, -0.028976311907172203, 0.09682056307792664, 0.06185304746031761, 0.006096463184803724, 0.10238330811262131, -0.0517037957906723, 0.13426071405410767, 0.10327213257551193, 0.1880597621202469, -0.018908903002738953, -0.06268981099128723, 0.12750500440597534, 0.010619218461215496, 0.08525879681110382, -0.15482674539089203, 0.1845998615026474, -0.024349931627511978]
2022-03-27, 12:18:41, Eingang, 2211585, 187, No face visible, NA, -1
2022-03-27, 12:18:41, Eingang, 2211595, 187, No face visible, NA, -1
2022-03-27, 12:18:42, Eingang, 2211605, 187, Maureen_Leber, 2.78380484104114, [-0.0948222428560257, -0.12305711209774017, -0.09590372443199158, -0.1306237280368805, 0.05834846943616867, 0.010800193063914776, 0.03252415359020233, 0.060433171689510345, 0.08983694761991501, 0.013101327233016491, 0.115759938955307, -0.07380001246929169, -0.06791481375694275, -0.14482715725898743, 0.06759894639253616, 0.08891777694225311, -0.03178505226969719, -0.11109507828950882, 0.058446720242500305, -0.13610631227493286, -0.038510795682668686, -0.011792491190135479, -0.0030690557323396206, 0.08703305572271347, 0.03986916318535805, 0.01520119234919548, 0.2093343585729599, 0.09661418199539185, -0.1364569514989853, -0.06110450252890587, -0.12798580527305603, 0.1030021458864212, -0.0062842839397490025, -0.0030383600387722254, 0.12433942407369614, -0.035183362662792206, 0.03214895725250244, 0.01762407086789608, 0.2495846301317215, -0.04386370629072189, 0.009400148876011372, -0.02770192176103592, -0.11909947544336319, -0.11439982056617737, -0.10919211059808731, -0.11124243587255478, 0.06554761528968811, -0.12511485815048218, -0.007208613213151693, 0.13120393455028534, -0.12885768711566925, 0.1339559406042099, 0.11269139498472214, -0.07269754260778427, 0.035595398396253586, 0.10422004014253616, 0.0826094001531601, 0.07351725548505783, -0.050123538821935654, -0.1080188974738121, 0.020789794623851776, -0.06518559902906418, -0.05279043689370155, 0.07706741243600845, 0.1298874169588089, 0.0517180934548378, 0.04927144944667816, 0.10529331862926483, -0.06653933227062225, -0.08428201824426651, -0.05039364844560623, -0.0893109142780304, 0.042860765010118484, -0.13370199501514435, 0.0010924828238785267, 0.000658105593174696, -0.07279951125383377, 0.08133888989686966, -0.105776846408844, -0.07259955257177353, -0.15955346822738647, -0.06014416739344597, 0.05652809515595436, 0.03747465834021568, 0.05411677062511444, -0.010145355947315693, 0.1378641426563263, 0.03226108103990555, -0.08094831556081772, 0.06186996400356293, 0.07007153332233429, -0.08490055054426193, -0.09700191766023636, -0.02825487218797207, 0.13813109695911407, 0.028781363740563393, -0.15399843454360962, -0.10620440542697906, -0.14929571747779846, 0.04343336820602417, -0.027554292231798172, 0.13476982712745667, 0.017299946397542953, -0.13053804636001587, 0.05769916623830795, 0.0036683978978544474, 0.012265807949006557, 0.0025453867856413126, 0.052293237298727036, -0.07144790142774582, 0.0822949931025505, -0.0214811060577631, 0.12073656171560287, 0.05889390781521797, -0.018309222534298897, 0.0646096020936966, -0.0004844103823415935, 0.15813061594963074, 0.1009194478392601, 0.09615375101566315, -0.07190989702939987, 0.030964870005846024, 0.09860402345657349, 0.0676857978105545, 0.10513315349817276, -0.12891097366809845, 0.09519781172275543, 0.015652678906917572]
2022-03-27, 12:18:42, Eingang, 2211615, 187, No face visible, NA, -1
2022-03-27, 12:18:43, Eingang, 2211625, 187, No face visible, NA, -1
2022-03-27, 12:18:43, Eingang, 2211626, 187, No face visible, NA, -1
2022-03-27, 12:18:48, Lost, person, 187, 2388,  438
