2022-03-24, 09:56:05, Found, person, 996, 2304,  306
2022-03-24, 09:56:05, Eingang, 2413489, 996, No face visible, NA, -1
2022-03-24, 09:56:06, Eingang, 2413499, 996, No face visible, NA, -1
2022-03-24, 09:56:07, Eingang, 2413509, 996, Maureen_Leber, 1.374997815029215, [-0.07280554622411728, -0.09224500507116318, -0.10347943007946014, -0.12607334554195404, 0.1029902771115303, -0.017180945724248886, -0.01947612315416336, 0.0225398987531662, 0.06425977498292923, -0.03660702705383301, 0.061931438744068146, -0.044674284756183624, -0.02581031434237957, -0.1251468062400818, 0.03280382603406906, -0.05020406097173691, 0.02388625778257847, -0.050573401153087616, 0.03496526926755905, -0.16111446917057037, -0.04681554064154625, 0.00044865981908515096, -0.012615391984581947, 0.08694154024124146, 0.07555220276117325, -0.023546647280454636, 0.1551360785961151, 0.0019106529653072357, -0.12457409501075745, -0.044670507311820984, -0.07617095857858658, 0.03164380043745041, -0.02431596629321575, 0.05778464674949646, 0.1428912729024887, -0.006276186089962721, 0.05706002190709114, -0.09671860188245773, 0.12555979192256927, -0.07464805245399475, -0.0030869124457240105, 0.0239761620759964, -0.013095569796860218, 0.0005600344156846404, -0.01862512342631817, -0.13923989236354828, 0.07737796753644943, -0.06520378589630127, 0.04629647731781006, 0.05982518568634987, -0.1789424568414688, 0.10715783387422562, 0.10347506403923035, -0.1411873996257782, 0.002800817834213376, 0.07732461392879486, 0.11722493171691895, 0.019942814484238625, 0.011916072107851505, -0.15605944395065308, -0.009715153835713863, -0.018841667100787163, -0.05587037280201912, 0.15273624658584595, 0.08713862299919128, 0.15389040112495422, 0.00329846260137856, 0.05023876205086708, -0.0657842680811882, -0.11090970039367676, 0.050943657755851746, -0.11386711150407791, -0.005878225900232792, -0.1477280557155609, 0.01595284603536129, -0.06787332147359848, -0.03777918219566345, 0.06987675279378891, -0.07986852526664734, -0.12808358669281006, -0.1056881919503212, -0.017278475686907768, -0.04407237470149994, 0.0828348770737648, 0.13563282787799835, -0.005182832945138216, 0.06226291134953499, -0.04136831685900688, -0.14603941142559052, 0.08939585089683533, 0.04593927413225174, 0.03803098946809769, -0.15581583976745605, -0.033726103603839874, 0.10853638499975204, 0.10740800201892853, -0.11260480433702469, -0.12102244049310684, -0.1807231605052948, 0.06731437146663666, -0.026853108778595924, 0.04909437522292137, 0.07762537151575089, -0.13615836203098297, -0.02503608539700508, 0.07424105703830719, -0.03489241749048233, -0.06038307771086693, -0.04396144300699234, -0.15804116427898407, 0.028418757021427155, 0.012314097955822945, 0.14272333681583405, 0.1020956039428711, 0.03398137167096138, 0.09052716195583344, -0.029825905337929726, 0.09879812598228455, 0.14243575930595398, 0.198726087808609, -0.04227343201637268, -0.07916249334812164, 0.08828948438167572, 0.037424273788928986, 0.09511081129312515, -0.16293099522590637, 0.19607090950012207, -0.02446550689637661]
2022-03-24, 09:56:08, Eingang, 2413525, 996, No face visible, NA, -1
2022-03-24, 09:56:09, Eingang, 2413535, 996, No face visible, NA, -1
2022-03-24, 09:56:10, Eingang, 2413545, 996, No face visible, NA, -1
2022-03-24, 09:56:11, Eingang, 2413555, 996, No face visible, NA, -1
2022-03-24, 09:56:12, Eingang, 2413556, 996, No face visible, NA, -1
2022-03-24, 09:56:12, Eingang, 2413566, 996, No face visible, NA, -1
2022-03-24, 09:56:14, Eingang, 2413576, 996, No face visible, NA, -1
2022-03-24, 09:56:14, Eingang, 2413586, 996, No face visible, NA, -1
2022-03-24, 09:56:16, Eingang, 2413596, 996, No face visible, NA, -1
2022-03-24, 09:56:16, Eingang, 2413606, 996, No face visible, NA, -1
2022-03-24, 09:56:18, Eingang, 2413616, 996, No face visible, NA, -1
2022-03-24, 09:56:18, Eingang, 2413617, 996, No face visible, NA, -1
2022-03-24, 09:56:19, Eingang, 2413627, 996, No face visible, NA, -1
2022-03-24, 09:56:20, Eingang, 2413637, 996, Maureen_Leber, 1.3850295168156288, [-0.006843579933047295, -0.08648241311311722, -0.03263934701681137, -0.11128689348697662, 0.07881733775138855, 0.019036611542105675, 0.05811601132154465, -0.030502529814839363, 0.007819605991244316, 0.06214945763349533, 0.0964106097817421, -0.09863245487213135, 0.02034815028309822, -0.15409517288208008, 0.03068220615386963, 0.11502405256032944, 0.07065069675445557, -0.08263947069644928, 0.058198168873786926, -0.12661947309970856, -0.02641378343105316, 0.03613637015223503, -0.10404391586780548, 0.0020741624757647514, 0.01133804302662611, -0.03843709081411362, 0.147019624710083, 0.09159629791975021, -0.11056915670633316, -0.01732429303228855, -0.07758250832557678, 0.07482467591762543, 0.016700562089681625, -0.06387604027986526, 0.1569148302078247, -0.10044292360544205, 0.11056316643953323, 0.006826306693255901, 0.1305256485939026, 0.030646082013845444, 0.07009182870388031, -0.028534600511193275, -0.04548222944140434, -0.05490849167108536, -0.12524954974651337, -0.16651557385921478, 0.04046843200922012, 0.012284926138818264, 0.12399056553840637, 0.06111636757850647, -0.10912390798330307, 0.0655982494354248, 0.04761979356408119, -0.05446023494005203, 0.020419899374246597, 0.056400638073682785, 0.12018120288848877, 0.07319886237382889, -0.03975537419319153, -0.2192443609237671, -0.10479892790317535, -0.07992593944072723, -0.04597292095422745, 0.23573650419712067, 0.062095995992422104, 0.14022326469421387, 0.07527865469455719, 0.03940431401133537, 0.04225154221057892, -0.10178158432245255, -0.03705815225839615, -0.15851907432079315, 0.0975138396024704, -0.11422345042228699, -0.029682151973247528, -0.02832966111600399, -0.022796325385570526, 0.10879787057638168, -0.09094510227441788, -0.07400833815336227, -0.17171438038349152, -0.10031501948833466, 0.012936549261212349, 0.04447462037205696, 0.11184282600879669, -0.0212596133351326, 0.10853296518325806, -0.06960441172122955, -0.15720140933990479, 0.19601283967494965, 0.08744984120130539, 0.007534975651651621, -0.026633860543370247, -0.05908556655049324, 0.12631748616695404, 0.04385528713464737, -0.0032585340086370707, -0.10717611014842987, -0.19437317550182343, 0.01254427619278431, -0.08630792796611786, 0.17977666854858398, 0.03281225636601448, -0.0868871808052063, 0.005617805290967226, 0.07502848654985428, -0.0073020015843212605, -0.030686158686876297, -0.006868418306112289, -0.09045948833227158, 0.032730381935834885, 0.0523790642619133, 0.10154012590646744, 0.09814389050006866, -0.03969663009047508, 0.041222188621759415, 0.021117571741342545, 0.10604102909564972, 0.09856818616390228, 0.05702796205878258, -0.07075810432434082, -0.03370930254459381, 0.08560218662023544, 0.04869617894291878, 0.08917980641126633, -0.10633967071771622, 0.08245326578617096, 0.05302814766764641]
2022-03-24, 09:56:21, Eingang, 2413647, 996, No face visible, NA, -1
2022-03-24, 09:56:22, Eingang, 2413657, 996, No face visible, NA, -1
2022-03-24, 09:56:23, Eingang, 2413667, 996, No face visible, NA, -1
2022-03-24, 09:56:24, Eingang, 2413677, 996, No face visible, NA, -1
2022-03-24, 09:56:24, Eingang, 2413678, 996, No face visible, NA, -1
2022-03-24, 09:56:25, Eingang, 2413688, 996, No face visible, NA, -1
2022-03-24, 09:56:26, Eingang, 2413698, 996, No face visible, NA, -1
2022-03-24, 09:56:27, Eingang, 2413708, 996, No face visible, NA, -1
2022-03-24, 09:56:28, Eingang, 2413718, 996, No face visible, NA, -1
2022-03-24, 09:56:29, Eingang, 2413728, 996, Maureen_Leber, 2.4036286772658504, [-0.0403829850256443, -0.11178874969482422, -0.04028591141104698, -0.12030722200870514, 0.10457665473222733, 0.03898312896490097, -0.0024424572475254536, -0.06070896238088608, -0.0015772348269820213, 0.05855730548501015, 0.05995636060833931, -0.08411197364330292, 0.026986990123987198, -0.09544798731803894, -0.022348612546920776, 0.11824917048215866, 0.08928430825471878, -0.09537991136312485, 0.08738876134157181, -0.1470755785703659, 0.054927174001932144, 0.03738100826740265, -0.06077961251139641, -0.012420025654137135, 0.051062166690826416, -0.04268404841423035, 0.12677960097789764, 0.09882818907499313, -0.03292820230126381, 0.004228416830301285, -0.048895642161369324, 0.09848490357398987, 0.02722293697297573, 0.006063029170036316, 0.13651205599308014, -0.1267063319683075, 0.04135458543896675, 0.024751069024205208, 0.12203953415155411, 0.008331840857863426, 0.08005889505147934, 0.00485598761588335, -0.03268847241997719, -0.03938280791044235, -0.10257318615913391, -0.14742957055568695, 0.0004007576499134302, -0.028500769287347794, 0.13811053335666656, 0.07120518386363983, -0.14235259592533112, 0.08463503420352936, 0.04306229203939438, -0.10194196552038193, 0.02242569997906685, 0.03827543929219246, 0.15182147920131683, 0.010887160897254944, -0.09284327179193497, -0.24645861983299255, -0.10830261558294296, -0.08051826059818268, -0.013930001296103, 0.2150670289993286, -0.0702892318367958, 0.1375322788953781, 0.09159217029809952, 0.009834901429712772, 0.07121137529611588, -0.129237562417984, -0.017602190375328064, -0.13200706243515015, 0.04326813295483589, -0.10877566039562225, -0.013784809038043022, -0.03584891930222511, 0.008070521987974644, 0.0913333147764206, -0.06056630611419678, -0.0805731937289238, -0.15774919092655182, -0.04615650698542595, 0.04209292307496071, 0.056649308651685715, 0.11639432609081268, 0.06533586233854294, 0.1065773218870163, -0.051692504435777664, -0.17151066660881042, 0.21882285177707672, 0.09728535264730453, 0.029173770919442177, 0.0069205546751618385, 0.025311464443802834, 0.20735006034374237, 0.04657395929098129, -0.009244360029697418, -0.06840425729751587, -0.22512155771255493, -0.013051005080342293, -0.07221759855747223, 0.1441800445318222, 0.04512535035610199, -0.07487303763628006, 0.0065933093428611755, 0.046782903373241425, -0.03994791582226753, 0.014965539798140526, -0.0918876975774765, -0.10515591502189636, 0.03278830647468567, 0.05150556191802025, 0.07809676975011826, 0.12520600855350494, -0.026317644864320755, 0.0237391609698534, 0.044829029589891434, 0.08500638604164124, 0.04758833721280098, -0.007032815832644701, -0.047085609287023544, 0.030307918787002563, 0.0935324877500534, 0.021730955690145493, 0.09652937948703766, -0.13565169274806976, 0.051770757883787155, 0.05006404593586922]
2022-03-24, 09:56:30, Eingang, 2413738, 996, No face visible, NA, -1
2022-03-24, 09:56:30, Eingang, 2413739, 996, No face visible, NA, -1
2022-03-24, 09:56:31, Eingang, 2413749, 996, No face visible, NA, -1
2022-03-24, 09:56:32, Eingang, 2413759, 996, No face visible, NA, -1
2022-03-24, 09:56:33, Eingang, 2413769, 996, No face visible, NA, -1
2022-03-24, 09:56:34, Eingang, 2413779, 996, No face visible, NA, -1
2022-03-24, 09:56:35, Eingang, 2413789, 996, No face visible, NA, -1
2022-03-24, 09:56:36, Eingang, 2413799, 996, No face visible, NA, -1
2022-03-24, 09:56:36, Eingang, 2413800, 996, No face visible, NA, -1
2022-03-24, 09:56:37, Eingang, 2413810, 996, No face visible, NA, -1
2022-03-24, 09:56:38, Eingang, 2413820, 996, No face visible, NA, -1
2022-03-24, 09:56:39, Eingang, 2413830, 996, No face visible, NA, -1
2022-03-24, 09:56:40, Eingang, 2413840, 996, No face visible, NA, -1
2022-03-24, 09:56:42, Eingang, 2413859, 996, No face visible, NA, -1
2022-03-24, 09:56:43, Eingang, 2413869, 996, No face visible, NA, -1
2022-03-24, 09:56:43, Eingang, 2413870, 996, No face visible, NA, -1
2022-03-24, 09:56:44, Eingang, 2413880, 996, No face visible, NA, -1
2022-03-24, 09:56:45, Eingang, 2413890, 996, No face visible, NA, -1
2022-03-24, 09:56:46, Eingang, 2413900, 996, No face visible, NA, -1
2022-03-24, 09:56:47, Eingang, 2413910, 996, Maureen_Leber, NA, -1
2022-03-24, 09:56:48, Eingang, 2413920, 996, No face visible, NA, -1
2022-03-24, 09:56:49, Eingang, 2413930, 996, No face visible, NA, -1
2022-03-24, 09:56:49, Eingang, 2413931, 996, No face visible, NA, -1
2022-03-24, 09:56:50, Eingang, 2413941, 996, Caren_Bruno, 4.7865984624254905, [-0.036033038049936295, -0.07755650579929352, -0.09720741212368011, -0.0698292925953865, 0.05501432344317436, 0.024008948355913162, 0.015262558124959469, -0.05671577900648117, -0.008164950646460056, 0.019262241199612617, 0.0708167776465416, -0.0826488584280014, -0.016960512846708298, -0.16701211035251617, 0.020978305488824844, 0.06662972271442413, 0.10294847935438156, -0.08391936868429184, 0.07912728935480118, -0.13742674887180328, -0.08735498040914536, 0.003990136086940765, -0.10303175449371338, -0.003514250973239541, 0.020804069936275482, -0.017172757536172867, 0.1345635950565338, 0.07478869706392288, -0.11207863688468933, -0.03346339613199234, -0.04659203439950943, 0.07369299978017807, 0.04117845743894577, -0.04288291186094284, 0.13440930843353271, -0.026446104049682617, 0.1533048301935196, -0.0019813068211078644, 0.1475251466035843, -0.03302926942706108, 0.09389125555753708, 0.05899583920836449, -0.08161504566669464, -0.04714679345488548, -0.10893622040748596, -0.1321462094783783, 0.044047217816114426, -0.006560587789863348, 0.08219922333955765, 0.09162135422229767, -0.11193151026964188, 0.033268414437770844, 0.09653697162866592, -0.013360577635467052, 0.02460184134542942, 0.12469454109668732, 0.09173336625099182, 0.007890394888818264, 0.00574770150706172, -0.19297929108142853, -0.05448676273226738, -0.08221759647130966, -0.008816370740532875, 0.23107010126113892, 0.08168453723192215, 0.16256844997406006, 0.07541045546531677, 0.01409172173589468, 0.04219195619225502, -0.0787280797958374, -0.005834972020238638, -0.1392108052968979, 0.0429542101919651, -0.116227887570858, 0.007547679357230663, -0.00895499624311924, -0.06303868442773819, 0.12442594021558762, -0.03255869075655937, -0.08108172565698624, -0.1249365508556366, -0.0744054988026619, -0.02254994586110115, 0.06022172048687935, 0.11585614085197449, -0.011994853615760803, 0.10751073062419891, -0.03685460984706879, -0.17730756103992462, 0.20118817687034607, 0.07054347544908524, 0.00961649976670742, -0.0726943165063858, -0.04258822649717331, 0.07739950716495514, 0.07522710412740707, -0.013094434514641762, -0.13913188874721527, -0.1900327056646347, 0.059941187500953674, -0.11573842912912369, 0.16724316775798798, 0.04029037803411484, -0.08978308737277985, 0.038604751229286194, 0.06789179146289825, -0.05625159665942192, -0.01076454110443592, -0.03611575439572334, -0.13267596065998077, 0.008806329220533371, 0.04799188673496246, 0.07687176764011383, 0.12827573716640472, -0.07645795494318008, 0.048259563744068146, -0.05106254667043686, 0.0750347226858139, 0.10727399587631226, 0.08353817462921143, -0.06404811888933182, -0.12194567918777466, 0.11574384570121765, 0.05001181736588478, 0.09546197950839996, -0.11036384105682373, 0.1531098634004593, 0.019270367920398712]
2022-03-24, 09:57:00, Lost, person, 996, 2529,  364
