2022-03-29, 08:43:32, Found, person, 119, 1613,  898
2022-03-29, 08:43:32, Eingang, 1260484, 119, Kyla_Bruno, NA, -1
2022-03-29, 08:43:33, Eingang, 1260504, 119, Stefan_Leber, 1.8708207711029574, [-0.07224250584840775, -0.010294708423316479, -0.10509262979030609, -0.07381492853164673, -0.0032376134768128395, -0.048522528260946274, 0.04662212356925011, 0.07062579691410065, 0.07057813555002213, 0.012356151826679707, 0.17921099066734314, -0.043000899255275726, -0.06612294912338257, -0.08411018550395966, 0.0712924674153328, 0.10730212926864624, -0.029017090797424316, -0.21942056715488434, -0.1002979502081871, -0.04059794545173645, -0.04218398407101631, -0.0184630099684, -0.07781520485877991, 0.11163651943206787, 0.07952704280614853, 0.09863393753767014, 0.20666876435279846, 0.08065050095319748, -0.1385851800441742, -0.06606791168451309, -0.02211715094745159, 0.016354409977793694, -0.020134931430220604, 0.06971034407615662, 0.1323673576116562, 0.12990932166576385, -0.08643189817667007, -0.05151890218257904, 0.2111610472202301, 0.01534811221063137, -0.1293664574623108, 0.06516599655151367, -0.17044134438037872, -0.1087438315153122, -0.10615914314985275, -0.12089754641056061, 0.012059032917022705, 0.017624156549572945, -0.07038605213165283, 0.028039151802659035, 0.003599298419430852, 0.166144460439682, 0.08045606315135956, -0.03361249715089798, 0.045396625995635986, 0.16370230913162231, 0.11739274859428406, 0.003925826400518417, -0.01658140867948532, -0.05131489410996437, 0.013189753517508507, 0.022654550150036812, -0.03585810214281082, 0.023495402187108994, 0.2390347123146057, -0.025240181013941765, -0.053974635899066925, 0.08689192682504654, -0.14450210332870483, 0.07177834957838058, 0.06008761376142502, -0.02603883296251297, 0.023793041706085205, -0.12989644706249237, 0.01361356396228075, 0.004521026276051998, -0.006340653635561466, 0.08870750665664673, -0.12421432882547379, -0.04481052607297897, -0.12036994844675064, -0.09413931518793106, 0.0495854988694191, 0.10549921542406082, 0.11809041351079941, -0.04522855952382088, 0.0894431471824646, -0.04280877485871315, 0.0018984198104590178, -0.055397260934114456, 0.0370163656771183, -0.09579000622034073, -0.03710450604557991, -0.002060801489278674, 0.08984789997339249, 0.10052657127380371, -0.06327600032091141, -0.05807637423276901, -0.061590343713760376, 0.05628503859043121, 0.0262700654566288, 0.09299413114786148, -0.05721668154001236, -0.06385189294815063, 0.09053311496973038, 0.0052668144926428795, -0.012537684291601181, 0.04593372717499733, 0.07839500159025192, -0.025464726611971855, 0.13029150664806366, -0.058093223720788956, 0.14545226097106934, 0.020856324583292007, 0.07626070082187653, 0.16185875236988068, -0.01610792800784111, 0.17339329421520233, 0.11896511167287827, 0.04452680051326752, 0.108025461435318, -0.029727090150117874, 0.022765453904867172, -0.027236878871917725, 0.10844195634126663, -0.15259172022342682, 0.03079199604690075, -0.05191611871123314]
2022-03-29, 08:43:34, Eingang, 1260524, 119, Caren_Bruno, 16.46816117533309, [0.011620772071182728, -0.14075066149234772, -0.07760857045650482, -0.07939600199460983, 0.030793415382504463, -0.11139131337404251, 0.019322020933032036, 0.06095906347036362, 0.051127899438142776, -0.06478577107191086, 0.0230135265737772, -0.02925884909927845, -0.04473206028342247, -0.02863297052681446, 0.06394795328378677, 0.11552237719297409, 0.024162551388144493, -0.18521392345428467, -0.03757500275969505, -0.04360358417034149, -0.11346308141946793, 0.005656397435814142, -0.044487930834293365, 0.09831289947032928, 0.07952988147735596, 0.03490295261144638, 0.1549733430147171, 0.07738768309354782, -0.08846770226955414, -0.034899480640888214, -0.05860242247581482, -0.0316285640001297, -0.05920042842626572, 0.05023485794663429, 0.04966525733470917, 0.07764001190662384, -0.03943227604031563, -0.06733640283346176, 0.14328478276729584, -0.03901198133826256, -0.08703476935625076, 0.08696012943983078, 0.010544992983341217, -0.062448181211948395, -0.11664153635501862, -0.12140978127717972, 0.022361112758517265, -0.07640554755926132, -0.1990036815404892, 0.1345425695180893, -0.08921539038419724, 0.12373960018157959, 0.07707330584526062, -0.06988627463579178, 0.04395051673054695, 0.017354512587189674, 0.05860932171344757, 0.06555812060832977, -0.02850928157567978, -0.03199857100844383, 0.012904200702905655, -0.024319441989064217, 0.06737751513719559, 0.11657766997814178, 0.06738217175006866, 0.11445353180170059, -0.054281193763017654, 0.14270716905593872, -0.10569921880960464, 0.06227231025695801, 0.08102650195360184, -0.07008224725723267, 0.0165064949542284, -0.1914811134338379, 0.002604885259643197, 0.08154954016208649, -0.05496625229716301, 0.04024117812514305, -0.01218982320278883, -0.12573523819446564, -0.0836712121963501, -0.006641685497015715, -0.0008039061212912202, 0.1217585876584053, 0.1252240687608719, -0.17620578408241272, 0.07048694044351578, -0.0827869400382042, -0.045770276337862015, -0.04408528283238411, 0.0967450961470604, -0.1555517613887787, -0.07678022235631943, -0.023523274809122086, -0.017971036955714226, 0.03520611673593521, -0.1306849867105484, -0.013672537170350552, -0.16170479357242584, 0.054437633603811264, 0.0683063194155693, 0.1137562245130539, 0.029901184141635895, -0.07408933341503143, 0.039114128798246384, -0.013261096552014351, -0.05396540090441704, -0.08210942894220352, -0.10079550743103027, 0.005498318001627922, 0.13765054941177368, 0.07750226557254791, 0.26610463857650757, 0.0033078796695917845, 0.04543224722146988, -0.011042618192732334, -0.10026172548532486, 0.1488165706396103, 0.08739250153303146, 0.02984626218676567, 0.12310171872377396, -0.028777865692973137, 0.09835924208164215, 0.006036629434674978, 0.13879139721393585, -0.21682339906692505, 0.09317100048065186, -0.010384016670286655]
2022-03-29, 08:43:35, Eingang, 1260544, 119, Kyla_Bruno, NA, -1
2022-03-29, 08:43:36, Eingang, 1260564, 119, Jaqueline_Odermatt, NA, -1
2022-03-29, 08:43:37, Eingang, 1260584, 119, No face visible, NA, -1
2022-03-29, 08:43:38, Eingang, 1260604, 119, Silvia, NA, -1
2022-03-29, 08:43:38, Eingang, 1260605, 119, No face visible, NA, -1
2022-03-29, 08:43:41, Eingang, 1260655, 119, No face visible, NA, -1
2022-03-29, 08:43:42, Eingang, 1260675, 119, No face visible, NA, -1
2022-03-29, 08:43:44, Eingang, 1260704, 119, No face visible, NA, -1
2022-03-29, 08:43:45, Eingang, 1260724, 119, No face visible, NA, -1
2022-03-29, 08:43:46, Eingang, 1260744, 119, No face visible, NA, -1
2022-03-29, 08:43:47, Eingang, 1260764, 119, No face visible, NA, -1
2022-03-29, 08:43:47, Eingang, 1260765, 119, No face visible, NA, -1
2022-03-29, 08:43:48, Eingang, 1260785, 119, No face visible, NA, -1
2022-03-29, 08:43:49, Eingang, 1260805, 119, No face visible, NA, -1
2022-03-29, 08:43:50, Eingang, 1260825, 119, Elvira_Bruno, NA, -1
2022-03-29, 08:43:51, Eingang, 1260845, 119, No face visible, NA, -1
2022-03-29, 08:43:52, Eingang, 1260865, 119, No face visible, NA, -1
2022-03-29, 08:43:53, Eingang, 1260885, 119, No face visible, NA, -1
2022-03-29, 08:43:53, Eingang, 1260886, 119, No face visible, NA, -1
2022-03-29, 08:43:54, Eingang, 1260906, 119, No face visible, NA, -1
2022-03-29, 08:43:55, Eingang, 1260926, 119, No face visible, NA, -1
2022-03-29, 08:43:56, Eingang, 1260946, 119, No face visible, NA, -1
2022-03-29, 08:43:57, Eingang, 1260966, 119, No face visible, NA, -1
2022-03-29, 08:43:59, Eingang, 1260986, 119, No face visible, NA, -1
2022-03-29, 08:44:03, Lost, person, 119, 1136,   33
