2022-03-22, 12:50:16, Found, person, 238, 2385,  309
2022-03-22, 12:50:16, Eingang, 755149, 238, No face visible, NA, -1
2022-03-22, 12:50:17, Eingang, 755159, 238, No face visible, NA, -1
2022-03-22, 12:50:20, Eingang, 755187, 238, No face visible, NA, -1
2022-03-22, 12:50:24, Eingang, 755221, 238, No face visible, NA, -1
2022-03-22, 12:50:25, Eingang, 755234, 238, No face visible, NA, -1
2022-03-22, 12:50:27, Eingang, 755253, 238, No face visible, NA, -1
2022-03-22, 12:50:37, Eingang, 755359, 238, No face visible, NA, -1
2022-03-22, 12:50:38, Eingang, 755360, 238, No face visible, NA, -1
2022-03-22, 12:50:39, Eingang, 755376, 238, No face visible, NA, -1
2022-03-22, 12:50:43, Eingang, 755413, 238, No face visible, NA, -1
2022-03-22, 12:50:44, Eingang, 755423, 238, No face visible, NA, -1
2022-03-22, 12:50:45, Eingang, 755433, 238, No face visible, NA, -1
2022-03-22, 12:50:46, Eingang, 755443, 238, No face visible, NA, -1
2022-03-22, 12:50:50, Eingang, 755480, 238, No face visible, NA, -1
2022-03-22, 12:50:50, Eingang, 755481, 238, No face visible, NA, -1
2022-03-22, 12:50:50, Eingang, 755491, 238, No face visible, NA, -1
2022-03-22, 12:50:52, Eingang, 755501, 238, No face visible, NA, -1
2022-03-22, 12:50:52, Eingang, 755511, 238, No face visible, NA, -1
2022-03-22, 12:50:54, Eingang, 755521, 238, No face visible, NA, -1
2022-03-22, 12:50:54, Eingang, 755531, 238, unknown, NA, [-0.019164519384503365, -0.09735436737537384, -0.04868613928556442, -0.10097584128379822, 0.09988627582788467, 0.0007816361030563712, 0.018289148807525635, -0.04081140086054802, -0.007419713772833347, 0.061334021389484406, 0.08147735893726349, -0.08596803992986679, 0.005802862346172333, -0.10874275863170624, -0.0011049752356484532, 0.11391865462064743, 0.08460444957017899, -0.10770441591739655, 0.06964278966188431, -0.14190177619457245, -0.0137048764154315, 0.032292917370796204, -0.07923153042793274, -0.009761698544025421, 0.04432010278105736, -0.05751872435212135, 0.15750697255134583, 0.11310312151908875, -0.07156059890985489, 0.007419929839670658, -0.07634879648685455, 0.08552467823028564, 0.020178670063614845, -0.04862719029188156, 0.14070793986320496, -0.09012695401906967, 0.08201344311237335, 0.01986745186150074, 0.12993071973323822, 0.019620319828391075, 0.07281772047281265, -0.0008282905328087509, -0.06978288292884827, -0.04430891573429108, -0.11837581545114517, -0.15758571028709412, 0.016428980976343155, 0.0015917480923235416, 0.1072770208120346, 0.09367368370294571, -0.13328194618225098, 0.08471422642469406, 0.07633712142705917, -0.05622189864516258, 0.018679263070225716, 0.05054447427392006, 0.1357814371585846, 0.059201423078775406, -0.04917198047041893, -0.23131564259529114, -0.10636214166879654, -0.09649533778429031, -0.011904172599315643, 0.21839401125907898, 0.007387677673250437, 0.13924087584018707, 0.07678019255399704, 0.023810837417840958, 0.04899623990058899, -0.11560654640197754, -0.050972096621990204, -0.13392437994480133, 0.058030057698488235, -0.09407660365104675, -0.055310193449258804, -0.031334586441516876, 0.004828275181353092, 0.11143887788057327, -0.055765435099601746, -0.08764729648828506, -0.17294558882713318, -0.0695996955037117, 0.03832802176475525, 0.06376557797193527, 0.11091917753219604, 0.011843372136354446, 0.1236954778432846, -0.0648539662361145, -0.1609411984682083, 0.20655444264411926, 0.09420251101255417, 0.021919185295701027, -0.015088115818798542, -0.017616435885429382, 0.15129634737968445, 0.04315760359168053, -0.0016667247982695699, -0.11658143997192383, -0.21202749013900757, 0.006394118536263704, -0.10159853100776672, 0.18899774551391602, 0.0519510842859745, -0.09184225648641586, 0.021580196917057037, 0.06108943372964859, -0.028446363285183907, 0.00723763182759285, -0.03307382017374039, -0.10318942368030548, 0.044891007244586945, 0.04147456958889961, 0.10163786262273788, 0.12800030410289764, -0.03103151172399521, 0.03945550322532654, 0.03804783523082733, 0.1034160628914833, 0.08097995072603226, 0.026309756562113762, -0.06904149055480957, 0.0003455371770542115, 0.07562218606472015, 0.01977403275668621, 0.10067890584468842, -0.10724414139986038, 0.0728592798113823, 0.02655886858701706]
2022-03-22, 12:50:57, Eingang, 755553, 238, No face visible, NA, -1
2022-03-22, 12:50:57, Eingang, 755554, 238, No face visible, NA, -1
2022-03-22, 12:51:05, Eingang, 755636, 238, No face visible, NA, -1
2022-03-22, 12:51:06, Eingang, 755649, 238, No face visible, NA, -1
2022-03-22, 12:51:16, Lost, person, 238, 2142,  308
