2022-03-20, 17:49:03, Found, person, 34, 2048,  508
2022-03-20, 17:49:03, Eingang, 150880, 34, No face visible, NA, -1
2022-03-20, 17:49:04, Eingang, 150890, 34, No face visible, NA, -1
2022-03-20, 17:49:05, Eingang, 150900, 34, No face visible, NA, -1
2022-03-20, 17:49:06, Eingang, 150910, 34, No face visible, NA, -1
2022-03-20, 17:49:07, Eingang, 150920, 34, No face visible, NA, -1
2022-03-20, 17:49:08, Eingang, 150930, 34, No face visible, NA, -1
2022-03-20, 17:49:09, Eingang, 150940, 34, No face visible, NA, -1
2022-03-20, 17:49:09, Eingang, 150941, 34, No face visible, NA, -1
2022-03-20, 17:49:10, Eingang, 150951, 34, No face visible, NA, -1
2022-03-20, 17:49:11, Eingang, 150961, 34, No face visible, NA, -1
2022-03-20, 17:49:12, Eingang, 150971, 34, No face visible, NA, -1
2022-03-20, 17:49:13, Eingang, 150981, 34, No face visible, NA, -1
2022-03-20, 17:49:14, Eingang, 150991, 34, No face visible, NA, -1
2022-03-20, 17:49:15, Eingang, 151001, 34, unknown, NA, [-0.009626253508031368, -0.10000565648078918, -0.06604423373937607, -0.09208634495735168, 0.1148642972111702, -0.010560717433691025, 0.0393352136015892, -0.06417808681726456, 0.009108131751418114, 0.050899285823106766, 0.07250207662582397, -0.09330940991640091, -0.0009143863571807742, -0.13236965239048004, 0.001290277112275362, 0.1187080442905426, 0.10716647654771805, -0.09686914831399918, 0.06618361920118332, -0.1427730768918991, -0.005735641345381737, 0.025141697376966476, -0.10090723633766174, -0.023240774869918823, 0.03398716822266579, -0.053411271423101425, 0.1421675980091095, 0.08875058591365814, -0.06718575209379196, 0.02439839206635952, -0.03266066685318947, 0.07760150730609894, 0.03164345771074295, -0.04549539461731911, 0.1334504783153534, -0.10826167464256287, 0.07663143426179886, 0.032504044473171234, 0.12468468397855759, 0.012108668684959412, 0.08103371411561966, 0.0069439285434782505, -0.055816587060689926, -0.06048175320029259, -0.10166242718696594, -0.15407902002334595, 0.001637519570067525, 0.010860747657716274, 0.10172758251428604, 0.08129408955574036, -0.12440711259841919, 0.07181660085916519, 0.0542711466550827, -0.06745879352092743, 0.015187080018222332, 0.05260930210351944, 0.15089930593967438, 0.04351545125246048, -0.0516103096306324, -0.2419927716255188, -0.10559098422527313, -0.08776874840259552, -0.01911621168255806, 0.24623799324035645, 0.002820174442604184, 0.14923949539661407, 0.0919497013092041, 0.007729354780167341, 0.05273431912064552, -0.10824433714151382, -0.01421902421861887, -0.15677738189697266, 0.05114566162228584, -0.10146993398666382, -0.04548056051135063, -0.03134603425860405, 0.005824723280966282, 0.10650471597909927, -0.071827232837677, -0.10130497068166733, -0.16968999803066254, -0.05004285275936127, 0.03291581571102142, 0.04682976379990578, 0.11088375002145767, -0.0002535696839913726, 0.11678967624902725, -0.07846438139677048, -0.18983471393585205, 0.21810202300548553, 0.07630837708711624, 0.012883808463811874, -0.005867854692041874, -0.004492960870265961, 0.1351357102394104, 0.013280695304274559, 0.008254589512944221, -0.0811002254486084, -0.22340981662273407, 0.02094297669827938, -0.1071336641907692, 0.17347152531147003, 0.05702969431877136, -0.07807376235723495, 0.023792505264282227, 0.07939572632312775, -0.03190726041793823, 0.006135309115052223, -0.06276332587003708, -0.08615279197692871, 0.021274171769618988, 0.06914210319519043, 0.09837484359741211, 0.11307871341705322, -0.04452090337872505, 0.03112846240401268, 0.022253071889281273, 0.08476830273866653, 0.05494706332683563, 0.01616470143198967, -0.037347931414842606, 0.005356959532946348, 0.08717426657676697, 0.023831145837903023, 0.09360025078058243, -0.1203450933098793, 0.042121149599552155, 0.029705984517931938]
2022-03-20, 17:49:15, Eingang, 151002, 34, unknown, NA, [-0.010555066168308258, -0.10341303795576096, -0.05530361086130142, -0.10603558272123337, 0.11003603041172028, -0.0015279549406841397, 0.027175867930054665, -0.06348074227571487, 0.004490604158490896, 0.050583615899086, 0.0710727795958519, -0.08771871775388718, 0.005022087134420872, -0.11543747782707214, -0.0022095958702266216, 0.1214638277888298, 0.10655058175325394, -0.10663846880197525, 0.07324478030204773, -0.1391964703798294, 0.0019902903586626053, 0.023861056193709373, -0.09834147244691849, -0.020591434091329575, 0.03643225133419037, -0.05173824727535248, 0.14331810176372528, 0.09822002798318863, -0.05852409079670906, 0.027920035645365715, -0.0358440987765789, 0.0911756157875061, 0.02867180109024048, -0.037325792014598846, 0.13014496862888336, -0.11207317560911179, 0.06616328656673431, 0.033077970147132874, 0.1277022361755371, 0.018017683178186417, 0.07857003062963486, 0.003774905577301979, -0.05345267057418823, -0.05666714161634445, -0.10891469568014145, -0.15638567507266998, 0.001394046121276915, 0.004391605965793133, 0.1044527068734169, 0.08353262394666672, -0.1226869598031044, 0.07575219124555588, 0.055144261568784714, -0.06890567392110825, 0.017292002215981483, 0.04365359619259834, 0.14409931004047394, 0.039502546191215515, -0.05680093169212341, -0.23910482227802277, -0.10875170677900314, -0.08810882270336151, -0.011689914390444756, 0.24022585153579712, -0.010003686882555485, 0.14286696910858154, 0.08868052065372467, 0.008974251337349415, 0.0589628741145134, -0.10732804238796234, -0.023937825113534927, -0.15576578676700592, 0.059063076972961426, -0.1010097786784172, -0.05180330574512482, -0.029293231666088104, 0.008424228988587856, 0.09505355358123779, -0.06356556713581085, -0.10348911583423615, -0.16383421421051025, -0.051335658878088, 0.03764570876955986, 0.05960067734122276, 0.10706289112567902, 0.006743835750967264, 0.1251547783613205, -0.08064601570367813, -0.1871538758277893, 0.22046789526939392, 0.08285558968782425, 0.01181048434227705, -0.007957568392157555, -0.01254265196621418, 0.1508011668920517, 0.02579057775437832, 0.011547870002686977, -0.08271083980798721, -0.22533948719501495, 0.012598386034369469, -0.10515062510967255, 0.17330117523670197, 0.05273572728037834, -0.07201071828603745, 0.02109813317656517, 0.07154878228902817, -0.03563616797327995, 0.011213203892111778, -0.06129702180624008, -0.09523551166057587, 0.03034602478146553, 0.05383780971169472, 0.09772153198719025, 0.11469901353120804, -0.03492061793804169, 0.02464059740304947, 0.027715584263205528, 0.09184522926807404, 0.05964644253253937, 0.001055175089277327, -0.040569618344306946, 0.012933006510138512, 0.08673811703920364, 0.025504929944872856, 0.09824948757886887, -0.12292448431253433, 0.04256029427051544, 0.03185466304421425]
2022-03-20, 17:49:16, Eingang, 151012, 34, No face visible, NA, -1
2022-03-20, 17:49:17, Eingang, 151022, 34, No face visible, NA, -1
2022-03-20, 17:49:18, Eingang, 151032, 34, No face visible, NA, -1
2022-03-20, 17:49:19, Eingang, 151042, 34, No face visible, NA, -1
2022-03-20, 17:49:20, Eingang, 151052, 34, No face visible, NA, -1
2022-03-20, 17:49:21, Eingang, 151062, 34, No face visible, NA, -1
2022-03-20, 17:49:21, Eingang, 151063, 34, No face visible, NA, -1
2022-03-20, 17:49:31, Lost, person, 34, 2242,  522
