2022-03-21, 07:52:09, Found, person, 88, 2002,  270
2022-03-21, 07:52:09, Eingang, 674320, 88, No face visible, NA, -1
2022-03-21, 07:52:11, Eingang, 674330, 88, No face visible, NA, -1
2022-03-21, 07:52:11, Eingang, 674340, 88, No face visible, NA, -1
2022-03-21, 07:52:13, Eingang, 674350, 88, No face visible, NA, -1
2022-03-21, 07:52:14, Eingang, 674360, 88, No face visible, NA, -1
2022-03-21, 07:52:15, Eingang, 674370, 88, No face visible, NA, -1
2022-03-21, 07:52:16, Eingang, 674380, 88, Maureen_Leber, 2.0905385660356863, [-0.014544066973030567, -0.09544171392917633, -0.0600229874253273, -0.09605394303798676, 0.10524965077638626, -0.03566809371113777, 0.05029870569705963, -0.06885429471731186, 0.005678331479430199, 0.04745856299996376, 0.07159479707479477, -0.09153962880373001, 0.009349378757178783, -0.12193754315376282, 0.008344905450940132, 0.11414198577404022, 0.09812594205141068, -0.09370043873786926, 0.07484166324138641, -0.15911181271076202, -0.015354764647781849, 0.003005805891007185, -0.08427286148071289, -0.022958477959036827, 0.03192538768053055, -0.04449357092380524, 0.1729191243648529, 0.08760160207748413, -0.07894565165042877, 0.03404451534152031, -0.06583861261606216, 0.07534803450107574, 0.03634902462363243, -0.05012828856706619, 0.13338884711265564, -0.0928565040230751, 0.10779210180044174, 0.021782562136650085, 0.13080653548240662, 0.012349041178822517, 0.08534672111272812, 0.011146522127091885, -0.06409821659326553, -0.05175807699561119, -0.10312207788228989, -0.14829984307289124, -0.010533473454415798, -0.0003547105297911912, 0.1084790974855423, 0.0782603919506073, -0.13199469447135925, 0.07538911700248718, 0.0476972796022892, -0.057209208607673645, 0.010157853364944458, 0.08627898246049881, 0.15461263060569763, 0.06116056069731712, -0.0390603207051754, -0.22687751054763794, -0.11068520694971085, -0.0746009573340416, -0.007947956211864948, 0.2366095334291458, 0.004191762767732143, 0.1514643430709839, 0.07501678168773651, 0.0070359674282372, 0.05183255672454834, -0.10302923619747162, -0.014369618147611618, -0.12741823494434357, 0.07063256204128265, -0.09909844398498535, -0.05531518533825874, -0.04758807271718979, -0.011417428962886333, 0.08200188726186752, -0.06783932447433472, -0.13125692307949066, -0.16474862396717072, -0.04718789458274841, 0.03697081282734871, 0.05079084262251854, 0.10650819540023804, -0.009367791004478931, 0.11369764059782028, -0.06383475661277771, -0.1787664294242859, 0.22200815379619598, 0.06159771978855133, 0.028251761570572853, 0.0016282573342323303, -0.010573013685643673, 0.1059429869055748, 0.030335312709212303, 0.01370532438158989, -0.1052277535200119, -0.21591761708259583, 0.02574855461716652, -0.10277114063501358, 0.17992591857910156, 0.0709269717335701, -0.0985686331987381, 0.045909907668828964, 0.06980420649051666, -0.03743559494614601, 0.00441825482994318, -0.04885244742035866, -0.09064583480358124, 0.038089897483587265, 0.05036913603544235, 0.10500762611627579, 0.12252473831176758, -0.029939478263258934, 0.037112485617399216, 0.03686440363526344, 0.10515878349542618, 0.08084480464458466, 0.03078547678887844, -0.03836921229958534, -0.0013468223623931408, 0.09059274196624756, 0.01975080370903015, 0.0768943578004837, -0.09413469582796097, 0.06748812645673752, 0.013814506120979786]
2022-03-21, 07:52:16, Eingang, 674381, 88, Silvia, NA, -1
2022-03-21, 07:52:17, Eingang, 674391, 88, No face visible, NA, -1
2022-03-21, 07:52:18, Eingang, 674401, 88, No face visible, NA, -1
2022-03-21, 07:52:19, Eingang, 674411, 88, No face visible, NA, -1
2022-03-21, 07:52:20, Eingang, 674421, 88, No face visible, NA, -1
2022-03-21, 07:52:21, Eingang, 674431, 88, No face visible, NA, -1
2022-03-21, 07:52:22, Eingang, 674441, 88, No face visible, NA, -1
2022-03-21, 07:52:22, Eingang, 674442, 88, No face visible, NA, -1
2022-03-21, 07:52:23, Eingang, 674452, 88, No face visible, NA, -1
2022-03-21, 07:52:24, Eingang, 674462, 88, No face visible, NA, -1
2022-03-21, 07:52:25, Eingang, 674472, 88, No face visible, NA, -1
2022-03-21, 07:52:34, Lost, person, 88, 2117,  558
