2022-03-29, 13:13:12, Found, person, 140, 1592,  822
2022-03-29, 13:13:12, Eingang, 1584103, 140, No face visible, NA, -1
2022-03-29, 13:13:13, Eingang, 1584126, 140, No face visible, NA, -1
2022-03-29, 13:13:14, Eingang, 1584146, 140, No face visible, NA, -1
2022-03-29, 13:13:15, Eingang, 1584166, 140, No face visible, NA, -1
2022-03-29, 13:13:17, Eingang, 1584195, 140, No face visible, NA, -1
2022-03-29, 13:13:18, Eingang, 1584215, 140, No face visible, NA, -1
2022-03-29, 13:13:19, Eingang, 1584235, 140, No face visible, NA, -1
2022-03-29, 13:13:19, Eingang, 1584236, 140, No face visible, NA, -1
2022-03-29, 13:13:21, Eingang, 1584256, 140, No face visible, NA, -1
2022-03-29, 13:13:21, Eingang, 1584276, 140, No face visible, NA, -1
2022-03-29, 13:13:23, Eingang, 1584296, 140, No face visible, NA, -1
2022-03-29, 13:13:24, Eingang, 1584316, 140, No face visible, NA, -1
2022-03-29, 13:13:25, Eingang, 1584336, 140, No face visible, NA, -1
2022-03-29, 13:13:26, Eingang, 1584356, 140, No face visible, NA, -1
2022-03-29, 13:13:26, Eingang, 1584357, 140, No face visible, NA, -1
2022-03-29, 13:13:27, Eingang, 1584377, 140, No face visible, NA, -1
2022-03-29, 13:13:28, Eingang, 1584403, 140, No face visible, NA, -1
2022-03-29, 13:13:29, Eingang, 1584423, 140, No face visible, NA, -1
2022-03-29, 13:13:30, Eingang, 1584443, 140, No face visible, NA, -1
2022-03-29, 13:13:31, Eingang, 1584463, 140, No face visible, NA, -1
2022-03-29, 13:13:32, Eingang, 1584483, 140, No face visible, NA, -1
2022-03-29, 13:13:32, Eingang, 1584484, 140, No face visible, NA, -1
2022-03-29, 13:13:33, Eingang, 1584504, 140, No face visible, NA, -1
2022-03-29, 13:13:34, Eingang, 1584524, 140, No face visible, NA, -1
2022-03-29, 13:13:36, Eingang, 1584544, 140, No face visible, NA, -1
2022-03-29, 13:13:36, Eingang, 1584564, 140, No face visible, NA, -1
2022-03-29, 13:13:37, Eingang, 1584584, 140, No face visible, NA, -1
2022-03-29, 13:13:38, Eingang, 1584604, 140, No face visible, NA, -1
2022-03-29, 13:13:38, Eingang, 1584605, 140, No face visible, NA, -1
2022-03-29, 13:13:38, Eingang, 1584625, 140, No face visible, NA, -1
2022-03-29, 13:13:39, Eingang, 1584645, 140, No face visible, NA, -1
2022-03-29, 13:13:39, Eingang, 1584665, 140, No face visible, NA, -1
2022-03-29, 13:13:39, Eingang, 1584685, 140, No face visible, NA, -1
2022-03-29, 13:13:40, Eingang, 1584705, 140, No face visible, NA, -1
2022-03-29, 13:13:41, Eingang, 1584725, 140, No face visible, NA, -1
2022-03-29, 13:13:41, Eingang, 1584726, 140, No face visible, NA, -1
2022-03-29, 13:13:42, Eingang, 1584746, 140, No face visible, NA, -1
2022-03-29, 13:13:43, Eingang, 1584766, 140, No face visible, NA, -1
2022-03-29, 13:13:45, Eingang, 1584786, 140, No face visible, NA, -1
2022-03-29, 13:13:45, Eingang, 1584806, 140, No face visible, NA, -1
2022-03-29, 13:13:47, Eingang, 1584826, 140, No face visible, NA, -1
2022-03-29, 13:13:48, Eingang, 1584846, 140, No face visible, NA, -1
2022-03-29, 13:13:48, Eingang, 1584847, 140, No face visible, NA, -1
2022-03-29, 13:13:49, Eingang, 1584867, 140, No face visible, NA, -1
2022-03-29, 13:13:50, Eingang, 1584887, 140, No face visible, NA, -1
2022-03-29, 13:13:51, Eingang, 1584907, 140, No face visible, NA, -1
2022-03-29, 13:13:52, Eingang, 1584927, 140, No face visible, NA, -1
2022-03-29, 13:13:53, Eingang, 1584947, 140, No face visible, NA, -1
2022-03-29, 13:13:54, Eingang, 1584967, 140, No face visible, NA, -1
2022-03-29, 13:13:54, Eingang, 1584968, 140, No face visible, NA, -1
2022-03-29, 13:13:55, Eingang, 1584988, 140, No face visible, NA, -1
2022-03-29, 13:13:56, Eingang, 1585008, 140, No face visible, NA, -1
2022-03-29, 13:13:58, Eingang, 1585028, 140, No face visible, NA, -1
2022-03-29, 13:13:59, Eingang, 1585048, 140, No face visible, NA, -1
2022-03-29, 13:14:00, Eingang, 1585068, 140, No face visible, NA, -1
2022-03-29, 13:14:01, Eingang, 1585088, 140, Silvia, 0.16534880838442828, [0.0023194695822894573, -0.09773705899715424, -0.05149924010038376, -0.09799689054489136, 0.07610458880662918, -0.005500709172338247, 0.04337064176797867, -0.06131654232740402, 0.024920020252466202, 0.012571966275572777, 0.09664276242256165, -0.09878496825695038, -0.02145007625222206, -0.12217297405004501, 0.03076445311307907, 0.10094981640577316, 0.10364837199449539, -0.1106719896197319, 0.07465285062789917, -0.13552553951740265, -0.06279508769512177, 0.00954646710306406, -0.13656948506832123, 0.008578965440392494, 0.045841049402952194, -0.01028773095458746, 0.15979748964309692, 0.08088986575603485, -0.07218293845653534, -0.00029672408709302545, -0.013909575529396534, 0.11077643185853958, 0.035137027502059937, -0.046075981110334396, 0.12462980300188065, -0.0780780091881752, 0.09032712876796722, 0.02388850972056389, 0.14230065047740936, 0.024323048070073128, 0.07283546030521393, 0.010333908721804619, -0.06436337530612946, -0.07694441080093384, -0.11109282076358795, -0.14222288131713867, -0.01349691953510046, 0.012028702534735203, 0.09367509186267853, 0.09010070562362671, -0.07735220342874527, 0.05300625041127205, 0.07100964337587357, -0.0627250000834465, 0.0309128575026989, 0.09627379477024078, 0.11310736835002899, 0.047160714864730835, -0.018065806478261948, -0.2108370065689087, -0.08947630971670151, -0.08111169189214706, -0.011067948304116726, 0.25397536158561707, 0.030537467449903488, 0.14048394560813904, 0.07225930690765381, -0.003043960779905319, 0.05008474737405777, -0.08297320455312729, -0.009521984495222569, -0.1906088888645172, 0.0922631099820137, -0.11211811006069183, -0.06921858340501785, -0.036686912178993225, -0.013587134890258312, 0.0977579653263092, -0.09256444126367569, -0.09278343617916107, -0.15175098180770874, -0.07786030322313309, 0.004945128690451384, 0.06715761125087738, 0.11174331605434418, -0.06218792870640755, 0.1391398310661316, -0.08805173635482788, -0.17675618827342987, 0.18141613900661469, 0.06072297319769859, -0.014119469560682774, -0.04700293391942978, -0.05453444644808769, 0.11703024059534073, 0.029450174421072006, 0.008359394036233425, -0.08925402164459229, -0.21679334342479706, 0.027067745104432106, -0.11889880895614624, 0.17414885759353638, 0.06769710779190063, -0.07189922779798508, 0.03632970526814461, 0.08013562113046646, -0.012611716985702515, -0.005832665599882603, -0.04258737340569496, -0.11662955582141876, 0.047589611262083054, 0.03904342278838158, 0.10842058807611465, 0.09416865557432175, -0.03188854455947876, 0.04775555059313774, 0.025173019617795944, 0.10273686796426773, 0.07220262289047241, 0.036571286618709564, -0.040042944252491, -0.037576109170913696, 0.11393565684556961, 0.046646855771541595, 0.09135179966688156, -0.10365878790616989, 0.05513814091682434, 0.04503542184829712]
2022-03-29, 13:14:01, Eingang, 1585089, 140, unknown, NA, [-0.0019306211033836007, -0.10098477452993393, -0.05658084899187088, -0.10097973048686981, 0.09317655116319656, 0.0026830839924514294, 0.046728938817977905, -0.06050890311598778, 0.02020704559981823, 0.011997053399682045, 0.1063196212053299, -0.09561309963464737, -0.022569693624973297, -0.12908749282360077, 0.020842235535383224, 0.10519368201494217, 0.1032322347164154, -0.10612158477306366, 0.0785084217786789, -0.13932552933692932, -0.061023205518722534, 0.01717350259423256, -0.12422879785299301, 0.003984116483479738, 0.04036412760615349, -0.013672343455255032, 0.15945275127887726, 0.07706909626722336, -0.07638293504714966, -0.006513368338346481, -0.02097127214074135, 0.10292338579893112, 0.03949273005127907, -0.0463845394551754, 0.1297173947095871, -0.06773845106363297, 0.08671525120735168, 0.029482224956154823, 0.14531494677066803, 0.02012578584253788, 0.07854273915290833, 0.008265283890068531, -0.0579971969127655, -0.07368636876344681, -0.10327000916004181, -0.15104414522647858, -0.009926173835992813, 0.004857263062149286, 0.09649430960416794, 0.09199680387973785, -0.08444169163703918, 0.05413656681776047, 0.0698433518409729, -0.06961321830749512, 0.024736015126109123, 0.10424795746803284, 0.11073637008666992, 0.04370869696140289, -0.02024451456964016, -0.21367479860782623, -0.08542729169130325, -0.08998697251081467, -0.007272174581885338, 0.24353566765785217, 0.023489410057663918, 0.1424943506717682, 0.07329800724983215, 0.0026857659686356783, 0.04918329045176506, -0.08352169394493103, -0.01394706405699253, -0.18350039422512054, 0.0725729763507843, -0.10882788896560669, -0.05350084975361824, -0.038152530789375305, -0.013532090000808239, 0.10539016872644424, -0.09611925482749939, -0.0871463343501091, -0.1569717526435852, -0.0674993023276329, 0.004367900546640158, 0.0674748495221138, 0.11436478048563004, -0.04458651319146156, 0.14477843046188354, -0.080326147377491, -0.17354948818683624, 0.1821582168340683, 0.055102117359638214, -0.008368192240595818, -0.03432275354862213, -0.04554944857954979, 0.11957059055566788, 0.01991012692451477, -0.0036263593938201666, -0.10223277658224106, -0.21653437614440918, 0.035499390214681625, -0.12240736186504364, 0.16506023705005646, 0.07084830850362778, -0.07514386624097824, 0.037527840584516525, 0.0744299665093422, -0.009474770165979862, -0.002597308484837413, -0.05022406205534935, -0.11503604054450989, 0.05655708163976669, 0.0472213476896286, 0.10737673938274384, 0.10908853262662888, -0.033539753407239914, 0.048273585736751556, 0.026262298226356506, 0.10758510231971741, 0.06820044666528702, 0.039236586540937424, -0.04811796545982361, -0.02928938716650009, 0.11865953356027603, 0.050975505262613297, 0.0869896337389946, -0.10366221517324448, 0.0508744977414608, 0.04423098638653755]
2022-03-29, 13:14:02, Eingang, 1585109, 140, Holger, 0.14443945823073379, [-0.015080608427524567, -0.0894005075097084, -0.05626589059829712, -0.11091887205839157, 0.11486755311489105, 0.006000194698572159, 0.050842609256505966, -0.04120206460356712, 0.06088412553071976, -0.004429410677403212, 0.13221843540668488, -0.08804461359977722, -0.048198651522397995, -0.15773159265518188, 0.026181574910879135, 0.08334195613861084, 0.06055111438035965, -0.07707081735134125, 0.0672561302781105, -0.1506359726190567, -0.04802454635500908, -0.0016950549324974418, -0.10465583205223083, 0.03861987590789795, 0.019166305661201477, -0.024833649396896362, 0.1501651257276535, 0.0692160502076149, -0.10436053574085236, -0.013102642260491848, -0.04640217497944832, 0.09593034535646439, -0.002320889150723815, -0.03266555443406105, 0.11751334369182587, -0.05942758172750473, 0.04694201052188873, 0.021803701296448708, 0.15499694645404816, -0.0008836400811560452, 0.06678841263055801, -0.031982503831386566, -0.06885354220867157, -0.0815877914428711, -0.12655109167099, -0.15925359725952148, 0.027949711307883263, -0.014208488166332245, 0.07217632979154587, 0.0972146987915039, -0.09308233112096786, 0.10678403079509735, 0.10018601268529892, -0.07619082182645798, 0.04422079026699066, 0.11997084319591522, 0.07369621098041534, 0.035223428159952164, -0.02848503552377224, -0.16006001830101013, -0.0643777996301651, -0.095108762383461, -0.007062825839966536, 0.2254263311624527, 0.09311094880104065, 0.12958924472332, 0.061983272433280945, 0.04379565268754959, 0.0011306253727525473, -0.06038310378789902, -0.014206917025148869, -0.17705248296260834, 0.09729693830013275, -0.12437736988067627, -0.05017130821943283, -0.032282739877700806, -0.034502044320106506, 0.10514626652002335, -0.13609588146209717, -0.1007608026266098, -0.154556006193161, -0.08038301765918732, 0.0037659199442714453, 0.07372962683439255, 0.0997714102268219, -0.038567639887332916, 0.11968496441841125, -0.08834121376276016, -0.13627734780311584, 0.13111259043216705, 0.07684248685836792, -0.01799333654344082, -0.05950045585632324, -0.0639248937368393, 0.13603544235229492, 0.023453542962670326, -0.04900224134325981, -0.11450980603694916, -0.20517908036708832, 0.026648452505469322, -0.09331832081079483, 0.1741558313369751, 0.062019769102334976, -0.09244126826524734, 0.04337497055530548, 0.06601224839687347, 0.008394314907491207, -0.018342316150665283, -0.014780575409531593, -0.12842510640621185, 0.04681127518415451, 0.06341782212257385, 0.1135391891002655, 0.09738586843013763, -0.0211116261780262, 0.0439046286046505, 0.005728424061089754, 0.12680362164974213, 0.07049158960580826, 0.09006132185459137, -0.08044704049825668, -0.027394713833928108, 0.14290590584278107, 0.048800885677337646, 0.08274747431278229, -0.10659561306238174, 0.08266247808933258, 0.04516100510954857]
2022-03-29, 13:14:03, Out, person, 140, 1682,  895
