2022-03-25, 15:55:23, Found, person, 34, 2376, 1233
2022-03-25, 15:55:24, Eingang, 458359, 34, No face visible, NA, -1
2022-03-25, 15:55:24, Eingang, 458369, 34, No face visible, NA, -1
2022-03-25, 15:55:25, Eingang, 458379, 34, No face visible, NA, -1
2022-03-25, 15:55:25, Eingang, 458389, 34, Holger, NA, -1
2022-03-25, 15:55:26, Eingang, 458399, 34, Melanie_Leber, NA, -1
2022-03-25, 15:55:26, Eingang, 458409, 34, Maureen_Leber, 2.4901497661887517, [0.024843230843544006, -0.09386973083019257, -0.11361507326364517, -0.11344172060489655, 0.023129379376769066, -0.09826995432376862, 0.0258833859115839, 0.0012305470881983638, 0.024248000234365463, -0.009228438138961792, 0.08809664845466614, -0.0693640410900116, -0.12613438069820404, -0.1467263251543045, 0.02319440431892872, 0.015255540609359741, 0.0448886901140213, -0.0810011625289917, 0.00267320335842669, -0.16042940318584442, -0.14306697249412537, -0.028783394023776054, -0.11226717382669449, 0.05577801167964935, 0.07941718399524689, 0.02449283003807068, 0.16410377621650696, 0.05732446908950806, -0.1097106784582138, -0.0107562355697155, -0.03211282193660736, 0.05219027027487755, -0.015525907278060913, -0.06277840584516525, 0.09860926121473312, 0.016451966017484665, 0.04248762130737305, -0.014741763472557068, 0.20750539004802704, -0.0028864729683846235, -0.01705249212682247, 0.017759311944246292, -0.08508915454149246, -0.032315924763679504, -0.06171948462724686, -0.11540725827217102, 0.0031143506057560444, -0.02259291708469391, -0.0028062749188393354, 0.03954559937119484, -0.04046688601374626, 0.09669529646635056, 0.14156398177146912, -0.10323233902454376, 0.018410300835967064, 0.17862404882907867, 0.07948023825883865, 0.021023789420723915, -0.01001325249671936, -0.102611243724823, -0.025359533727169037, -0.06525813788175583, -0.038748886436223984, 0.16304980218410492, 0.18154026567935944, 0.1627832055091858, 0.018844498321413994, 0.053119588643312454, -0.01147616095840931, -0.05336424335837364, 0.003103733528405428, -0.07798727601766586, 0.04893667623400688, -0.21021604537963867, -0.021983785554766655, -0.027182312682271004, -0.0696660652756691, 0.097078338265419, -0.08349032700061798, -0.12466446310281754, -0.10950982570648193, -0.045475006103515625, -0.0020686513744294643, 0.10937409847974777, 0.1104433685541153, -0.13824142515659332, 0.024052651599049568, -0.08091685175895691, -0.09461177885532379, 0.12739421427249908, 0.08689877390861511, -0.04749976471066475, -0.14125880599021912, -0.02816936932504177, 0.010099489241838455, 0.045889515429735184, -0.005315093789249659, -0.1202048733830452, -0.13414344191551208, 0.04812168702483177, -0.040362149477005005, 0.14018359780311584, 0.11398618668317795, -0.11236370354890823, 0.02539173699915409, 0.06419668346643448, -0.012396009638905525, -0.01859079860150814, -0.02651432901620865, -0.11200477182865143, 0.07401439547538757, 0.08568179607391357, 0.1455419361591339, 0.031819961965084076, 0.07238265872001648, 0.08802211284637451, -0.03695175424218178, 0.20286524295806885, 0.14224348962306976, 0.1158762127161026, 0.03523316606879234, -0.08262772858142853, 0.09239698946475983, 0.07195504754781723, 0.052473630756139755, -0.18115974962711334, 0.04870327562093735, -0.060111213475465775]
2022-03-25, 15:55:27, Eingang, 458419, 34, Holger, NA, -1
2022-03-25, 15:55:27, Eingang, 458420, 34, Maureen_Leber, 2.7615843145910692, [-0.032405056059360504, -0.08779031038284302, -0.14793996512889862, -0.07719963043928146, 0.09256578981876373, -0.09513537585735321, 0.03671686723828316, 0.018079889938235283, 0.02074730396270752, 0.008045478723943233, 0.12359001487493515, -0.06885919719934464, -0.11015675216913223, -0.20352862775325775, -0.016388189047574997, 0.01028005126863718, 0.0335928350687027, -0.08725641667842865, -0.04141516238451004, -0.1927568018436432, -0.04298830032348633, -0.03621887043118477, -0.0489824004471302, 0.009632475674152374, 0.04435187205672264, -0.10156390815973282, 0.1318395733833313, 0.03902992233633995, -0.1200869157910347, 0.01733860932290554, -0.049665406346321106, -0.02146969549357891, 0.0019759677816182375, -0.052954550832509995, 0.09714632481336594, 0.016625937074422836, 0.09941639006137848, -0.07118508219718933, 0.09034653753042221, -0.049860257655382156, -0.038282882422208786, 0.05381903424859047, -0.030411742627620697, 0.017268149182200432, -0.036312833428382874, -0.15719285607337952, 0.017289932817220688, -0.022151226177811623, 0.045064810663461685, 0.05850359424948692, -0.11300746351480484, 0.056463222950696945, 0.11340101808309555, -0.10104645043611526, -0.05830402299761772, 0.16955968737602234, 0.0558997243642807, 0.04022987186908722, -0.0545169897377491, -0.11314044892787933, -0.11579803377389908, -0.044653378427028656, -0.021817028522491455, 0.13117270171642303, 0.1007523387670517, 0.1695467084646225, -0.01850525476038456, 0.09318005293607712, -0.03150084614753723, -0.1211809441447258, 0.05366629362106323, -0.06378757953643799, -0.03664055094122887, -0.20991826057434082, 0.033547066152095795, -0.019445044919848442, -0.030160704627633095, 0.1579158455133438, -0.10734930634498596, -0.10790029168128967, -0.13177591562271118, 0.0029283836483955383, -0.03477678447961807, 0.005434430669993162, 0.08723218739032745, -0.05647071450948715, -0.04125591367483139, -0.034935545176267624, -0.07881755381822586, 0.13196581602096558, 0.09126386791467667, -0.006519720423966646, -0.08662784099578857, 0.056344982236623764, -0.0029935056809335947, 0.08629696071147919, -0.11590657383203506, -0.17091712355613708, -0.11824901401996613, 0.10908811539411545, -0.008638250641524792, 0.10105685889720917, 0.1792452335357666, -0.1840074062347412, 0.0012136060977354646, 0.010210664942860603, 0.007016458548605442, -0.06989065557718277, -0.06246785819530487, -0.08336605131626129, 0.05083797872066498, 0.08038182556629181, 0.12946662306785583, 0.08522145450115204, 0.04813990369439125, 0.07918420433998108, 0.0050359852612018585, 0.1469319760799408, 0.05628923699259758, 0.18491987884044647, -0.001047102501615882, -0.13047610223293304, 0.10890365391969681, 0.055729448795318604, 0.019709279760718346, -0.13167287409305573, 0.07702666521072388, -0.029603969305753708]
2022-03-25, 15:55:28, Eingang, 458430, 34, No face visible, NA, -1
2022-03-25, 15:55:28, Eingang, 458440, 34, Maureen_Leber, 2.752676187929306, [-0.016307853162288666, -0.0720304474234581, -0.08658614754676819, -0.09882279485464096, 0.04745093733072281, -0.10670261830091476, 0.001459047314710915, -0.01296678464859724, -0.006911996752023697, 0.02967158891260624, 0.07966064661741257, -0.08933570235967636, -0.08674023300409317, -0.14570686221122742, 0.00952816754579544, 0.004368471913039684, 0.014832738786935806, -0.0859033390879631, 0.04521043226122856, -0.15928079187870026, -0.11068778485059738, -0.03776725381612778, -0.08802693337202072, 0.0651041716337204, 0.04267371818423271, 0.004387050401419401, 0.16942360997200012, 0.10178093612194061, -0.14338456094264984, -0.05860595777630806, -0.11170049756765366, 0.05891824886202812, -0.06067589670419693, -0.08263462036848068, 0.09253444522619247, 0.05099743232131004, 0.11562501639127731, -0.02850273996591568, 0.22194485366344452, -0.019502146169543266, 0.02259231172502041, -0.01774103008210659, -0.09983064979314804, -0.008930151350796223, -0.08969166874885559, -0.08599651604890823, 0.033713776618242264, -0.0291892122477293, -0.0030880288686603308, 0.007991964928805828, -0.10766679793596268, 0.13827724754810333, 0.08969052881002426, -0.02816363424062729, -0.01795695163309574, 0.17602543532848358, 0.07981491088867188, 0.04979206249117851, -0.038838375359773636, -0.09984463453292847, -0.04313977435231209, -0.06633403897285461, -0.06448767334222794, 0.12983588874340057, 0.14171281456947327, 0.19747139513492584, 0.06538035720586777, 0.02576662041246891, 0.001045036711730063, -0.053661804646253586, -0.002708348911255598, -0.05766785517334938, 0.06729381531476974, -0.1347663849592209, -0.025822320953011513, -0.006671984679996967, -0.08390692621469498, 0.11801482737064362, -0.07315654307603836, -0.10545084625482559, -0.09447316080331802, -0.07268457114696503, 0.037755705416202545, 0.09439161419868469, 0.07930665463209152, -0.06987352669239044, 0.03609923645853996, -0.041320279240608215, -0.06951041519641876, 0.13816672563552856, 0.11236979067325592, -0.048243071883916855, -0.09809686988592148, -0.03832476958632469, 0.023718643933534622, 0.09587682783603668, -0.019788069650530815, -0.15803126990795135, -0.1269454061985016, 0.04516865685582161, -0.09106797724962234, 0.17140717804431915, 0.09437334537506104, -0.17136995494365692, 0.04837150126695633, 0.02749527432024479, 0.017286892980337143, 0.004925201181322336, 0.03512438386678696, -0.10666805505752563, 0.03347305208444595, 0.0496760793030262, 0.13263928890228271, 0.047322358936071396, 0.03373095765709877, 0.10505986213684082, -0.03141093999147415, 0.2074906975030899, 0.12682154774665833, 0.11770046502351761, -0.05591490864753723, -0.08041950315237045, 0.09362570196390152, 0.06395652145147324, 0.08985550701618195, -0.13748179376125336, 0.13637489080429077, -0.05372494459152222]
2022-03-25, 15:55:29, Eingang, 458450, 34, Holger, NA, -1
2022-03-25, 15:55:29, Eingang, 458460, 34, Katja_Schäck, NA, -1
2022-03-25, 15:55:30, Eingang, 458470, 34, Holger, NA, -1
2022-03-25, 15:55:30, Eingang, 458480, 34, Holger, NA, -1
2022-03-25, 15:55:30, Eingang, 458481, 34, Holger, NA, -1
2022-03-25, 15:55:31, Eingang, 458491, 34, Maureen_Leber, 3.168662929024952, [-0.013774773105978966, -0.0912945568561554, -0.008692577481269836, -0.16536560654640198, 0.10669251531362534, 0.004403598606586456, 0.07321444153785706, 0.012022167444229126, 0.046721864491701126, 0.06603152304887772, 0.18122921884059906, -0.1384875327348709, -0.03312399610877037, -0.19842669367790222, -0.020992077887058258, 0.10107271373271942, 0.02104645036160946, -0.08035078644752502, 0.04582054167985916, -0.1598169356584549, 0.021925831213593483, 0.029341014102101326, -0.031191878020763397, 0.03217902034521103, 0.013774022459983826, -0.07462088763713837, 0.15213434398174286, 0.07322439551353455, -0.1304599940776825, -0.05038899555802345, -0.09893432259559631, 0.04164361581206322, 0.031221508979797363, -0.06610619276762009, 0.13896188139915466, -0.04700295627117157, 0.14183124899864197, 0.011956470087170601, 0.20281903445720673, 0.014724739827215672, 0.015974069014191628, -0.07175466418266296, -0.06415047496557236, -0.07829650491476059, -0.12987810373306274, -0.08212081342935562, 0.008567008189857006, -0.06344018131494522, 0.0883961170911789, 0.0064102839678525925, -0.13881590962409973, 0.11095460504293442, 0.05266832560300827, -0.08225017786026001, -0.017870336771011353, 0.12931595742702484, 0.08146796375513077, 0.07557754218578339, -0.0839008018374443, -0.16553248465061188, -0.05793589726090431, -0.06092008575797081, -0.0828370675444603, 0.15494412183761597, 0.08165693283081055, 0.14627031981945038, 0.10368227958679199, 0.04853671044111252, 0.02336934767663479, -0.12365695089101791, -0.029918981716036797, -0.09197789430618286, 0.04817316681146622, -0.158500537276268, 0.017436817288398743, 0.004521797876805067, -0.061858031898736954, 0.12812036275863647, -0.11772733926773071, -0.04137066751718521, -0.15666276216506958, -0.05838506668806076, 0.04316815733909607, 0.002823888324201107, 0.06668702512979507, 0.0001995153579628095, 0.040019769221544266, -0.02410847134888172, -0.09032852202653885, 0.16324292123317719, 0.08265864104032516, 0.00394774554297328, -0.032585009932518005, 0.01628042943775654, 0.13747945427894592, 0.04476729407906532, -0.10161518305540085, -0.13626620173454285, -0.15735982358455658, 0.028865816071629524, -0.028539741411805153, 0.12501850724220276, 0.0535479374229908, -0.14546754956245422, -0.0018482785671949387, 0.07671604305505753, 0.02391778491437435, -0.04732276126742363, -0.005583724472671747, -0.09708816558122635, 0.04484747722744942, 0.04323963075876236, 0.1041950061917305, 0.05210074409842491, -0.003670814912766218, 0.09365993738174438, 0.02210143767297268, 0.13080176711082458, 0.06047569215297699, 0.12170999497175217, -0.11954502761363983, -0.02038499154150486, 0.0840202271938324, 0.06006533280014992, 0.06693085283041, -0.09145484864711761, 0.08571622520685196, 0.019161615520715714]
2022-03-25, 15:55:31, Eingang, 458501, 34, Holger, NA, -1
2022-03-25, 15:55:32, Eingang, 458511, 34, Maureen_Leber, 2.968364347401409, [-0.04049576073884964, -0.09237223118543625, -0.03329304978251457, -0.12959735095500946, 0.11061226576566696, -0.027307096868753433, 0.05150635913014412, 0.012107623741030693, 0.0726669579744339, 0.03924790024757385, 0.13822141289710999, -0.10694946348667145, -0.023653345182538033, -0.20120343565940857, -0.018045736476778984, 0.06577223539352417, -0.0013480271445587277, -0.06072326377034187, 0.04757881164550781, -0.15338802337646484, -0.0064292894676327705, 0.002198002301156521, -0.07059825956821442, 0.041160423308610916, 0.009389929473400116, -0.04615471512079239, 0.16870856285095215, 0.07558542490005493, -0.1682390570640564, -0.05457564443349838, -0.12644831836223602, 0.05040920153260231, -0.007595578674226999, -0.08746876567602158, 0.1308925449848175, -0.025208214297890663, 0.14738525450229645, -0.018510054796934128, 0.2012639045715332, 0.011190881952643394, 0.03638593479990959, -0.04162184149026871, -0.04512791708111763, -0.06782761961221695, -0.11169880628585815, -0.09479867666959763, 0.007944108918309212, -0.03201226145029068, 0.0644284337759018, 0.029547829180955887, -0.12325631827116013, 0.14402000606060028, 0.06791885197162628, -0.06636254489421844, -0.008213807828724384, 0.13685336709022522, 0.07605967670679092, 0.03408201411366463, -0.051299676299095154, -0.12908068299293518, -0.032089900225400925, -0.04446437582373619, -0.07055788487195969, 0.14995653927326202, 0.11007842421531677, 0.165513277053833, 0.07817477732896805, 0.06902408599853516, -0.01104272622615099, -0.1082046702504158, -0.019296735525131226, -0.09021313488483429, 0.05774529650807381, -0.15560756623744965, 0.013695282861590385, -0.020787876099348068, -0.06413060426712036, 0.12766066193580627, -0.12545543909072876, -0.07975655794143677, -0.1468493789434433, -0.0670701190829277, 0.023992247879505157, 0.040946949273347855, 0.06925537437200546, -0.025771532207727432, 0.048229023814201355, -0.022273018956184387, -0.09353697299957275, 0.1484714150428772, 0.06804301589727402, 0.0007658586255274713, -0.03600584715604782, -0.0046332767233252525, 0.0877678394317627, 0.0628163069486618, -0.06910774856805801, -0.14533604681491852, -0.1599307656288147, 0.05457410216331482, -0.01344640739262104, 0.13638047873973846, 0.0678272694349289, -0.186552956700325, -0.001934387139044702, 0.04952091723680496, 0.001356145367026329, -0.04124489426612854, 0.00747669069096446, -0.08194803446531296, 0.06950359791517258, 0.02164490707218647, 0.12789595127105713, 0.05128441005945206, -0.0009406964527443051, 0.10105155408382416, -0.01214325800538063, 0.1765965074300766, 0.07864944636821747, 0.14395752549171448, -0.11543823778629303, -0.05782293155789375, 0.10391420871019363, 0.06404442340135574, 0.07253272086381912, -0.0957903191447258, 0.126261368393898, 0.010806862264871597]
2022-03-25, 15:55:32, Eingang, 458521, 34, No face visible, NA, -1
2022-03-25, 15:55:33, Eingang, 458531, 34, Holger, NA, -1
2022-03-25, 15:55:33, Eingang, 458541, 34, Holger, NA, -1
2022-03-25, 15:55:34, Eingang, 458542, 34, Holger, NA, -1
2022-03-25, 15:55:34, Eingang, 458552, 34, Holger, NA, -1
2022-03-25, 15:55:34, Eingang, 458562, 34, Holger, NA, -1
2022-03-25, 15:55:35, Eingang, 458572, 34, Holger, NA, -1
2022-03-25, 15:55:36, Eingang, 458582, 34, Stefan_Streuber, NA, -1
2022-03-25, 15:55:36, Eingang, 458592, 34, Holger, NA, -1
2022-03-25, 15:55:37, Eingang, 458602, 34, No face visible, NA, -1
2022-03-25, 15:55:37, Eingang, 458603, 34, No face visible, NA, -1
2022-03-25, 15:55:37, Eingang, 458613, 34, No face visible, NA, -1
2022-03-25, 15:55:38, Eingang, 458623, 34, No face visible, NA, -1
2022-03-25, 15:55:38, Eingang, 458633, 34, No face visible, NA, -1
2022-03-25, 15:55:39, Eingang, 458643, 34, No face visible, NA, -1
2022-03-25, 15:55:39, Eingang, 458653, 34, No face visible, NA, -1
2022-03-25, 15:55:40, Eingang, 458663, 34, No face visible, NA, -1
2022-03-25, 15:55:40, Eingang, 458664, 34, No face visible, NA, -1
2022-03-25, 15:55:41, Eingang, 458674, 34, No face visible, NA, -1
2022-03-25, 15:55:41, Eingang, 458684, 34, No face visible, NA, -1
2022-03-25, 15:55:42, Eingang, 458694, 34, No face visible, NA, -1
2022-03-25, 15:55:42, Eingang, 458704, 34, No face visible, NA, -1
2022-03-25, 15:55:43, Eingang, 458714, 34, No face visible, NA, -1
2022-03-25, 15:55:43, Eingang, 458724, 34, No face visible, NA, -1
2022-03-25, 15:55:43, Eingang, 458725, 34, No face visible, NA, -1
2022-03-25, 15:55:44, Eingang, 458735, 34, No face visible, NA, -1
2022-03-25, 15:55:45, Eingang, 458745, 34, No face visible, NA, -1
2022-03-25, 15:55:45, Eingang, 458755, 34, No face visible, NA, -1
2022-03-25, 15:55:45, Eingang, 458765, 34, No face visible, NA, -1
2022-03-25, 15:55:46, Eingang, 458775, 34, Elvira_Bruno, NA, -1
2022-03-25, 15:55:47, Eingang, 458785, 34, No face visible, NA, -1
2022-03-25, 15:55:47, Eingang, 458786, 34, No face visible, NA, -1
2022-03-25, 15:55:47, Eingang, 458796, 34, No face visible, NA, -1
2022-03-25, 15:55:48, Eingang, 458806, 34, No face visible, NA, -1
2022-03-25, 15:55:48, Eingang, 458816, 34, No face visible, NA, -1
2022-03-25, 15:55:49, Eingang, 458826, 34, No face visible, NA, -1
2022-03-25, 15:55:49, Eingang, 458836, 34, No face visible, NA, -1
2022-03-25, 15:55:49, Eingang, 458846, 34, No face visible, NA, -1
2022-03-25, 15:55:50, Eingang, 458847, 34, No face visible, NA, -1
2022-03-25, 15:55:50, Eingang, 458857, 34, No face visible, NA, -1
2022-03-25, 15:55:51, Eingang, 458867, 34, No face visible, NA, -1
2022-03-25, 15:55:51, Eingang, 458877, 34, No face visible, NA, -1
2022-03-25, 15:55:52, Eingang, 458887, 34, No face visible, NA, -1
2022-03-25, 15:55:52, Eingang, 458897, 34, No face visible, NA, -1
2022-03-25, 15:55:54, Out, person, 34, 1210,  721
