2022-03-23, 11:52:16, Found, person, 560, 2309,  412
2022-03-23, 11:52:16, Eingang, 1601695, 560, No face visible, NA, -1
2022-03-23, 11:52:17, Eingang, 1601705, 560, No face visible, NA, -1
2022-03-23, 11:52:18, Eingang, 1601715, 560, No face visible, NA, -1
2022-03-23, 11:52:19, Eingang, 1601725, 560, No face visible, NA, -1
2022-03-23, 11:52:20, Eingang, 1601735, 560, No face visible, NA, -1
2022-03-23, 11:52:21, Eingang, 1601745, 560, No face visible, NA, -1
2022-03-23, 11:52:22, Eingang, 1601755, 560, No face visible, NA, -1
2022-03-23, 11:52:22, Eingang, 1601756, 560, No face visible, NA, -1
2022-03-23, 11:52:23, Eingang, 1601766, 560, No face visible, NA, -1
2022-03-23, 11:52:24, Eingang, 1601776, 560, No face visible, NA, -1
2022-03-23, 11:52:25, Eingang, 1601786, 560, No face visible, NA, -1
2022-03-23, 11:52:26, Eingang, 1601796, 560, No face visible, NA, -1
2022-03-23, 11:52:29, Eingang, 1601824, 560, No face visible, NA, -1
2022-03-23, 11:52:30, Eingang, 1601834, 560, No face visible, NA, -1
2022-03-23, 11:52:30, Eingang, 1601835, 560, No face visible, NA, -1
2022-03-23, 11:52:31, Eingang, 1601845, 560, No face visible, NA, -1
2022-03-23, 11:52:32, Eingang, 1601855, 560, No face visible, NA, -1
2022-03-23, 11:52:33, Eingang, 1601865, 560, No face visible, NA, -1
2022-03-23, 11:52:35, Eingang, 1601881, 560, No face visible, NA, -1
2022-03-23, 11:52:36, Eingang, 1601891, 560, Maureen_Leber, 2.162720709390775, [-0.03198843076825142, -0.08918099850416183, -0.0349457673728466, -0.12148789316415787, 0.09599991142749786, 0.022403394803404808, 0.02605232410132885, -0.049403607845306396, 0.011120490729808807, 0.0671003982424736, 0.06293299049139023, -0.08226477354764938, 0.019168252125382423, -0.12350322306156158, -0.017367377877235413, 0.11104196310043335, 0.060593318194150925, -0.10277803987264633, 0.07200244069099426, -0.15114383399486542, 0.04755159467458725, 0.04130524769425392, -0.07943843305110931, -0.005088026635348797, 0.030774366110563278, -0.04716678708791733, 0.1268852800130844, 0.09297668933868408, -0.06318753212690353, -0.033168334513902664, -0.06479357182979584, 0.08130863308906555, 0.031127557158470154, -0.04299836978316307, 0.14303991198539734, -0.11361337453126907, 0.07614966481924057, -0.00032651214860379696, 0.14931820333003998, -0.011956517584621906, 0.08130481094121933, 0.0002104195300489664, -0.044412314891815186, -0.06338241696357727, -0.11747553199529648, -0.13420875370502472, 0.01105605810880661, -0.018221335485577583, 0.10738004744052887, 0.07688292115926743, -0.13395312428474426, 0.09303325414657593, 0.04402526095509529, -0.0938219204545021, 0.016032923012971878, 0.062474653124809265, 0.13879677653312683, 0.0366777740418911, -0.045956097543239594, -0.23745328187942505, -0.09391725808382034, -0.09087464958429337, -0.03229239583015442, 0.2220088541507721, -0.00794313196092844, 0.1279628872871399, 0.09330448508262634, 0.00606036651879549, 0.04546644538640976, -0.12806689739227295, -0.04111389443278313, -0.14570020139217377, 0.0697895735502243, -0.1314038634300232, -0.017599640414118767, -0.04789566248655319, -0.0004354431584943086, 0.11409259587526321, -0.06334783881902695, -0.09545062482357025, -0.1539345234632492, -0.06667999923229218, 0.044152650982141495, 0.03910291939973831, 0.08512438088655472, 0.032317306846380234, 0.10645788908004761, -0.04447135701775551, -0.15757130086421967, 0.21383677423000336, 0.09007326513528824, 0.026955662295222282, -0.011157425120472908, -0.015121896751224995, 0.18450132012367249, 0.035938676446676254, -0.006989901419728994, -0.11468798667192459, -0.19876885414123535, 0.01211756281554699, -0.09143175184726715, 0.17542965710163116, 0.04279410094022751, -0.08507761359214783, 0.012573717162013054, 0.04635779932141304, -0.009058000519871712, 0.01641439087688923, -0.04362015426158905, -0.08745166659355164, 0.030561968684196472, 0.03996797278523445, 0.10123693197965622, 0.13407257199287415, -0.029948577284812927, 0.03745030239224434, 0.04767455905675888, 0.11732590943574905, 0.06542553752660751, 0.015451258979737759, -0.07947179675102234, -0.0033118990249931812, 0.09719966351985931, 0.0533173568546772, 0.10598225891590118, -0.1298220008611679, 0.08104224503040314, 0.03947431221604347]
2022-03-23, 11:52:37, Eingang, 1601901, 560, No face visible, NA, -1
2022-03-23, 11:52:37, Eingang, 1601902, 560, No face visible, NA, -1
2022-03-23, 11:52:38, Eingang, 1601912, 560, No face visible, NA, -1
2022-03-23, 11:52:39, Eingang, 1601922, 560, Elvira_Bruno, NA, -1
2022-03-23, 11:52:40, Eingang, 1601935, 560, No face visible, NA, -1
2022-03-23, 11:52:41, Eingang, 1601945, 560, No face visible, NA, -1
2022-03-23, 11:52:49, Eingang, 1602027, 560, No face visible, NA, -1
2022-03-23, 11:52:53, Out, person, 560, 2349,   95
