2022-03-23, 16:31:18, Found, person, 843, 1820,  790
2022-03-23, 16:31:18, Eingang, 1769380, 843, No face visible, NA, -1
2022-03-23, 16:31:19, Eingang, 1769390, 843, Silvia, 0.12818757722124657, [-0.013280744664371014, -0.08047103881835938, -0.053163982927799225, -0.09863095730543137, 0.052921053022146225, 0.036625150591135025, 0.04252157360315323, -0.07971174269914627, 0.02048555761575699, 0.05176335200667381, 0.058600690215826035, -0.07377254217863083, -0.019028987735509872, -0.14278864860534668, 0.03194515034556389, 0.08142747730016708, 0.062155988067388535, -0.0633481964468956, 0.0889367163181305, -0.11781053990125656, -0.0361170768737793, 0.010925554670393467, -0.11830149590969086, 0.014754993841052055, 0.03907367214560509, -0.01226650457829237, 0.13417431712150574, 0.06953738629817963, -0.0688655823469162, -0.0161114688962698, -0.02525811642408371, 0.08395437896251678, 0.021579423919320107, -0.04900577291846275, 0.14408892393112183, -0.13723357021808624, 0.07956864684820175, 0.03451709449291229, 0.18131306767463684, -0.03322639316320419, 0.06598042696714401, -0.007741120643913746, -0.06874449551105499, -0.07255224138498306, -0.1252000778913498, -0.15018944442272186, -0.0012074942933395505, -0.015548847615718842, 0.08865705877542496, 0.05087440088391304, -0.06440325826406479, 0.07568422704935074, 0.08606016635894775, -0.0879722312092781, 0.06354957818984985, 0.08809468895196915, 0.1043858453631401, 0.04919799789786339, -0.007027450483292341, -0.21048924326896667, -0.039755549281835556, -0.0589866004884243, -0.0244553592056036, 0.23988774418830872, 0.04881563037633896, 0.15091629326343536, 0.0821055918931961, -4.265516690793447e-05, 0.04622865468263626, -0.08570275455713272, -0.020806895568966866, -0.2063220590353012, 0.10479013621807098, -0.12843076884746552, -0.055768366903066635, -0.0217581819742918, -0.04078156128525734, 0.10894033312797546, -0.05404676869511604, -0.1083027720451355, -0.10934709757566452, -0.08564969152212143, -0.009581467136740685, 0.09472590684890747, 0.07785336673259735, -0.0447566881775856, 0.1341903954744339, -0.07824046164751053, -0.19614005088806152, 0.15633706748485565, 0.07330022752285004, -0.009530192241072655, -0.0777176097035408, -0.053484298288822174, 0.12830094993114471, 0.023398274555802345, 0.01768817938864231, -0.11555290967226028, -0.18477454781532288, 0.011829633265733719, -0.1465187519788742, 0.18603649735450745, 0.03772565349936485, -0.05012056976556778, 0.036929670721292496, 0.0632302537560463, -0.004886092618107796, -0.028951482847332954, -0.03704632818698883, -0.11550607532262802, 0.0233029592782259, 0.047398004680871964, 0.09933874756097794, 0.08137449622154236, -0.05746232345700264, 0.058987364172935486, -0.020309628918766975, 0.13317349553108215, 0.0768112987279892, 0.07391631603240967, -0.07139470428228378, -0.03242458775639534, 0.120383121073246, 0.08024327456951141, 0.10022018849849701, -0.10269435495138168, 0.09848153591156006, 0.01794871687889099]
2022-03-23, 16:31:20, Eingang, 1769400, 843, No face visible, NA, -1
2022-03-23, 16:31:22, Eingang, 1769422, 843, No face visible, NA, -1
2022-03-23, 16:31:24, Eingang, 1769447, 843, No face visible, NA, -1
2022-03-23, 16:31:26, Eingang, 1769457, 843, No face visible, NA, -1
2022-03-23, 16:31:26, Eingang, 1769467, 843, No face visible, NA, -1
2022-03-23, 16:31:26, Eingang, 1769468, 843, No face visible, NA, -1
2022-03-23, 16:31:28, Eingang, 1769478, 843, No face visible, NA, -1
2022-03-23, 16:31:30, Eingang, 1769506, 843, No face visible, NA, -1
2022-03-23, 16:31:32, Eingang, 1769516, 843, No face visible, NA, -1
2022-03-23, 16:31:36, Eingang, 1769565, 843, No face visible, NA, -1
2022-03-23, 16:31:38, Eingang, 1769581, 843, No face visible, NA, -1
2022-03-23, 16:31:42, Eingang, 1769621, 843, No face visible, NA, -1
2022-03-23, 16:31:42, Eingang, 1769622, 843, No face visible, NA, -1
2022-03-23, 16:31:43, Eingang, 1769632, 843, unknown, NA, [-0.014958183281123638, -0.10278068482875824, -0.0333084836602211, -0.11583422124385834, 0.10122798383235931, 0.0318218432366848, 0.0013979616342112422, -0.06075780838727951, -0.0021777767688035965, 0.06952472031116486, 0.06823758035898209, -0.09255313128232956, 0.016121452674269676, -0.11638672649860382, -0.0007065811660140753, 0.11969321966171265, 0.0905408263206482, -0.09143812954425812, 0.0888887569308281, -0.14746172726154327, 0.02860618568956852, 0.03321649134159088, -0.06254938989877701, -0.0073050991632044315, 0.034750547260046005, -0.05677442625164986, 0.13703404366970062, 0.08932977169752121, -0.06013137847185135, 0.00830316822975874, -0.04698823019862175, 0.07913998514413834, 0.030344756320118904, -0.019953319802880287, 0.14684222638607025, -0.11394740641117096, 0.06892544776201248, 0.027904413640499115, 0.14987969398498535, 0.020892713218927383, 0.07734696567058563, -0.00853019766509533, -0.027394257485866547, -0.05989464744925499, -0.11544937640428543, -0.14013974368572235, 0.006874621380120516, -0.02038486860692501, 0.11754260212182999, 0.06401147693395615, -0.1362948715686798, 0.0820014625787735, 0.05563598498702049, -0.07485776394605637, 0.02043861150741577, 0.05174458026885986, 0.13986407220363617, 0.033199187368154526, -0.05907187610864639, -0.24111603200435638, -0.09065175801515579, -0.09403359144926071, -0.008370485156774521, 0.23400439321994781, -0.02195793017745018, 0.12692967057228088, 0.09629428386688232, 0.005600286647677422, 0.039170585572719574, -0.10658752918243408, -0.028348132967948914, -0.1434294730424881, 0.06531676650047302, -0.11479615420103073, -0.021341677755117416, -0.030184006318449974, 0.006036583334207535, 0.11533381789922714, -0.07564583420753479, -0.09282802790403366, -0.15626470744609833, -0.06143113970756531, 0.037132151424884796, 0.07332497090101242, 0.10497552901506424, 0.019759204238653183, 0.10986507683992386, -0.08156290650367737, -0.19038943946361542, 0.1929621547460556, 0.09422730654478073, 0.020841600373387337, -0.014342966489493847, -0.013288389891386032, 0.17704668641090393, 0.02974632754921913, -0.011632919311523438, -0.09382085502147675, -0.22069446742534637, -0.0071082464419305325, -0.10536469519138336, 0.16318675875663757, 0.045662980526685715, -0.06655373424291611, 0.01722896844148636, 0.06333004683256149, -0.043154727667570114, 0.004489955957978964, -0.06892544031143188, -0.10284052789211273, 0.03718334063887596, 0.04886589199304581, 0.08827027678489685, 0.1267455518245697, -0.03368104249238968, 0.02589927427470684, 0.029532480984926224, 0.09469250589609146, 0.05267033725976944, 0.015530133619904518, -0.06192268431186676, -0.009392623789608479, 0.10132017731666565, 0.03195086494088173, 0.09616099298000336, -0.1312130242586136, 0.06450273841619492, 0.04552130028605461]
2022-03-23, 16:31:44, Eingang, 1769642, 843, No face visible, NA, -1
2022-03-23, 16:31:45, Eingang, 1769652, 843, No face visible, NA, -1
2022-03-23, 16:31:46, Eingang, 1769662, 843, No face visible, NA, -1
2022-03-23, 16:31:47, Eingang, 1769672, 843, No face visible, NA, -1
2022-03-23, 16:31:48, Eingang, 1769682, 843, No face visible, NA, -1
2022-03-23, 16:31:48, Eingang, 1769683, 843, No face visible, NA, -1
2022-03-23, 16:31:49, Eingang, 1769693, 843, No face visible, NA, -1
2022-03-23, 16:31:50, Eingang, 1769703, 843, No face visible, NA, -1
2022-03-23, 16:31:57, Eingang, 1769773, 843, No face visible, NA, -1
2022-03-23, 16:31:58, Eingang, 1769783, 843, No face visible, NA, -1
2022-03-23, 16:32:07, Lost, person, 843, 2496, 1027
