2022-03-23, 12:07:19, Found, person, 568, 2082,  504
2022-03-23, 12:07:19, Eingang, 1610740, 568, No face visible, NA, -1
2022-03-23, 12:07:20, Eingang, 1610750, 568, No face visible, NA, -1
2022-03-23, 12:07:21, Eingang, 1610760, 568, No face visible, NA, -1
2022-03-23, 12:07:22, Eingang, 1610770, 568, No face visible, NA, -1
2022-03-23, 12:07:23, Eingang, 1610780, 568, No face visible, NA, -1
2022-03-23, 12:07:24, Eingang, 1610790, 568, No face visible, NA, -1
2022-03-23, 12:07:25, Eingang, 1610800, 568, No face visible, NA, -1
2022-03-23, 12:07:25, Eingang, 1610801, 568, No face visible, NA, -1
2022-03-23, 12:07:26, Eingang, 1610811, 568, No face visible, NA, -1
2022-03-23, 12:07:27, Eingang, 1610821, 568, No face visible, NA, -1
2022-03-23, 12:07:28, Eingang, 1610831, 568, No face visible, NA, -1
2022-03-23, 12:07:35, Eingang, 1610898, 568, No face visible, NA, -1
2022-03-23, 12:07:37, Eingang, 1610920, 568, No face visible, NA, -1
2022-03-23, 12:07:40, Eingang, 1610954, 568, No face visible, NA, -1
2022-03-23, 12:07:40, Eingang, 1610955, 568, No face visible, NA, -1
2022-03-23, 12:07:42, Eingang, 1610965, 568, No face visible, NA, -1
2022-03-23, 12:07:42, Eingang, 1610975, 568, No face visible, NA, -1
2022-03-23, 12:07:43, Eingang, 1610985, 568, No face visible, NA, -1
2022-03-23, 12:07:44, Eingang, 1610995, 568, No face visible, NA, -1
2022-03-23, 12:07:46, Eingang, 1611005, 568, No face visible, NA, -1
2022-03-23, 12:07:46, Eingang, 1611015, 568, No face visible, NA, -1
2022-03-23, 12:07:47, Eingang, 1611016, 568, No face visible, NA, -1
2022-03-23, 12:07:48, Eingang, 1611035, 568, No face visible, NA, -1
2022-03-23, 12:07:50, Eingang, 1611045, 568, No face visible, NA, -1
2022-03-23, 12:07:51, Eingang, 1611055, 568, No face visible, NA, -1
2022-03-23, 12:07:52, Eingang, 1611065, 568, No face visible, NA, -1
2022-03-23, 12:07:53, Eingang, 1611081, 568, No face visible, NA, -1
2022-03-23, 12:07:54, Eingang, 1611091, 568, No face visible, NA, -1
2022-03-23, 12:07:54, Eingang, 1611092, 568, No face visible, NA, -1
2022-03-23, 12:07:55, Eingang, 1611102, 568, No face visible, NA, -1
2022-03-23, 12:07:56, Eingang, 1611112, 568, No face visible, NA, -1
2022-03-23, 12:07:57, Eingang, 1611122, 568, unknown, NA, [-0.04071476310491562, -0.11313348263502121, -0.016795411705970764, -0.12403380125761032, 0.07879878580570221, 0.0430762879550457, -0.005690937861800194, -0.05264539644122124, 0.010660259984433651, 0.05641172453761101, 0.07340503484010696, -0.08626698702573776, 0.05261935666203499, -0.10234793275594711, -0.025891637429594994, 0.12732349336147308, 0.06486156582832336, -0.07731138914823532, 0.0802496001124382, -0.1494213044643402, 0.04171161726117134, 0.051850274205207825, -0.030154474079608917, 0.007583718281239271, 0.058898989111185074, -0.05238041654229164, 0.12603306770324707, 0.0957791656255722, -0.049994636327028275, -0.02565303072333336, -0.06728880107402802, 0.08632077276706696, 0.04233373701572418, -0.0005352965672500432, 0.141327902674675, -0.11980059742927551, 0.0881132259964943, 0.023802289739251137, 0.12579317390918732, -0.005746833980083466, 0.08799239993095398, 0.002613670891150832, -0.020942624658346176, -0.06010247766971588, -0.1079692542552948, -0.14770658314228058, 0.018879897892475128, -0.03970019519329071, 0.1454942673444748, 0.08922683447599411, -0.1370929777622223, 0.07773534953594208, 0.05234541743993759, -0.10009495913982391, 0.020727291703224182, 0.06368644535541534, 0.12655769288539886, 0.02128228358924389, -0.06525331735610962, -0.22082357108592987, -0.07726171612739563, -0.07617471367120743, -0.028859075158834457, 0.21081598103046417, -0.04218260943889618, 0.13042707741260529, 0.09045777469873428, 0.026217393577098846, 0.04586593061685562, -0.11782167106866837, -0.03785492479801178, -0.11973617225885391, 0.05346484109759331, -0.13577967882156372, -0.006469086743891239, -0.06145920976996422, -0.014195512980222702, 0.09114919602870941, -0.06551968306303024, -0.09663199633359909, -0.16032040119171143, -0.06967350840568542, 0.051836635917425156, 0.07640919089317322, 0.10580117255449295, 0.061429984867572784, 0.12123503535985947, -0.05003666877746582, -0.16033096611499786, 0.18661166727542877, 0.0901634618639946, 0.025137441232800484, -0.0042760660871863365, -0.007424481678754091, 0.21847252547740936, 0.050327885895967484, -0.0214430782943964, -0.09426173567771912, -0.21367686986923218, -0.01293692085891962, -0.054047707468271255, 0.16210894286632538, 0.037994153797626495, -0.09216588735580444, 0.0002112414367729798, 0.0627250000834465, -0.044798269867897034, -0.00039387462311424315, -0.08307789266109467, -0.10971695929765701, 0.038816437125205994, 0.04916426166892052, 0.09065042436122894, 0.1280282735824585, -0.03374267369508743, 0.025149134919047356, 0.04245534911751747, 0.08015512675046921, 0.03751067817211151, 0.012163910083472729, -0.06479359418153763, -0.011337862350046635, 0.11127965897321701, 0.03915604576468468, 0.10551565140485764, -0.1362142115831375, 0.0877949446439743, 0.06537964195013046]
2022-03-23, 12:07:58, Eingang, 1611132, 568, No face visible, NA, -1
2022-03-23, 12:07:59, Eingang, 1611142, 568, No face visible, NA, -1
2022-03-23, 12:08:00, Eingang, 1611152, 568, No face visible, NA, -1
2022-03-23, 12:08:00, Eingang, 1611153, 568, No face visible, NA, -1
2022-03-23, 12:08:01, Eingang, 1611163, 568, No face visible, NA, -1
2022-03-23, 12:08:02, Eingang, 1611173, 568, No face visible, NA, -1
2022-03-23, 12:08:03, Eingang, 1611183, 568, No face visible, NA, -1
2022-03-23, 12:08:04, Eingang, 1611193, 568, unknown, NA, [-0.04011450707912445, -0.10980027168989182, -0.037963490933179855, -0.12230661511421204, 0.10069297254085541, 0.029306843876838684, -0.007972457446157932, -0.05620391294360161, 0.001782017876394093, 0.053187862038612366, 0.06011141464114189, -0.0851389467716217, 0.025086935609579086, -0.09693890810012817, -0.02393832616508007, 0.11521512269973755, 0.0917077288031578, -0.0877901017665863, 0.07522304356098175, -0.15075257420539856, 0.0563897006213665, 0.036470040678977966, -0.05296513810753822, -0.015680233016610146, 0.05417581647634506, -0.03862299025058746, 0.12751033902168274, 0.10392042249441147, -0.037819236516952515, 0.0015148113016039133, -0.051958248019218445, 0.09694499522447586, 0.021447649225592613, 0.007156021427363157, 0.1415192186832428, -0.12404977530241013, 0.04877728223800659, 0.02689736895263195, 0.13373497128486633, 0.014718364924192429, 0.06779681146144867, 0.0023907595314085484, -0.035682059824466705, -0.04517710581421852, -0.10774410516023636, -0.14334458112716675, 0.001891770982183516, -0.04109801724553108, 0.1405182182788849, 0.07066736370325089, -0.13942788541316986, 0.08185074478387833, 0.04871037229895592, -0.11032547056674957, 0.031304385513067245, 0.04359772056341171, 0.15002167224884033, 0.013670253567397594, -0.08678491413593292, -0.24896177649497986, -0.11256997287273407, -0.08730729669332504, -0.019345758482813835, 0.207119420170784, -0.06730309128761292, 0.13696779310703278, 0.08374485373497009, 0.009887393563985825, 0.06669823080301285, -0.13097678124904633, -0.01956057921051979, -0.12200524657964706, 0.0489850714802742, -0.118114173412323, -0.013651940040290356, -0.031984683126211166, 0.003318504896014929, 0.08975069224834442, -0.0622323602437973, -0.08755990862846375, -0.16021846234798431, -0.04672390967607498, 0.04821261018514633, 0.06670879572629929, 0.1154569610953331, 0.06871043145656586, 0.10357517749071121, -0.05305350199341774, -0.17444899678230286, 0.22805458307266235, 0.10052502900362015, 0.02584478072822094, -0.008558918721973896, 0.017925182357430458, 0.1989748328924179, 0.04731082171201706, -0.009994300082325935, -0.07178905606269836, -0.21378596127033234, -0.0192360058426857, -0.06781274080276489, 0.15119920670986176, 0.045463938266038895, -0.08232229202985764, 0.007429762277752161, 0.04749610647559166, -0.04078454151749611, 0.01814410090446472, -0.09083569049835205, -0.10718891024589539, 0.04438130185008049, 0.050339870154857635, 0.07902752608060837, 0.12154625356197357, -0.010184238664805889, 0.03129070624709129, 0.047616198658943176, 0.08869718015193939, 0.05251695588231087, -0.0077680121175944805, -0.041165001690387726, 0.021976223215460777, 0.08687225729227066, 0.018168233335018158, 0.08116957545280457, -0.14218363165855408, 0.04758832976222038, 0.04044308140873909]
2022-03-23, 12:08:05, Eingang, 1611203, 568, No face visible, NA, -1
2022-03-23, 12:08:06, Eingang, 1611213, 568, No face visible, NA, -1
2022-03-23, 12:08:06, Eingang, 1611214, 568, No face visible, NA, -1
2022-03-23, 12:08:07, Eingang, 1611224, 568, No face visible, NA, -1
2022-03-23, 12:08:08, Eingang, 1611234, 568, No face visible, NA, -1
2022-03-23, 12:08:09, Eingang, 1611244, 568, No face visible, NA, -1
2022-03-23, 12:08:10, Eingang, 1611254, 568, unknown, NA, [-0.030956942588090897, -0.07033109664916992, -0.05474841967225075, -0.1452169269323349, 0.020789988338947296, -0.019663384184241295, -0.04048263654112816, -0.015662318095564842, 0.0077420310117304325, -0.006275590974837542, 0.02360919676721096, -0.022668395191431046, -0.015523717738687992, -0.11766373366117477, 0.03622974082827568, -0.009531938470900059, 0.042050257325172424, -0.09448318928480148, 0.11120754480361938, -0.19594958424568176, -0.1288747787475586, 0.00429878756403923, -0.07688012719154358, 0.11239157617092133, 0.0824810191988945, 0.011703835800290108, 0.18551494181156158, 0.08009910583496094, -0.09652233123779297, -0.09235920757055283, -0.10468468070030212, 0.031207069754600525, -0.012457717210054398, -0.003728378564119339, 0.1108761802315712, 0.0425272174179554, 0.0467604398727417, -0.014372685924172401, 0.20088602602481842, -0.061279140412807465, 0.03296458348631859, 0.025290366262197495, -0.06806912273168564, -0.02194889448583126, -0.051877204328775406, -0.11951512098312378, 0.02347550168633461, -0.06324627250432968, 0.02812512032687664, 0.01667468436062336, -0.13253173232078552, 0.12642315030097961, 0.10292822867631912, -0.07123491168022156, 0.024997258558869362, 0.17220114171504974, 0.0779137834906578, -0.036813415586948395, 0.029158050194382668, -0.1332656443119049, 0.005901150405406952, -0.05621880665421486, -0.019754722714424133, 0.12721365690231323, 0.09410753846168518, 0.1759108006954193, 0.026786142960190773, 0.017219578847289085, -0.08418096601963043, -0.027312638238072395, 0.002289263531565666, -0.054328400641679764, 0.049839820712804794, -0.1415715217590332, 0.012102603912353516, -0.04436058923602104, -0.10744372010231018, 0.09955044835805893, -0.03344835713505745, -0.10692720860242844, -0.07394347339868546, -0.03753931075334549, -0.049615103751420975, 0.13208608329296112, 0.14470341801643372, -0.042923059314489365, 0.10064952820539474, -0.0623694472014904, -0.13272865116596222, 0.09880372881889343, 0.09161902219057083, 0.023910921066999435, -0.09517792612314224, -0.062490690499544144, 0.08181817084550858, 0.08340902626514435, -0.05642985552549362, -0.12515753507614136, -0.12946970760822296, 0.04012150317430496, -0.06656048446893692, 0.11662737280130386, 0.09045996516942978, -0.11622011661529541, 0.032527144998311996, 0.07719840109348297, -0.08974633365869522, 0.010530276224017143, -0.04431380331516266, -0.1477276235818863, 0.05755317583680153, 0.007404857315123081, 0.10552091896533966, 0.10431760549545288, 0.004364335909485817, 0.10749203711748123, -0.04769821837544441, 0.16951990127563477, 0.142136350274086, 0.1451723277568817, -0.040680430829524994, -0.0782284364104271, 0.11419868469238281, 0.0750153511762619, 0.1270383894443512, -0.12591519951820374, 0.1914862096309662, -0.062403228133916855]
2022-03-23, 12:08:11, Eingang, 1611264, 568, Holger, 0.15078321059276564, [-0.1347643882036209, -0.03973046690225601, -0.03457192704081535, -0.0967719554901123, 0.12650525569915771, 0.0419793538749218, 0.020320646464824677, -0.06687987595796585, 0.07958890497684479, -0.0001489903370384127, 0.03539087623357773, 0.0166005976498127, -0.0746496394276619, -0.08144018054008484, -0.0301315076649189, 0.10571026057004929, -0.047798167914152145, -0.004853904712945223, 0.09045563638210297, -0.22935867309570312, 0.007738263811916113, -0.034089069813489914, -0.035510607063770294, -0.023623283952474594, 0.006700317841023207, -0.03539964556694031, 0.18132837116718292, 0.06741436570882797, -0.1037776842713356, 0.04035100340843201, -0.09807274490594864, 0.07305620610713959, 0.05587048456072807, 0.015612846240401268, 0.11328531801700592, -0.16211362183094025, 0.1254420280456543, 0.04709511250257492, 0.19601400196552277, -0.020605910569429398, 0.022273246198892593, -0.02823481336236, -0.011057610623538494, 0.02405964396893978, -0.11642323434352875, -0.06900203227996826, -0.01791933737695217, -0.06582804024219513, 0.06446152180433273, 0.08224257826805115, -0.050976336002349854, 0.15007978677749634, 0.1652027666568756, -0.06419747322797775, 0.1673143208026886, 0.08244617283344269, -0.015332790091633797, 0.04574574902653694, -0.016314851120114326, -0.1283140331506729, -0.017123756930232048, -0.01138395443558693, -0.10836149007081985, 0.052506059408187866, 0.012402276508510113, 0.20209075510501862, -0.03199603781104088, 0.08914648741483688, -0.06271577626466751, -0.12118402868509293, 0.011011159978806973, -0.09864573925733566, 0.06867725402116776, -0.09877269715070724, -0.09625351428985596, 0.0699564516544342, -0.01477460190653801, 0.13603311777114868, -0.006672502961009741, -0.1125345528125763, -0.1714567095041275, 0.006722614169120789, 0.03722180426120758, 0.13482891023159027, 0.004273607861250639, 0.04369306564331055, 0.13364791870117188, -0.002588060451671481, -0.08194434642791748, 0.08172807097434998, 0.007299395743757486, 0.05311866104602814, -0.033804185688495636, -0.033128272742033005, 0.1721702218055725, 0.06711670011281967, -0.07811451703310013, -0.1487971842288971, -0.2008456587791443, -0.0026809736154973507, -0.04217764362692833, 0.06245790794491768, -0.028347736224532127, -0.12148313969373703, -0.02742801606655121, -0.02274852804839611, -0.033166732639074326, -0.02777571603655815, -0.029942836612462997, -0.06365443021059036, 0.06852704286575317, -0.0454438291490078, 0.09083036333322525, 0.050983525812625885, -0.07849707454442978, 0.11650678515434265, -0.013287686742842197, 0.1608165204524994, 0.045492447912693024, 0.058265361934900284, -0.13722078502178192, -0.0010781224118545651, 0.16135552525520325, 0.07091745734214783, 0.09096549451351166, -0.01280862558633089, 0.19235111773014069, -0.012366424314677715]
2022-03-23, 12:08:21, Lost, person, 568, 2379,  353
