2022-03-23, 15:54:11, Found, person, 817, 2210,  925
2022-03-23, 15:54:11, Eingang, 1747084, 817, No face visible, NA, -1
2022-03-23, 15:54:13, Eingang, 1747094, 817, No face visible, NA, -1
2022-03-23, 15:54:14, Eingang, 1747113, 817, No face visible, NA, -1
2022-03-23, 15:54:16, Eingang, 1747129, 817, No face visible, NA, -1
2022-03-23, 15:54:17, Eingang, 1747139, 817, No face visible, NA, -1
2022-03-23, 15:54:18, Eingang, 1747149, 817, No face visible, NA, -1
2022-03-23, 15:54:19, Eingang, 1747159, 817, No face visible, NA, -1
2022-03-23, 15:54:19, Eingang, 1747160, 817, No face visible, NA, -1
2022-03-23, 15:54:20, Eingang, 1747170, 817, No face visible, NA, -1
2022-03-23, 15:54:21, Eingang, 1747180, 817, No face visible, NA, -1
2022-03-23, 15:54:22, Eingang, 1747190, 817, No face visible, NA, -1
2022-03-23, 15:54:23, Eingang, 1747200, 817, No face visible, NA, -1
2022-03-23, 15:54:24, Eingang, 1747210, 817, unknown, NA, [-0.026412297040224075, -0.10355990380048752, -0.04299536347389221, -0.10387982428073883, 0.03537876158952713, -0.06363154947757721, 0.02012678235769272, -0.06056830659508705, -0.00970048364251852, 0.033780649304389954, 0.06491386145353317, -0.03951788693666458, 0.007574176415801048, -0.12658365070819855, -0.04460098221898079, 0.10975665599107742, 0.08145484328269958, -0.10472771525382996, 0.12469498813152313, -0.16998937726020813, -0.045195985585451126, -0.023937921971082687, -0.06671944260597229, 0.021150806918740273, 0.06036824360489845, -0.0087765883654356, 0.1966676414012909, 0.1301681399345398, -0.0479942224919796, 0.002395753050222993, -0.12521079182624817, 0.07969345152378082, -0.009574458003044128, -0.06164694204926491, 0.10469400137662888, -0.029746277257800102, 0.0825355052947998, 0.05884312093257904, 0.15942507982254028, 0.003011062741279602, 0.08657529950141907, 0.003733784658834338, -0.05079680681228638, -0.04066922143101692, -0.0611363984644413, -0.12968537211418152, 0.005089841783046722, -0.02728879824280739, 0.05107228457927704, 0.05028823763132095, -0.13431833684444427, 0.12002691626548767, 0.05806934833526611, -0.028413353487849236, -0.035353995859622955, 0.16669714450836182, 0.08726909011602402, 0.047757890075445175, -0.008616838604211807, -0.1687411516904831, -0.09688767790794373, -0.05327235534787178, -0.0323207713663578, 0.13438726961612701, 0.012625113129615784, 0.19069832563400269, 0.07782040536403656, 0.04051855206489563, -0.0007980540976859629, -0.05561020225286484, -0.010556859895586967, -0.07978763431310654, 0.09728655219078064, -0.07433131337165833, -0.05826399475336075, -0.050259362906217575, -0.03794647380709648, 0.07591719925403595, -0.05051902309060097, -0.1652526557445526, -0.10677371919155121, -0.06502383947372437, 0.02457909658551216, 0.06425178796052933, 0.10176035016775131, -0.021212147548794746, 0.15117672085762024, -0.06672634929418564, -0.15208449959754944, 0.21501989662647247, 0.0801842138171196, 0.006633727811276913, 0.023629678413271904, -0.060831163078546524, 0.0741642639040947, 0.0587863065302372, 0.029699157923460007, -0.11839810758829117, -0.1808888018131256, 0.04589839279651642, -0.10170873999595642, 0.18331433832645416, 0.13401877880096436, -0.13746090233325958, 0.04122830927371979, 0.057542383670806885, -0.02512029930949211, 0.0455186665058136, -0.044628944247961044, -0.08868271857500076, 0.09153483062982559, 0.040404267609119415, 0.13654324412345886, 0.0855100080370903, -0.0004189979808870703, 0.05605994910001755, 0.007396065630018711, 0.19421279430389404, 0.09962738305330276, 0.012279336340725422, -0.029253020882606506, -0.00600162660703063, 0.10850914567708969, 0.09150692075490952, 0.12498437613248825, -0.08614032715559006, 0.11256852746009827, -0.00020798367040697485]
2022-03-23, 15:54:25, Eingang, 1747220, 817, No face visible, NA, -1
2022-03-23, 15:54:25, Eingang, 1747221, 817, No face visible, NA, -1
2022-03-23, 15:54:26, Eingang, 1747231, 817, No face visible, NA, -1
2022-03-23, 15:54:27, Eingang, 1747241, 817, No face visible, NA, -1
2022-03-23, 15:54:28, Eingang, 1747251, 817, No face visible, NA, -1
2022-03-23, 15:54:29, Eingang, 1747261, 817, No face visible, NA, -1
2022-03-23, 15:54:30, Eingang, 1747271, 817, Kyla_Bruno, 0.1405889002794656, [-0.019762977957725525, -0.09211237728595734, -0.033067211508750916, -0.12537890672683716, 0.06050693616271019, 0.027083933353424072, 0.007194953504949808, -0.07425237447023392, 0.0037010919768363237, 0.023400958627462387, 0.0788583979010582, -0.05268072336912155, -0.006795457098633051, -0.13608381152153015, 0.013721100054681301, 0.09343790262937546, 0.09026327729225159, -0.07788987457752228, 0.09290283918380737, -0.16543281078338623, -0.056017909198999405, 0.034040048718452454, -0.09737156331539154, 0.012900112196803093, 0.03669564798474312, -0.027766568586230278, 0.14270374178886414, 0.09511087089776993, -0.06316941976547241, -0.022718971595168114, -0.043030451983213425, 0.09971228241920471, 0.05110445246100426, -0.00382230244576931, 0.14422395825386047, -0.07930991053581238, 0.07021740823984146, 0.022090435028076172, 0.13915053009986877, -0.03582683950662613, 0.07324976474046707, 0.005569148808717728, -0.04936274141073227, -0.057434625923633575, -0.09017964452505112, -0.15923501551151276, 0.013691389001905918, -0.0284555833786726, 0.09633980691432953, 0.07322890311479568, -0.08876488357782364, 0.05875089019536972, 0.08921444416046143, -0.08694543689489365, 0.0478457547724247, 0.11465286463499069, 0.08246654272079468, 0.023359933868050575, -0.021037952974438667, -0.21515612304210663, -0.06450196355581284, -0.07602540403604507, -0.01710190810263157, 0.24027055501937866, 0.03737889975309372, 0.15761622786521912, 0.08340664207935333, 0.014001269824802876, 0.037113387137651443, -0.07429385930299759, -0.0050752004608511925, -0.1725500077009201, 0.05361635237932205, -0.12542381882667542, -0.026736663654446602, -0.03923647478222847, -0.0430019274353981, 0.09587331116199493, -0.059972263872623444, -0.10831589996814728, -0.11238585412502289, -0.06672480702400208, -0.014832772314548492, 0.09866654127836227, 0.116993248462677, -0.030385050922632217, 0.14169363677501678, -0.08037545531988144, -0.18535174429416656, 0.14410480856895447, 0.0514865443110466, 0.007226187270134687, -0.04939580336213112, -0.054066162556409836, 0.17125387489795685, 0.03318849951028824, -0.0206952802836895, -0.10961481928825378, -0.19498038291931152, 0.02771320752799511, -0.11849073320627213, 0.15319287776947021, 0.039717722684144974, -0.06468804180622101, 0.008713703602552414, 0.10452650487422943, -0.03809136524796486, -0.028218606486916542, -0.07817961275577545, -0.13432559370994568, 0.029132654890418053, 0.0719703808426857, 0.08008851110935211, 0.12393971532583237, -0.04043365269899368, 0.0627744123339653, -0.0006700520170852542, 0.0891471579670906, 0.059003327041864395, 0.0635390430688858, -0.061848562210798264, -0.04519515112042427, 0.15154415369033813, 0.06448302417993546, 0.1243213340640068, -0.10440300405025482, 0.11675181239843369, 0.04589064419269562]
2022-03-23, 15:54:31, Eingang, 1747281, 817, No face visible, NA, -1
2022-03-23, 15:54:31, Eingang, 1747282, 817, No face visible, NA, -1
2022-03-23, 15:54:32, Eingang, 1747292, 817, No face visible, NA, -1
2022-03-23, 15:54:33, Eingang, 1747302, 817, No face visible, NA, -1
2022-03-23, 15:54:35, Eingang, 1747321, 817, No face visible, NA, -1
2022-03-23, 15:54:36, Eingang, 1747331, 817, No face visible, NA, -1
2022-03-23, 15:54:37, Eingang, 1747341, 817, No face visible, NA, -1
2022-03-23, 15:54:38, Eingang, 1747351, 817, No face visible, NA, -1
2022-03-23, 15:54:38, Eingang, 1747352, 817, No face visible, NA, -1
2022-03-23, 15:54:39, Eingang, 1747362, 817, No face visible, NA, -1
2022-03-23, 15:54:41, Eingang, 1747375, 817, No face visible, NA, -1
2022-03-23, 15:54:42, Eingang, 1747385, 817, unknown, NA, [-0.04572754353284836, -0.1122891753911972, 0.047005973756313324, -0.10715901106595993, 0.07036647945642471, -0.043450430035591125, 0.02081110142171383, -0.07115427404642105, -0.013419441878795624, 0.029737861827015877, 0.08697649091482162, -0.07455266267061234, 0.009685895405709743, -0.11127085238695145, -0.03836257755756378, 0.12608498334884644, 0.06601516157388687, -0.037958499044179916, 0.1275133639574051, -0.19696439802646637, -0.02518470212817192, -0.003177991136908531, -0.10055013000965118, 0.0066030253656208515, 0.02940572053194046, 0.02385416254401207, 0.14817894995212555, 0.126698300242424, -0.017098866403102875, -0.030687829479575157, -0.0824352577328682, 0.1179695576429367, -0.0006898033898323774, -0.05420375242829323, 0.13768282532691956, -0.11392815411090851, 0.10224515199661255, 0.05786331743001938, 0.1453600525856018, 0.023473434150218964, 0.09019939601421356, -0.038016024976968765, -0.0234442800283432, -0.011072070337831974, -0.11436235904693604, -0.10759423673152924, -0.0002323878143215552, -0.019902443513274193, 0.13465999066829681, 0.053338516503572464, -0.1025046557188034, 0.11202768981456757, 0.07275500148534775, -0.02736085094511509, 0.04199959337711334, 0.14237777888774872, 0.099650077521801, 0.04253008961677551, -0.043051812797784805, -0.13848452270030975, -0.11291126161813736, -0.07674834877252579, -0.026480194181203842, 0.20423147082328796, -0.010997963137924671, 0.1786174774169922, 0.08941913396120071, 0.025119351223111153, 0.052053648978471756, -0.06315189599990845, -0.05253167822957039, -0.1106821596622467, 0.08314553648233414, -0.07790470123291016, -0.09742174297571182, -0.04554015398025513, -0.07099670171737671, 0.0838966891169548, -0.0770333856344223, -0.13427424430847168, -0.11515916883945465, -0.1252293735742569, 0.03586013242602348, 0.051486819982528687, 0.0900534838438034, -0.04219382256269455, 0.0956411361694336, -0.05610045790672302, -0.1441638171672821, 0.17348593473434448, 0.0704181045293808, 0.015112573280930519, -0.0038444316014647484, -0.09175530821084976, 0.1492939591407776, 0.042633071541786194, 0.016399065032601357, -0.11176899075508118, -0.13689768314361572, -0.04684609919786453, -0.09049022942781448, 0.18882012367248535, 0.0753098875284195, -0.10905744880437851, 0.04497338458895683, 0.10060036927461624, -0.022077500820159912, -0.0010173103073611856, -0.05797146260738373, -0.1451370120048523, 0.05785652622580528, 0.053240954875946045, 0.09787806868553162, 0.07340135425329208, -0.015307929366827011, 0.047915853559970856, 0.0678321123123169, 0.13554507493972778, 0.06614581495523453, 0.016634881496429443, -0.07760787755250931, -0.028661493211984634, 0.13948199152946472, 0.07583393156528473, 0.10606840252876282, -0.06447435170412064, 0.10685992985963821, 0.04045180603861809]
2022-03-23, 15:54:43, Eingang, 1747395, 817, No face visible, NA, -1
2022-03-23, 15:54:44, Eingang, 1747405, 817, No face visible, NA, -1
2022-03-23, 15:54:45, Eingang, 1747415, 817, No face visible, NA, -1
2022-03-23, 15:54:45, Eingang, 1747416, 817, No face visible, NA, -1
2022-03-23, 15:54:46, Eingang, 1747426, 817, No face visible, NA, -1
2022-03-23, 15:54:47, Eingang, 1747436, 817, No face visible, NA, -1
2022-03-23, 15:54:48, Eingang, 1747452, 817, No face visible, NA, -1
2022-03-23, 15:54:50, Eingang, 1747474, 817, No face visible, NA, -1
2022-03-23, 15:54:51, Eingang, 1747484, 817, No face visible, NA, -1
2022-03-23, 15:54:52, Eingang, 1747494, 817, No face visible, NA, -1
2022-03-23, 15:54:53, Eingang, 1747495, 817, No face visible, NA, -1
2022-03-23, 15:54:54, Eingang, 1747505, 817, No face visible, NA, -1
2022-03-23, 15:54:55, Eingang, 1747515, 817, No face visible, NA, -1
2022-03-23, 15:54:56, Eingang, 1747525, 817, No face visible, NA, -1
2022-03-23, 15:54:58, Eingang, 1747547, 817, No face visible, NA, -1
2022-03-23, 15:54:59, Eingang, 1747557, 817, No face visible, NA, -1
2022-03-23, 15:55:01, Eingang, 1747576, 817, No face visible, NA, -1
2022-03-23, 15:55:01, Eingang, 1747577, 817, No face visible, NA, -1
2022-03-23, 15:55:02, Eingang, 1747587, 817, No face visible, NA, -1
2022-03-23, 15:55:05, Eingang, 1747618, 817, No face visible, NA, -1
2022-03-23, 15:55:06, Eingang, 1747628, 817, No face visible, NA, -1
2022-03-23, 15:55:07, Eingang, 1747638, 817, No face visible, NA, -1
2022-03-23, 15:55:08, Eingang, 1747648, 817, No face visible, NA, -1
2022-03-23, 15:55:09, Eingang, 1747658, 817, No face visible, NA, -1
2022-03-23, 15:55:09, Eingang, 1747659, 817, No face visible, NA, -1
2022-03-23, 15:55:10, Eingang, 1747669, 817, No face visible, NA, -1
2022-03-23, 15:55:11, Eingang, 1747679, 817, unknown, NA, [-0.029983120039105415, -0.09577880054712296, -0.04196050390601158, -0.09785722196102142, 0.06572730839252472, -0.059012848883867264, 0.013131489045917988, -0.03833065554499626, -0.003856646129861474, 0.006814236752688885, 0.08705782890319824, -0.0684821754693985, -0.0011165757896378636, -0.10585716366767883, -0.02494972012937069, 0.061005789786577225, 0.0714942216873169, -0.11093759536743164, 0.08676236867904663, -0.1827889084815979, -0.06467601656913757, -0.013932102359831333, -0.10987283289432526, 0.014855633489787579, 0.05141748860478401, -0.022884303703904152, 0.18095818161964417, 0.12032695859670639, -0.0675552487373352, -0.03039555437862873, -0.11954441666603088, 0.08317188918590546, -0.01786023937165737, -0.060281358659267426, 0.10914341360330582, -0.012885471805930138, 0.12408018857240677, 0.027666740119457245, 0.15115727484226227, 0.004912100732326508, 0.08020058274269104, 0.03351658582687378, -0.038698650896549225, -0.023171188309788704, -0.12693263590335846, -0.11344963312149048, 0.003525703912600875, -0.03380373865365982, 0.08048473298549652, 0.056732501834630966, -0.11838941276073456, 0.09820228815078735, 0.09218151122331619, -0.03312157467007637, -0.02537495084106922, 0.16249606013298035, 0.07600831985473633, 0.03552749380469322, -0.01328021939843893, -0.15666496753692627, -0.11081225425004959, -0.0520256944000721, -0.02117621712386608, 0.1819109171628952, 0.030473260208964348, 0.1844114065170288, 0.055931225419044495, 0.027656670659780502, 0.0261641014367342, -0.07018201798200607, -0.0013310486683622003, -0.07938506454229355, 0.05680007487535477, -0.12238374352455139, -0.04587531462311745, -0.029244061559438705, -0.027138305827975273, 0.12166459858417511, -0.07980824261903763, -0.11936718225479126, -0.12236080318689346, -0.08318430185317993, 0.012685677036643028, 0.05809928476810455, 0.09380035102367401, -0.019013328477740288, 0.10779943317174911, -0.05805307626724243, -0.13527138531208038, 0.17526613175868988, 0.10820791125297546, 0.0005505591398105025, -0.025363609194755554, -0.055052947252988815, 0.08176426589488983, 0.09558538347482681, 0.004635011311620474, -0.16634900867938995, -0.14369316399097443, 0.04458490386605263, -0.10014036297798157, 0.1998755782842636, 0.1348426789045334, -0.14786434173583984, 0.03957727923989296, 0.0650930404663086, -0.021376758813858032, -0.008608020842075348, -0.03762972354888916, -0.12218059599399567, 0.09467252343893051, 0.016151467338204384, 0.09889941662549973, 0.11645978689193726, -0.0012722925748676062, 0.07034430652856827, 0.010970190167427063, 0.19113078713417053, 0.09058094769716263, 0.056411631405353546, -0.07562694698572159, -0.053330615162849426, 0.12871545553207397, 0.0539250411093235, 0.08811989426612854, -0.07301096618175507, 0.12834841012954712, 0.0031084928195923567]
2022-03-23, 15:55:12, Eingang, 1747689, 817, No face visible, NA, -1
2022-03-23, 15:55:14, Eingang, 1747705, 817, No face visible, NA, -1
2022-03-23, 15:55:15, Eingang, 1747715, 817, No face visible, NA, -1
2022-03-23, 15:55:16, Eingang, 1747725, 817, No face visible, NA, -1
2022-03-23, 15:55:16, Eingang, 1747726, 817, No face visible, NA, -1
2022-03-23, 15:55:17, Eingang, 1747736, 817, No face visible, NA, -1
2022-03-23, 15:55:18, Eingang, 1747746, 817, unknown, NA, [-0.023942019790410995, -0.09462795406579971, -0.03880925104022026, -0.11170507967472076, 0.061683494597673416, -0.03574459254741669, 0.02975907362997532, -0.045891210436820984, 0.010576071217656136, 0.024964259937405586, 0.09009362012147903, -0.08414191752672195, 0.001127696828916669, -0.10995662957429886, -0.019656436517834663, 0.10805011540651321, 0.06400027871131897, -0.08624962717294693, 0.10499947518110275, -0.16625797748565674, -0.02122497744858265, 0.006334208883345127, -0.07677727937698364, -0.016400672495365143, 0.08614048361778259, -0.04066063091158867, 0.1679474413394928, 0.10832546651363373, -0.055550217628479004, -0.01470165979117155, -0.1297503411769867, 0.07435862720012665, 0.013868841342628002, -0.0743739977478981, 0.13449010252952576, -0.052445437759160995, 0.14771141111850739, 0.04987814277410507, 0.14650383591651917, 0.007706827018409967, 0.09421638399362564, -0.000870725663844496, -0.043489016592502594, -0.037274014204740524, -0.12312638014554977, -0.10600385814905167, 0.004806896671652794, -0.05025753751397133, 0.09148754179477692, 0.07210218161344528, -0.14440545439720154, 0.1060883104801178, 0.08308281749486923, -0.05458781123161316, -0.01323403138667345, 0.11633184552192688, 0.09520769864320755, 0.0679059848189354, 0.009326444938778877, -0.15976010262966156, -0.08252047747373581, -0.04048078879714012, -0.06853044778108597, 0.1646289974451065, 0.029045118018984795, 0.1843777298927307, 0.08930764347314835, 0.033136703073978424, 0.037114907056093216, -0.1020011305809021, -0.0225028358399868, -0.11977013200521469, 0.05923057347536087, -0.1364593207836151, -0.03996633365750313, -0.020008888095617294, -0.008832676336169243, 0.10526686161756516, -0.06592904776334763, -0.11712437868118286, -0.131290465593338, -0.058947715908288956, 0.047958262264728546, 0.0315077118575573, 0.09836876392364502, -0.0015684033278375864, 0.10256492346525192, -0.03310775384306908, -0.14081205427646637, 0.20804762840270996, 0.09848428517580032, 0.013635818846523762, -0.0065626902505755424, -0.06846736371517181, 0.08503204584121704, 0.0806422159075737, -0.00943639688193798, -0.1444435715675354, -0.1810200810432434, 0.056770551949739456, -0.09809533506631851, 0.17665822803974152, 0.1094769835472107, -0.14717558026313782, 0.01776346005499363, 0.06200636550784111, 0.011110883206129074, 0.024999337270855904, -0.02898099273443222, -0.09407024830579758, 0.05838489159941673, 0.026846418157219887, 0.11169492453336716, 0.08248858898878098, -0.017485037446022034, 0.0246865376830101, 0.03030630759894848, 0.1797359436750412, 0.11495258659124374, 0.04146824777126312, -0.03989871218800545, -0.026833735406398773, 0.1022886410355568, 0.0643562600016594, 0.12404076755046844, -0.0903511494398117, 0.11575548350811005, 0.038385290652513504]
2022-03-23, 15:55:27, Lost, person, 817, 2314,  817
