2022-03-30, 16:34:11, Reidentified, person, 304, 1640, 1078
2022-03-30, 16:34:12, Eingang, 3258919, 304, No face visible, NA, -1
2022-03-30, 16:34:13, Eingang, 3258939, 304, No face visible, NA, -1
2022-03-30, 16:34:14, Eingang, 3258959, 304, No face visible, NA, -1
2022-03-30, 16:34:15, Eingang, 3258979, 304, No face visible, NA, -1
2022-03-30, 16:34:16, Eingang, 3258999, 304, No face visible, NA, -1
2022-03-30, 16:34:17, Eingang, 3259019, 304, No face visible, NA, -1
2022-03-30, 16:34:17, Eingang, 3259020, 304, No face visible, NA, -1
2022-03-30, 16:34:18, Eingang, 3259040, 304, No face visible, NA, -1
2022-03-30, 16:34:19, Eingang, 3259060, 304, unknown, NA, [-0.02842770144343376, -0.09386349469423294, -0.021143216639757156, -0.10883186757564545, 0.07946423441171646, 0.018288247287273407, 0.01750742644071579, -0.06856326758861542, 0.011313521303236485, 0.04738786444067955, 0.09317293763160706, -0.06605742126703262, -0.009010079316794872, -0.11434611678123474, 0.02561306022107601, 0.10437988489866257, 0.07102629542350769, -0.08466578274965286, 0.05919739231467247, -0.14222893118858337, -0.035819198936223984, 0.030271103605628014, -0.12179453670978546, -0.00438920920714736, 0.03023570589721203, -0.028756985440850258, 0.12772244215011597, 0.06953556090593338, -0.05969954654574394, -0.02150019258260727, -0.023013481870293617, 0.08835431188344955, 0.04871995002031326, -0.051628246903419495, 0.15915349125862122, -0.08559660613536835, 0.11140361428260803, -0.002141909673810005, 0.12779846787452698, -0.014991973526775837, 0.09942962974309921, 0.008120004087686539, -0.06813875585794449, -0.04903845489025116, -0.13012659549713135, -0.16221825778484344, 0.017141401767730713, -0.00023836934997234493, 0.10361593961715698, 0.08675666153430939, -0.08060068637132645, 0.04441137611865997, 0.07555877417325974, -0.0769011527299881, 0.05014866963028908, 0.05864366143941879, 0.12730619311332703, 0.06343048065900803, -0.019205039367079735, -0.2203979343175888, -0.06241915747523308, -0.09567113220691681, -0.020813701674342155, 0.25487393140792847, 0.033972907811403275, 0.14499378204345703, 0.08240295946598053, -0.006269347388297319, 0.07075263559818268, -0.10209917277097702, -0.038716938346624374, -0.18720772862434387, 0.07127520442008972, -0.09917265176773071, -0.06053538993000984, -0.04733579233288765, -0.007911674678325653, 0.10972468554973602, -0.04728575050830841, -0.08840525895357132, -0.155211940407753, -0.09852593392133713, 0.018969953060150146, 0.07974521815776825, 0.0826096385717392, -0.041601330041885376, 0.1378895342350006, -0.05194287747144699, -0.15659913420677185, 0.1829664260149002, 0.04320106655359268, 0.010998271405696869, -0.049576181918382645, -0.05576586723327637, 0.1545969843864441, 0.046474482864141464, 0.009459886699914932, -0.11382146179676056, -0.18754802644252777, 0.011636092327535152, -0.1336127072572708, 0.1796514093875885, 0.013126576319336891, -0.06350603699684143, 0.04945383220911026, 0.08201054483652115, 0.0013127686688676476, -0.016384275630116463, -0.015979517251253128, -0.11423689126968384, 0.02417141944169998, 0.050641097128391266, 0.11838021129369736, 0.10503382235765457, -0.04550803080201149, 0.0489429347217083, 0.040843259543180466, 0.08468320965766907, 0.07823115587234497, 0.03633447363972664, -0.09166652709245682, -0.05823536589741707, 0.1127258762717247, 0.05584176629781723, 0.11530875414609909, -0.09420736879110336, 0.08338810503482819, 0.03803379461169243]
2022-03-30, 16:34:20, Eingang, 3259080, 304, No face visible, NA, -1
2022-03-30, 16:34:21, Eingang, 3259100, 304, No face visible, NA, -1
2022-03-30, 16:34:22, Eingang, 3259120, 304, No face visible, NA, -1
2022-03-30, 16:34:23, Eingang, 3259140, 304, No face visible, NA, -1
2022-03-30, 16:34:23, Eingang, 3259141, 304, No face visible, NA, -1
2022-03-30, 16:34:24, Eingang, 3259161, 304, No face visible, NA, -1
2022-03-30, 16:34:25, Eingang, 3259181, 304, No face visible, NA, -1
2022-03-30, 16:34:27, Eingang, 3259201, 304, No face visible, NA, -1
2022-03-30, 16:34:28, Eingang, 3259221, 304, No face visible, NA, -1
2022-03-30, 16:34:29, Eingang, 3259241, 304, No face visible, NA, -1
2022-03-30, 16:34:30, Eingang, 3259261, 304, No face visible, NA, -1
2022-03-30, 16:34:30, Eingang, 3259262, 304, No face visible, NA, -1
2022-03-30, 16:34:31, Eingang, 3259282, 304, No face visible, NA, -1
2022-03-30, 16:34:36, Eingang, 3259377, 304, No face visible, NA, -1
2022-03-30, 16:34:41, Lost, person, 304, 1086,  842
