2022-03-23, 08:40:58, Found, person, 501, 2222,  859
2022-03-23, 08:40:58, Eingang, 1486732, 501, Silvia, NA, -1
2022-03-23, 08:40:59, Eingang, 1486742, 501, No face visible, NA, -1
2022-03-23, 08:41:00, Eingang, 1486752, 501, No face visible, NA, -1
2022-03-23, 08:41:01, Eingang, 1486762, 501, No face visible, NA, -1
2022-03-23, 08:41:02, Eingang, 1486772, 501, No face visible, NA, -1
2022-03-23, 08:41:03, Eingang, 1486782, 501, No face visible, NA, -1
2022-03-23, 08:41:04, Eingang, 1486792, 501, No face visible, NA, -1
2022-03-23, 08:41:04, Eingang, 1486793, 501, No face visible, NA, -1
2022-03-23, 08:41:05, Eingang, 1486803, 501, No face visible, NA, -1
2022-03-23, 08:41:06, Eingang, 1486813, 501, No face visible, NA, -1
2022-03-23, 08:41:07, Eingang, 1486823, 501, No face visible, NA, -1
2022-03-23, 08:41:08, Eingang, 1486833, 501, No face visible, NA, -1
2022-03-23, 08:41:10, Eingang, 1486852, 501, Elvira_Bruno, NA, -1
2022-03-23, 08:41:11, Eingang, 1486862, 501, Sandro_Bruno, 4.667085185693577, [-0.04769636318087578, -0.10021767020225525, -0.07373660802841187, -0.08178498595952988, 0.09027907252311707, -0.08128933608531952, 0.009160674177110195, -0.045044731348752975, 0.02747577428817749, 0.015955185517668724, 0.052683185786008835, -0.06036293879151344, -0.0018755310447886586, -0.13564430177211761, -0.0013135678600519896, 0.05594936013221741, 0.04381924122571945, -0.037728141993284225, 0.08162778615951538, -0.20934589207172394, -0.0834401324391365, 0.004700661636888981, -0.053843967616558075, -0.011509939096868038, 0.03973450884222984, -0.04646292328834534, 0.18406559526920319, 0.07415859401226044, -0.12283965200185776, -0.03450148180127144, -0.1663641333580017, 0.057376787066459656, -0.003963703755289316, -0.02231561578810215, 0.16201142966747284, -0.03219103068113327, 0.15700840950012207, -0.02759750559926033, 0.12509073317050934, -0.053329095244407654, 0.05103221908211708, 0.02655736356973648, -0.033228930085897446, 0.0018822060665115714, -0.05782229080796242, -0.13176587224006653, -0.005120148416608572, -0.031796909868717194, 0.09595946967601776, 0.07116387784481049, -0.13897262513637543, 0.06469839066267014, 0.05498512089252472, -0.031703926622867584, -0.0060813212767243385, 0.11304989457130432, 0.09987834841012955, 0.019032927230000496, -0.038858767598867416, -0.18236349523067474, -0.07886409014463425, -0.020092468708753586, -0.03482970595359802, 0.1683330535888672, 0.04550520330667496, 0.22780798375606537, 0.036495838314294815, 0.0543297678232193, 0.009927183389663696, -0.10504206269979477, 0.0061605144292116165, -0.09222223609685898, -0.0028329379856586456, -0.1312660127878189, 0.0021724833641201258, -0.05317407473921776, -0.061826691031455994, 0.08850941061973572, -0.04937819018959999, -0.1545107066631317, -0.10976385325193405, -0.04013878107070923, -0.026249298825860023, 0.07327311486005783, 0.108313649892807, -0.047735538333654404, 0.07036605477333069, -0.023902742192149162, -0.15723562240600586, 0.1578214317560196, 0.06330081075429916, 0.03982250392436981, -0.021787241101264954, -0.03157360851764679, 0.04585859924554825, 0.08831187337636948, -0.020383154973387718, -0.127956360578537, -0.17040331661701202, 0.0664779394865036, -0.07213305681943893, 0.13196256756782532, 0.089835524559021, -0.1695583015680313, 0.03434586524963379, 0.09036953747272491, -0.05902358517050743, -0.04412941262125969, -0.08580714464187622, -0.11176290363073349, 0.07640130072832108, 0.03228575736284256, 0.08879933506250381, 0.10001472383737564, -0.019614314660429955, 0.0899457260966301, -0.018477676436305046, 0.1334458589553833, 0.09378041326999664, 0.134712353348732, -0.09018153697252274, -0.07830968499183655, 0.12956291437149048, 0.060951344668865204, 0.11168984323740005, -0.08436592668294907, 0.15138652920722961, 0.003336092457175255]
2022-03-23, 08:41:11, Eingang, 1486863, 501, Caren_Bruno, 3.813947033805848, [-3.876914433931233e-06, -0.1049170047044754, -0.06748607754707336, -0.09119163453578949, 0.06390082836151123, -0.03910674899816513, 0.0292503759264946, -0.05272723734378815, -0.0025851877871900797, 0.023158187046647072, 0.06894486397504807, -0.08911541849374771, 0.005046569276601076, -0.16455619037151337, 0.021626068279147148, 0.055567774921655655, 0.11143975704908371, -0.10184407979249954, 0.06527717411518097, -0.14343379437923431, -0.08795122057199478, 0.01372378971427679, -0.11570044606924057, 0.001602814649231732, 0.025361908599734306, -0.01930294558405876, 0.17847958207130432, 0.0872441902756691, -0.08715298026800156, 0.002444463549181819, -0.07328947633504868, 0.059288911521434784, 0.015823671594262123, -0.053341060876846313, 0.13728366792201996, -0.05969922989606857, 0.14374709129333496, -0.007180182263255119, 0.13438867032527924, -0.009429268538951874, 0.052482157945632935, 0.021713819354772568, -0.05688357725739479, -0.02583412639796734, -0.09713208675384521, -0.12586438655853271, 0.018515324220061302, -0.021942196413874626, 0.08645789325237274, 0.04928577318787575, -0.10558111220598221, 0.03156445920467377, 0.06828485429286957, -0.060118865221738815, -0.005138079635798931, 0.10901395976543427, 0.10890345275402069, 0.029300658032298088, -0.018850229680538177, -0.21243791282176971, -0.0952100157737732, -0.049060843884944916, -0.015875335782766342, 0.22636954486370087, 0.03134875372052193, 0.2036556601524353, 0.05643731728196144, 0.01840871013700962, 0.05013129487633705, -0.10173014551401138, 0.013252086006104946, -0.14840435981750488, 0.0515904575586319, -0.14490994811058044, -0.007941191084682941, 0.005153910722583532, -0.04559601470828056, 0.1083901971578598, -0.050927020609378815, -0.11180221289396286, -0.14059074223041534, -0.06580549478530884, -0.039005979895591736, 0.06779618561267853, 0.1447381228208542, -0.06717713177204132, 0.08780186623334885, -0.06380172818899155, -0.17293758690357208, 0.19247786700725555, 0.0766633003950119, 0.0067583429627120495, -0.05189216509461403, -0.0288426261395216, 0.06377303600311279, 0.06223959103226662, 0.018733609467744827, -0.11373882740736008, -0.18528391420841217, 0.033092912286520004, -0.07451663911342621, 0.16815297305583954, 0.10511724650859833, -0.10939028859138489, 0.02014903724193573, 0.1116252914071083, -0.04320093244314194, -0.04458606615662575, -0.06640101969242096, -0.11865755170583725, 0.05631726235151291, 0.051940158009529114, 0.08422142267227173, 0.08651339262723923, -0.02588832937180996, 0.077497698366642, -0.04565746337175369, 0.11902385950088501, 0.09723871201276779, 0.08939662575721741, -0.03828059136867523, -0.07089909166097641, 0.09606111794710159, 0.050435032695531845, 0.08746505528688431, -0.10817782580852509, 0.10633158683776855, 0.006063468288630247]
2022-03-23, 08:41:12, Eingang, 1486873, 501, No face visible, NA, -1
2022-03-23, 08:41:13, Eingang, 1486883, 501, Elvira_Bruno, NA, -1
2022-03-23, 08:41:14, Eingang, 1486893, 501, No face visible, NA, -1
2022-03-23, 08:41:16, Eingang, 1486912, 501, No face visible, NA, -1
2022-03-23, 08:41:17, Eingang, 1486922, 501, No face visible, NA, -1
2022-03-23, 08:41:18, Eingang, 1486932, 501, No face visible, NA, -1
2022-03-23, 08:41:18, Eingang, 1486933, 501, No face visible, NA, -1
2022-03-23, 08:41:19, Eingang, 1486943, 501, Jessica, NA, -1
2022-03-23, 08:41:24, Out, person, 501, 2138,  196
