2022-03-31, 12:01:23, Found, person, 3, 1538,  903
2022-03-31, 12:01:24, Eingang, 19237, 3, No face visible, NA, -1
2022-03-31, 12:01:24, Eingang, 19257, 3, No face visible, NA, -1
2022-03-31, 12:01:26, Eingang, 19277, 3, No face visible, NA, -1
2022-03-31, 12:01:27, Eingang, 19297, 3, No face visible, NA, -1
2022-03-31, 12:01:28, Eingang, 19317, 3, No face visible, NA, -1
2022-03-31, 12:01:29, Eingang, 19337, 3, No face visible, NA, -1
2022-03-31, 12:01:30, Eingang, 19357, 3, No face visible, NA, -1
2022-03-31, 12:01:30, Eingang, 19358, 3, No face visible, NA, -1
2022-03-31, 12:01:31, Eingang, 19378, 3, No face visible, NA, -1
2022-03-31, 12:01:32, Eingang, 19398, 3, No face visible, NA, -1
2022-03-31, 12:01:33, Eingang, 19418, 3, No face visible, NA, -1
2022-03-31, 12:01:34, Eingang, 19438, 3, No face visible, NA, -1
2022-03-31, 12:01:35, Eingang, 19458, 3, No face visible, NA, -1
2022-03-31, 12:01:36, Eingang, 19478, 3, No face visible, NA, -1
2022-03-31, 12:01:36, Eingang, 19479, 3, No face visible, NA, -1
2022-03-31, 12:01:37, Eingang, 19499, 3, No face visible, NA, -1
2022-03-31, 12:01:39, Eingang, 19519, 3, No face visible, NA, -1
2022-03-31, 12:01:39, Eingang, 19539, 3, No face visible, NA, -1
2022-03-31, 12:01:41, Eingang, 19559, 3, No face visible, NA, -1
2022-03-31, 12:01:42, Eingang, 19579, 3, No face visible, NA, -1
2022-03-31, 12:01:43, Eingang, 19602, 3, No face visible, NA, -1
2022-03-31, 12:01:43, Eingang, 19603, 3, No face visible, NA, -1
2022-03-31, 12:01:44, Eingang, 19623, 3, No face visible, NA, -1
2022-03-31, 12:01:45, Eingang, 19643, 3, No face visible, NA, -1
2022-03-31, 12:01:47, Eingang, 19675, 3, No face visible, NA, -1
2022-03-31, 12:01:48, Eingang, 19695, 3, No face visible, NA, -1
2022-03-31, 12:01:49, Eingang, 19715, 3, unknown, NA, [-0.006108354777097702, -0.10429386049509048, -0.04171122610569, -0.093673937022686, 0.09982113540172577, 0.0015797313535586, 0.04651707410812378, -0.03934349864721298, 0.02414024993777275, 0.023944269865751266, 0.09495892375707626, -0.09443875402212143, -0.007929016835987568, -0.15375487506389618, -0.0013291510986164212, 0.12632514536380768, 0.1147272065281868, -0.09063474088907242, 0.06963569670915604, -0.12380550056695938, -0.021153122186660767, 0.03018048219382763, -0.09465121477842331, -0.0070337289944291115, 0.021403387188911438, -0.039519742131233215, 0.14239440858364105, 0.0826248973608017, -0.0663699358701706, 0.010650396347045898, -0.01757398433983326, 0.08205614238977432, 0.04824421554803848, -0.050977811217308044, 0.13862395286560059, -0.1235508993268013, 0.08809149265289307, 0.040217526257038116, 0.1275196224451065, 0.03478982672095299, 0.04319697245955467, -0.002234711544588208, -0.05973289534449577, -0.07056719809770584, -0.1060611754655838, -0.1399834305047989, 0.004413948860019445, 0.00776137737557292, 0.11587792634963989, 0.09537991881370544, -0.1024620532989502, 0.07217875123023987, 0.07441839575767517, -0.08031583577394485, 0.03926362097263336, 0.0892123207449913, 0.10774994641542435, 0.04808538779616356, -0.044594161212444305, -0.21106597781181335, -0.1043173223733902, -0.08478208631277084, -0.019540270790457726, 0.23772837221622467, 0.0077761439606547356, 0.14827518165111542, 0.08260446041822433, 0.04274904355406761, 0.05227776989340782, -0.10518413037061691, -0.026882218196988106, -0.17631793022155762, 0.061009373515844345, -0.12054183334112167, -0.05339303985238075, -0.020250704139471054, -0.032295241951942444, 0.09716556966304779, -0.10218248516321182, -0.10999531298875809, -0.16712532937526703, -0.08405052125453949, 0.011796078644692898, 0.056217800825834274, 0.12358199805021286, -0.033685848116874695, 0.11638446152210236, -0.0925152376294136, -0.19333918392658234, 0.1913592368364334, 0.06311526149511337, 0.0010044749360531569, -0.027127251029014587, -0.03575344383716583, 0.12840120494365692, 0.009165876545011997, -0.006117161829024553, -0.08238397538661957, -0.21123006939888, 0.01188622321933508, -0.08601567894220352, 0.1752527803182602, 0.06146833673119545, -0.07538718730211258, 0.01269194483757019, 0.08625608682632446, -0.028164884075522423, -0.018130535259842873, -0.0802047923207283, -0.11486807465553284, 0.04004872590303421, 0.07184834778308868, 0.10291586816310883, 0.08569960296154022, -0.041279081255197525, 0.048894647508859634, 0.014186707325279713, 0.08312775194644928, 0.05585537105798721, 0.031554389744997025, -0.03413267806172371, -0.02855173870921135, 0.08675026148557663, 0.04094456136226654, 0.08934247493743896, -0.12505874037742615, 0.03136662393808365, 0.05698874220252037]
2022-03-31, 12:01:50, Eingang, 19735, 3, Silvia, 0.14745028500920324, [0.006123483646661043, -0.09449698776006699, -0.04734856262803078, -0.10033262521028519, 0.10016027092933655, -0.0018427013419568539, 0.03289875388145447, -0.06429041922092438, 0.023770863190293312, 0.013387791812419891, 0.08659986406564713, -0.09704951196908951, -0.009657367132604122, -0.14098681509494781, -0.007250406313687563, 0.12282179296016693, 0.09860484302043915, -0.10712940990924835, 0.07212056964635849, -0.1367013156414032, -0.03488559275865555, 0.03548728674650192, -0.10144492983818054, 0.007715177722275257, 0.03391117975115776, -0.0245535708963871, 0.14722061157226562, 0.08944424986839294, -0.0646272525191307, 0.02356841042637825, -0.02055494114756584, 0.09500204771757126, 0.0442185141146183, -0.046783726662397385, 0.12484797090291977, -0.09315024316310883, 0.08217673003673553, 0.03278038650751114, 0.13542978465557098, 0.03599213436245918, 0.07210733741521835, 0.0002388802677160129, -0.05089876428246498, -0.07590900361537933, -0.11426616460084915, -0.13920779526233673, 0.0030975500121712685, 0.0067548612132668495, 0.07672922313213348, 0.09930934756994247, -0.08017198741436005, 0.0611453540623188, 0.07775409519672394, -0.06381599605083466, 0.022824132815003395, 0.08959254622459412, 0.10676757991313934, 0.0280167069286108, -0.03917081654071808, -0.2130260020494461, -0.08726036548614502, -0.11204858869314194, -0.002468154300004244, 0.2361697405576706, 0.0070085166953504086, 0.13507328927516937, 0.08039925247430801, 0.014544120989739895, 0.04470113292336464, -0.09570898860692978, -0.014577552676200867, -0.17947465181350708, 0.07652754336595535, -0.11342532932758331, -0.053794585168361664, -0.026717176660895348, -0.0050157043151557446, 0.12004034221172333, -0.08199529349803925, -0.1161247044801712, -0.15723231434822083, -0.0645223930478096, 0.0226119551807642, 0.08369781821966171, 0.10693325102329254, -0.027718903496861458, 0.1481313705444336, -0.10354846715927124, -0.17403392493724823, 0.19330871105194092, 0.06699596345424652, -0.010682974010705948, -0.020025743171572685, -0.04587208107113838, 0.1359873116016388, 0.02228408306837082, 0.004896977450698614, -0.10222749412059784, -0.22981570661067963, 0.009901531971991062, -0.10771936178207397, 0.17671720683574677, 0.07300599664449692, -0.07039318978786469, 0.012990061193704605, 0.06788719445466995, -0.04149746149778366, 0.00962047465145588, -0.06244279816746712, -0.11190879344940186, 0.047684986144304276, 0.05208885669708252, 0.11204764246940613, 0.11186501383781433, -0.028993524610996246, 0.03600556030869484, 0.013773815706372261, 0.0927850753068924, 0.0528087392449379, 0.008497347123920918, -0.043469104915857315, -0.03200996294617653, 0.1041913703083992, 0.04362183436751366, 0.096256785094738, -0.1158638596534729, 0.03766084834933281, 0.04395827651023865]
2022-03-31, 12:01:50, Eingang, 19736, 3, unknown, NA, [0.005644812248647213, -0.1002202033996582, -0.03765316307544708, -0.10571970790624619, 0.09952595084905624, 0.01640930213034153, 0.02964875102043152, -0.06911694258451462, 0.015881629660725594, 0.02839491330087185, 0.08541350811719894, -0.09352608025074005, 0.002071869559586048, -0.1234905868768692, -0.006715876050293446, 0.13515816628932953, 0.10423704981803894, -0.10588680952787399, 0.07776153087615967, -0.13572560250759125, -0.015484503470361233, 0.03621312975883484, -0.09731598943471909, -0.010364620946347713, 0.04642423987388611, -0.03848014771938324, 0.14199399948120117, 0.09841757267713547, -0.05506877601146698, 0.016161970794200897, -0.03249722719192505, 0.09795833379030228, 0.041130486875772476, -0.04867371916770935, 0.1322719156742096, -0.09376654028892517, 0.07666763663291931, 0.0368855819106102, 0.12925401329994202, 0.03301423415541649, 0.08132361620664597, -0.0058682989329099655, -0.05122247710824013, -0.0714024007320404, -0.11122074723243713, -0.14809533953666687, -0.0010327184572815895, 0.008824711665511131, 0.09193512052297592, 0.0999651625752449, -0.09700615704059601, 0.0631318986415863, 0.05954025685787201, -0.06149372085928917, 0.02543969266116619, 0.07704124599695206, 0.10253079235553741, 0.03420741483569145, -0.03618879243731499, -0.21735826134681702, -0.09349507093429565, -0.11256512999534607, 0.0013601125683635473, 0.23031537234783173, -0.00839259009808302, 0.13686531782150269, 0.07825195789337158, 0.014740836806595325, 0.056574746966362, -0.10296767950057983, -0.03238777443766594, -0.17117170989513397, 0.07370930910110474, -0.1028842031955719, -0.057098545134067535, -0.031562015414237976, 0.0034803468734025955, 0.10586570203304291, -0.07386133819818497, -0.09824419021606445, -0.16387394070625305, -0.06444109231233597, 0.031231924891471863, 0.08520002663135529, 0.11212664842605591, -0.022424738854169846, 0.1553226262331009, -0.10325300693511963, -0.1723753660917282, 0.20137867331504822, 0.06789151579141617, -0.0019779508002102375, -0.006556050386279821, -0.04663658142089844, 0.14108583331108093, 0.02530217543244362, 0.004653315059840679, -0.09752941876649857, -0.2294449806213379, 0.012630664743483067, -0.11112742871046066, 0.1803387850522995, 0.06166540086269379, -0.06672115623950958, 0.011801925487816334, 0.0676867738366127, -0.03409921005368233, 0.011668846011161804, -0.05864052101969719, -0.10738204419612885, 0.054732900112867355, 0.04818973317742348, 0.11108227074146271, 0.1087062656879425, -0.025860846042633057, 0.030096150934696198, 0.036294884979724884, 0.1007448211312294, 0.04858069494366646, -0.0037130466662347317, -0.03933081030845642, -0.00971820019185543, 0.10815424472093582, 0.04576534777879715, 0.09292110800743103, -0.10611841082572937, 0.03461536020040512, 0.05130263790488243]
2022-03-31, 12:01:52, Eingang, 19756, 3, No face visible, NA, -1
2022-03-31, 12:01:53, Eingang, 19776, 3, No face visible, NA, -1
2022-03-31, 12:01:54, Eingang, 19796, 3, No face visible, NA, -1
2022-03-31, 12:01:55, Eingang, 19816, 3, No face visible, NA, -1
2022-03-31, 12:01:56, Eingang, 19836, 3, No face visible, NA, -1
2022-03-31, 12:01:57, Eingang, 19856, 3, No face visible, NA, -1
2022-03-31, 12:01:57, Eingang, 19857, 3, No face visible, NA, -1
2022-03-31, 12:01:58, Eingang, 19877, 3, No face visible, NA, -1
2022-03-31, 12:01:59, Eingang, 19897, 3, No face visible, NA, -1
2022-03-31, 12:02:01, Eingang, 19917, 3, No face visible, NA, -1
2022-03-31, 12:02:01, Eingang, 19937, 3, No face visible, NA, -1
2022-03-31, 12:02:03, Eingang, 19957, 3, No face visible, NA, -1
2022-03-31, 12:02:04, Eingang, 19977, 3, No face visible, NA, -1
2022-03-31, 12:02:04, Eingang, 19978, 3, No face visible, NA, -1
2022-03-31, 12:02:12, Lost, person, 3, 1376,  745
