2022-03-23, 11:22:13, Found, person, 554, 2218,  867
2022-03-23, 11:22:13, Eingang, 1583635, 554, No face visible, NA, -1
2022-03-23, 11:22:14, Eingang, 1583645, 554, No face visible, NA, -1
2022-03-23, 11:22:15, Eingang, 1583655, 554, No face visible, NA, -1
2022-03-23, 11:22:16, Eingang, 1583665, 554, No face visible, NA, -1
2022-03-23, 11:22:17, Eingang, 1583675, 554, No face visible, NA, -1
2022-03-23, 11:22:18, Eingang, 1583685, 554, No face visible, NA, -1
2022-03-23, 11:22:19, Eingang, 1583695, 554, No face visible, NA, -1
2022-03-23, 11:22:19, Eingang, 1583696, 554, No face visible, NA, -1
2022-03-23, 11:22:20, Eingang, 1583706, 554, No face visible, NA, -1
2022-03-23, 11:22:21, Eingang, 1583716, 554, No face visible, NA, -1
2022-03-23, 11:22:22, Eingang, 1583726, 554, No face visible, NA, -1
2022-03-23, 11:22:23, Eingang, 1583736, 554, No face visible, NA, -1
2022-03-23, 11:22:24, Eingang, 1583746, 554, No face visible, NA, -1
2022-03-23, 11:22:25, Eingang, 1583756, 554, No face visible, NA, -1
2022-03-23, 11:22:26, Eingang, 1583757, 554, No face visible, NA, -1
2022-03-23, 11:22:26, Eingang, 1583767, 554, No face visible, NA, -1
2022-03-23, 11:22:32, Eingang, 1583828, 554, unknown, NA, [-0.04347553849220276, -0.11022063344717026, -0.04208073019981384, -0.1160728856921196, 0.105717234313488, 0.039037756621837616, -0.008334899321198463, -0.05413629487156868, 0.00020776402379851788, 0.05578386411070824, 0.05237461254000664, -0.08574896305799484, 0.024658499285578728, -0.09612461179494858, -0.015500540845096111, 0.10905454307794571, 0.08386626094579697, -0.09508810192346573, 0.08417902886867523, -0.146692156791687, 0.05449014529585838, 0.03781778737902641, -0.05278170481324196, -0.007528616115450859, 0.05018431693315506, -0.04292462021112442, 0.12758193910121918, 0.09753575176000595, -0.03802249953150749, 0.00534724211320281, -0.04116377234458923, 0.09288609027862549, 0.02758686989545822, 0.0039175134152174, 0.13721658289432526, -0.13185913860797882, 0.04775837063789368, 0.016660816967487335, 0.13043135404586792, 0.013081388548016548, 0.07010988146066666, 0.0037266493309289217, -0.034490689635276794, -0.04548235982656479, -0.10676563531160355, -0.13390609622001648, 0.0009246620466001332, -0.03522910922765732, 0.1364159733057022, 0.07403360307216644, -0.14217239618301392, 0.09087507426738739, 0.05530839040875435, -0.10627397149801254, 0.02795547991991043, 0.04063628613948822, 0.15360483527183533, 0.010459819808602333, -0.0877905786037445, -0.24994942545890808, -0.10299092531204224, -0.0810985267162323, -0.020278574898838997, 0.21350190043449402, -0.06838618963956833, 0.1311340630054474, 0.09210611879825592, 0.006584362592548132, 0.05572773143649101, -0.1304577887058258, -0.01651478372514248, -0.1319373995065689, 0.055814240127801895, -0.12102727591991425, -0.011147543787956238, -0.03182511776685715, 0.007752991281449795, 0.09962393343448639, -0.06668847054243088, -0.08168952912092209, -0.16319113969802856, -0.04331161826848984, 0.04410145431756973, 0.058714691549539566, 0.1137005016207695, 0.06446680426597595, 0.1000639945268631, -0.04955153167247772, -0.1734590083360672, 0.21656841039657593, 0.09967160224914551, 0.029269393533468246, -0.0131681552156806, 0.02411690540611744, 0.21071390807628632, 0.044237472116947174, -0.010823525488376617, -0.06934906542301178, -0.2238950878381729, -0.0197323989123106, -0.0642910823225975, 0.145331010222435, 0.045284006744623184, -0.07467341423034668, 0.011774079874157906, 0.04336506128311157, -0.037449754774570465, 0.01999441161751747, -0.08417405933141708, -0.11104197055101395, 0.02961723320186138, 0.04763296619057655, 0.07807435095310211, 0.12367196381092072, -0.0228643286973238, 0.026207244023680687, 0.044499870389699936, 0.0861910730600357, 0.05277905613183975, -0.0040392265655100346, -0.04611629247665405, 0.015838952735066414, 0.08792723715305328, 0.019792752340435982, 0.09715937077999115, -0.14995133876800537, 0.05418890714645386, 0.051150478422641754]
2022-03-23, 11:22:34, Eingang, 1583838, 554, No face visible, NA, -1
2022-03-23, 11:22:34, Eingang, 1583848, 554, unknown, NA, [-0.03703397512435913, -0.10895563662052155, -0.03730834275484085, -0.1217942088842392, 0.09675893932580948, 0.03049701638519764, 0.000734494358766824, -0.06186352297663689, 0.0015439840499311686, 0.054887235164642334, 0.062121469527482986, -0.0863628089427948, 0.023246226832270622, -0.09766112267971039, -0.019683267921209335, 0.1182907298207283, 0.08586926758289337, -0.09056568890810013, 0.07902562618255615, -0.14893653988838196, 0.0506109893321991, 0.0384477861225605, -0.055242475122213364, -0.013923527672886848, 0.054726194590330124, -0.04204018786549568, 0.13132885098457336, 0.09938038140535355, -0.0376959852874279, -0.0007149979355745018, -0.053094372153282166, 0.09260573238134384, 0.029703158885240555, -0.0003098916495218873, 0.14259158074855804, -0.12097684293985367, 0.052042774856090546, 0.02400083653628826, 0.13036476075649261, 0.012135197408497334, 0.07358518987894058, 0.00434571597725153, -0.037694621831178665, -0.04671761766076088, -0.10830044746398926, -0.14378201961517334, 0.0010465476661920547, -0.03466538339853287, 0.13769249618053436, 0.0760512501001358, -0.13900791108608246, 0.08324384689331055, 0.052348747849464417, -0.10551369935274124, 0.02633412927389145, 0.05011524632573128, 0.14663025736808777, 0.020531320944428444, -0.08287928998470306, -0.24272766709327698, -0.10441090911626816, -0.08376173675060272, -0.019892670214176178, 0.2125847339630127, -0.058773223310709, 0.13869759440422058, 0.09057126194238663, 0.011907435022294521, 0.0701059103012085, -0.1284288763999939, -0.02358412928879261, -0.1278846561908722, 0.051706910133361816, -0.12487456202507019, -0.016495294868946075, -0.03732292726635933, 0.004211497958749533, 0.08923756331205368, -0.06409373879432678, -0.08934482932090759, -0.16169221699237823, -0.04900103434920311, 0.05055757611989975, 0.06534525007009506, 0.11527387797832489, 0.05954532325267792, 0.1061161532998085, -0.05171958729624748, -0.16476672887802124, 0.2210552841424942, 0.0959300547838211, 0.02731507085263729, -0.002073664916679263, 0.018628323450684547, 0.1967262625694275, 0.047181449830532074, -0.011988750658929348, -0.07929815351963043, -0.2156967669725418, -0.010004035197198391, -0.06831139326095581, 0.15686525404453278, 0.04902392998337746, -0.07953634113073349, 0.012021781876683235, 0.04781185835599899, -0.037756700068712234, 0.020811693742871284, -0.08640428632497787, -0.10960466414690018, 0.04120323061943054, 0.053269874304533005, 0.08071991801261902, 0.12656806409358978, -0.018208356574177742, 0.029091129079461098, 0.04792718589305878, 0.09551332145929337, 0.054578494280576706, -0.004320901352912188, -0.04248599335551262, 0.019993705675005913, 0.09072206169366837, 0.021246548742055893, 0.09054800122976303, -0.13893020153045654, 0.05302165821194649, 0.04461207240819931]
2022-03-23, 11:22:36, Eingang, 1583858, 554, No face visible, NA, -1
2022-03-23, 11:22:36, Eingang, 1583868, 554, No face visible, NA, -1
2022-03-23, 11:22:36, Eingang, 1583869, 554, No face visible, NA, -1
2022-03-23, 11:22:38, Eingang, 1583879, 554, No face visible, NA, -1
2022-03-23, 11:22:38, Eingang, 1583889, 554, No face visible, NA, -1
2022-03-23, 11:22:48, Lost, person, 554, 2469,  324
