2022-03-29, 08:43:25, Found, person, 118, 1580, 1085
2022-03-29, 08:43:25, Eingang, 1260361, 118, Silvia, NA, -1
2022-03-29, 08:43:27, Eingang, 1260381, 118, Kyla_Bruno, NA, -1
2022-03-29, 08:43:27, Eingang, 1260401, 118, Kyla_Bruno, NA, -1
2022-03-29, 08:43:29, Eingang, 1260421, 118, Kyla_Bruno, NA, -1
2022-03-29, 08:43:29, Eingang, 1260441, 118, Kyla_Bruno, NA, -1
2022-03-29, 08:43:31, Eingang, 1260461, 118, Kyla_Bruno, NA, -1
2022-03-29, 08:43:32, Eingang, 1260481, 118, Kyla_Bruno, NA, -1
2022-03-29, 08:43:32, Eingang, 1260482, 118, Kyla_Bruno, NA, -1
2022-03-29, 08:43:33, Eingang, 1260502, 118, Maureen_Leber, 2.828638569609242, [-0.14990580081939697, -0.09637125581502914, -0.11866522580385208, 0.03975767642259598, -0.0008314339211210608, 0.16278113424777985, 0.03341623395681381, -0.02750382386147976, 0.0500461719930172, 0.01350765023380518, -0.006209540646523237, -0.08545279502868652, 0.09183663129806519, -0.04420848935842514, -0.041748370975255966, 0.008333059027791023, 0.08316831290721893, -0.19305670261383057, 0.012448837049305439, -0.06276321411132812, 0.03669020161032677, -0.08311701565980911, 0.020031694322824478, -0.06190738454461098, 0.032330647110939026, 0.0017619654536247253, 0.1607157289981842, -0.03555629402399063, -0.12208075821399689, -0.026639191433787346, -0.0009889894863590598, -0.06011603772640228, 0.04091197997331619, 0.037793003022670746, 0.06305762380361557, 0.04773791506886482, 0.04535989835858345, -0.052412282675504684, 0.11846176534891129, -0.06332824379205704, 0.08510694652795792, 0.11496970057487488, -0.11900488287210464, -0.07519020140171051, -0.023196019232273102, -0.11062222719192505, -0.004879496991634369, 0.03451649844646454, 0.11392863839864731, -0.02950110286474228, -0.2186533808708191, 0.017827346920967102, -0.007830348797142506, 0.04959376901388168, -0.10209875553846359, 0.07340070605278015, 0.13637878000736237, -0.030110863968729973, -0.023074762895703316, -0.1602599024772644, -0.11217937618494034, 0.058251090347766876, 0.03564338758587837, 0.17008456587791443, -0.0009292558534070849, -0.006493519060313702, 0.003367448691278696, 0.0175368282943964, -0.0070974817499518394, 0.019488122314214706, 0.07564300298690796, 0.04853736236691475, -0.015435880981385708, -0.12304419279098511, 0.10265392065048218, -0.06269770860671997, 0.03415024280548096, 0.11579911410808563, 0.016148576512932777, -0.013378412462770939, -0.104105144739151, -0.1539985090494156, 0.00044580112444236875, -0.08942598849534988, 0.09780021011829376, 0.1024685874581337, 0.05615388602018356, -0.01687372475862503, -0.19978156685829163, 0.06847375631332397, 0.15142934024333954, -0.005304710473865271, -0.03788543865084648, 0.021393194794654846, 0.025168217718601227, 0.2036077082157135, -0.05070739984512329, -0.023100508376955986, -0.15861628949642181, 0.08831615000963211, -0.006090846844017506, 0.19092564284801483, 0.058596979826688766, -0.026724733412265778, 0.07473736256361008, 0.07240010797977448, -0.0779116079211235, -0.13912416994571686, -0.09475169330835342, -0.0917438343167305, -0.018885599449276924, 0.023277414962649345, 0.0030616482254117727, 0.09254611283540726, -0.07564857602119446, 0.07067884504795074, -0.10760153830051422, 0.07279589772224426, 0.045323874801397324, 0.05049028992652893, 0.015133502893149853, -0.1076226755976677, 0.14978259801864624, 0.001866641454398632, 0.06449761986732483, -0.16807503998279572, 0.2226344496011734, 0.12482917308807373]
2022-03-29, 08:43:34, Eingang, 1260522, 118, Kyla_Bruno, NA, -1
2022-03-29, 08:43:35, Eingang, 1260542, 118, Kyla_Bruno, NA, -1
2022-03-29, 08:43:36, Eingang, 1260562, 118, Philipp_Evonik, NA, -1
2022-03-29, 08:43:37, Eingang, 1260582, 118, Elvira_Bruno, 1.4478322176357323, [-0.08244418352842331, -0.06801445037126541, -0.10976085811853409, -0.03995056450366974, 0.06479798257350922, -0.06306903809309006, 0.02855272963643074, -0.04632481932640076, 0.007480698172003031, 0.005736956372857094, 0.059552036225795746, -0.034974947571754456, -0.01193240750581026, -0.132265105843544, 0.008239148184657097, 0.039368826895952225, 0.13544198870658875, -0.11785008013248444, 0.026638709008693695, -0.11925530433654785, 0.00517270527780056, -0.06947793066501617, -0.0981801375746727, -0.09582652151584625, 0.0015969902742654085, -0.029875604435801506, 0.18123945593833923, -0.005335531663149595, -0.08640621602535248, 0.04588739201426506, -0.08627036213874817, 0.030025845393538475, -0.002408077707514167, 0.010851413011550903, 0.12618444859981537, 0.005883497651666403, 0.18961000442504883, -0.038888394832611084, 0.042842261493206024, -0.009552747942507267, 0.10522311925888062, 0.15646019577980042, -0.05630781129002571, 0.054068878293037415, -0.06886493414640427, -0.12477916479110718, 0.019954077899456024, 0.006967166438698769, 0.09638258069753647, 0.048511579632759094, -0.20205077528953552, -0.009500094689428806, 0.04110046103596687, 0.03704486042261124, -0.05688302218914032, 0.03383338451385498, 0.17826642096042633, 0.08450393378734589, -0.039013441652059555, -0.22376258671283722, -0.14203500747680664, 0.010488839820027351, -0.027210064232349396, 0.21472413837909698, -0.008040975779294968, 0.1836462765932083, 0.022352293133735657, 0.0029365341179072857, 0.05465378612279892, -0.11988082528114319, 0.055078744888305664, -0.05444268137216568, -0.02734481357038021, -0.0819268673658371, -0.005654741544276476, -0.03795582801103592, 0.01544905174523592, 0.09726990759372711, -0.016849590465426445, -0.13233597576618195, -0.153238907456398, -0.08583500236272812, -0.023167835548520088, -0.06549767404794693, 0.07876258343458176, 0.012226438149809837, 0.0648389533162117, 0.02169213630259037, -0.18006901443004608, 0.21699091792106628, 0.012885020114481449, 0.03488202020525932, -0.0004437468305695802, -0.010237863287329674, 0.015201689675450325, 0.12070190906524658, 0.026446577161550522, -0.12450059503316879, -0.15113689005374908, 0.10803331434726715, -0.06267062574625015, 0.14750047028064728, 0.06179405376315117, -0.09395398944616318, 0.10578247904777527, 0.09120985865592957, -0.03515748307108879, -0.06586166471242905, -0.06111717224121094, -0.06377775222063065, 0.04007808119058609, -0.009929221123456955, 0.0964948982000351, 0.11866505444049835, -0.09260446578264236, 0.06234147399663925, -0.08043442666530609, 0.06078018248081207, 0.15128570795059204, 0.05388320982456207, -0.051188427954912186, -0.09597654640674591, 0.059190791100263596, -0.02817888744175434, 0.06625008583068848, -0.06895866990089417, 0.15385502576828003, 0.02573726326227188]
2022-03-29, 08:43:38, Eingang, 1260602, 118, No face visible, NA, -1
2022-03-29, 08:43:38, Eingang, 1260603, 118, Maureen_Leber, 2.8213055339528847, [-0.004400513134896755, -0.10736329853534698, -0.004690997302532196, -0.1348796933889389, 0.019450291991233826, -0.09779293090105057, -0.0010795503621920943, -0.04678114503622055, -0.03068613074719906, 0.029874484986066818, 0.08595418930053711, -0.03340809419751167, -0.03553129732608795, -0.09768754988908768, 0.03321300819516182, 0.04832358658313751, 0.07971020042896271, -0.10815533250570297, 0.07792164385318756, -0.15511023998260498, -0.14010308682918549, -0.04866117238998413, -0.17105937004089355, 0.024784570559859276, 0.011238282546401024, 0.023106569424271584, 0.18199656903743744, 0.08014097064733505, -0.03797822818160057, -0.0075259641744196415, -0.07913151383399963, 0.07191714644432068, 0.004168527200818062, -0.08095397800207138, 0.0987127423286438, -0.011479535140097141, 0.14762666821479797, 0.020496953278779984, 0.1737314760684967, -0.00410093367099762, 0.11342056840658188, 0.0307304747402668, -0.03853442892432213, 0.037215881049633026, -0.1166202574968338, -0.12262983620166779, 0.009926463477313519, -0.04945556819438934, 0.04997757449746132, 0.014182006008923054, -0.0656837746500969, 0.06703685224056244, 0.09955151379108429, -0.08233355730772018, 0.003224889049306512, 0.13184896111488342, 0.11561920493841171, 0.07710585743188858, 0.03493218868970871, -0.13349251449108124, -0.06253771483898163, -0.04074329137802124, -0.048837605863809586, 0.21511510014533997, 0.05034730210900307, 0.2259843796491623, 0.06376004219055176, -0.015299943275749683, 0.06350532919168472, -0.05970991402864456, -0.023467326536774635, -0.12115471810102463, 0.06407570093870163, -0.12568184733390808, -0.05100179463624954, 0.006232959683984518, -0.06823916733264923, 0.08835649490356445, -0.04785069078207016, -0.14421427249908447, -0.11435182392597198, -0.09198005497455597, -0.01763329841196537, 0.06714411824941635, 0.09638898819684982, -0.13464201986789703, 0.07213010638952255, -0.02668742835521698, -0.13151684403419495, 0.1647406369447708, 0.03141755610704422, -0.011541246436536312, -0.05683515965938568, -0.07336872816085815, 0.05545046180486679, 0.05731795355677605, 0.04189908504486084, -0.15168868005275726, -0.14289070665836334, 0.02339191734790802, -0.1154538169503212, 0.15763908624649048, 0.07618394494056702, -0.11637461930513382, 0.06156511977314949, 0.10405723005533218, 0.015587903559207916, -0.036856651306152344, -0.032169390469789505, -0.07831240445375443, 0.08697351813316345, 0.0664835050702095, 0.12254442274570465, 0.049784425646066666, -0.02276277169585228, 0.0739092230796814, -0.023025384172797203, 0.15550389885902405, 0.12658774852752686, 0.06662239134311676, -0.04489264637231827, -0.0827755481004715, 0.10505747050046921, 0.06373046338558197, 0.09721755981445312, -0.09048037230968475, 0.12978854775428772, -0.02578609064221382]
2022-03-29, 08:43:39, Eingang, 1260623, 118, No face visible, NA, -1
2022-03-29, 08:43:40, Eingang, 1260643, 118, No face visible, NA, -1
2022-03-29, 08:43:41, Eingang, 1260663, 118, No face visible, NA, -1
2022-03-29, 08:43:42, Eingang, 1260683, 118, No face visible, NA, -1
2022-03-29, 08:43:44, Eingang, 1260703, 118, No face visible, NA, -1
2022-03-29, 08:43:44, Eingang, 1260723, 118, No face visible, NA, -1
2022-03-29, 08:43:45, Eingang, 1260724, 118, No face visible, NA, -1
2022-03-29, 08:43:46, Eingang, 1260744, 118, No face visible, NA, -1
2022-03-29, 08:43:47, Eingang, 1260764, 118, No face visible, NA, -1
2022-03-29, 08:43:48, Eingang, 1260784, 118, No face visible, NA, -1
2022-03-29, 08:43:49, Eingang, 1260804, 118, No face visible, NA, -1
2022-03-29, 08:43:50, Eingang, 1260824, 118, No face visible, NA, -1
2022-03-29, 08:43:51, Eingang, 1260844, 118, No face visible, NA, -1
2022-03-29, 08:43:51, Eingang, 1260845, 118, No face visible, NA, -1
2022-03-29, 08:43:52, Eingang, 1260865, 118, No face visible, NA, -1
2022-03-29, 08:43:53, Eingang, 1260885, 118, No face visible, NA, -1
2022-03-29, 08:43:54, Eingang, 1260905, 118, No face visible, NA, -1
2022-03-29, 08:43:57, Eingang, 1260955, 118, No face visible, NA, -1
2022-03-29, 08:43:59, Eingang, 1260993, 118, No face visible, NA, -1
2022-03-29, 08:44:00, Eingang, 1261013, 118, No face visible, NA, -1
2022-03-29, 08:44:00, Eingang, 1261014, 118, No face visible, NA, -1
2022-03-29, 08:44:01, Eingang, 1261034, 118, No face visible, NA, -1
2022-03-29, 08:44:06, Lost, person, 118, 1186,  226
