2022-03-22, 12:09:16, Found, person, 158, 2112,  409
2022-03-22, 12:09:16, Eingang, 730507, 158, No face visible, NA, -1
2022-03-22, 12:09:17, Eingang, 730517, 158, No face visible, NA, -1
2022-03-22, 12:09:18, Eingang, 730527, 158, Maureen_Leber, 1.573932934587335, [-0.06848050653934479, -0.1208939403295517, -0.059215858578681946, -0.07531975954771042, 0.0791766569018364, 0.032539185136556625, 0.021157631650567055, -0.04670213535428047, 0.027563953772187233, 0.017859293147921562, 0.07143983244895935, -0.05869597941637039, 0.020382016897201538, -0.16015036404132843, 0.033418960869312286, 0.048457447439432144, 0.17583900690078735, -0.0670492872595787, 0.028775176033377647, -0.09744330495595932, -0.024550367146730423, -0.029998088255524635, -0.12055274099111557, -0.020309394225478172, -0.0048849210143089294, -0.024438608437776566, 0.14184273779392242, 0.01874297484755516, -0.09491073340177536, 0.011534587480127811, 0.03576205298304558, 0.04494862258434296, 0.03818662837147713, -0.05956506356596947, 0.16409337520599365, -0.07281263917684555, 0.11631006747484207, -0.01074547041207552, 0.11216959357261658, 0.011429152451455593, 0.07718000560998917, 0.05025849863886833, -0.006612837314605713, -0.017706405371427536, -0.08157744258642197, -0.1379123330116272, 0.02695636823773384, -0.016704097390174866, 0.09376534074544907, 0.07276362925767899, -0.09845968335866928, 0.023126401007175446, 0.08497755974531174, -0.10932642966508865, 0.06291193515062332, 0.04329245537519455, 0.10334368795156479, 0.018021216616034508, 0.024143079295754433, -0.27766871452331543, -0.06512979418039322, -0.04513076692819595, -0.02146374247968197, 0.23939083516597748, 0.0027883669827133417, 0.16497182846069336, 0.03373611718416214, 0.012590249069035053, 0.034538157284259796, -0.11583341658115387, 0.0104760080575943, -0.1658695936203003, 0.06700911372900009, -0.1468370109796524, -0.01382954977452755, 0.010901158675551414, -0.027268825098872185, 0.08265476673841476, -0.07143720984458923, -0.10479867458343506, -0.1617489755153656, -0.05370922014117241, -0.07024587690830231, 0.05432063341140747, 0.15130077302455902, -0.031207475811243057, 0.09150255471467972, -0.050899192690849304, -0.23771455883979797, 0.22562354803085327, 0.016001731157302856, 0.033553946763277054, -0.08605191856622696, 0.007238622289150953, 0.0657990574836731, 0.0484270378947258, 0.03639340028166771, -0.06033388525247574, -0.1895449012517929, 0.04361319914460182, -0.054431602358818054, 0.14917483925819397, 0.06007165461778641, -0.08306871354579926, -0.004531340207904577, 0.0998881608247757, -0.04259009286761284, -0.016495270654559135, -0.06031879410147667, -0.11085551232099533, 0.03414479270577431, 0.07602974772453308, 0.13674035668373108, 0.06300096213817596, -0.07358042895793915, 0.07189173996448517, -0.024189962074160576, 0.044038016349077225, 0.07402314990758896, 0.04828351363539696, -0.01754779927432537, -0.1039409190416336, 0.09626716375350952, 0.00455044349655509, 0.06005306541919708, -0.1401384025812149, 0.09626257419586182, 0.008881754241883755]
2022-03-22, 12:09:20, Eingang, 730543, 158, No face visible, NA, -1
2022-03-22, 12:09:26, Eingang, 730610, 158, No face visible, NA, -1
2022-03-22, 12:09:30, Eingang, 730647, 158, No face visible, NA, -1
2022-03-22, 12:09:32, Eingang, 730660, 158, No face visible, NA, -1
2022-03-22, 12:09:32, Eingang, 730661, 158, No face visible, NA, -1
2022-03-22, 12:09:32, Eingang, 730671, 158, No face visible, NA, -1
2022-03-22, 12:09:34, Eingang, 730681, 158, No face visible, NA, -1
2022-03-22, 12:09:35, Eingang, 730694, 158, No face visible, NA, -1
2022-03-22, 12:09:36, Eingang, 730704, 158, No face visible, NA, -1
2022-03-22, 12:09:38, Eingang, 730732, 158, No face visible, NA, -1
2022-03-22, 12:09:40, Eingang, 730745, 158, No face visible, NA, -1
2022-03-22, 12:09:40, Eingang, 730746, 158, No face visible, NA, -1
2022-03-22, 12:09:42, Eingang, 730762, 158, No face visible, NA, -1
2022-03-22, 12:09:44, Eingang, 730784, 158, No face visible, NA, -1
2022-03-22, 12:09:49, Eingang, 730833, 158, No face visible, NA, -1
2022-03-22, 12:09:58, Lost, person, 158, 2086,  365
