2022-03-20, 17:48:53, Found, person, 30, 1990,  512
2022-03-20, 17:48:53, Eingang, 150781, 30, No face visible, NA, -1
2022-03-20, 17:48:54, Eingang, 150791, 30, No face visible, NA, -1
2022-03-20, 17:48:55, Eingang, 150801, 30, No face visible, NA, -1
2022-03-20, 17:48:56, Eingang, 150811, 30, Maureen_Leber, 2.1836216477790495, [-0.04558401182293892, -0.0739426463842392, -0.023344626650214195, -0.0725899264216423, 0.11209763586521149, 0.042465806007385254, 0.04484621062874794, -0.07211156189441681, 0.013850328512489796, 0.07671166956424713, 0.09048663079738617, -0.09596022963523865, 0.023846687749028206, -0.13872070610523224, 0.003578838659450412, 0.09608439356088638, 0.06707805395126343, -0.05126909911632538, 0.04179774224758148, -0.13698221743106842, 0.02805907465517521, 0.027727996930480003, -0.07388988137245178, -0.024322187528014183, 0.013794485479593277, -0.09057947248220444, 0.12613201141357422, 0.06786110997200012, -0.09279286861419678, -0.013919170014560223, -0.061594024300575256, 0.07314660400152206, 0.03066106326878071, -0.0468580462038517, 0.15125080943107605, -0.11895276606082916, 0.11035599559545517, -0.008469592779874802, 0.09855499863624573, -0.011609340086579323, 0.10387624800205231, -0.004230364225804806, -0.04447405785322189, -0.03174667805433273, -0.0968310534954071, -0.15338405966758728, 0.02044268697500229, 0.0019694380462169647, 0.14826089143753052, 0.06996095180511475, -0.15849415957927704, 0.06036212295293808, 0.045213483273983, -0.05686482414603233, 0.027992764487862587, 0.052862729877233505, 0.12956544756889343, 0.041560277342796326, -0.06091030687093735, -0.24100221693515778, -0.09083685278892517, -0.05713130533695221, -0.019926032051444054, 0.2376418560743332, -0.0018603631760925055, 0.15680377185344696, 0.08160668611526489, 0.03443628549575806, 0.06007000431418419, -0.12890298664569855, -0.051874708384275436, -0.13422679901123047, 0.06080756336450577, -0.10449352860450745, -0.03801491856575012, -0.05257135629653931, -0.022569896653294563, 0.09578398615121841, -0.07107432186603546, -0.06454486399888992, -0.14817804098129272, -0.09519027918577194, 0.0027415112126618624, 0.04948832839727402, 0.10490106791257858, 0.025929519906640053, 0.09565754979848862, -0.04702165350317955, -0.17197228968143463, 0.18364590406417847, 0.07623671740293503, 0.056539081037044525, 0.001140611246228218, -0.0014780826168134809, 0.15915755927562714, 0.04371381923556328, -0.00966586358845234, -0.10530572384595871, -0.2098160684108734, 0.006101637147367001, -0.09784562885761261, 0.17511817812919617, 0.005880474578589201, -0.10302459448575974, 0.030836045742034912, 0.06501855701208115, -0.034154050052165985, -0.04932449012994766, -0.04752286896109581, -0.09078770875930786, 0.0015909508801996708, 0.061166830360889435, 0.09010854363441467, 0.12129317224025726, -0.0894181951880455, 0.059824906289577484, 0.008527121506631374, 0.059314534068107605, 0.04882391542196274, 0.08393096923828125, -0.11649160832166672, -0.02743060514330864, 0.11823014914989471, 0.023103730753064156, 0.09541311115026474, -0.08970832824707031, 0.11670177429914474, 0.06716365367174149]
2022-03-20, 17:48:57, Eingang, 150821, 30, No face visible, NA, -1
2022-03-20, 17:48:58, Eingang, 150831, 30, No face visible, NA, -1
2022-03-20, 17:48:59, Eingang, 150841, 30, No face visible, NA, -1
2022-03-20, 17:48:59, Eingang, 150842, 30, No face visible, NA, -1
2022-03-20, 17:49:01, Eingang, 150858, 30, No face visible, NA, -1
2022-03-20, 17:49:02, Eingang, 150868, 30, No face visible, NA, -1
2022-03-20, 17:49:03, Eingang, 150878, 30, No face visible, NA, -1
2022-03-20, 17:49:06, Eingang, 150909, 30, No face visible, NA, -1
2022-03-20, 17:49:12, Eingang, 150967, 30, No face visible, NA, -1
2022-03-20, 17:49:13, Eingang, 150980, 30, No face visible, NA, -1
2022-03-20, 17:49:13, Eingang, 150981, 30, No face visible, NA, -1
2022-03-20, 17:49:14, Eingang, 150991, 30, No face visible, NA, -1
2022-03-20, 17:49:15, Eingang, 151001, 30, Elvira_Bruno, NA, -1
2022-03-20, 17:49:16, Eingang, 151014, 30, No face visible, NA, -1
2022-03-20, 17:49:19, Eingang, 151045, 30, No face visible, NA, -1
2022-03-20, 17:49:22, Eingang, 151073, 30, No face visible, NA, -1
2022-03-20, 17:49:31, Lost, person, 30, 2178,  823
