2022-03-21, 16:26:03, Found, person, 2, 2216,  861
2022-03-21, 16:26:03, Eingang, 2839, 2, No face visible, NA, -1
2022-03-21, 16:26:04, Eingang, 2849, 2, No face visible, NA, -1
2022-03-21, 16:26:05, Eingang, 2859, 2, No face visible, NA, -1
2022-03-21, 16:26:06, Eingang, 2869, 2, No face visible, NA, -1
2022-03-21, 16:26:07, Eingang, 2879, 2, No face visible, NA, -1
2022-03-21, 16:26:07, Eingang, 2889, 2, No face visible, NA, -1
2022-03-21, 16:26:09, Eingang, 2899, 2, Maureen_Leber, 2.041054483181232, [-0.026111068204045296, -0.08296001702547073, -0.06438339501619339, -0.09923236817121506, 0.09033418446779251, 0.06009053438901901, -0.002117578871548176, -0.05539172142744064, 0.009571625851094723, 0.05063416808843613, 0.0641765221953392, -0.07279118150472641, 0.008940995670855045, -0.13050512969493866, -0.00737569946795702, 0.09387298673391342, 0.09012549370527267, -0.09839455783367157, 0.06963182240724564, -0.14927417039871216, 0.027168186381459236, 0.026952587068080902, -0.05994312837719917, 0.00446971645578742, 0.033669549971818924, -0.06809260696172714, 0.144728422164917, 0.0657792016863823, -0.0876501277089119, -0.01517250295728445, -0.050692811608314514, 0.07970892637968063, 0.029236523434519768, 0.006688020657747984, 0.13362500071525574, -0.08928486704826355, 0.08195850998163223, -0.00857266690582037, 0.13332359492778778, -0.013050523586571217, 0.08637906610965729, 0.018724368885159492, -0.026411117985844612, -0.06751489639282227, -0.10220606625080109, -0.14197197556495667, 0.04222462698817253, -0.029534514993429184, 0.11816821992397308, 0.06902112811803818, -0.1573258936405182, 0.06260794401168823, 0.08055482059717178, -0.07420013844966888, 0.01944572851061821, 0.0678592100739479, 0.11548925936222076, 0.01955121010541916, -0.0482838936150074, -0.2309589684009552, -0.09304150938987732, -0.07681339234113693, -0.0008588742348365486, 0.24188192188739777, 0.013302061706781387, 0.12035299837589264, 0.08653287589550018, 0.028078503906726837, 0.03635556995868683, -0.10557613521814346, 0.003995693754404783, -0.12554074823856354, 0.03482787683606148, -0.11096362769603729, 0.0011150334030389786, -0.04453796148300171, 0.0036316923797130585, 0.12177736312150955, -0.05529369041323662, -0.09542392194271088, -0.14050787687301636, -0.07654420286417007, 0.022359924390912056, 0.06120770052075386, 0.11515288054943085, 0.046440500766038895, 0.11154940724372864, -0.07118876278400421, -0.1930413544178009, 0.16927766799926758, 0.08749943971633911, 0.023631960153579712, -0.02580263465642929, -0.013667071238160133, 0.18157203495502472, 0.054786909371614456, -0.03326479718089104, -0.10420522093772888, -0.21054896712303162, 0.03793859854340553, -0.10202164947986603, 0.16530750691890717, 0.040642064064741135, -0.07511473447084427, -0.0018254482420161366, 0.05804950371384621, -0.060199763625860214, -0.02037655934691429, -0.09180493652820587, -0.1147015169262886, 0.015161588788032532, 0.060437656939029694, 0.08896657079458237, 0.13748995959758759, -0.05638107284903526, 0.04185083135962486, -0.010223041288554668, 0.09713869541883469, 0.06142432987689972, 0.05698755383491516, -0.07525090128183365, -0.05053998529911041, 0.13411757349967957, 0.03492361307144165, 0.09671466052532196, -0.12857991456985474, 0.12149296700954437, 0.05980155989527702]
2022-03-21, 16:26:09, Eingang, 2900, 2, Maureen_Leber, 2.0698241886886346, [-0.029550669714808464, -0.08384557068347931, -0.06426724791526794, -0.0999787300825119, 0.09152086824178696, 0.06565700471401215, -0.0005959987174719572, -0.053324874490499496, 0.013573362492024899, 0.052786607295274734, 0.06172487139701843, -0.07865586131811142, 0.013623703271150589, -0.1307106614112854, -0.008379766717553139, 0.09474603831768036, 0.08881440758705139, -0.09291975200176239, 0.06949930638074875, -0.14883771538734436, 0.03275104612112045, 0.02729954943060875, -0.05662762373685837, 0.0055836564861238, 0.03505122289061546, -0.0693049281835556, 0.1442227065563202, 0.06482916325330734, -0.09384898841381073, -0.01729149930179119, -0.0533926859498024, 0.08288826048374176, 0.031265489757061005, 0.008262896910309792, 0.13623309135437012, -0.09138000756502151, 0.07860207557678223, -0.012009595520794392, 0.1350037008523941, -0.014381143264472485, 0.08899319916963577, 0.013348614796996117, -0.02253251150250435, -0.0677580013871193, -0.096483513712883, -0.1404227614402771, 0.0443817563354969, -0.03267022967338562, 0.11728857457637787, 0.06487371772527695, -0.1627805233001709, 0.06756027042865753, 0.07250943034887314, -0.0734313502907753, 0.016578057780861855, 0.06692090630531311, 0.11526843160390854, 0.01465221494436264, -0.048910968005657196, -0.2322005331516266, -0.085686594247818, -0.07489906251430511, 0.0007434254512190819, 0.24061842262744904, 0.015075859613716602, 0.11609064042568207, 0.0888587012887001, 0.029797188937664032, 0.03853384405374527, -0.10823415219783783, 0.00039451057091355324, -0.12412726134061813, 0.033270176500082016, -0.11321420967578888, 0.003796588396653533, -0.04870026931166649, 0.004213022533804178, 0.11469604820013046, -0.05559077858924866, -0.09383951127529144, -0.1335674226284027, -0.07496833801269531, 0.02398180216550827, 0.06479661166667938, 0.11639682948589325, 0.04695671424269676, 0.11261223256587982, -0.07308311015367508, -0.19751983880996704, 0.16934241354465485, 0.08366721868515015, 0.02208380587399006, -0.025852909311652184, -0.011307562701404095, 0.17880484461784363, 0.05342189967632294, -0.034942664206027985, -0.1016940325498581, -0.21440136432647705, 0.04178541898727417, -0.1019257977604866, 0.16321036219596863, 0.036720871925354004, -0.0727032721042633, -0.007316975854337215, 0.059691984206438065, -0.066974937915802, -0.01993424817919731, -0.09463611990213394, -0.11095529794692993, 0.013964207842946053, 0.06020164117217064, 0.08900012075901031, 0.1377677023410797, -0.05823840573430061, 0.03943103551864624, -0.010215232148766518, 0.09225400537252426, 0.05807698518037796, 0.056972406804561615, -0.07332108169794083, -0.0448116734623909, 0.13494370877742767, 0.038505516946315765, 0.09552344679832458, -0.1314914971590042, 0.1239485889673233, 0.06263861805200577]
2022-03-21, 16:26:10, Eingang, 2910, 2, Elvira_Bruno, NA, -1
2022-03-21, 16:26:11, Eingang, 2920, 2, No face visible, NA, -1
2022-03-21, 16:26:12, Eingang, 2930, 2, Elvira_Bruno, NA, -1
2022-03-21, 16:26:13, Eingang, 2940, 2, No face visible, NA, -1
2022-03-21, 16:26:14, Eingang, 2950, 2, No face visible, NA, -1
2022-03-21, 16:26:15, Eingang, 2960, 2, No face visible, NA, -1
2022-03-21, 16:26:15, Eingang, 2961, 2, No face visible, NA, -1
2022-03-21, 16:26:16, Eingang, 2971, 2, No face visible, NA, -1
2022-03-21, 16:26:17, Eingang, 2981, 2, No face visible, NA, -1
2022-03-21, 16:26:18, Eingang, 2991, 2, No face visible, NA, -1
2022-03-21, 16:26:19, Eingang, 3001, 2, Maureen_Leber, NA, -1
2022-03-21, 16:26:20, Eingang, 3011, 2, No face visible, NA, -1
2022-03-21, 16:26:21, Eingang, 3021, 2, No face visible, NA, -1
2022-03-21, 16:26:21, Eingang, 3022, 2, No face visible, NA, -1
2022-03-21, 16:26:22, Eingang, 3032, 2, No face visible, NA, -1
2022-03-21, 16:26:23, Eingang, 3042, 2, No face visible, NA, -1
2022-03-21, 16:26:24, Eingang, 3052, 2, No face visible, NA, -1
2022-03-21, 16:26:25, Eingang, 3062, 2, No face visible, NA, -1
2022-03-21, 16:26:26, Eingang, 3072, 2, No face visible, NA, -1
2022-03-21, 16:26:27, Eingang, 3082, 2, No face visible, NA, -1
2022-03-21, 16:26:27, Eingang, 3083, 2, No face visible, NA, -1
2022-03-21, 16:26:28, Eingang, 3093, 2, No face visible, NA, -1
2022-03-21, 16:26:37, Lost, person, 2, 2145,  477
