2022-03-28, 11:54:16, Found, person, 6, 1408,  923
2022-03-28, 11:54:16, Eingang, 47716, 6, No face visible, NA, -1
2022-03-28, 11:54:17, Eingang, 47736, 6, No face visible, NA, -1
2022-03-28, 11:54:18, Eingang, 47756, 6, unknown, NA, [-0.0253385491669178, -0.10624222457408905, -0.03271209076046944, -0.11665470898151398, 0.10180751234292984, 0.02609412558376789, 0.038038935512304306, -0.07118566334247589, 0.010149192996323109, 0.06396953761577606, 0.06088190898299217, -0.08110152184963226, 0.023366689682006836, -0.10476792603731155, -0.00985587015748024, 0.12987858057022095, 0.08540654182434082, -0.09378141909837723, 0.08135596662759781, -0.14262276887893677, 0.03217822313308716, 0.03516722843050957, -0.08165004849433899, -0.03143824636936188, 0.03511962667107582, -0.04280012845993042, 0.1405750811100006, 0.09594298154115677, -0.0546862967312336, 0.013265164569020271, -0.043544284999370575, 0.089494988322258, 0.04821053147315979, -0.038229238241910934, 0.13976381719112396, -0.1221286952495575, 0.051770057529211044, 0.017806729301810265, 0.12326926738023758, 0.012551913969218731, 0.08517962694168091, -0.008634367026388645, -0.05278664082288742, -0.05085128918290138, -0.09443271905183792, -0.1533687859773636, -0.013541069813072681, -0.002702724654227495, 0.11914081126451492, 0.08042187988758087, -0.1328507512807846, 0.0785818099975586, 0.034124553203582764, -0.09027477353811264, 0.023341333493590355, 0.047509439289569855, 0.1528550684452057, 0.052521031349897385, -0.06440238654613495, -0.25494906306266785, -0.10702330619096756, -0.0879124104976654, -0.016212008893489838, 0.23354853689670563, -0.03354430943727493, 0.12994666397571564, 0.09475855529308319, 0.00012047569907736033, 0.06724593043327332, -0.12709668278694153, -0.03393493965268135, -0.14890453219413757, 0.06813239306211472, -0.10637633502483368, -0.04162462800741196, -0.050972625613212585, 0.0059594945050776005, 0.0841955915093422, -0.0638166069984436, -0.08793380856513977, -0.1652822345495224, -0.05375538021326065, 0.04861770197749138, 0.0462176688015461, 0.10490123182535172, 0.014963015913963318, 0.11613281816244125, -0.055283285677433014, -0.16572649776935577, 0.21732434630393982, 0.06783134490251541, 0.021339116618037224, 0.005643813405185938, 0.003800057340413332, 0.17096324265003204, 0.023998312652111053, -0.003809851361438632, -0.0808962881565094, -0.22243086993694305, 0.0019115706672891974, -0.08848309516906738, 0.17032241821289062, 0.04332377389073372, -0.07288359105587006, 0.010706240311264992, 0.062121398746967316, -0.019503450021147728, 0.012820280157029629, -0.05546719208359718, -0.09271214157342911, 0.029397111386060715, 0.06413951516151428, 0.091529980301857, 0.1287907361984253, -0.02805425599217415, 0.03366483002901077, 0.06480877101421356, 0.09122712910175323, 0.0529143400490284, -0.005147804506123066, -0.04376038536429405, 0.03567324951291084, 0.0972987562417984, 0.026845820248126984, 0.0975516065955162, -0.1176971048116684, 0.049209002405405045, 0.045613013207912445]
2022-03-28, 11:54:19, Eingang, 47776, 6, No face visible, NA, -1
2022-03-28, 11:54:20, Eingang, 47796, 6, No face visible, NA, -1
2022-03-28, 11:54:21, Eingang, 47828, 6, No face visible, NA, -1
2022-03-28, 11:54:22, Eingang, 47848, 6, No face visible, NA, -1
2022-03-28, 11:54:22, Eingang, 47849, 6, No face visible, NA, -1
2022-03-28, 11:54:23, Eingang, 47869, 6, No face visible, NA, -1
2022-03-28, 11:54:24, Eingang, 47889, 6, No face visible, NA, -1
2022-03-28, 11:54:25, Eingang, 47909, 6, No face visible, NA, -1
2022-03-28, 11:54:26, Eingang, 47929, 6, No face visible, NA, -1
2022-03-28, 11:54:28, Eingang, 47955, 6, No face visible, NA, -1
2022-03-28, 11:54:29, Eingang, 47975, 6, No face visible, NA, -1
2022-03-28, 11:54:29, Eingang, 47976, 6, No face visible, NA, -1
2022-03-28, 11:54:30, Eingang, 47996, 6, No face visible, NA, -1
2022-03-28, 11:54:31, Eingang, 48028, 6, No face visible, NA, -1
2022-03-28, 11:54:32, Eingang, 48048, 6, No face visible, NA, -1
2022-03-28, 11:54:36, Eingang, 48125, 6, No face visible, NA, -1
2022-03-28, 11:54:37, Eingang, 48151, 6, No face visible, NA, -1
2022-03-28, 11:54:38, Eingang, 48171, 6, No face visible, NA, -1
2022-03-28, 11:54:38, Eingang, 48172, 6, No face visible, NA, -1
2022-03-28, 11:54:42, Eingang, 48237, 6, unknown, NA, [-0.021387269720435143, -0.10358764976263046, -0.042627763003110886, -0.12106622010469437, 0.10425350815057755, 0.005771593190729618, 0.021180298179388046, -0.07032269239425659, 0.012811822816729546, 0.05761931091547012, 0.06124043092131615, -0.0780353844165802, 0.012163848616182804, -0.11422252655029297, -0.01625233143568039, 0.12266969680786133, 0.08422387391328812, -0.09322664886713028, 0.0815015435218811, -0.14916907250881195, 0.04056871309876442, 0.028644949197769165, -0.08135630190372467, -0.024075495079159737, 0.03339138627052307, -0.043325554579496384, 0.13902607560157776, 0.0946967676281929, -0.04295020550489426, 0.012767608277499676, -0.05103426054120064, 0.09125985950231552, 0.042150285094976425, -0.0316803976893425, 0.13151739537715912, -0.11984814703464508, 0.0594048947095871, 0.0248124860227108, 0.13585270941257477, 0.012911541387438774, 0.08365341275930405, 0.002764286007732153, -0.052777327597141266, -0.05216902121901512, -0.10821160674095154, -0.13825827836990356, -0.010869612917304039, -0.014375802129507065, 0.11559996753931046, 0.07788490504026413, -0.13258378207683563, 0.0853458046913147, 0.040719982236623764, -0.09346120059490204, 0.026126861572265625, 0.06070353090763092, 0.1497698575258255, 0.040205396711826324, -0.06664770096540451, -0.24399369955062866, -0.10597235709428787, -0.0927400290966034, -0.022697817534208298, 0.22336158156394958, -0.035451989620923996, 0.14901383221149445, 0.09652835875749588, 0.002779024885967374, 0.06839384883642197, -0.13241013884544373, -0.02880030870437622, -0.14023229479789734, 0.0613371767103672, -0.11156685650348663, -0.03284338861703873, -0.04052981734275818, 0.00229342607781291, 0.0888056680560112, -0.06993543356657028, -0.10479191690683365, -0.17057202756404877, -0.05233557149767876, 0.05325313284993172, 0.05379362031817436, 0.10492736101150513, 0.023181729018688202, 0.10515831410884857, -0.05326381325721741, -0.16186074912548065, 0.2283354252576828, 0.074188232421875, 0.024502569809556007, 0.010080387815833092, 0.01080490555614233, 0.16926345229148865, 0.026190610602498055, -0.0010157969081774354, -0.08612080663442612, -0.22060953080654144, -0.003928628284484148, -0.08660512417554855, 0.1645679771900177, 0.05332694575190544, -0.08134128898382187, 0.019979147240519524, 0.05765391141176224, -0.02253096178174019, 0.025324679911136627, -0.06757844239473343, -0.09033814072608948, 0.04371795803308487, 0.059582553803920746, 0.0856374204158783, 0.12376530468463898, -0.020928652957081795, 0.037133730947971344, 0.05147823691368103, 0.10187356919050217, 0.05738900601863861, -0.005496771074831486, -0.04547800496220589, 0.03016519546508789, 0.09019037336111069, 0.025222500786185265, 0.09030085057020187, -0.12456684559583664, 0.041191402822732925, 0.03356630727648735]
2022-03-28, 11:54:43, Eingang, 48257, 6, No face visible, NA, -1
2022-03-28, 11:54:46, Eingang, 48316, 6, No face visible, NA, -1
2022-03-28, 11:54:47, Eingang, 48336, 6, No face visible, NA, -1
2022-03-28, 11:54:51, Lost, person, 6, 1370,  544
