2022-03-23, 11:22:13, Found, person, 554, 2218,  867
2022-03-23, 11:22:13, Eingang, 1583635, 554, No face visible, NA, -1
2022-03-23, 11:22:14, Eingang, 1583645, 554, No face visible, NA, -1
2022-03-23, 11:22:15, Eingang, 1583655, 554, No face visible, NA, -1
2022-03-23, 11:22:16, Eingang, 1583665, 554, No face visible, NA, -1
2022-03-23, 11:22:17, Eingang, 1583675, 554, No face visible, NA, -1
2022-03-23, 11:22:18, Eingang, 1583685, 554, No face visible, NA, -1
2022-03-23, 11:22:19, Eingang, 1583695, 554, No face visible, NA, -1
2022-03-23, 11:22:19, Eingang, 1583696, 554, No face visible, NA, -1
2022-03-23, 11:22:20, Eingang, 1583706, 554, No face visible, NA, -1
2022-03-23, 11:22:21, Eingang, 1583716, 554, No face visible, NA, -1
2022-03-23, 11:22:22, Eingang, 1583726, 554, No face visible, NA, -1
2022-03-23, 11:22:23, Eingang, 1583736, 554, No face visible, NA, -1
2022-03-23, 11:22:24, Eingang, 1583746, 554, No face visible, NA, -1
2022-03-23, 11:22:25, Eingang, 1583756, 554, No face visible, NA, -1
2022-03-23, 11:22:26, Eingang, 1583757, 554, No face visible, NA, -1
2022-03-23, 11:22:26, Eingang, 1583767, 554, No face visible, NA, -1
2022-03-23, 11:22:32, Eingang, 1583828, 554, Maureen_Leber, 2.3565058806265973, [-0.04347553849220276, -0.11022063344717026, -0.04208073019981384, -0.1160728856921196, 0.105717234313488, 0.039037756621837616, -0.008334899321198463, -0.05413629487156868, 0.00020776402379851788, 0.05578386411070824, 0.05237461254000664, -0.08574896305799484, 0.024658499285578728, -0.09612461179494858, -0.015500540845096111, 0.10905454307794571, 0.08386626094579697, -0.09508810192346573, 0.08417902886867523, -0.146692156791687, 0.05449014529585838, 0.03781778737902641, -0.05278170481324196, -0.007528616115450859, 0.05018431693315506, -0.04292462021112442, 0.12758193910121918, 0.09753575176000595, -0.03802249953150749, 0.00534724211320281, -0.04116377234458923, 0.09288609027862549, 0.02758686989545822, 0.0039175134152174, 0.13721658289432526, -0.13185913860797882, 0.04775837063789368, 0.016660816967487335, 0.13043135404586792, 0.013081388548016548, 0.07010988146066666, 0.0037266493309289217, -0.034490689635276794, -0.04548235982656479, -0.10676563531160355, -0.13390609622001648, 0.0009246620466001332, -0.03522910922765732, 0.1364159733057022, 0.07403360307216644, -0.14217239618301392, 0.09087507426738739, 0.05530839040875435, -0.10627397149801254, 0.02795547991991043, 0.04063628613948822, 0.15360483527183533, 0.010459819808602333, -0.0877905786037445, -0.24994942545890808, -0.10299092531204224, -0.0810985267162323, -0.020278574898838997, 0.21350190043449402, -0.06838618963956833, 0.1311340630054474, 0.09210611879825592, 0.006584362592548132, 0.05572773143649101, -0.1304577887058258, -0.01651478372514248, -0.1319373995065689, 0.055814240127801895, -0.12102727591991425, -0.011147543787956238, -0.03182511776685715, 0.007752991281449795, 0.09962393343448639, -0.06668847054243088, -0.08168952912092209, -0.16319113969802856, -0.04331161826848984, 0.04410145431756973, 0.058714691549539566, 0.1137005016207695, 0.06446680426597595, 0.1000639945268631, -0.04955153167247772, -0.1734590083360672, 0.21656841039657593, 0.09967160224914551, 0.029269393533468246, -0.0131681552156806, 0.02411690540611744, 0.21071390807628632, 0.044237472116947174, -0.010823525488376617, -0.06934906542301178, -0.2238950878381729, -0.0197323989123106, -0.0642910823225975, 0.145331010222435, 0.045284006744623184, -0.07467341423034668, 0.011774079874157906, 0.04336506128311157, -0.037449754774570465, 0.01999441161751747, -0.08417405933141708, -0.11104197055101395, 0.02961723320186138, 0.04763296619057655, 0.07807435095310211, 0.12367196381092072, -0.0228643286973238, 0.026207244023680687, 0.044499870389699936, 0.0861910730600357, 0.05277905613183975, -0.0040392265655100346, -0.04611629247665405, 0.015838952735066414, 0.08792723715305328, 0.019792752340435982, 0.09715937077999115, -0.14995133876800537, 0.05418890714645386, 0.051150478422641754]
2022-03-23, 11:22:34, Eingang, 1583838, 554, No face visible, NA, -1
2022-03-23, 11:22:34, Eingang, 1583848, 554, Elvira_Bruno, NA, -1
2022-03-23, 11:22:36, Eingang, 1583858, 554, No face visible, NA, -1
2022-03-23, 11:22:36, Eingang, 1583868, 554, No face visible, NA, -1
2022-03-23, 11:22:36, Eingang, 1583869, 554, No face visible, NA, -1
2022-03-23, 11:22:38, Eingang, 1583879, 554, No face visible, NA, -1
2022-03-23, 11:22:38, Eingang, 1583889, 554, No face visible, NA, -1
2022-03-23, 11:22:48, Lost, person, 554, 2469,  324
