2022-03-30, 12:44:23, Found, person, 268, 1432,  804
2022-03-30, 12:44:23, Eingang, 2985430, 268, No face visible, NA, -1
2022-03-30, 12:44:24, Eingang, 2985450, 268, No face visible, NA, -1
2022-03-30, 12:44:25, Eingang, 2985470, 268, No face visible, NA, -1
2022-03-30, 12:44:26, Eingang, 2985490, 268, No face visible, NA, -1
2022-03-30, 12:44:27, Eingang, 2985510, 268, No face visible, NA, -1
2022-03-30, 12:44:28, Eingang, 2985530, 268, No face visible, NA, -1
2022-03-30, 12:44:29, Eingang, 2985550, 268, No face visible, NA, -1
2022-03-30, 12:44:29, Eingang, 2985551, 268, No face visible, NA, -1
2022-03-30, 12:44:31, Eingang, 2985571, 268, No face visible, NA, -1
2022-03-30, 12:44:35, Eingang, 2985649, 268, No face visible, NA, -1
2022-03-30, 12:44:38, Eingang, 2985718, 268, No face visible, NA, -1
2022-03-30, 12:44:40, Eingang, 2985753, 268, No face visible, NA, -1
2022-03-30, 12:44:41, Eingang, 2985773, 268, No face visible, NA, -1
2022-03-30, 12:44:42, Eingang, 2985793, 268, No face visible, NA, -1
2022-03-30, 12:44:42, Eingang, 2985794, 268, No face visible, NA, -1
2022-03-30, 12:44:43, Eingang, 2985814, 268, No face visible, NA, -1
2022-03-30, 12:44:44, Eingang, 2985834, 268, No face visible, NA, -1
2022-03-30, 12:44:45, Eingang, 2985854, 268, No face visible, NA, -1
2022-03-30, 12:44:46, Eingang, 2985874, 268, No face visible, NA, -1
2022-03-30, 12:44:47, Eingang, 2985894, 268, No face visible, NA, -1
2022-03-30, 12:44:48, Eingang, 2985914, 268, No face visible, NA, -1
2022-03-30, 12:44:48, Eingang, 2985915, 268, No face visible, NA, -1
2022-03-30, 12:44:50, Eingang, 2985940, 268, No face visible, NA, -1
2022-03-30, 12:44:51, Eingang, 2985960, 268, No face visible, NA, -1
2022-03-30, 12:44:52, Eingang, 2985980, 268, No face visible, NA, -1
2022-03-30, 12:44:53, Eingang, 2986000, 268, No face visible, NA, -1
2022-03-30, 12:44:54, Eingang, 2986027, 268, No face visible, NA, -1
2022-03-30, 12:44:55, Eingang, 2986047, 268, No face visible, NA, -1
2022-03-30, 12:44:55, Eingang, 2986048, 268, No face visible, NA, -1
2022-03-30, 12:44:56, Eingang, 2986068, 268, No face visible, NA, -1
2022-03-30, 12:44:59, Eingang, 2986122, 268, No face visible, NA, -1
2022-03-30, 12:45:00, Eingang, 2986153, 268, No face visible, NA, -1
2022-03-30, 12:45:02, Eingang, 2986173, 268, No face visible, NA, -1
2022-03-30, 12:45:03, Eingang, 2986198, 268, No face visible, NA, -1
2022-03-30, 12:45:04, Eingang, 2986218, 268, No face visible, NA, -1
2022-03-30, 12:45:04, Eingang, 2986219, 268, No face visible, NA, -1
2022-03-30, 12:45:06, Eingang, 2986264, 268, No face visible, NA, -1
2022-03-30, 12:45:08, Eingang, 2986284, 268, No face visible, NA, -1
2022-03-30, 12:45:09, Eingang, 2986304, 268, unknown, NA, [-0.048498641699552536, -0.10323258489370346, -0.10882055014371872, -0.08221559226512909, 0.08890270441770554, -0.037846412509679794, 0.02025725692510605, -0.027833836153149605, 0.019467726349830627, 0.033325713127851486, 0.07119891047477722, -0.08656643331050873, 0.00710351811721921, -0.1531447172164917, 0.0046486263163387775, 0.06830351799726486, 0.09479847550392151, -0.09681666642427444, 0.07014089822769165, -0.13770608603954315, -0.014849438332021236, 0.002171231433749199, -0.06723922491073608, -0.021994350478053093, 0.03212275356054306, -0.05439203232526779, 0.1853528469800949, 0.04234479367733002, -0.11766427755355835, -0.0009551377152092755, -0.09460196644067764, 0.0412478968501091, 0.025602098554372787, -0.035283301025629044, 0.16263017058372498, -0.04140462726354599, 0.14865075051784515, -0.028673723340034485, 0.14656014740467072, -0.008307015523314476, 0.05974673107266426, 0.07206357270479202, -0.053399499505758286, -0.014662864618003368, -0.0830254778265953, -0.13844136893749237, -0.009024680592119694, -0.008576696738600731, 0.09827856719493866, 0.08358028531074524, -0.15592099726200104, 0.07684344053268433, 0.05887429416179657, -0.04735562950372696, -0.012113862670958042, 0.08043678849935532, 0.15401093661785126, 0.04549126699566841, -0.06439964473247528, -0.23459824919700623, -0.08609913289546967, -0.04942721500992775, -0.026579901576042175, 0.19473184645175934, 0.014614386484026909, 0.1775214970111847, 0.06056235730648041, 0.023341767489910126, 0.008922995068132877, -0.13156820833683014, 0.012536084279417992, -0.0939827486872673, 0.005259412806481123, -0.14291419088840485, 0.006132097914814949, -0.047398749738931656, -0.02772495150566101, 0.10407278686761856, -0.07353957742452621, -0.11983286589384079, -0.16398745775222778, -0.03201073780655861, 0.013552241958677769, 0.03763558343052864, 0.1210317313671112, -0.003538652556017041, 0.06429111957550049, -0.021116644144058228, -0.1803063601255417, 0.1925532966852188, 0.05466960743069649, 0.035162802785634995, -0.03198065981268883, 0.04014332592487335, 0.06471571326255798, 0.0673864558339119, -0.017124198377132416, -0.12889958918094635, -0.21049118041992188, 0.06195482239127159, -0.04518072307109833, 0.15306374430656433, 0.08268515020608902, -0.1280190348625183, 0.02901620976626873, 0.05892093852162361, -0.043955836445093155, -0.01784380152821541, -0.06466216593980789, -0.09461331367492676, 0.053702861070632935, 0.022674543783068657, 0.12380852550268173, 0.11444447189569473, -0.05129789561033249, 0.06335356831550598, -0.011439276859164238, 0.10343750566244125, 0.10401404649019241, 0.08067106455564499, -0.05492261424660683, -0.05920618399977684, 0.08734097331762314, 0.00566141540184617, 0.08422704041004181, -0.1244157999753952, 0.10533048957586288, 0.004513625521212816]
2022-03-30, 12:45:10, Eingang, 2986324, 268, Ifrahim, 0.1492042554560514, [-0.01828734390437603, -0.07711554318666458, -0.10345415771007538, -0.08189986646175385, 0.08026710897684097, -0.04426683485507965, -0.0006230720900930464, -0.03318450227379799, 0.008610561490058899, 0.023625478148460388, 0.05973871424794197, -0.10830190032720566, -0.019398480653762817, -0.18054816126823425, 0.010305067524313927, 0.06660323590040207, 0.1239766925573349, -0.09129389375448227, 0.07366619259119034, -0.14701378345489502, -0.03610321506857872, 0.006516600959002972, -0.10605271905660629, 0.017116842791438103, -0.0018452347721904516, -0.051039911806583405, 0.13961261510849, 0.06864673644304276, -0.10308985412120819, 0.0013077110052108765, -0.018757518380880356, 0.05264347046613693, 0.03234130144119263, -0.04525919258594513, 0.13626644015312195, -0.0747784972190857, 0.1132480651140213, -0.015294804237782955, 0.17048288881778717, -0.0012261728988960385, 0.04726796969771385, 0.021314240992069244, -0.052545033395290375, -0.0419984832406044, -0.09691672027111053, -0.12803824245929718, 0.008447320200502872, -0.011143402196466923, 0.08229629695415497, 0.04098254069685936, -0.09433486312627792, 0.06838508695363998, 0.05054497718811035, -0.047517839819192886, 0.00229522748850286, 0.11562653630971909, 0.12713579833507538, 0.0006240147049538791, -0.053978633135557175, -0.22380918264389038, -0.08360801637172699, -0.07539530843496323, -0.027178915217518806, 0.23804384469985962, 0.0487431101500988, 0.15288564562797546, 0.08287646621465683, -0.0016248952597379684, -0.009127339348196983, -0.08966192603111267, 0.0171645600348711, -0.13457803428173065, 0.07565057277679443, -0.14618821442127228, 0.007883976213634014, -0.006745779886841774, -0.028261477127671242, 0.13847728073596954, -0.0866594985127449, -0.13299638032913208, -0.13569284975528717, -0.030736885964870453, -0.003498723963275552, 0.04786496236920357, 0.11277442425489426, -0.04747151583433151, 0.05659159645438194, -0.09288438409566879, -0.2196269929409027, 0.1918942779302597, 0.09182558208703995, 0.011185556650161743, -0.08735876530408859, -0.011542914435267448, 0.07102946192026138, 0.015725184231996536, 0.002097630873322487, -0.09937247633934021, -0.19881802797317505, 0.024071812629699707, -0.0991731658577919, 0.17844481766223907, 0.08373323827981949, -0.08512698113918304, 0.04112481325864792, 0.07046812027692795, -0.037426795810461044, 0.003040200797840953, -0.07367139309644699, -0.11079277843236923, 0.0044920253567397594, 0.0580611526966095, 0.10080032050609589, 0.09482534974813461, -0.055002305656671524, 0.0543358139693737, -0.003185088513419032, 0.08701547980308533, 0.061447832733392715, 0.07007394731044769, -0.04094383493065834, -0.08276011794805527, 0.10803411900997162, 0.04600773751735687, 0.0934777557849884, -0.17136117815971375, 0.05965689942240715, 0.0028271155897527933]
2022-03-30, 12:45:11, Eingang, 2986344, 268, No face visible, NA, -1
2022-03-30, 12:45:12, Eingang, 2986364, 268, No face visible, NA, -1
2022-03-30, 12:45:12, Eingang, 2986365, 268, No face visible, NA, -1
2022-03-30, 12:45:13, Eingang, 2986385, 268, unknown, NA, [-0.01932847872376442, -0.08462613075971603, -0.05332716181874275, -0.11186163127422333, 0.1090034767985344, 0.024158554151654243, 0.013526164926588535, -0.06359242647886276, 0.011235670186579227, 0.05566713586449623, 0.06174160912632942, -0.08407526463270187, 0.007589537184685469, -0.11497409641742706, 0.00030294497264549136, 0.10697779059410095, 0.08089154213666916, -0.0982845351099968, 0.08512359112501144, -0.1484084129333496, 0.01988006941974163, 0.039853256195783615, -0.09197352081537247, -0.00974341481924057, 0.035647906363010406, -0.051944609731435776, 0.13585181534290314, 0.08595196902751923, -0.0558895543217659, 0.005953139625489712, -0.045616988092660904, 0.08058296144008636, 0.03652353584766388, -0.03506942093372345, 0.14447279274463654, -0.10353217273950577, 0.05816397815942764, 0.009914776310324669, 0.13073691725730896, 0.010467544198036194, 0.07936479896306992, 0.012129082344472408, -0.05024734511971474, -0.04984920471906662, -0.10890114307403564, -0.1511998474597931, -0.010410563088953495, -0.004266143310815096, 0.1269393116235733, 0.0783831998705864, -0.12171553820371628, 0.07982102036476135, 0.05990388244390488, -0.08375342190265656, 0.0175978634506464, 0.05887790024280548, 0.14414146542549133, 0.020467109978199005, -0.07075018435716629, -0.24365173280239105, -0.10671594738960266, -0.09021810442209244, -0.012548680417239666, 0.22932395339012146, -0.019109083339571953, 0.1405201107263565, 0.09449952840805054, -0.0034052329137921333, 0.059968966990709305, -0.11829955130815506, -0.015767695382237434, -0.1465933471918106, 0.05751103162765503, -0.11784985661506653, -0.030197331681847572, -0.04844784736633301, 0.006586041301488876, 0.11444910615682602, -0.07297008484601974, -0.08718091994524002, -0.16163548827171326, -0.053403791040182114, 0.04288836568593979, 0.06088126078248024, 0.10864106565713882, 0.025160735473036766, 0.11154313385486603, -0.06691274046897888, -0.1677556037902832, 0.21058449149131775, 0.0897192731499672, 0.03577469661831856, -0.011862266808748245, 0.009130186401307583, 0.1645369678735733, 0.04191942512989044, -0.007492818403989077, -0.10184277594089508, -0.21980947256088257, 0.011451269499957561, -0.10323518514633179, 0.167596697807312, 0.056752100586891174, -0.0747949406504631, 0.021390622481703758, 0.047759853303432465, -0.03411352261900902, 0.020730704069137573, -0.06347094476222992, -0.10413451492786407, 0.03207636997103691, 0.04408661648631096, 0.07979203015565872, 0.1429891437292099, -0.03202969953417778, 0.03800220042467117, 0.04712009057402611, 0.10405479371547699, 0.06504534184932709, 0.013513036072254181, -0.05764857679605484, -0.0029060535598546267, 0.09598694741725922, 0.025552723556756973, 0.09654635936021805, -0.12580867111682892, 0.052254222333431244, 0.03368828073143959]
2022-03-30, 12:45:21, Lost, person, 268, 902,  863
