2022-03-29, 07:26:16, Found, person, 115, 1537, 1027
2022-03-29, 07:26:16, Eingang, 1167568, 115, No face visible, NA, -1
2022-03-29, 07:26:17, Eingang, 1167588, 115, No face visible, NA, -1
2022-03-29, 07:26:18, Eingang, 1167608, 115, No face visible, NA, -1
2022-03-29, 07:26:20, Eingang, 1167628, 115, No face visible, NA, -1
2022-03-29, 07:26:20, Eingang, 1167648, 115, No face visible, NA, -1
2022-03-29, 07:26:22, Eingang, 1167668, 115, No face visible, NA, -1
2022-03-29, 07:26:23, Eingang, 1167688, 115, No face visible, NA, -1
2022-03-29, 07:26:23, Eingang, 1167689, 115, No face visible, NA, -1
2022-03-29, 07:26:24, Eingang, 1167709, 115, No face visible, NA, -1
2022-03-29, 07:26:25, Eingang, 1167729, 115, No face visible, NA, -1
2022-03-29, 07:26:26, Eingang, 1167749, 115, No face visible, NA, -1
2022-03-29, 07:26:27, Eingang, 1167769, 115, No face visible, NA, -1
2022-03-29, 07:26:28, Eingang, 1167789, 115, No face visible, NA, -1
2022-03-29, 07:26:29, Eingang, 1167809, 115, No face visible, NA, -1
2022-03-29, 07:26:29, Eingang, 1167810, 115, No face visible, NA, -1
2022-03-29, 07:26:30, Eingang, 1167830, 115, No face visible, NA, -1
2022-03-29, 07:26:32, Eingang, 1167850, 115, No face visible, NA, -1
2022-03-29, 07:26:32, Eingang, 1167870, 115, No face visible, NA, -1
2022-03-29, 07:26:34, Eingang, 1167890, 115, No face visible, NA, -1
2022-03-29, 07:26:35, Eingang, 1167910, 115, No face visible, NA, -1
2022-03-29, 07:26:36, Eingang, 1167930, 115, No face visible, NA, -1
2022-03-29, 07:26:36, Eingang, 1167931, 115, No face visible, NA, -1
2022-03-29, 07:26:37, Eingang, 1167951, 115, No face visible, NA, -1
2022-03-29, 07:26:38, Eingang, 1167971, 115, No face visible, NA, -1
2022-03-29, 07:26:39, Eingang, 1167991, 115, No face visible, NA, -1
2022-03-29, 07:26:40, Eingang, 1168011, 115, No face visible, NA, -1
2022-03-29, 07:26:41, Eingang, 1168031, 115, unknown, NA, [-0.02040272206068039, -0.12112094461917877, -0.018831953406333923, -0.10636954754590988, 0.08198873698711395, -0.030831336975097656, 0.02855999395251274, -0.05667930841445923, 0.014510441571474075, 0.05244177579879761, 0.0930674821138382, -0.0978156253695488, 0.006800276692956686, -0.10947521030902863, -0.02913646027445793, 0.1326669454574585, 0.1042667031288147, -0.11562347412109375, 0.060708384960889816, -0.1482631117105484, -0.0042562359012663364, 0.015985935926437378, -0.07116688042879105, -0.02511400356888771, 0.05673585832118988, -0.018456047400832176, 0.1978650987148285, 0.10912946611642838, -0.044028401374816895, 0.018346453085541725, -0.09266211092472076, 0.08743546903133392, 0.02115367166697979, -0.049257196485996246, 0.14390519261360168, -0.08479069918394089, 0.1416609287261963, 0.048972707241773605, 0.14690515398979187, 0.02628728561103344, 0.08270175009965897, -0.022494791075587273, -0.0425279475748539, -0.04370282590389252, -0.12032127380371094, -0.10938757658004761, 0.013963901437819004, -0.047788623720407486, 0.09616940468549728, 0.06425352394580841, -0.13053861260414124, 0.07120498269796371, 0.07384179532527924, -0.0705854669213295, 0.005287997890263796, 0.072350412607193, 0.13526420295238495, 0.07988245785236359, -0.01049196720123291, -0.20759721100330353, -0.1109190285205841, -0.056556303054094315, -0.05535539239645004, 0.20605146884918213, -0.006390345748513937, 0.1742521971464157, 0.08935047686100006, 0.02461780048906803, 0.0580923967063427, -0.11119194328784943, -0.025715786963701248, -0.12777845561504364, 0.05482891947031021, -0.10340612381696701, -0.05283142998814583, -0.002492116065695882, 0.002783713163807988, 0.08510910719633102, -0.050080571323633194, -0.12472934275865555, -0.16871842741966248, -0.06252186000347137, 0.06809434294700623, 0.04241352528333664, 0.09962815046310425, -0.010091006755828857, 0.12029536813497543, -0.04413801431655884, -0.166568785905838, 0.20817485451698303, 0.060327302664518356, -0.0005752515862695873, 0.00045887005398981273, -0.04547503963112831, 0.13639520108699799, 0.04267114773392677, 0.011040355078876019, -0.09753216803073883, -0.19431822001934052, 0.017332542687654495, -0.07791338860988617, 0.17007112503051758, 0.05725783854722977, -0.10348742455244064, 0.008450356312096119, 0.10221010446548462, -0.008536514826118946, 0.0024693473242223263, -0.049583856016397476, -0.09153057634830475, 0.07026082277297974, 0.039434678852558136, 0.12035058438777924, 0.07603824138641357, -0.021655267104506493, 0.04327132925391197, 0.025984127074480057, 0.12885811924934387, 0.08559427410364151, 0.003609283361583948, -0.020972274243831635, -0.006534908898174763, 0.08273620158433914, 0.03128254786133766, 0.09757431596517563, -0.09290318191051483, 0.0990171879529953, 0.03441035374999046]
2022-03-29, 07:26:42, Eingang, 1168051, 115, unknown, NA, [-0.011615980416536331, -0.11104856431484222, -0.03042663261294365, -0.11097445338964462, 0.11032332479953766, 0.026802942156791687, 0.027897870168089867, -0.07254457473754883, 0.005157450679689646, 0.04920018091797829, 0.07614699006080627, -0.09027577191591263, 0.021772297099232674, -0.11642499268054962, -0.0031845159828662872, 0.13697507977485657, 0.09870260208845139, -0.09248960018157959, 0.07406777143478394, -0.1166163831949234, 0.01236090250313282, 0.050466157495975494, -0.08782680332660675, -0.013255764730274677, 0.04669460654258728, -0.03533599153161049, 0.14265227317810059, 0.10173399746417999, -0.0449039563536644, 0.009622136130928993, -0.036189351230859756, 0.10102187097072601, 0.03486828878521919, -0.03786952793598175, 0.13475388288497925, -0.11148305982351303, 0.054363928735256195, 0.035343486815690994, 0.11434144526720047, 0.029760098084807396, 0.08019903302192688, -0.013303441926836967, -0.039114806801080704, -0.06705944240093231, -0.10097994655370712, -0.16366194188594818, 0.003914792090654373, 0.008811241947114468, 0.1107325330376625, 0.09138472378253937, -0.11354811489582062, 0.07029121369123459, 0.04596825689077377, -0.06981894373893738, 0.0248189028352499, 0.037489697337150574, 0.12248034030199051, 0.03920936957001686, -0.05786677077412605, -0.2355956882238388, -0.09789221733808517, -0.10600848495960236, -0.0039252773858606815, 0.23484355211257935, -0.032295238226652145, 0.13412311673164368, 0.09339256584644318, 0.01772257685661316, 0.07488103210926056, -0.12053575366735458, -0.04693934693932533, -0.17226502299308777, 0.06265100836753845, -0.09025540202856064, -0.051454804837703705, -0.038270533084869385, 0.0041939811781048775, 0.08536519855260849, -0.07097475975751877, -0.08704782277345657, -0.16944928467273712, -0.05596255883574486, 0.03247377276420593, 0.08355709165334702, 0.11539147794246674, 0.017458515241742134, 0.15231935679912567, -0.08101541548967361, -0.1731628030538559, 0.2101093828678131, 0.07083591818809509, 0.01272532343864441, 0.01855500414967537, -0.02123885042965412, 0.16724072396755219, 0.022823520004749298, 0.0013886044034734368, -0.08488999307155609, -0.2200920134782791, 0.004315043333917856, -0.10058331489562988, 0.1693427860736847, 0.05142224207520485, -0.06486991792917252, 0.0029993869829922915, 0.06133471429347992, -0.041346851736307144, 0.016644760966300964, -0.0609956793487072, -0.10744495689868927, 0.04349703714251518, 0.05075016990303993, 0.1027894839644432, 0.11656482517719269, -0.025178348645567894, 0.028956370428204536, 0.03779783472418785, 0.0960593968629837, 0.05145147070288658, -0.004616511519998312, -0.04591938853263855, 0.024963928386569023, 0.08919117599725723, 0.03201745077967644, 0.09589514136314392, -0.10626733303070068, 0.037499696016311646, 0.05553537234663963]
2022-03-29, 07:26:42, Eingang, 1168052, 115, No face visible, NA, -1
2022-03-29, 07:26:43, Eingang, 1168072, 115, unknown, NA, [-0.04060538113117218, -0.11286109685897827, -0.035581186413764954, -0.12130459398031235, 0.10114812105894089, 0.037338513880968094, -0.008565740659832954, -0.05682713910937309, -0.0004143760015722364, 0.056035857647657394, 0.05703294277191162, -0.0834643766283989, 0.03158693015575409, -0.09263674914836884, -0.024512169882655144, 0.11449222266674042, 0.09160751104354858, -0.0934627428650856, 0.0755067691206932, -0.14353808760643005, 0.05846080183982849, 0.03879226744174957, -0.053440168499946594, -0.011626452207565308, 0.052091483026742935, -0.036546360701322556, 0.1266448050737381, 0.10347259789705276, -0.03370476886630058, -0.0021789136808365583, -0.0487016886472702, 0.09948592633008957, 0.02348204515874386, 0.007629465311765671, 0.13829629123210907, -0.1276899129152298, 0.04292789101600647, 0.022612731903791428, 0.12585802376270294, 0.01435408927500248, 0.070574551820755, -0.00041516104829497635, -0.03314104303717613, -0.04366046190261841, -0.10926495492458344, -0.14554066956043243, 0.00298779783770442, -0.03966256603598595, 0.14093603193759918, 0.06662227213382721, -0.13788694143295288, 0.08120713382959366, 0.044724464416503906, -0.11453456431627274, 0.029916616156697273, 0.03818605840206146, 0.1532963216304779, 0.011773563921451569, -0.08936075866222382, -0.25141215324401855, -0.112403005361557, -0.08511972427368164, -0.017857015132904053, 0.21241044998168945, -0.07517081499099731, 0.1347407102584839, 0.09006386250257492, 0.007864391431212425, 0.07191799581050873, -0.1299605369567871, -0.0188528373837471, -0.1277153193950653, 0.0519600547850132, -0.11312341690063477, -0.009066049940884113, -0.03177447244524956, 0.006801856216043234, 0.08822928369045258, -0.0630795955657959, -0.08397267013788223, -0.15872298181056976, -0.046426136046648026, 0.04464066028594971, 0.06392451375722885, 0.11648483574390411, 0.07032559812068939, 0.1034528985619545, -0.05327365919947624, -0.17225144803524017, 0.22618277370929718, 0.09929951280355453, 0.021225739270448685, -0.005093288607895374, 0.01982773467898369, 0.20715951919555664, 0.048086412250995636, -0.007359438110142946, -0.06506132334470749, -0.21695445477962494, -0.022213555872440338, -0.06695788353681564, 0.1460009068250656, 0.04272708296775818, -0.07569865137338638, 0.006176121532917023, 0.0462053082883358, -0.03768770024180412, 0.01629204861819744, -0.08869274705648422, -0.10646113753318787, 0.039082661271095276, 0.05562615394592285, 0.0780147910118103, 0.12264034897089005, -0.013343478552997112, 0.028124945238232613, 0.04629119485616684, 0.0829009860754013, 0.04940164461731911, -0.012774083763360977, -0.040009304881095886, 0.023015815764665604, 0.08532235026359558, 0.018762381747364998, 0.0880131646990776, -0.14377352595329285, 0.04928005859255791, 0.047042835503816605]
2022-03-29, 07:26:44, Eingang, 1168092, 115, No face visible, NA, -1
2022-03-29, 07:26:45, Eingang, 1168112, 115, No face visible, NA, -1
2022-03-29, 07:26:46, Eingang, 1168132, 115, No face visible, NA, -1
2022-03-29, 07:26:47, Eingang, 1168152, 115, No face visible, NA, -1
2022-03-29, 07:26:48, Eingang, 1168172, 115, No face visible, NA, -1
2022-03-29, 07:26:49, Eingang, 1168173, 115, No face visible, NA, -1
2022-03-29, 07:26:49, Eingang, 1168193, 115, No face visible, NA, -1
2022-03-29, 07:26:54, Lost, person, 115, 1658,  293
