2022-03-23, 11:52:16, Found, person, 560, 2309,  412
2022-03-23, 11:52:16, Eingang, 1601695, 560, No face visible, NA, -1
2022-03-23, 11:52:17, Eingang, 1601705, 560, No face visible, NA, -1
2022-03-23, 11:52:18, Eingang, 1601715, 560, No face visible, NA, -1
2022-03-23, 11:52:19, Eingang, 1601725, 560, No face visible, NA, -1
2022-03-23, 11:52:20, Eingang, 1601735, 560, No face visible, NA, -1
2022-03-23, 11:52:21, Eingang, 1601745, 560, No face visible, NA, -1
2022-03-23, 11:52:22, Eingang, 1601755, 560, No face visible, NA, -1
2022-03-23, 11:52:22, Eingang, 1601756, 560, No face visible, NA, -1
2022-03-23, 11:52:23, Eingang, 1601766, 560, No face visible, NA, -1
2022-03-23, 11:52:24, Eingang, 1601776, 560, No face visible, NA, -1
2022-03-23, 11:52:25, Eingang, 1601786, 560, No face visible, NA, -1
2022-03-23, 11:52:26, Eingang, 1601796, 560, No face visible, NA, -1
2022-03-23, 11:52:29, Eingang, 1601824, 560, No face visible, NA, -1
2022-03-23, 11:52:30, Eingang, 1601834, 560, No face visible, NA, -1
2022-03-23, 11:52:30, Eingang, 1601835, 560, No face visible, NA, -1
2022-03-23, 11:52:31, Eingang, 1601845, 560, No face visible, NA, -1
2022-03-23, 11:52:32, Eingang, 1601855, 560, No face visible, NA, -1
2022-03-23, 11:52:33, Eingang, 1601865, 560, No face visible, NA, -1
2022-03-23, 11:52:35, Eingang, 1601881, 560, No face visible, NA, -1
2022-03-23, 11:52:36, Eingang, 1601891, 560, unknown, NA, [-0.03198843076825142, -0.08918099850416183, -0.0349457673728466, -0.12148789316415787, 0.09599991142749786, 0.022403394803404808, 0.02605232410132885, -0.049403607845306396, 0.011120490729808807, 0.0671003982424736, 0.06293299049139023, -0.08226477354764938, 0.019168252125382423, -0.12350322306156158, -0.017367377877235413, 0.11104196310043335, 0.060593318194150925, -0.10277803987264633, 0.07200244069099426, -0.15114383399486542, 0.04755159467458725, 0.04130524769425392, -0.07943843305110931, -0.005088026635348797, 0.030774366110563278, -0.04716678708791733, 0.1268852800130844, 0.09297668933868408, -0.06318753212690353, -0.033168334513902664, -0.06479357182979584, 0.08130863308906555, 0.031127557158470154, -0.04299836978316307, 0.14303991198539734, -0.11361337453126907, 0.07614966481924057, -0.00032651214860379696, 0.14931820333003998, -0.011956517584621906, 0.08130481094121933, 0.0002104195300489664, -0.044412314891815186, -0.06338241696357727, -0.11747553199529648, -0.13420875370502472, 0.01105605810880661, -0.018221335485577583, 0.10738004744052887, 0.07688292115926743, -0.13395312428474426, 0.09303325414657593, 0.04402526095509529, -0.0938219204545021, 0.016032923012971878, 0.062474653124809265, 0.13879677653312683, 0.0366777740418911, -0.045956097543239594, -0.23745328187942505, -0.09391725808382034, -0.09087464958429337, -0.03229239583015442, 0.2220088541507721, -0.00794313196092844, 0.1279628872871399, 0.09330448508262634, 0.00606036651879549, 0.04546644538640976, -0.12806689739227295, -0.04111389443278313, -0.14570020139217377, 0.0697895735502243, -0.1314038634300232, -0.017599640414118767, -0.04789566248655319, -0.0004354431584943086, 0.11409259587526321, -0.06334783881902695, -0.09545062482357025, -0.1539345234632492, -0.06667999923229218, 0.044152650982141495, 0.03910291939973831, 0.08512438088655472, 0.032317306846380234, 0.10645788908004761, -0.04447135701775551, -0.15757130086421967, 0.21383677423000336, 0.09007326513528824, 0.026955662295222282, -0.011157425120472908, -0.015121896751224995, 0.18450132012367249, 0.035938676446676254, -0.006989901419728994, -0.11468798667192459, -0.19876885414123535, 0.01211756281554699, -0.09143175184726715, 0.17542965710163116, 0.04279410094022751, -0.08507761359214783, 0.012573717162013054, 0.04635779932141304, -0.009058000519871712, 0.01641439087688923, -0.04362015426158905, -0.08745166659355164, 0.030561968684196472, 0.03996797278523445, 0.10123693197965622, 0.13407257199287415, -0.029948577284812927, 0.03745030239224434, 0.04767455905675888, 0.11732590943574905, 0.06542553752660751, 0.015451258979737759, -0.07947179675102234, -0.0033118990249931812, 0.09719966351985931, 0.0533173568546772, 0.10598225891590118, -0.1298220008611679, 0.08104224503040314, 0.03947431221604347]
2022-03-23, 11:52:37, Eingang, 1601901, 560, No face visible, NA, -1
2022-03-23, 11:52:37, Eingang, 1601902, 560, No face visible, NA, -1
2022-03-23, 11:52:38, Eingang, 1601912, 560, No face visible, NA, -1
2022-03-23, 11:52:39, Eingang, 1601922, 560, unknown, NA, [-0.02381783537566662, -0.10272032767534256, -0.0395914688706398, -0.12273193895816803, 0.10108128935098648, 0.008220006711781025, 0.020297609269618988, -0.06703884899616241, 0.0014379777712747455, 0.06098272278904915, 0.06322312355041504, -0.0810515359044075, 0.03162981569766998, -0.10646364837884903, -0.013480979949235916, 0.1260465681552887, 0.08646566420793533, -0.09688986092805862, 0.07244674116373062, -0.14080141484737396, 0.039546236395835876, 0.03987742215394974, -0.07926245778799057, -0.020780382677912712, 0.03283269330859184, -0.04953363910317421, 0.13478434085845947, 0.09953548014163971, -0.052138544619083405, -0.0031291767954826355, -0.051227208226919174, 0.08843710273504257, 0.04047156497836113, -0.023864485323429108, 0.13605836033821106, -0.11661943048238754, 0.06499278545379639, 0.014456819742918015, 0.13106384873390198, 0.017128633335232735, 0.07679107040166855, 0.005896794609725475, -0.04267410933971405, -0.049415312707424164, -0.10826585441827774, -0.14744985103607178, -0.005210528615862131, -0.013749402016401291, 0.1264839768409729, 0.07533473521471024, -0.14217954874038696, 0.07895048707723618, 0.02852483093738556, -0.09278389066457748, 0.018314380198717117, 0.05587165057659149, 0.15473586320877075, 0.04339166358113289, -0.0715545117855072, -0.24781732261180878, -0.1097664088010788, -0.08769089728593826, -0.023085104301571846, 0.2287386804819107, -0.0409402996301651, 0.14216789603233337, 0.0973610207438469, -0.00017519196262583137, 0.07191210240125656, -0.13310955464839935, -0.031064383685588837, -0.13282302021980286, 0.058493971824645996, -0.11228273063898087, -0.024893736466765404, -0.04665059596300125, 0.001440654625184834, 0.07976449280977249, -0.06935276836156845, -0.09627505391836166, -0.16518381237983704, -0.05473901703953743, 0.05118979513645172, 0.05998629704117775, 0.11016087234020233, 0.031869348138570786, 0.10393756628036499, -0.05334135517477989, -0.16336622834205627, 0.22745782136917114, 0.07715588063001633, 0.020502066239714622, 0.008161274716258049, 0.009332400746643543, 0.17503203451633453, 0.0336170457303524, -0.005900254938751459, -0.08761867135763168, -0.21389947831630707, -0.0034085470251739025, -0.08067422360181808, 0.16429674625396729, 0.04515397921204567, -0.08094962686300278, 0.01673181541264057, 0.054424915462732315, -0.02727983333170414, 0.017062272876501083, -0.06921620666980743, -0.0963721051812172, 0.046638377010822296, 0.05701814219355583, 0.08780635893344879, 0.13494473695755005, -0.021450601518154144, 0.035776909440755844, 0.056188542395830154, 0.09539691358804703, 0.05392072722315788, 0.0005041786353103817, -0.04571886733174324, 0.025749096646904945, 0.08522049337625504, 0.019890693947672844, 0.0862669050693512, -0.1271504908800125, 0.04745393618941307, 0.033625684678554535]
2022-03-23, 11:52:40, Eingang, 1601935, 560, No face visible, NA, -1
2022-03-23, 11:52:41, Eingang, 1601945, 560, No face visible, NA, -1
2022-03-23, 11:52:49, Eingang, 1602027, 560, No face visible, NA, -1
2022-03-23, 11:52:53, Out, person, 560, 2349,   95
