2022-03-22, 12:07:36, Found, person, 154, 2116,  896
2022-03-22, 12:07:36, Eingang, 729508, 154, No face visible, NA, -1
2022-03-22, 12:07:37, Eingang, 729518, 154, No face visible, NA, -1
2022-03-22, 12:07:38, Eingang, 729528, 154, No face visible, NA, -1
2022-03-22, 12:07:39, Eingang, 729538, 154, No face visible, NA, -1
2022-03-22, 12:07:40, Eingang, 729548, 154, No face visible, NA, -1
2022-03-22, 12:07:41, Eingang, 729558, 154, No face visible, NA, -1
2022-03-22, 12:07:42, Eingang, 729568, 154, No face visible, NA, -1
2022-03-22, 12:07:42, Eingang, 729569, 154, No face visible, NA, -1
2022-03-22, 12:07:43, Eingang, 729579, 154, No face visible, NA, -1
2022-03-22, 12:07:44, Eingang, 729589, 154, No face visible, NA, -1
2022-03-22, 12:07:45, Eingang, 729599, 154, No face visible, NA, -1
2022-03-22, 12:07:46, Eingang, 729609, 154, No face visible, NA, -1
2022-03-22, 12:07:47, Eingang, 729619, 154, No face visible, NA, -1
2022-03-22, 12:07:48, Eingang, 729629, 154, unknown, NA, [-0.028054753318428993, -0.10996715724468231, -0.027314646169543266, -0.09917405992746353, 0.09315077215433121, 0.011756830848753452, 0.031934961676597595, -0.0631345883011818, 0.002794707892462611, 0.06969515979290009, 0.07347431778907776, -0.09750250726938248, 0.024734504520893097, -0.10830775648355484, -0.006909450050443411, 0.11684168875217438, 0.0844225063920021, -0.10081613808870316, 0.07318106293678284, -0.13637058436870575, 0.008463194593787193, 0.02736814320087433, -0.09359784424304962, -0.013481228612363338, 0.03925096243619919, -0.058832667768001556, 0.14137624204158783, 0.08802501857280731, -0.06105108559131622, -0.006125280633568764, -0.04230954498052597, 0.07982392609119415, 0.04576694965362549, -0.05224449560046196, 0.14256706833839417, -0.1058221384882927, 0.09887023270130157, 0.018810288980603218, 0.13083894550800323, 0.0077140373177826405, 0.10281241685152054, -0.006008450873196125, -0.04470570757985115, -0.061123017221689224, -0.11377760767936707, -0.15869951248168945, 0.0032586148008704185, 0.00371669908054173, 0.11712046712636948, 0.0691005140542984, -0.12794552743434906, 0.06582047045230865, 0.04727010056376457, -0.06578025221824646, 0.002186274155974388, 0.04994172230362892, 0.13947363197803497, 0.05382832512259483, -0.037758491933345795, -0.23275405168533325, -0.09890783578157425, -0.08583083748817444, -0.032491955906152725, 0.23454199731349945, -0.009952948428690434, 0.13292711973190308, 0.10122348368167877, -0.0004236117529217154, 0.06037016957998276, -0.11021947115659714, -0.03926385939121246, -0.16200126707553864, 0.07442936301231384, -0.10277093946933746, -0.05005336180329323, -0.051667675375938416, 0.016096901148557663, 0.10171640664339066, -0.05501890555024147, -0.0894816517829895, -0.15123751759529114, -0.0757206603884697, 0.04393431544303894, 0.041320499032735825, 0.08836939185857773, 0.01072768121957779, 0.12933312356472015, -0.06199698895215988, -0.176517516374588, 0.2221750169992447, 0.07327330857515335, 0.023568658158183098, -0.01636148802936077, -0.02699187956750393, 0.15294751524925232, 0.03366779536008835, 0.004668308887630701, -0.10089537501335144, -0.2068975269794464, 0.025021346285939217, -0.11425340920686722, 0.18398384749889374, 0.0466696061193943, -0.07682789862155914, 0.02643166482448578, 0.07291805744171143, -0.010810047388076782, -0.0065797786228358746, -0.04746010899543762, -0.09788330644369125, 0.02537364512681961, 0.04765629768371582, 0.10213108360767365, 0.11151532828807831, -0.046719085425138474, 0.021884717047214508, 0.04692963510751724, 0.0949421226978302, 0.061195001006126404, 0.013734516687691212, -0.06895344704389572, -0.01812181994318962, 0.08937298506498337, 0.050947390496730804, 0.1065504401922226, -0.09817472845315933, 0.0782303512096405, 0.05871216207742691]
2022-03-22, 12:07:49, Eingang, 729630, 154, No face visible, NA, -1
2022-03-22, 12:07:50, Eingang, 729640, 154, No face visible, NA, -1
2022-03-22, 12:07:51, Eingang, 729656, 154, No face visible, NA, -1
2022-03-22, 12:07:52, Eingang, 729666, 154, No face visible, NA, -1
2022-03-22, 12:08:01, Lost, person, 154, 1839,  389
