2022-03-23, 15:45:12, Found, person, 796, 2243,  400
2022-03-23, 15:45:12, Eingang, 1741684, 796, No face visible, NA, -1
2022-03-23, 15:45:13, Eingang, 1741694, 796, No face visible, NA, -1
2022-03-23, 15:45:14, Eingang, 1741704, 796, No face visible, NA, -1
2022-03-23, 15:45:15, Eingang, 1741714, 796, Elvira_Bruno, NA, -1
2022-03-23, 15:45:16, Eingang, 1741724, 796, No face visible, NA, -1
2022-03-23, 15:45:20, Eingang, 1741761, 796, No face visible, NA, -1
2022-03-23, 15:45:21, Eingang, 1741771, 796, No face visible, NA, -1
2022-03-23, 15:45:21, Eingang, 1741772, 796, No face visible, NA, -1
2022-03-23, 15:45:22, Eingang, 1741782, 796, No face visible, NA, -1
2022-03-23, 15:45:23, Eingang, 1741792, 796, No face visible, NA, -1
2022-03-23, 15:45:24, Eingang, 1741802, 796, No face visible, NA, -1
2022-03-23, 15:45:25, Eingang, 1741812, 796, Maureen_Leber, 2.0400850523530822, [-0.009075458161532879, -0.1034388542175293, -0.054407309740781784, -0.1010243222117424, 0.07465730607509613, -0.020552178844809532, 0.04480896145105362, -0.05352269113063812, 0.005722799804061651, 0.0433901809155941, 0.08563066273927689, -0.08915355056524277, -0.0063933515921235085, -0.11932020634412766, 0.006320012733340263, 0.11608225107192993, 0.08236187696456909, -0.09707849472761154, 0.0893368199467659, -0.15975074470043182, -0.045684438198804855, 0.011931094340980053, -0.10191699117422104, 0.012716380879282951, 0.049034394323825836, -0.03285829722881317, 0.17295245826244354, 0.09634226560592651, -0.06684594601392746, 0.009482432156801224, -0.055866070091724396, 0.09429341554641724, 0.0349985733628273, -0.05474695563316345, 0.12727870047092438, -0.07483210414648056, 0.07809154689311981, 0.027579626068472862, 0.14344951510429382, 0.01341114193201065, 0.08269927650690079, -0.0019839699380099773, -0.07128482311964035, -0.07070931047201157, -0.09232418239116669, -0.15143364667892456, 0.006183669436722994, -0.004371212795376778, 0.09404799342155457, 0.08038697391748428, -0.12900301814079285, 0.07746076583862305, 0.07737374305725098, -0.04939671978354454, 0.00088977423729375, 0.10118009150028229, 0.13734254240989685, 0.07235296815633774, -0.029639489948749542, -0.21618886291980743, -0.10953200608491898, -0.08762504905462265, -0.014938191510736942, 0.22045321762561798, 0.03509405255317688, 0.13825879991054535, 0.09993959218263626, 0.009944594465196133, 0.039453305304050446, -0.08415035903453827, -0.015963714569807053, -0.14028823375701904, 0.06621697545051575, -0.09555234014987946, -0.07070479542016983, -0.06731809675693512, -0.014460687525570393, 0.09483987092971802, -0.07525058835744858, -0.10476315021514893, -0.1455329954624176, -0.08746734261512756, 0.039621684700250626, 0.040900420397520065, 0.11029147356748581, -0.016386015340685844, 0.12512332201004028, -0.06478837132453918, -0.16463147103786469, 0.1936621516942978, 0.07604274153709412, -0.0007456496823579073, -0.02755042538046837, -0.03128015995025635, 0.11931471526622772, 0.028165288269519806, -0.010340430773794651, -0.11332980543375015, -0.2044222354888916, 0.03336723893880844, -0.11924535036087036, 0.19765552878379822, 0.08910216391086578, -0.09754173457622528, 0.030937559902668, 0.08145678043365479, -0.027003537863492966, 0.009660116396844387, -0.04147886484861374, -0.09925683587789536, 0.040730398148298264, 0.06191903352737427, 0.1001480221748352, 0.11584572494029999, -0.02975100837647915, 0.03509336709976196, 0.044393476098775864, 0.10835608094930649, 0.07627099752426147, 0.03381706774234772, -0.04934265837073326, -0.0034289301838725805, 0.10585160553455353, 0.03653332591056824, 0.1031099259853363, -0.09557314217090607, 0.07917044311761856, 0.028470724821090698]
2022-03-23, 15:45:26, Eingang, 1741822, 796, No face visible, NA, -1
2022-03-23, 15:45:27, Eingang, 1741832, 796, No face visible, NA, -1
2022-03-23, 15:45:27, Eingang, 1741833, 796, No face visible, NA, -1
2022-03-23, 15:45:28, Eingang, 1741843, 796, No face visible, NA, -1
2022-03-23, 15:45:29, Eingang, 1741853, 796, No face visible, NA, -1
2022-03-23, 15:45:30, Eingang, 1741863, 796, No face visible, NA, -1
2022-03-23, 15:45:35, Eingang, 1741909, 796, No face visible, NA, -1
2022-03-23, 15:45:44, Eingang, 1742000, 796, No face visible, NA, -1
2022-03-23, 15:45:53, Lost, person, 796, 779, 1417
