2022-03-30, 12:45:34, Found, person, 276, 1532,  822
2022-03-30, 12:45:34, Eingang, 2986741, 276, No face visible, NA, -1
2022-03-30, 12:45:35, Eingang, 2986761, 276, No face visible, NA, -1
2022-03-30, 12:45:36, Eingang, 2986781, 276, No face visible, NA, -1
2022-03-30, 12:45:38, Eingang, 2986801, 276, No face visible, NA, -1
2022-03-30, 12:45:38, Eingang, 2986821, 276, No face visible, NA, -1
2022-03-30, 12:45:40, Eingang, 2986841, 276, No face visible, NA, -1
2022-03-30, 12:45:40, Eingang, 2986861, 276, No face visible, NA, -1
2022-03-30, 12:45:41, Eingang, 2986862, 276, No face visible, NA, -1
2022-03-30, 12:45:42, Eingang, 2986882, 276, No face visible, NA, -1
2022-03-30, 12:45:43, Eingang, 2986902, 276, No face visible, NA, -1
2022-03-30, 12:45:45, Eingang, 2986942, 276, No face visible, NA, -1
2022-03-30, 12:45:50, Eingang, 2987031, 276, No face visible, NA, -1
2022-03-30, 12:45:51, Eingang, 2987053, 276, No face visible, NA, -1
2022-03-30, 12:45:52, Eingang, 2987073, 276, No face visible, NA, -1
2022-03-30, 12:45:52, Eingang, 2987074, 276, No face visible, NA, -1
2022-03-30, 12:45:58, Eingang, 2987183, 276, No face visible, NA, -1
2022-03-30, 12:45:59, Eingang, 2987203, 276, No face visible, NA, -1
2022-03-30, 12:46:00, Eingang, 2987223, 276, No face visible, NA, -1
2022-03-30, 12:46:02, Eingang, 2987243, 276, No face visible, NA, -1
2022-03-30, 12:46:02, Eingang, 2987263, 276, No face visible, NA, -1
2022-03-30, 12:46:04, Eingang, 2987295, 276, Herr_Möske, NA, -1
2022-03-30, 12:46:04, Eingang, 2987296, 276, Maureen_Leber, NA, -1
2022-03-30, 12:46:05, Eingang, 2987316, 276, Maureen_Leber, NA, -1
2022-03-30, 12:46:06, Eingang, 2987336, 276, No face visible, NA, -1
2022-03-30, 12:46:07, Eingang, 2987356, 276, No face visible, NA, -1
2022-03-30, 12:46:09, Eingang, 2987376, 276, No face visible, NA, -1
2022-03-30, 12:46:10, Eingang, 2987396, 276, No face visible, NA, -1
2022-03-30, 12:46:11, Eingang, 2987416, 276, Silvia, NA, -1
2022-03-30, 12:46:11, Eingang, 2987417, 276, Silvia, NA, -1
2022-03-30, 12:46:12, Eingang, 2987437, 276, Maureen_Leber, 2.8575588020536005, [0.00509260781109333, -0.0585734099149704, -0.04824080690741539, -0.07902402430772781, 0.0923815593123436, -0.03644273057579994, 0.023179607465863228, -0.06718356162309647, 0.007517379242926836, -0.014829975552856922, 0.08150789141654968, -0.09342723339796066, -0.026584668084979057, -0.12497548758983612, 0.006839239504188299, 0.0643642246723175, 0.09185101091861725, -0.12202700227499008, 0.07815529406070709, -0.19938336312770844, -0.07097189873456955, -0.021275021135807037, -0.08337981253862381, 0.01992972567677498, 0.05006539449095726, -0.02051016315817833, 0.17822101712226868, 0.10451915860176086, -0.09887691587209702, -0.004405978601425886, -0.08345476537942886, 0.08103294670581818, -0.006617764011025429, -0.04539253190159798, 0.12379288673400879, -0.006111301947385073, 0.08851974457502365, 0.024038173258304596, 0.18811284005641937, 0.04324036464095116, 0.0782490000128746, 0.016430042684078217, -0.06467341631650925, -0.028844192624092102, -0.09494997560977936, -0.08558649569749832, -0.0028560024220496416, -0.013812894001603127, 0.08589425683021545, 0.06303573399782181, -0.11240233480930328, 0.11394814401865005, 0.09075644612312317, -0.03415120765566826, 0.014259899035096169, 0.19616000354290009, 0.07832013815641403, 0.00280748144723475, -0.0146689647808671, -0.13607794046401978, -0.08714462071657181, -0.09820863604545593, 0.007832583971321583, 0.17896126210689545, 0.04774431884288788, 0.14786723256111145, 0.03614271804690361, 0.025590285658836365, 0.0029366270173341036, -0.045637309551239014, -0.014575859531760216, -0.06845974177122116, 0.06584028899669647, -0.13590188324451447, -0.05737703666090965, -0.03300577774643898, -0.0383203960955143, 0.12377528101205826, -0.11077339947223663, -0.1182984709739685, -0.11793623119592667, -0.06427118927240372, 0.039366915822029114, 0.10151690989732742, 0.11333611607551575, -0.059562139213085175, 0.11361563950777054, -0.1142270490527153, -0.15745685994625092, 0.13303200900554657, 0.09742669016122818, 0.007578383665531874, -0.03638385608792305, -0.07441607117652893, 0.07832358032464981, 0.06685368716716766, -0.005576630588620901, -0.14996662735939026, -0.19832062721252441, 0.035999033600091934, -0.11406829208135605, 0.1865617036819458, 0.08139587193727493, -0.10991771519184113, 0.0383790023624897, 0.05433804541826248, -0.043746478855609894, 0.002249300479888916, -0.04423605650663376, -0.12917712330818176, 0.058216214179992676, 0.030291268602013588, 0.10813722014427185, 0.10582093894481659, 0.0007414735737256706, 0.07395868748426437, 0.008697908371686935, 0.17194995284080505, 0.09272895753383636, 0.0534772165119648, -0.030284198001027107, -0.06970976293087006, 0.1674974411725998, 0.03166838735342026, 0.07190712541341782, -0.1130378320813179, 0.09552821516990662, 0.012688705697655678]
2022-03-30, 12:46:13, Eingang, 2987457, 276, Maureen_Leber, 2.8774145746485216, [0.003923408687114716, -0.07196374237537384, -0.03289944306015968, -0.13484032452106476, 0.09592034667730331, 0.03307173028588295, 0.048770755529403687, -0.048634909093379974, 0.0446448028087616, -0.03224223852157593, 0.14441218972206116, -0.08418960869312286, -0.05017533525824547, -0.11965024471282959, 0.030273951590061188, 0.12319055944681168, 0.09420707821846008, -0.11888574808835983, 0.043466102331876755, -0.15485844016075134, -0.04745703563094139, 0.004103175830096006, -0.1231282576918602, 0.011373715475201607, 0.049814969301223755, -0.015760628506541252, 0.16852016746997833, 0.07912188768386841, -0.07846225798130035, 0.0041590346954762936, -0.02828829176723957, 0.11034990847110748, 0.021942805498838425, -0.019314998760819435, 0.10972405225038528, -0.061631038784980774, 0.04133669286966324, 0.058684591203927994, 0.17016087472438812, 0.029317349195480347, 0.05679553747177124, -0.021105386316776276, -0.0618407279253006, -0.11980989575386047, -0.1119905635714531, -0.14719006419181824, 0.01569935493171215, -0.005052964668720961, 0.08990425616502762, 0.08763410896062851, -0.07763221114873886, 0.07610707730054855, 0.12494239956140518, -0.0633692815899849, 0.04406515508890152, 0.10285090655088425, 0.07134266197681427, 0.026225676760077477, -0.012036390602588654, -0.1600985825061798, -0.08179730176925659, -0.0812726840376854, 0.0051431916654109955, 0.2417529672384262, 0.07425364851951599, 0.09410605579614639, 0.054422128945589066, 0.01790849305689335, 0.01980375312268734, -0.055829912424087524, -0.013143346644937992, -0.16209669411182404, 0.06836283951997757, -0.10536784678697586, -0.07371930778026581, -0.029871489852666855, -0.009787908755242825, 0.10769353061914444, -0.08736704289913177, -0.09476178884506226, -0.15248322486877441, -0.09254374355077744, 0.0036708202678710222, 0.08292895555496216, 0.11756423860788345, -0.020951146259903908, 0.17437554895877838, -0.11609865725040436, -0.16052787005901337, 0.12578609585762024, 0.07681045681238174, 0.002589769195765257, -0.018477337434887886, -0.08402229100465775, 0.14623405039310455, 0.047060929238796234, -0.03157859295606613, -0.10345873981714249, -0.20655061304569244, 0.027166595682501793, -0.10669630020856857, 0.1585487276315689, 0.059093549847602844, -0.057770561426877975, 0.03562398999929428, 0.08736930042505264, -0.045444294810295105, -0.014185215346515179, -0.05148601904511452, -0.10896390676498413, 0.056849993765354156, 0.033093664795160294, 0.10193559527397156, 0.09045049548149109, -0.02478882111608982, 0.04681042581796646, -0.0060552628710865974, 0.15215452015399933, 0.06342810392379761, 0.041562698781490326, -0.0675024464726448, -0.01806134358048439, 0.15484443306922913, 0.06209510564804077, 0.07843688875436783, -0.08466371893882751, 0.05483146756887436, 0.03722943738102913]
2022-03-30, 12:46:14, Eingang, 2987477, 276, No face visible, NA, -1
2022-03-30, 12:46:16, Eingang, 2987497, 276, No face visible, NA, -1
2022-03-30, 12:46:16, Eingang, 2987517, 276, No face visible, NA, -1
2022-03-30, 12:46:18, Eingang, 2987537, 276, No face visible, NA, -1
2022-03-30, 12:46:18, Eingang, 2987538, 276, No face visible, NA, -1
2022-03-30, 12:46:19, Eingang, 2987558, 276, No face visible, NA, -1
2022-03-30, 12:46:20, Eingang, 2987578, 276, No face visible, NA, -1
2022-03-30, 12:46:21, Eingang, 2987598, 276, No face visible, NA, -1
2022-03-30, 12:46:22, Eingang, 2987618, 276, No face visible, NA, -1
2022-03-30, 12:46:23, Eingang, 2987638, 276, No face visible, NA, -1
2022-03-30, 12:46:24, Eingang, 2987658, 276, No face visible, NA, -1
2022-03-30, 12:46:30, Eingang, 2987773, 276, No face visible, NA, -1
2022-03-30, 12:46:30, Eingang, 2987793, 276, No face visible, NA, -1
2022-03-30, 12:46:32, Eingang, 2987813, 276, No face visible, NA, -1
2022-03-30, 12:46:36, Eingang, 2987890, 276, No face visible, NA, -1
2022-03-30, 12:46:37, Eingang, 2987910, 276, No face visible, NA, -1
2022-03-30, 12:46:38, Eingang, 2987935, 276, No face visible, NA, -1
2022-03-30, 12:46:40, Eingang, 2987965, 276, No face visible, NA, -1
2022-03-30, 12:46:40, Eingang, 2987966, 276, No face visible, NA, -1
2022-03-30, 12:46:41, Eingang, 2987989, 276, Frau_Möske, NA, -1
2022-03-30, 12:46:42, Eingang, 2988009, 276, Maureen_Leber, NA, -1
2022-03-30, 12:46:43, Eingang, 2988029, 276, Elvira_Bruno, NA, -1
2022-03-30, 12:46:45, Eingang, 2988049, 276, Maureen_Leber, NA, -1
2022-03-30, 12:46:46, Eingang, 2988069, 276, Maureen_Leber, 1.8472272701565726, [-0.03965052589774132, -0.10253754258155823, -0.06898723542690277, -0.08915434032678604, 0.0857405811548233, -0.044294703751802444, -0.0014661828754469752, -0.0648912861943245, -0.012397085316479206, 0.038646869361400604, 0.07444943487644196, -0.09248802810907364, 0.000847207847982645, -0.14412640035152435, 0.008766033686697483, 0.08943492919206619, 0.12228577584028244, -0.08536143600940704, 0.059143636375665665, -0.15560923516750336, -0.008213299326598644, -0.012478251941502094, -0.0830124020576477, -0.02947339043021202, 0.02356915920972824, -0.04866214096546173, 0.17172503471374512, 0.09719429910182953, -0.08480965346097946, 0.03788429871201515, -0.05520686134696007, 0.07934825867414474, 0.0286741741001606, -0.03009556233882904, 0.1498025357723236, -0.07588750123977661, 0.12621153891086578, 0.0152779845520854, 0.14861464500427246, 0.018333982676267624, 0.07932089269161224, 0.027323240414261818, -0.0325104296207428, -0.019302939996123314, -0.09341826289892197, -0.12221422046422958, 0.004294137936085463, -0.032226573675870895, 0.10346546024084091, 0.05038493871688843, -0.12020131200551987, 0.06424503773450851, 0.0824800580739975, -0.0545947290956974, 0.012036308646202087, 0.09311295300722122, 0.12711548805236816, 0.027985049411654472, -0.04395022615790367, -0.2511632442474365, -0.10419006645679474, -0.04825424775481224, -0.03659487143158913, 0.21518373489379883, -0.0076370551250875, 0.16673970222473145, 0.07421335577964783, 0.0045816353522241116, 0.03398078680038452, -0.11382307857275009, 0.0004294338868930936, -0.11776552349328995, 0.05249020457267761, -0.1448565572500229, -0.03874509409070015, -0.004400329198688269, -0.012503132224082947, 0.10036047548055649, -0.06582826375961304, -0.14154919981956482, -0.13823328912258148, -0.04492330923676491, 0.013471337035298347, 0.07394673675298691, 0.1236460730433464, -0.015617350116372108, 0.08584314584732056, -0.05122358351945877, -0.19762536883354187, 0.21106933057308197, 0.06924557685852051, 0.028391344472765923, -0.03726358711719513, 0.010055942460894585, 0.09887684881687164, 0.04266675189137459, 0.03385084494948387, -0.12272161990404129, -0.2011597603559494, 0.027616309002041817, -0.08153968304395676, 0.17269256711006165, 0.07039204239845276, -0.11166734993457794, 0.02873631753027439, 0.08630159497261047, -0.043792929500341415, -0.001601909170858562, -0.07225633412599564, -0.08798808604478836, 0.039034001529216766, 0.05242277309298515, 0.09341899305582047, 0.09644068032503128, -0.041530948132276535, 0.05654480308294296, -0.009403075091540813, 0.09926177561283112, 0.07172822952270508, 0.025182729586958885, -0.038317564874887466, -0.04309701919555664, 0.11069381982088089, 0.02022099308669567, 0.09425423294305801, -0.13230912387371063, 0.09280460327863693, 0.013311201706528664]
2022-03-30, 12:46:47, Eingang, 2988089, 276, No face visible, NA, -1
2022-03-30, 12:46:47, Eingang, 2988090, 276, No face visible, NA, -1
2022-03-30, 12:46:48, Eingang, 2988110, 276, No face visible, NA, -1
2022-03-30, 12:46:49, Eingang, 2988130, 276, Maureen_Leber, 3.0157177013958547, [-0.00881760660558939, -0.07867540419101715, -0.07063894718885422, -0.09836781769990921, 0.09583935886621475, -0.0019001445034518838, 0.04694962128996849, -0.0577089749276638, 0.02613307535648346, 0.008092597126960754, 0.11186299473047256, -0.10320445150136948, -0.020149342715740204, -0.15095360577106476, 0.017987657338380814, 0.10845831036567688, 0.07897888869047165, -0.09964170306921005, 0.05679116025567055, -0.17492564022541046, -0.05057984218001366, 0.02289375104010105, -0.11003965884447098, -0.010835821740329266, 0.044845227152109146, -0.018997780978679657, 0.1646912693977356, 0.08227822929620743, -0.10164313018321991, -0.00924147479236126, -0.05190475285053253, 0.09154167026281357, 0.03652292490005493, -0.051198747009038925, 0.13067938387393951, -0.04603571072220802, 0.0928131565451622, 0.042525772005319595, 0.16531115770339966, 0.009289718233048916, 0.08396255970001221, 0.015940582379698753, -0.045503631234169006, -0.09834860265254974, -0.08969733864068985, -0.12646320462226868, 0.011821705847978592, -0.010333330370485783, 0.09828514605760574, 0.08678072690963745, -0.10455232113599777, 0.06887746602296829, 0.08649106323719025, -0.052679117769002914, 0.003015764756128192, 0.12666597962379456, 0.07893728464841843, 0.02689080312848091, -0.010960535146296024, -0.19044896960258484, -0.07426389306783676, -0.09074042737483978, -0.020616406574845314, 0.22622504830360413, 0.06046152487397194, 0.11341080069541931, 0.061438966542482376, 0.004025935661047697, 0.03070378117263317, -0.08705422282218933, -0.006228034850209951, -0.14671063423156738, 0.049464840441942215, -0.13640502095222473, -0.031810056418180466, -0.05119762942194939, -0.008592585101723671, 0.13370640575885773, -0.08749601989984512, -0.0953521803021431, -0.14448076486587524, -0.07830038666725159, 0.01606431044638157, 0.07297069579362869, 0.09810199588537216, -0.020142490044236183, 0.1464560329914093, -0.08411148190498352, -0.16924279928207397, 0.1582198143005371, 0.06780624389648438, 0.008055448532104492, -0.014512979425489902, -0.050062693655490875, 0.11570131033658981, 0.03687509521842003, -0.02572595700621605, -0.12547877430915833, -0.2044863998889923, 0.05425573140382767, -0.11092149466276169, 0.17153450846672058, 0.08107566833496094, -0.09327878057956696, 0.034173499792814255, 0.07887105643749237, -0.03389905020594597, -0.0037734059151262045, -0.06440532207489014, -0.09507662802934647, 0.06085062026977539, 0.03896206244826317, 0.08490254729986191, 0.13322561979293823, -0.028194470331072807, 0.05687975510954857, -0.002640365157276392, 0.13594309985637665, 0.05733257904648781, 0.061729561537504196, -0.06582705676555634, -0.048413749784231186, 0.13722658157348633, 0.07650160044431686, 0.06960193812847137, -0.0991874411702156, 0.07300295680761337, 0.045911118388175964]
2022-03-30, 12:46:50, Eingang, 2988150, 276, Maureen_Leber, 3.1005926501535863, [-0.015583612956106663, -0.09253983199596405, -0.04995538666844368, -0.10742496699094772, 0.11114736646413803, 0.003057708963751793, 0.0478520505130291, -0.05662719905376434, 0.03501700982451439, 0.019606033340096474, 0.09695541113615036, -0.07779119908809662, -0.020822731778025627, -0.13840989768505096, 0.008667943999171257, 0.12790702283382416, 0.08561462163925171, -0.09628283232450485, 0.08517217636108398, -0.14511312544345856, -0.023451106622815132, 0.017977293580770493, -0.10042522102594376, 0.0018280025105923414, 0.023743202909827232, -0.033834308385849, 0.16511906683444977, 0.07430471479892731, -0.06414824724197388, 0.014482246711850166, -0.04584883898496628, 0.08139976859092712, 0.03904245048761368, -0.05761706084012985, 0.12980057299137115, -0.09219185262918472, 0.07510270923376083, 0.03813667967915535, 0.1376936137676239, 0.026382794603705406, 0.07441948354244232, -0.013642651960253716, -0.06288476288318634, -0.07408707588911057, -0.12007258832454681, -0.14204463362693787, -0.00034060663892887533, -0.007988277822732925, 0.09127464145421982, 0.09300897270441055, -0.11762864142656326, 0.09491276741027832, 0.08731088787317276, -0.0685403048992157, 0.03404446318745613, 0.09215246886014938, 0.12184369564056396, 0.06393680721521378, -0.03263182193040848, -0.20885521173477173, -0.09337826073169708, -0.09127330780029297, -0.01368801947683096, 0.23574945330619812, 0.026563843712210655, 0.14528173208236694, 0.0954800397157669, 0.02501220814883709, 0.03725456818938255, -0.09788346290588379, -0.01623525470495224, -0.16671854257583618, 0.07081283628940582, -0.09110171347856522, -0.060643889009952545, -0.029664797708392143, -0.015964152291417122, 0.10310392826795578, -0.09635178744792938, -0.11576095968484879, -0.16683635115623474, -0.06520920991897583, 0.02428583800792694, 0.051933158189058304, 0.10846072435379028, -0.025330914184451103, 0.12696713209152222, -0.06998583674430847, -0.17510707676410675, 0.18512216210365295, 0.05846822261810303, 0.0009289209265261889, -0.0036096947733312845, -0.03669734299182892, 0.12240670621395111, 0.018145395442843437, -0.023173190653324127, -0.09613940119743347, -0.2149583101272583, 0.019888296723365784, -0.11030358076095581, 0.16767224669456482, 0.06911161541938782, -0.07641801983118057, 0.03546234965324402, 0.06523537635803223, -0.017812605947256088, 0.012129593640565872, -0.04366249218583107, -0.1060425266623497, 0.04932571202516556, 0.062013398855924606, 0.11758273094892502, 0.10919630527496338, -0.04197539761662483, 0.03793361783027649, 0.032505717128515244, 0.11542530357837677, 0.07400572299957275, 0.042669977992773056, -0.05252094566822052, -0.008528797887265682, 0.10535106807947159, 0.033507298678159714, 0.09766525775194168, -0.09407638758420944, 0.06049690023064613, 0.03906484693288803]
2022-03-30, 12:46:51, Eingang, 2988170, 276, No face visible, NA, -1
2022-03-30, 12:46:52, Eingang, 2988190, 276, No face visible, NA, -1
2022-03-30, 12:46:53, Eingang, 2988210, 276, No face visible, NA, -1
2022-03-30, 12:46:53, Eingang, 2988211, 276, No face visible, NA, -1
2022-03-30, 12:46:59, Lost, person, 276, 1443,  900
