2022-03-23, 16:30:36, Found, person, 837, 2277,  416
2022-03-23, 16:30:36, Eingang, 1768963, 837, No face visible, NA, -1
2022-03-23, 16:30:37, Eingang, 1768973, 837, No face visible, NA, -1
2022-03-23, 16:30:38, Eingang, 1768983, 837, No face visible, NA, -1
2022-03-23, 16:30:41, Eingang, 1769011, 837, No face visible, NA, -1
2022-03-23, 16:30:42, Eingang, 1769021, 837, No face visible, NA, -1
2022-03-23, 16:30:43, Eingang, 1769034, 837, No face visible, NA, -1
2022-03-23, 16:30:44, Eingang, 1769047, 837, No face visible, NA, -1
2022-03-23, 16:30:44, Eingang, 1769048, 837, No face visible, NA, -1
2022-03-23, 16:30:46, Eingang, 1769058, 837, No face visible, NA, -1
2022-03-23, 16:30:48, Eingang, 1769077, 837, No face visible, NA, -1
2022-03-23, 16:30:48, Eingang, 1769087, 837, No face visible, NA, -1
2022-03-23, 16:30:52, Eingang, 1769124, 837, No face visible, NA, -1
2022-03-23, 16:30:54, Eingang, 1769143, 837, No face visible, NA, -1
2022-03-23, 16:30:55, Eingang, 1769153, 837, No face visible, NA, -1
2022-03-23, 16:30:55, Eingang, 1769154, 837, No face visible, NA, -1
2022-03-23, 16:30:56, Eingang, 1769164, 837, Elvira_Bruno, NA, -1
2022-03-23, 16:30:57, Eingang, 1769174, 837, Maureen_Leber, 2.2244328309002728, [-0.029621150344610214, -0.11846675723791122, -0.04580225795507431, -0.11306332796812057, 0.09387028962373734, 0.04346354678273201, 0.010127125307917595, -0.05585060268640518, 0.0074272542260587215, 0.05778040364384651, 0.06458547711372375, -0.08402493596076965, 0.02840043418109417, -0.11876441538333893, -0.027059627696871758, 0.11845783144235611, 0.08267150074243546, -0.09898082166910172, 0.09033621102571487, -0.1371895670890808, 0.044843606650829315, 0.04588685929775238, -0.07017038017511368, -0.008790749125182629, 0.0379621647298336, -0.046953462064266205, 0.13897615671157837, 0.08822459727525711, -0.052361052483320236, -0.0005719810142181814, -0.04581509158015251, 0.09164517372846603, 0.036744747310876846, -0.01454347837716341, 0.12688274681568146, -0.12346240878105164, 0.05221674218773842, 0.029626067727804184, 0.13481366634368896, 0.006432239431887865, 0.07728928327560425, -0.0034482197370380163, -0.03342413529753685, -0.0719604566693306, -0.1035047098994255, -0.15098364651203156, 0.01499411091208458, -0.01797221228480339, 0.11949126422405243, 0.06479282677173615, -0.14239835739135742, 0.08851268142461777, 0.049842480570077896, -0.09529824554920197, 0.013833772391080856, 0.054959461092948914, 0.1459704339504242, 0.03308308497071266, -0.06704434007406235, -0.2418791651725769, -0.10134585201740265, -0.08725839108228683, -0.022649679332971573, 0.2273317277431488, -0.030983885750174522, 0.12535648047924042, 0.1135815754532814, 0.011580119840800762, 0.034550637006759644, -0.11858045309782028, -0.01372379157692194, -0.14853432774543762, 0.05609479174017906, -0.10919472575187683, -0.010587064549326897, -0.04204946011304855, 0.0054684048518538475, 0.10883165895938873, -0.07960264384746552, -0.08842822909355164, -0.15896639227867126, -0.06401028484106064, 0.0370507687330246, 0.0560741201043129, 0.10355586558580399, 0.05012507364153862, 0.1141541451215744, -0.06306607276201248, -0.18001998960971832, 0.19551612436771393, 0.09247566759586334, 0.010929073207080364, -0.0019006021320819855, -0.003512074938043952, 0.1971472054719925, 0.03012806363403797, -0.017081495374441147, -0.0812763124704361, -0.21916303038597107, -0.000943159160669893, -0.08026818931102753, 0.14924804866313934, 0.05664325878024101, -0.07334638386964798, 0.00510216923430562, 0.058723147958517075, -0.031593337655067444, 0.002408500062301755, -0.0703224465250969, -0.09907959401607513, 0.032236214727163315, 0.05347937345504761, 0.08627919852733612, 0.13219085335731506, -0.0316581055521965, 0.01858176477253437, 0.02387082204222679, 0.0970788300037384, 0.04548708721995354, 0.013538441620767117, -0.0574907511472702, 0.013295202516019344, 0.09234660118818283, 0.04492736607789993, 0.10837644338607788, -0.12836438417434692, 0.0656532421708107, 0.05906384810805321]
2022-03-23, 16:30:58, Eingang, 1769184, 837, Maureen_Leber, 2.140409269397618, [-0.033169493079185486, -0.10130961239337921, -0.054796427488327026, -0.11261840909719467, 0.09495580196380615, 0.04294456169009209, 0.006163763348013163, -0.05934283509850502, 0.0035772270057350397, 0.04947328567504883, 0.0635276585817337, -0.08713019639253616, 0.019087791442871094, -0.11699936538934708, -0.02872569113969803, 0.12128978222608566, 0.08029171079397202, -0.0932512953877449, 0.09177762269973755, -0.15463943779468536, 0.04472511261701584, 0.041786301881074905, -0.05760003626346588, -0.02686045505106449, 0.03794121742248535, -0.05018794536590576, 0.12994186580181122, 0.08963372558355331, -0.06371526420116425, 0.000369063054677099, -0.06029750406742096, 0.09035057574510574, 0.03700524568557739, -0.0077921925112605095, 0.14173315465450287, -0.11407838761806488, 0.06812594830989838, 0.029900284484028816, 0.14672185480594635, 0.0022261454723775387, 0.08383699506521225, 0.011554685421288013, -0.03530476987361908, -0.06087186560034752, -0.10529272258281708, -0.1431024670600891, 0.007051690947264433, -0.02327771671116352, 0.125029519200325, 0.08061464875936508, -0.14409099519252777, 0.08637600392103195, 0.05683335289359093, -0.0862746462225914, 0.017757361754775047, 0.0673685148358345, 0.12774130702018738, 0.019646840170025826, -0.06526151299476624, -0.23659129440784454, -0.09536220878362656, -0.08744967728853226, -0.018487989902496338, 0.2193921059370041, -0.03283577039837837, 0.12720470130443573, 0.09412112087011337, 0.014230163767933846, 0.04454970732331276, -0.1201004907488823, -0.015817247331142426, -0.12974074482917786, 0.04562653228640556, -0.1222594827413559, -0.007739934138953686, -0.03630976751446724, 0.004134295508265495, 0.11644773185253143, -0.06772863119840622, -0.09621473401784897, -0.15305067598819733, -0.05760176479816437, 0.03883092850446701, 0.06433580070734024, 0.1074882447719574, 0.044659573584795, 0.11034359037876129, -0.06421530991792679, -0.17995835840702057, 0.1984328180551529, 0.09339064359664917, 0.022399842739105225, -0.004671310540288687, 0.0006601978093385696, 0.1817765235900879, 0.0427025742828846, -0.019838491454720497, -0.0969022884964943, -0.22220146656036377, 0.004151365719735622, -0.0851030945777893, 0.15398761630058289, 0.0496203750371933, -0.08065641671419144, 0.006013213191181421, 0.05122397467494011, -0.036196380853652954, 0.006878888700157404, -0.087127685546875, -0.09888243675231934, 0.04097183421254158, 0.04955660551786423, 0.08131030201911926, 0.1424623727798462, -0.0339604876935482, 0.026845604181289673, 0.02713353931903839, 0.0982617437839508, 0.04305756837129593, 0.01416140515357256, -0.057488854974508286, 0.0005075458902865648, 0.10955002903938293, 0.04397722706198692, 0.09429235756397247, -0.13354572653770447, 0.06895079463720322, 0.05128616467118263]
2022-03-23, 16:30:59, Eingang, 1769194, 837, No face visible, NA, -1
2022-03-23, 16:31:00, Eingang, 1769204, 837, No face visible, NA, -1
2022-03-23, 16:31:01, Eingang, 1769214, 837, No face visible, NA, -1
2022-03-23, 16:31:01, Eingang, 1769215, 837, No face visible, NA, -1
2022-03-23, 16:31:02, Eingang, 1769225, 837, No face visible, NA, -1
2022-03-23, 16:31:03, Eingang, 1769235, 837, No face visible, NA, -1
2022-03-23, 16:31:04, Eingang, 1769245, 837, No face visible, NA, -1
2022-03-23, 16:31:05, Eingang, 1769255, 837, No face visible, NA, -1
2022-03-23, 16:31:07, Eingang, 1769271, 837, No face visible, NA, -1
2022-03-23, 16:31:09, Out, person, 837, 1971,  385
