2022-03-27, 12:54:30, Found, person, 220, 2264, 1628
2022-03-27, 12:54:30, Eingang, 2254606, 220, No face visible, NA, -1
2022-03-27, 12:54:31, Eingang, 2254616, 220, No face visible, NA, -1
2022-03-27, 12:54:32, Eingang, 2254626, 220, No face visible, NA, -1
2022-03-27, 12:54:32, Eingang, 2254636, 220, No face visible, NA, -1
2022-03-27, 12:54:33, Eingang, 2254646, 220, No face visible, NA, -1
2022-03-27, 12:54:33, Eingang, 2254656, 220, No face visible, NA, -1
2022-03-27, 12:54:34, Eingang, 2254666, 220, No face visible, NA, -1
2022-03-27, 12:54:34, Eingang, 2254667, 220, No face visible, NA, -1
2022-03-27, 12:54:34, Eingang, 2254677, 220, No face visible, NA, -1
2022-03-27, 12:54:34, Eingang, 2254687, 220, No face visible, NA, -1
2022-03-27, 12:54:35, Eingang, 2254697, 220, No face visible, NA, -1
2022-03-27, 12:54:36, Eingang, 2254707, 220, No face visible, NA, -1
2022-03-27, 12:54:36, Eingang, 2254717, 220, No face visible, NA, -1
2022-03-27, 12:54:37, Eingang, 2254727, 220, No face visible, NA, -1
2022-03-27, 12:54:37, Eingang, 2254728, 220, No face visible, NA, -1
2022-03-27, 12:54:37, Eingang, 2254738, 220, No face visible, NA, -1
2022-03-27, 12:54:38, Eingang, 2254760, 220, No face visible, NA, -1
2022-03-27, 12:54:39, Eingang, 2254770, 220, No face visible, NA, -1
2022-03-27, 12:54:40, Eingang, 2254780, 220, No face visible, NA, -1
2022-03-27, 12:54:40, Eingang, 2254790, 220, Kyla_Bruno, 0.23823945909140445, [-0.013530934229493141, -0.031397175043821335, -0.11047782748937607, -0.12084494531154633, -0.04370243847370148, -0.03136582672595978, -0.01012976374477148, 0.046146754175424576, 0.058081287890672684, -0.05310535430908203, 0.03724675625562668, 0.021746758371591568, -0.0034768073819577694, -0.12326126545667648, 0.0045190597884356976, -0.06397320330142975, 0.03404655680060387, -0.17031556367874146, 0.09974189102649689, -0.1306663304567337, -0.1503821611404419, -0.006069598253816366, -0.1062767282128334, 0.10061768442392349, 0.05306944251060486, -0.011297003366053104, 0.1641158163547516, 0.05776790529489517, -0.07909192889928818, -0.04508782550692558, -0.09598779678344727, -0.010910646058619022, -0.011651555076241493, 0.016780611127614975, 0.06491607427597046, 0.037495702505111694, 0.014016601257026196, -0.07556724548339844, 0.14583925902843475, -0.09885045140981674, -0.03553298860788345, 0.11610313504934311, -0.14620757102966309, -0.022625187411904335, -0.08227087557315826, -0.14740301668643951, -0.010637590661644936, -0.031194651499390602, -0.03654084727168083, 0.05542607232928276, -0.120180144906044, 0.06627345830202103, 0.08398619294166565, -0.013329660519957542, -0.04922604560852051, 0.1517278105020523, 0.11008339375257492, -0.07013203948736191, -0.07167129963636398, -0.08404022455215454, -0.026094943284988403, 0.003906948957592249, 0.033246807754039764, 0.1350564807653427, 0.14267802238464355, 0.15149345993995667, -0.027351466938853264, 0.053043246269226074, -0.11960551142692566, 0.013361307792365551, 0.07449211180210114, -0.010108262300491333, 0.035142067819833755, -0.1522097885608673, 0.07083341479301453, -0.03833946958184242, -0.0671832337975502, 0.12258318811655045, 0.009962957352399826, -0.07604123651981354, -0.07343798130750656, -0.03576643764972687, -0.074908547103405, -0.003580464981496334, 0.1465894877910614, -0.07552192360162735, 0.06521967798471451, -0.07081347703933716, -0.1182599663734436, 0.07182788848876953, 0.12272989749908447, -0.01950216293334961, -0.13948242366313934, -0.06101131811738014, 0.0566418282687664, 0.12079596519470215, -0.07023711502552032, -0.061056435108184814, -0.12759266793727875, 0.015398859977722168, 0.007456704042851925, 0.14044050872325897, 0.15228532254695892, -0.0690508484840393, 0.071155846118927, 0.09070063382387161, -0.06485871225595474, -0.07091601938009262, -0.038718827068805695, -0.16644629836082458, 0.06938014924526215, -0.04120241850614548, 0.0618511363863945, 0.10006820410490036, -0.011155596934258938, 0.10571961849927902, -0.10354800522327423, 0.1590086817741394, 0.18091386556625366, 0.1724873036146164, -0.02601904794573784, -0.0732804387807846, 0.09233174473047256, 0.05091725289821625, 0.1421096920967102, -0.13543404638767242, 0.1198151707649231, -0.02352655492722988]
2022-03-27, 12:54:40, Eingang, 2254800, 220, No face visible, NA, -1
2022-03-27, 12:54:40, Eingang, 2254801, 220, No face visible, NA, -1
2022-03-27, 12:54:41, Eingang, 2254811, 220, No face visible, NA, -1
2022-03-27, 12:54:46, Lost, person, 220, 2416,  523
