2022-03-23, 15:44:01, Reidentified, person, 770, -3, 1276
2022-03-23, 15:44:03, Eingang, 1740981, 770, No face visible, NA, -1
2022-03-23, 15:44:03, Eingang, 1740991, 770, No face visible, NA, -1
2022-03-23, 15:44:05, Eingang, 1741001, 770, No face visible, NA, -1
2022-03-23, 15:44:05, Eingang, 1741002, 770, No face visible, NA, -1
2022-03-23, 15:44:05, Eingang, 1741012, 770, No face visible, NA, -1
2022-03-23, 15:44:07, Eingang, 1741022, 770, Holger, NA, -1
2022-03-23, 15:44:08, Eingang, 1741032, 770, No face visible, NA, -1
2022-03-23, 15:44:09, Eingang, 1741042, 770, No face visible, NA, -1
2022-03-23, 15:44:09, Eingang, 1741052, 770, No face visible, NA, -1
2022-03-23, 15:44:11, Eingang, 1741062, 770, No face visible, NA, -1
2022-03-23, 15:44:11, Eingang, 1741063, 770, No face visible, NA, -1
2022-03-23, 15:44:11, Eingang, 1741073, 770, No face visible, NA, -1
2022-03-23, 15:44:13, Eingang, 1741083, 770, No face visible, NA, -1
2022-03-23, 15:44:13, Eingang, 1741093, 770, Maureen_Leber, 2.9608822676782185, [-0.013434124179184437, -0.06147053465247154, -0.06854107230901718, -0.09962905943393707, 0.10045655071735382, 0.01974506489932537, 0.018434688448905945, -0.001865803962573409, 0.035367537289857864, 0.05448245257139206, 0.11463005095720291, -0.1128295436501503, -0.03840891271829605, -0.19939570128917694, -0.008830210193991661, 0.03985818102955818, 0.039123885333538055, -0.04936760291457176, 0.07044173777103424, -0.15328861773014069, -0.028514644131064415, 0.006303171161562204, -0.05445464700460434, 0.03659115731716156, -0.02676214836537838, -0.08712809532880783, 0.1447792798280716, 0.02103721909224987, -0.1935243010520935, -0.07071391493082047, -0.10661882907152176, 0.022008607164025307, 0.013309560716152191, -0.0781531110405922, 0.15492978692054749, 0.006503915414214134, 0.12026827782392502, -0.05245663970708847, 0.23057302832603455, -0.034054648131132126, 0.040036819875240326, -0.02436758764088154, -0.02930745668709278, -0.0540570430457592, -0.06335940212011337, -0.13154369592666626, 0.012685306370258331, -0.013098549097776413, 0.08245762437582016, 0.020930428057909012, -0.09620266407728195, 0.08520053327083588, 0.05804302170872688, -0.047924600541591644, -0.02606911212205887, 0.14518310129642487, 0.03954112157225609, -0.021432554349303246, -0.05559124797582626, -0.13502652943134308, -0.03225094825029373, -0.08317002654075623, -0.020549919456243515, 0.15077020227909088, 0.11574286222457886, 0.13494518399238586, 0.06163960322737694, 0.038701485842466354, -0.03600190579891205, -0.04889528825879097, -0.014735951088368893, -0.07265190780162811, 0.03453703224658966, -0.1660153865814209, 0.06425783038139343, -0.05205722153186798, -0.04502415657043457, 0.15718841552734375, -0.11091266572475433, -0.06280866265296936, -0.12108773738145828, -0.05803629755973816, -0.0002880109823308885, 0.07001510262489319, 0.08383005112409592, -0.029291698709130287, 0.04957694187760353, -0.09916556626558304, -0.14233626425266266, 0.09520387649536133, 0.08214657753705978, 0.04467159882187843, -0.08679145574569702, -0.0034889986272901297, 0.05507192760705948, 0.022635070607066154, -0.07364176958799362, -0.1675836145877838, -0.1937488615512848, 0.0757940337061882, -0.07040552794933319, 0.1431579291820526, 0.06852170079946518, -0.12744471430778503, 0.009107505902647972, 0.03687729313969612, -0.029403390362858772, -0.07070720940828323, -0.05519190803170204, -0.07582114636898041, 0.04988350719213486, 0.0413292795419693, 0.09344271570444107, 0.09912630915641785, -0.04284127429127693, 0.08583534508943558, -0.029082469642162323, 0.1509079933166504, 0.037149712443351746, 0.15815159678459167, -0.13994143903255463, -0.117383673787117, 0.15851691365242004, 0.09770675748586655, 0.05356741324067116, -0.13233977556228638, 0.11708597838878632, 0.023779897019267082]
2022-03-23, 15:44:15, Eingang, 1741103, 770, No face visible, NA, -1
2022-03-23, 15:44:16, Eingang, 1741113, 770, Maureen_Leber, 3.201382570203252, [-0.0038513413164764643, -0.05951999872922897, -0.06581241637468338, -0.1303303986787796, 0.1188051626086235, 0.033474043011665344, 0.02770710550248623, -0.006765931844711304, 0.024315183982253075, 0.06266012787818909, 0.14256702363491058, -0.07251524180173874, 0.019611768424510956, -0.18508289754390717, 0.003263054648414254, 0.07833255082368851, 0.02767324075102806, -0.09825936704874039, 0.08136545866727829, -0.11301638185977936, -0.038933537900447845, 0.03567089885473251, -0.07378525286912918, 0.04635649919509888, -0.02806275151669979, -0.10784612596035004, 0.1414886862039566, 0.05223403871059418, -0.17057542502880096, -0.08700559288263321, -0.14304259419441223, 0.027103686705231667, 0.025317566469311714, -0.07800640910863876, 0.13604678213596344, 0.027429290115833282, 0.12005946785211563, -0.05860975757241249, 0.1568581610918045, -0.025859402492642403, 0.06794850528240204, -0.009596329182386398, -0.05903628095984459, -0.04572506248950958, -0.10209977626800537, -0.1879434436559677, 0.03760422021150589, 0.02047145552933216, 0.09655221551656723, 0.0385296568274498, -0.13866230845451355, 0.06347741186618805, 0.018534289672970772, -0.008197305724024773, -0.048492010682821274, 0.08088551461696625, 0.04776105284690857, 0.03541731461882591, -0.09124408662319183, -0.12503360211849213, -0.0543767511844635, -0.09334738552570343, -0.004330027382820845, 0.15972456336021423, 0.09966285526752472, 0.1457265019416809, 0.0763394832611084, 0.05723622068762779, 0.03962228074669838, -0.0637165904045105, -0.03228790685534477, -0.080720454454422, 0.0038936680648475885, -0.08084147423505783, 0.03774292394518852, -0.06765487045049667, -0.018569516018033028, 0.12858080863952637, -0.06135343015193939, -0.03128799423575401, -0.148407980799675, -0.08905719220638275, 0.011858800426125526, 0.04887744039297104, 0.08047379553318024, 0.004161299671977758, 0.10523077100515366, -0.08052296936511993, -0.09260595589876175, 0.11264722049236298, 0.08319408446550369, 0.027606843039393425, -0.010990554466843605, -0.02020416036248207, 0.09122613072395325, 0.06547567248344421, -0.09668058156967163, -0.16701921820640564, -0.21600957214832306, 0.0844542533159256, -0.07301220297813416, 0.15763746201992035, 0.043972358107566833, -0.11653894186019897, 0.010874781757593155, 0.03216206282377243, -0.014598195441067219, -0.1058305874466896, -0.019675366580486298, -0.07820811122655869, 0.04665481671690941, 0.03251451998949051, 0.09451834857463837, 0.12113172560930252, -0.055770568549633026, 0.06721438467502594, -0.030206678435206413, 0.13126921653747559, 0.07201392203569412, 0.15296347439289093, -0.18608428537845612, -0.05288730561733246, 0.13375605642795563, 0.07360081374645233, 0.09361334890127182, -0.07215407490730286, 0.14106109738349915, 0.04552944377064705]
2022-03-23, 15:44:17, Eingang, 1741123, 770, Holger, NA, -1
2022-03-23, 15:44:17, Eingang, 1741124, 770, Holger, NA, -1
2022-03-23, 15:44:18, Eingang, 1741134, 770, No face visible, NA, -1
2022-03-23, 15:44:19, Eingang, 1741144, 770, No face visible, NA, -1
2022-03-23, 15:44:19, Eingang, 1741154, 770, Holger, NA, -1
2022-03-23, 15:44:21, Eingang, 1741164, 770, Holger, NA, -1
2022-03-23, 15:44:30, Lost, person, 770, 626, 1629
