2022-03-30, 12:41:34, Found, person, 257, 1303,   56
2022-03-30, 12:41:34, Eingang, 2982283, 257, No face visible, NA, -1
2022-03-30, 12:41:35, Eingang, 2982303, 257, No face visible, NA, -1
2022-03-30, 12:41:36, Eingang, 2982323, 257, No face visible, NA, -1
2022-03-30, 12:41:37, Eingang, 2982343, 257, No face visible, NA, -1
2022-03-30, 12:41:38, Eingang, 2982363, 257, No face visible, NA, -1
2022-03-30, 12:41:39, Eingang, 2982383, 257, No face visible, NA, -1
2022-03-30, 12:41:40, Eingang, 2982403, 257, No face visible, NA, -1
2022-03-30, 12:41:40, Eingang, 2982404, 257, No face visible, NA, -1
2022-03-30, 12:41:41, Eingang, 2982424, 257, No face visible, NA, -1
2022-03-30, 12:41:43, Eingang, 2982456, 257, No face visible, NA, -1
2022-03-30, 12:41:44, Eingang, 2982476, 257, No face visible, NA, -1
2022-03-30, 12:41:46, Eingang, 2982513, 257, No face visible, NA, -1
2022-03-30, 12:41:47, Eingang, 2982533, 257, unknown, NA, [-0.0002583522000350058, -0.10701017826795578, -0.03357899188995361, -0.12027838826179504, 0.08970185369253159, 0.05095822736620903, 0.018966568633913994, -0.027621213346719742, 0.005730907432734966, 0.03412197530269623, 0.09304868429899216, -0.05347443372011185, 0.03253669664263725, -0.17596429586410522, -0.006008210591971874, 0.07153192162513733, 0.0821840688586235, -0.1312537044286728, 0.10342959314584732, -0.11619935929775238, -0.016627859324216843, 0.02669813670217991, -0.11147451400756836, 0.05230765417218208, 0.011614060960710049, -0.004779164679348469, 0.1781117469072342, 0.11064185947179794, -0.07865653932094574, -0.030107324942946434, -0.03306971862912178, 0.08533845841884613, -0.008708145469427109, -0.07620347291231155, 0.07722240686416626, -0.04489871487021446, -0.016935618594288826, 0.03993597254157066, 0.1442577987909317, 0.01888207159936428, 0.06235327199101448, -0.027779148891568184, -0.0232672318816185, -0.08951397240161896, -0.10253144800662994, -0.15741057693958282, 0.02871251106262207, -0.030600368976593018, 0.08616434037685394, 0.0075612748041749, -0.10290966182947159, 0.11835373193025589, 0.07083852589130402, -0.08024478703737259, -0.014054156839847565, 0.1424395740032196, 0.06212141737341881, -0.0030410243198275566, -0.04898456484079361, -0.2034633606672287, -0.10741182416677475, -0.08185486495494843, 0.014662579633295536, 0.20365223288536072, 0.028443053364753723, 0.08172367513179779, 0.08739448338747025, 0.004216341767460108, -0.017125172540545464, -0.029445922002196312, 0.0012760190293192863, -0.1342146247625351, 0.12067103385925293, -0.09770269691944122, -0.016715368255972862, -0.044219985604286194, -0.04258771240711212, 0.12310618907213211, -0.11224130541086197, -0.08557166904211044, -0.09763562679290771, -0.10115382820367813, -0.013698820024728775, 0.0923960730433464, 0.11059979349374771, -0.0059211039915680885, 0.15544918179512024, -0.11551649868488312, -0.16365113854408264, 0.15142443776130676, 0.11026357114315033, -0.020064083859324455, -0.029675820842385292, -0.05365217477083206, 0.14906518161296844, 0.02546761743724346, -0.008707495406270027, -0.11350467801094055, -0.14968545734882355, 0.009118889458477497, -0.08888282626867294, 0.1762980818748474, 0.11806745082139969, -0.07682523131370544, 0.04197314381599426, 0.046849969774484634, -0.01971011981368065, 0.0011968157486990094, -0.02423686347901821, -0.12957407534122467, 0.07000960409641266, 0.048963818699121475, 0.09940004348754883, 0.13697654008865356, 0.016659900546073914, 0.056812211871147156, -0.026872115209698677, 0.1905905306339264, 0.07123485952615738, 0.04101429134607315, -0.05908367037773132, -0.025495216250419617, 0.10475387424230576, 0.12480439245700836, 0.1017654612660408, -0.12698698043823242, 0.07340370863676071, 0.04538869112730026]
2022-03-30, 12:41:48, Eingang, 2982553, 257, No face visible, NA, -1
2022-03-30, 12:41:48, Eingang, 2982554, 257, No face visible, NA, -1
2022-03-30, 12:41:50, Eingang, 2982574, 257, No face visible, NA, -1
2022-03-30, 12:41:51, Eingang, 2982594, 257, No face visible, NA, -1
2022-03-30, 12:41:52, Eingang, 2982614, 257, No face visible, NA, -1
2022-03-30, 12:41:53, Eingang, 2982634, 257, No face visible, NA, -1
2022-03-30, 12:41:54, Eingang, 2982654, 257, No face visible, NA, -1
2022-03-30, 12:41:55, Eingang, 2982674, 257, No face visible, NA, -1
2022-03-30, 12:41:55, Eingang, 2982675, 257, No face visible, NA, -1
2022-03-30, 12:41:56, Eingang, 2982695, 257, No face visible, NA, -1
2022-03-30, 12:41:57, Eingang, 2982715, 257, No face visible, NA, -1
2022-03-30, 12:41:59, Eingang, 2982735, 257, No face visible, NA, -1
2022-03-30, 12:42:00, Eingang, 2982755, 257, No face visible, NA, -1
2022-03-30, 12:42:01, Eingang, 2982775, 257, unknown, NA, [-0.008616490289568901, -0.09561464190483093, -0.08227469027042389, -0.11336115002632141, 0.11648128181695938, -0.024859517812728882, 0.011690063402056694, -0.051271263509988785, -0.004427153151482344, -0.016792530193924904, 0.11289083957672119, -0.10633755475282669, -0.05337152257561684, -0.1483226865530014, 0.01705341227352619, 0.07218101620674133, 0.0769849494099617, -0.07855965942144394, 0.09740328788757324, -0.1881617158651352, -0.07647958397865295, 0.0015849329065531492, -0.06131276860833168, 0.033828556537628174, 0.024759218096733093, -0.030537329614162445, 0.1489427387714386, 0.07624653726816177, -0.09646926820278168, -0.00533757358789444, -0.06929697841405869, 0.07785997539758682, 0.005416492465883493, -0.013553229160606861, 0.11734811216592789, -0.023910360410809517, 0.0935543105006218, 0.030860090628266335, 0.1782294660806656, 0.005085997749119997, 0.09070995450019836, -0.009652480483055115, -0.02613682858645916, -0.027636097744107246, -0.12133564054965973, -0.13109727203845978, 0.03892655298113823, -0.05904825031757355, 0.08577932417392731, 0.05355410650372505, -0.06828032433986664, 0.09364993125200272, 0.10823111236095428, -0.08326849341392517, 0.025330884382128716, 0.1295475959777832, 0.06321458518505096, 0.036012277007102966, -0.04365191236138344, -0.15703383088111877, -0.058450356125831604, -0.10766084492206573, -0.024858804419636726, 0.19612179696559906, 0.05883309245109558, 0.15393200516700745, 0.06414125859737396, 0.041155245155096054, 0.021030081436038017, -0.06577106565237045, -0.010634235106408596, -0.1274496167898178, 0.050729092210531235, -0.15802012383937836, -0.03347001597285271, 0.021198898553848267, -0.035499971359968185, 0.13915494084358215, -0.0927642434835434, -0.12519070506095886, -0.1396457701921463, -0.0022037045564502478, 0.026204830035567284, 0.09668375551700592, 0.0764002576470375, -0.02679443359375, 0.10580626875162125, -0.06612430512905121, -0.1520763784646988, 0.1460367739200592, 0.10998833179473877, 0.0066900914534926414, -0.0669858381152153, -0.035324547439813614, 0.10959433764219284, 0.021113410592079163, -0.03627639636397362, -0.16430480778217316, -0.20023153722286224, 0.05385179817676544, -0.10680439323186874, 0.14493778347969055, 0.06954442709684372, -0.09140797704458237, 0.027210013940930367, 0.03815159201622009, 0.00212285527959466, -0.005201829131692648, -0.05996975675225258, -0.13681408762931824, 0.02626175619661808, 0.0674913227558136, 0.11650215834379196, 0.10046885907649994, -0.013969747349619865, 0.02394809015095234, -0.0021438004914671183, 0.14122667908668518, 0.09367137402296066, 0.08131970465183258, -0.08230049908161163, -0.04146420583128929, 0.156053826212883, 0.05838193744421005, 0.08843787014484406, -0.13940130174160004, 0.09470129013061523, 0.0106144268065691]
2022-03-30, 12:42:02, Out, person, 257, 1709,  831
