2022-03-22, 12:50:25, Found, person, 239, 2228,  488
2022-03-22, 12:50:25, Eingang, 755233, 239, No face visible, NA, -1
2022-03-22, 12:50:26, Eingang, 755243, 239, No face visible, NA, -1
2022-03-22, 12:50:27, Eingang, 755253, 239, No face visible, NA, -1
2022-03-22, 12:50:28, Eingang, 755263, 239, No face visible, NA, -1
2022-03-22, 12:50:29, Eingang, 755273, 239, No face visible, NA, -1
2022-03-22, 12:50:30, Eingang, 755283, 239, No face visible, NA, -1
2022-03-22, 12:50:38, Eingang, 755362, 239, No face visible, NA, -1
2022-03-22, 12:50:38, Eingang, 755363, 239, No face visible, NA, -1
2022-03-22, 12:50:44, Eingang, 755424, 239, No face visible, NA, -1
2022-03-22, 12:50:47, Eingang, 755458, 239, No face visible, NA, -1
2022-03-22, 12:50:48, Eingang, 755468, 239, No face visible, NA, -1
2022-03-22, 12:50:49, Eingang, 755478, 239, No face visible, NA, -1
2022-03-22, 12:50:51, Eingang, 755494, 239, Josi_Dulemont, 0.16861802848551127, [-0.02759716846048832, -0.08191967010498047, 0.0322771817445755, -0.048243116587400436, 0.12344049662351608, 0.06079455092549324, 0.04006365314126015, 0.05164584144949913, 0.08404216915369034, -0.047744058072566986, 0.11498058587312698, 0.017419086769223213, 0.01657659187912941, -0.18205943703651428, -0.05317752808332443, 0.03805522248148918, 0.027586679905653, -0.001880146679468453, 0.0608639270067215, -0.09248031675815582, 0.022581523284316063, 0.0030052918009459972, -0.02950127422809601, 0.060136985033750534, 0.0014880613889545202, 0.08230102807283401, 0.038085103034973145, 0.171472430229187, -0.09292514622211456, -0.07579198479652405, -0.029407763853669167, 0.127425879240036, -0.13802798092365265, -0.06439193338155746, 0.059562694281339645, -0.054623208940029144, -0.13692346215248108, 0.10865502059459686, 0.04168647155165672, 0.08560410141944885, 0.018799565732479095, -0.056916140019893646, 0.05576906353235245, -0.027756214141845703, -0.1688288003206253, -0.05325544252991676, 0.17146264016628265, -0.09911192208528519, 0.007466911803930998, 0.12955044209957123, -0.07045972347259521, 0.15158019959926605, 0.14361611008644104, -0.11845681071281433, 0.14948634803295135, 0.10654240846633911, -0.0696556493639946, 0.051151540130376816, -0.0268485639244318, -0.034188587218523026, -0.04682460054755211, -0.15970318019390106, -0.050172969698905945, 0.05875534564256668, 0.10815086960792542, -0.015633612871170044, -0.032448895275592804, 0.11539041250944138, -0.060944098979234695, 0.01602926105260849, -0.004832565318793058, -0.08002687245607376, 0.12655803561210632, -0.013116295449435711, -0.05730994790792465, 0.04591574892401695, -0.060690540820360184, 0.12660232186317444, -0.1679883599281311, -0.020307045429944992, -0.07429530471563339, -0.1386772245168686, 0.07791371643543243, 0.023623494431376457, 0.022824261337518692, 0.014202792197465897, 0.14840291440486908, -0.1349349021911621, -0.052709247916936874, 0.06259225308895111, 0.08159422874450684, -0.12425979971885681, -0.14408165216445923, -0.15754880011081696, 0.21005965769290924, -0.011010301299393177, -0.13597987592220306, -0.04918353259563446, -0.04107287898659706, -0.08694528788328171, 0.009570550173521042, 0.1561334729194641, 0.01164355780929327, -0.11523082852363586, -0.04756944626569748, -0.03103998675942421, 0.09296923130750656, 0.025441350415349007, 0.07660694420337677, -0.19592754542827606, 0.07694606482982635, 0.09446394443511963, 0.11153922230005264, 0.10525929182767868, 0.06062014400959015, 0.05278794839978218, 0.04007083177566528, 0.11425817757844925, 0.07147523015737534, 0.009890406392514706, -0.006391564849764109, -0.024544550105929375, 0.055780693888664246, 0.07335711270570755, 0.01369897648692131, -0.11546645313501358, 0.03783373162150383, 0.05937374755740166]
2022-03-22, 12:50:52, Eingang, 755510, 239, No face visible, NA, -1
2022-03-22, 12:50:52, Eingang, 755511, 239, No face visible, NA, -1
2022-03-22, 12:50:54, Eingang, 755521, 239, unknown, NA, [-0.009192398749291897, -0.0704021081328392, -0.12965331971645355, -0.09401147067546844, 0.05906738340854645, -0.04891961067914963, -0.0024098968133330345, -0.009892161935567856, 0.04100153222680092, 0.0024530612863600254, 0.028918812051415443, -0.05640748515725136, -0.004826435819268227, -0.1276380717754364, 0.04875858128070831, -0.00979837030172348, 0.08365416526794434, -0.07480941712856293, 0.10067328810691833, -0.18074198067188263, -0.1429828256368637, -0.030962806195020676, -0.10801592469215393, 0.09082354605197906, 0.05342764034867287, -0.024818191304802895, 0.1858786642551422, 0.025310983881354332, -0.13631238043308258, -0.06385964155197144, -0.10250899940729141, 0.034677039831876755, -0.01216166466474533, -0.026617225259542465, 0.12755055725574493, -0.0022496692836284637, 0.08133380860090256, -0.019831383600831032, 0.1566179096698761, -0.03262105956673622, 0.02590063028037548, 0.059951506555080414, -0.03755288943648338, 0.01416150201112032, -0.10577424615621567, -0.12961232662200928, 0.009702393785119057, -0.030784834176301956, 0.059797320514917374, 0.05414983630180359, -0.10578996688127518, 0.07667665928602219, 0.08417148143053055, -0.05511113256216049, 0.02671065740287304, 0.11564389616250992, 0.11787591129541397, -0.027288852259516716, -0.03304159641265869, -0.1573834866285324, -0.04044994339346886, -0.02988431043922901, -0.027453240007162094, 0.183956116437912, 0.11592158675193787, 0.18850192427635193, -0.000762648181989789, 0.01406812947243452, -0.02089003659784794, -0.04791714623570442, 0.04458129405975342, -0.09308146685361862, 0.022809725254774094, -0.15466858446598053, 0.04577483981847763, -0.034806448966264725, -0.06867717206478119, 0.10057944059371948, -0.06688597053289413, -0.11770820617675781, -0.09722641855478287, -0.018222687765955925, -0.03127022832632065, 0.07275204360485077, 0.15734702348709106, -0.03383414447307587, 0.06476517766714096, -0.06715396791696548, -0.17477037012577057, 0.14605391025543213, 0.0868886411190033, 0.0104224169626832, -0.10130403190851212, -0.023128854110836983, 0.030696481466293335, 0.09690839052200317, -0.039077017456293106, -0.10614696890115738, -0.1907608062028885, 0.05830436572432518, -0.07555799931287766, 0.1425652652978897, 0.11334946006536484, -0.12526898086071014, 0.030056174844503403, 0.03905896097421646, -0.07895583659410477, 0.0034249708987772465, -0.048312101513147354, -0.15460838377475739, 0.05305570363998413, 0.020875129848718643, 0.07323374599218369, 0.10923166573047638, -0.06348755955696106, 0.0735664963722229, -0.04194466769695282, 0.1392059326171875, 0.1395696997642517, 0.14802469313144684, -0.03005688078701496, -0.10923280566930771, 0.09952402114868164, 0.019065069034695625, 0.08241794258356094, -0.14119863510131836, 0.1309511810541153, -0.05170336365699768]
2022-03-22, 12:50:54, Eingang, 755531, 239, No face visible, NA, -1
2022-03-22, 12:50:56, Eingang, 755541, 239, No face visible, NA, -1
2022-03-22, 12:50:57, Eingang, 755557, 239, No face visible, NA, -1
2022-03-22, 12:50:58, Eingang, 755567, 239, No face visible, NA, -1
2022-03-22, 12:50:59, Eingang, 755577, 239, No face visible, NA, -1
2022-03-22, 12:50:59, Eingang, 755578, 239, No face visible, NA, -1
2022-03-22, 12:51:08, Eingang, 755663, 239, No face visible, NA, -1
2022-03-22, 12:51:14, Eingang, 755721, 239, No face visible, NA, -1
2022-03-22, 12:51:22, Out, person, 239, 2561,  133
