2022-03-26, 12:55:08, Found, person, 90, 1687, 1674
2022-03-26, 12:55:08, Eingang, 881605, 90, No face visible, NA, -1
2022-03-26, 12:55:09, Eingang, 881615, 90, No face visible, NA, -1
2022-03-26, 12:55:09, Eingang, 881625, 90, Anna_Klockhof, NA, -1
2022-03-26, 12:55:10, Eingang, 881635, 90, Frau_Möske, NA, -1
2022-03-26, 12:55:10, Eingang, 881645, 90, No face visible, NA, -1
2022-03-26, 12:55:11, Eingang, 881655, 90, Sandro_Bruno, 9.13691797383288, [-0.03990989178419113, -0.05394783243536949, -0.10949957370758057, -0.06573507934808731, 0.06173071265220642, -0.04610256478190422, -0.06685911118984222, -0.01689319871366024, 0.050911255180835724, -0.016340671107172966, 0.05445804074406624, 0.02537885308265686, 0.05515819415450096, -0.07936175912618637, -0.04152389615774155, 0.016267213970422745, 0.0298601146787405, -0.11340146511793137, 0.08881420642137527, -0.1733393520116806, -0.09244180470705032, 0.036525286734104156, -0.06735306233167648, 0.028995182365179062, 0.04183068126440048, 0.023189255967736244, 0.1807696521282196, 0.02805665135383606, -0.05038696900010109, -0.022991131991147995, -0.17041349411010742, 0.02645443007349968, -0.0699395090341568, 0.06133957579731941, 0.07418627291917801, 0.1289036124944687, 0.03734005242586136, -0.04602086544036865, -0.02030237577855587, -0.060810066759586334, 0.05437912419438362, 0.13299719989299774, -0.03517712652683258, 0.048336565494537354, -0.04360146448016167, -0.15308909118175507, 0.007414194289594889, -0.02865435928106308, 0.10823531448841095, 0.03618069738149643, -0.17661193013191223, 0.002403358928859234, 0.03693144768476486, 0.044994719326496124, -0.12066014111042023, 0.08405658602714539, 0.06575595587491989, -0.0807000994682312, -0.08682502806186676, -0.11842110753059387, -0.15074855089187622, 0.04329286143183708, 0.03577567636966705, 0.13022258877754211, 0.026020623743534088, 0.1519903987646103, -0.01893123984336853, 0.04877077043056488, 0.0014167652698233724, -0.014128862880170345, 0.09952320903539658, 0.046207986772060394, -0.05980752408504486, -0.06104034557938576, 0.06328892707824707, -0.10303664207458496, -0.008852049708366394, 0.11352016031742096, -0.014245621860027313, -0.12319698929786682, -0.08522850275039673, -0.12603819370269775, -0.09004353731870651, 0.027489153668284416, 0.12669901549816132, 0.0007366139907389879, 0.05297587439417839, -0.027972141280770302, -0.06856552511453629, 0.057579975575208664, 0.125980406999588, 0.04101058095693588, 0.03182832524180412, -0.04312002658843994, 0.05986728519201279, 0.2009340226650238, -0.0363956056535244, -0.07543500512838364, -0.09372507035732269, 0.034635357558727264, 0.008645577356219292, 0.12327121198177338, 0.1491711437702179, -0.17020834982395172, 0.09392587840557098, 0.11253665387630463, -0.08840824663639069, -0.08141431957483292, -0.11502886563539505, -0.15408767759799957, 0.14174504578113556, -0.004305866546928883, 0.006868327036499977, 0.1805916577577591, 0.03758101910352707, 0.11259845644235611, -0.0860292837023735, 0.11288172006607056, 0.10742778331041336, 0.1638982892036438, -0.07890741527080536, -0.10375288128852844, 0.112300805747509, 0.02507714368402958, 0.12308592349290848, -0.08626541495323181, 0.1837310791015625, 0.020596139132976532]
2022-03-26, 12:55:12, Eingang, 881665, 90, No face visible, NA, -1
2022-03-26, 12:55:12, Eingang, 881666, 90, No face visible, NA, -1
2022-03-26, 12:55:12, Eingang, 881676, 90, No face visible, NA, -1
2022-03-26, 12:55:13, Eingang, 881686, 90, No face visible, NA, -1
2022-03-26, 12:55:13, Eingang, 881696, 90, No face visible, NA, -1
2022-03-26, 12:55:14, Eingang, 881706, 90, No face visible, NA, -1
2022-03-26, 12:55:14, Eingang, 881716, 90, No face visible, NA, -1
2022-03-26, 12:55:15, Eingang, 881726, 90, No face visible, NA, -1
2022-03-26, 12:55:15, Eingang, 881727, 90, No face visible, NA, -1
2022-03-26, 12:55:15, Eingang, 881737, 90, No face visible, NA, -1
2022-03-26, 12:55:16, Eingang, 881747, 90, No face visible, NA, -1
2022-03-26, 12:55:16, Eingang, 881757, 90, No face visible, NA, -1
2022-03-26, 12:55:21, Lost, person, 90, 2487, 1804
