2022-03-30, 16:23:12, Found, person, 301, 971,  504
2022-03-30, 16:23:12, Eingang, 3246004, 301, No face visible, NA, -1
2022-03-30, 16:23:13, Eingang, 3246024, 301, No face visible, NA, -1
2022-03-30, 16:23:15, Eingang, 3246044, 301, No face visible, NA, -1
2022-03-30, 16:23:15, Eingang, 3246064, 301, No face visible, NA, -1
2022-03-30, 16:23:17, Eingang, 3246084, 301, No face visible, NA, -1
2022-03-30, 16:23:18, Eingang, 3246104, 301, No face visible, NA, -1
2022-03-30, 16:23:19, Eingang, 3246124, 301, No face visible, NA, -1
2022-03-30, 16:23:19, Eingang, 3246125, 301, No face visible, NA, -1
2022-03-30, 16:23:20, Eingang, 3246145, 301, No face visible, NA, -1
2022-03-30, 16:23:23, Eingang, 3246165, 301, No face visible, NA, -1
2022-03-30, 16:23:24, Eingang, 3246185, 301, No face visible, NA, -1
2022-03-30, 16:23:26, Eingang, 3246205, 301, No face visible, NA, -1
2022-03-30, 16:23:27, Eingang, 3246225, 301, No face visible, NA, -1
2022-03-30, 16:23:28, Eingang, 3246245, 301, No face visible, NA, -1
2022-03-30, 16:23:28, Eingang, 3246246, 301, No face visible, NA, -1
2022-03-30, 16:23:29, Eingang, 3246266, 301, Maureen_Leber, 2.307383974525619, [-0.02738327346742153, -0.10441053658723831, -0.03679608926177025, -0.103143610060215, 0.07937811315059662, 0.03659118711948395, 0.01475274283438921, -0.06788016110658646, 0.023778580129146576, 0.0649295523762703, 0.07376280426979065, -0.08887021243572235, 0.022535305470228195, -0.13774192333221436, -0.02626330778002739, 0.1388312131166458, 0.09129388630390167, -0.08641281723976135, 0.06720519065856934, -0.13665588200092316, 0.042159587144851685, 0.027291564270853996, -0.07081373780965805, -0.029167167842388153, 0.03251688927412033, -0.060213372111320496, 0.14427512884140015, 0.08499522507190704, -0.0628146082162857, 0.005370736122131348, -0.06037386134266853, 0.08790312707424164, 0.0408177450299263, -0.04076756536960602, 0.14060565829277039, -0.12111347168684006, 0.10102536529302597, 0.045566581189632416, 0.13834929466247559, 0.013432624749839306, 0.08758354932069778, -0.004321243613958359, -0.03930982947349548, -0.07031136006116867, -0.10704264044761658, -0.14290308952331543, 0.01614803448319435, -0.022730618715286255, 0.12184791266918182, 0.07099799811840057, -0.14546813070774078, 0.05618723854422569, 0.04759955406188965, -0.06844621151685715, 0.014334933832287788, 0.06672302633523941, 0.12836679816246033, 0.03382556140422821, -0.042359646409749985, -0.23496735095977783, -0.09957969933748245, -0.07592257857322693, -0.03400227054953575, 0.2174321562051773, -0.020392216742038727, 0.14839263260364532, 0.10347874462604523, 0.024995477870106697, 0.048484884202480316, -0.12291107326745987, -0.03314010798931122, -0.13837100565433502, 0.055845580995082855, -0.11010020971298218, -0.013818654231727123, -0.032098058611154556, -0.0077277179807424545, 0.10084319859743118, -0.07488700747489929, -0.1023767739534378, -0.1586848795413971, -0.08843787014484406, 0.03350505977869034, 0.06136338412761688, 0.1068694144487381, 0.028478864580392838, 0.12134137749671936, -0.06720912456512451, -0.19504034519195557, 0.21157307922840118, 0.07958617806434631, 0.0021981073077768087, 0.0090040173381567, -0.028577588498592377, 0.15153981745243073, 0.04154191538691521, -0.00653705233708024, -0.0855574682354927, -0.2138412445783615, 0.00485953688621521, -0.0979919508099556, 0.16735918819904327, 0.04367706924676895, -0.09075579047203064, 0.013961299322545528, 0.06860402226448059, -0.046593524515628815, 0.00043559400364756584, -0.06890439987182617, -0.07500934600830078, 0.052694011479616165, 0.04680318385362625, 0.08465522527694702, 0.10870543122291565, -0.05959169939160347, 0.036658018827438354, 0.009128762409090996, 0.09013225883245468, 0.033089373260736465, 0.012209569104015827, -0.04865739122033119, -0.020566292107105255, 0.09816037118434906, 0.04835367575287819, 0.09392383694648743, -0.1163242757320404, 0.0670778676867485, 0.05951835960149765]
2022-03-30, 16:23:30, Eingang, 3246286, 301, Maureen_Leber, 2.3546298287477985, [-0.03891480714082718, -0.1080935075879097, -0.002837154548615217, -0.11400115489959717, 0.07664114981889725, 0.03232361748814583, 0.02668166533112526, -0.07411990314722061, 0.01835467852652073, 0.06838077306747437, 0.0752469003200531, -0.08657746016979218, 0.028970587998628616, -0.1233452558517456, -0.028939982876181602, 0.14489984512329102, 0.07019513845443726, -0.07190241664648056, 0.07622279226779938, -0.14094585180282593, 0.03294047713279724, 0.0345781072974205, -0.06578093767166138, -0.01815536990761757, 0.04673834145069122, -0.04056958481669426, 0.14746244251728058, 0.10745981335639954, -0.05831783264875412, 0.005564915481954813, -0.0732262134552002, 0.09729833900928497, 0.02815251238644123, -0.04532826691865921, 0.14305970072746277, -0.12189935892820358, 0.09123801440000534, 0.045863162726163864, 0.12157481908798218, 0.009949360974133015, 0.09328023344278336, -0.03159409761428833, -0.0385899692773819, -0.0634932592511177, -0.10001417249441147, -0.1484944373369217, 0.016237692907452583, -0.027156585827469826, 0.11485609412193298, 0.06941558420658112, -0.14497417211532593, 0.07231660187244415, 0.05356316268444061, -0.06754903495311737, 0.010370109230279922, 0.06252402812242508, 0.125538170337677, 0.04695328697562218, -0.03540005162358284, -0.23087529838085175, -0.09367778152227402, -0.06478338688611984, -0.03258337825536728, 0.21355180442333221, -0.025457510724663734, 0.14356185495853424, 0.11060617864131927, 0.023540541529655457, 0.05826464295387268, -0.117006316781044, -0.043297309428453445, -0.14780861139297485, 0.07618652284145355, -0.0982392281293869, -0.042105045169591904, -0.04375080019235611, -0.01766708493232727, 0.08650030195713043, -0.06346171349287033, -0.10712385177612305, -0.1379089504480362, -0.09858959913253784, 0.0277288518846035, 0.06400439143180847, 0.1014678105711937, 0.025146085768938065, 0.13699841499328613, -0.055169690400362015, -0.17392490804195404, 0.2097230702638626, 0.07642174512147903, 0.0018048069905489683, 0.01822643168270588, -0.036958519369363785, 0.16298876702785492, 0.05150344967842102, -0.002227175049483776, -0.0912400409579277, -0.19848886132240295, -0.0011713351123034954, -0.09480027109384537, 0.1763366460800171, 0.0494229756295681, -0.10728010535240173, 0.011767169460654259, 0.07452791184186935, -0.04449087381362915, 0.006731587927788496, -0.053720857948064804, -0.08791235089302063, 0.04612497612833977, 0.052986349910497665, 0.09692418575286865, 0.11069328337907791, -0.04516037553548813, 0.03757713362574577, 0.028283776715397835, 0.09445395320653915, 0.03859536349773407, 0.015152490697801113, -0.05793990194797516, -0.0040219491347670555, 0.09714794158935547, 0.0557989627122879, 0.11449051648378372, -0.09809256345033646, 0.09330103546380997, 0.05780120939016342]
2022-03-30, 16:23:31, Eingang, 3246306, 301, No face visible, NA, -1
2022-03-30, 16:23:32, Eingang, 3246326, 301, No face visible, NA, -1
2022-03-30, 16:23:33, Eingang, 3246346, 301, No face visible, NA, -1
2022-03-30, 16:23:34, Eingang, 3246366, 301, No face visible, NA, -1
2022-03-30, 16:23:34, Eingang, 3246367, 301, No face visible, NA, -1
2022-03-30, 16:23:35, Eingang, 3246387, 301, No face visible, NA, -1
2022-03-30, 16:23:38, Out, person, 301, 1708,  267
