2022-03-20, 17:57:56, Found, person, 45, 2099,  248
2022-03-20, 17:57:56, Eingang, 156217, 45, No face visible, NA, -1
2022-03-20, 17:57:57, Eingang, 156227, 45, No face visible, NA, -1
2022-03-20, 17:57:58, Eingang, 156237, 45, No face visible, NA, -1
2022-03-20, 17:57:59, Eingang, 156247, 45, Elvira_Bruno, NA, -1
2022-03-20, 17:58:00, Eingang, 156257, 45, Maureen_Leber, NA, -1
2022-03-20, 17:58:01, Eingang, 156267, 45, Maureen_Leber, 2.042955181924928, [-0.012215912342071533, -0.10389942675828934, -0.030302438884973526, -0.10250566154718399, 0.08061623573303223, 0.00018486245244275779, 0.03227633237838745, -0.05960407108068466, 0.01626444235444069, 0.03397364169359207, 0.09397009015083313, -0.08709089457988739, -0.011787770316004753, -0.11418883502483368, 0.008513431996107101, 0.12100173532962799, 0.08362917602062225, -0.09373189508914948, 0.0665624812245369, -0.134346604347229, -0.05088970437645912, 0.024052094668149948, -0.10067053884267807, 0.003562621306627989, 0.041391175240278244, -0.008990776725113392, 0.15728628635406494, 0.08561224490404129, -0.06997210532426834, -0.0053910803981125355, -0.03954760357737541, 0.09645047783851624, 0.03462613373994827, -0.043918855488300323, 0.14538359642028809, -0.08314425498247147, 0.10098268836736679, 0.01733793504536152, 0.15006834268569946, 0.004771152511239052, 0.08512042462825775, -0.01506858505308628, -0.06611888110637665, -0.07079338282346725, -0.10893592238426208, -0.15787100791931152, 0.010170107707381248, 0.0021368127781897783, 0.0840437263250351, 0.07648397237062454, -0.08584515750408173, 0.05965755507349968, 0.07740654051303864, -0.05604960024356842, 0.02747408300638199, 0.06979445368051529, 0.13589738309383392, 0.06993044167757034, -0.014232482761144638, -0.21523508429527283, -0.07641556859016418, -0.08651312440633774, -0.013257266022264957, 0.25021639466285706, 0.03834642469882965, 0.1372411847114563, 0.09582704305648804, 0.004880033433437347, 0.049883414059877396, -0.08082998543977737, -0.032538581639528275, -0.17436280846595764, 0.07090917229652405, -0.09044171869754791, -0.07274562865495682, -0.044989604502916336, -0.008290466852486134, 0.10537845641374588, -0.057063233107328415, -0.11359461396932602, -0.1495012491941452, -0.09420432895421982, 0.025662120431661606, 0.07017819583415985, 0.09099327772855759, -0.045782141387462616, 0.14344464242458344, -0.0762995108962059, -0.16932529211044312, 0.16837430000305176, 0.05748310312628746, -0.01214608084410429, -0.04344788193702698, -0.06651975959539413, 0.13479894399642944, 0.03144901245832443, 0.012457659468054771, -0.11219441145658493, -0.20488984882831573, 0.014641156420111656, -0.1310899406671524, 0.18398170173168182, 0.03728071227669716, -0.06805489212274551, 0.03246205672621727, 0.10351452231407166, -0.015465234406292439, -0.02130437269806862, -0.03197932615876198, -0.10076525807380676, 0.03302969038486481, 0.06386836618185043, 0.12570980191230774, 0.09303238242864609, -0.03061266429722309, 0.04368544742465019, 0.021749677136540413, 0.09307579696178436, 0.0736883133649826, 0.022325128316879272, -0.06724955141544342, -0.031147100031375885, 0.11901683360338211, 0.05001901835203171, 0.12024710327386856, -0.10307946801185608, 0.08948661386966705, 0.03481839597225189]
2022-03-20, 17:58:02, Eingang, 156277, 45, No face visible, NA, -1
2022-03-20, 17:58:02, Eingang, 156278, 45, No face visible, NA, -1
2022-03-20, 17:58:03, Eingang, 156288, 45, No face visible, NA, -1
2022-03-20, 17:58:04, Eingang, 156298, 45, No face visible, NA, -1
2022-03-20, 17:58:08, Eingang, 156344, 45, No face visible, NA, -1
2022-03-20, 17:58:09, Eingang, 156354, 45, No face visible, NA, -1
2022-03-20, 17:58:10, Eingang, 156364, 45, No face visible, NA, -1
2022-03-20, 17:58:11, Eingang, 156374, 45, No face visible, NA, -1
2022-03-20, 17:58:11, Eingang, 156375, 45, No face visible, NA, -1
2022-03-20, 17:58:13, Eingang, 156385, 45, No face visible, NA, -1
2022-03-20, 17:58:14, Eingang, 156395, 45, No face visible, NA, -1
2022-03-20, 17:58:14, Eingang, 156405, 45, No face visible, NA, -1
2022-03-20, 17:58:18, Eingang, 156436, 45, No face visible, NA, -1
2022-03-20, 17:58:27, Lost, person, 45, 2081,  230
