2022-03-22, 12:37:21, Reidentified, person, 162, 21,  784
2022-03-22, 12:37:21, Eingang, 747384, 162, No face visible, NA, -1
2022-03-22, 12:37:22, Eingang, 747394, 162, No face visible, NA, -1
2022-03-22, 12:37:23, Eingang, 747404, 162, No face visible, NA, -1
2022-03-22, 12:37:23, Eingang, 747405, 162, No face visible, NA, -1
2022-03-22, 12:37:24, Eingang, 747415, 162, No face visible, NA, -1
2022-03-22, 12:37:25, Eingang, 747425, 162, No face visible, NA, -1
2022-03-22, 12:37:26, Eingang, 747438, 162, No face visible, NA, -1
2022-03-22, 12:37:27, Eingang, 747448, 162, No face visible, NA, -1
2022-03-22, 12:37:28, Eingang, 747458, 162, No face visible, NA, -1
2022-03-22, 12:37:29, Eingang, 747468, 162, No face visible, NA, -1
2022-03-22, 12:37:30, Eingang, 747469, 162, No face visible, NA, -1
2022-03-22, 12:37:31, Eingang, 747479, 162, No face visible, NA, -1
2022-03-22, 12:37:31, Eingang, 747489, 162, No face visible, NA, -1
2022-03-22, 12:37:33, Eingang, 747499, 162, No face visible, NA, -1
2022-03-22, 12:37:33, Eingang, 747509, 162, No face visible, NA, -1
2022-03-22, 12:37:35, Eingang, 747519, 162, No face visible, NA, -1
2022-03-22, 12:37:36, Eingang, 747529, 162, No face visible, NA, -1
2022-03-22, 12:37:36, Eingang, 747530, 162, No face visible, NA, -1
2022-03-22, 12:37:37, Eingang, 747540, 162, No face visible, NA, -1
2022-03-22, 12:37:38, Eingang, 747550, 162, No face visible, NA, -1
2022-03-22, 12:37:39, Eingang, 747560, 162, No face visible, NA, -1
2022-03-22, 12:37:40, Eingang, 747570, 162, No face visible, NA, -1
2022-03-22, 12:37:41, Eingang, 747580, 162, No face visible, NA, -1
2022-03-22, 12:37:42, Eingang, 747590, 162, No face visible, NA, -1
2022-03-22, 12:37:42, Eingang, 747591, 162, No face visible, NA, -1
2022-03-22, 12:37:43, Eingang, 747601, 162, No face visible, NA, -1
2022-03-22, 12:37:44, Eingang, 747611, 162, unknown, NA, [-0.022820470854640007, -0.12551511824131012, -0.040090762078762054, -0.09632977098226547, 0.044121917337179184, -0.06119769066572189, 0.01672416180372238, -0.07112767547369003, -0.03288399800658226, 0.031022226437926292, 0.07698521018028259, -0.10143820196390152, -0.006735775154083967, -0.1375088095664978, -0.004073536489158869, 0.10594809055328369, 0.1220603659749031, -0.11301413178443909, 0.06707045435905457, -0.1471557915210724, -0.062452737241983414, 0.009015286341309547, -0.11618628352880478, -0.016748152673244476, 0.06102706864476204, 0.014501912519335747, 0.16415908932685852, 0.11552988737821579, -0.03314495459198952, 0.008004420436918736, -0.044326841831207275, 0.0985594093799591, 0.013081186451017857, -0.040968675166368484, 0.12592783570289612, -0.06356922537088394, 0.14827987551689148, 0.04483141750097275, 0.14950011670589447, 0.005438419058918953, 0.0857907235622406, 0.021297136321663857, -0.05777527391910553, -0.025169268250465393, -0.09503313899040222, -0.12085795402526855, 0.015529760159552097, -0.03447668254375458, 0.09858503937721252, 0.05071904882788658, -0.11026159673929214, 0.024229291826486588, 0.06851590424776077, -0.051375992596149445, -0.01629416085779667, 0.09600355476140976, 0.12098488956689835, 0.06268540024757385, -0.006873675622045994, -0.211004376411438, -0.11555703729391098, -0.0759352594614029, -0.06371036171913147, 0.21307969093322754, -0.008779928088188171, 0.1786281317472458, 0.08380381017923355, -0.011868816800415516, 0.06698378920555115, -0.09386236220598221, -0.007689798716455698, -0.14046666026115417, 0.05681118369102478, -0.11227428168058395, -0.053575146943330765, -0.005906787700951099, -0.024817710742354393, 0.10181055963039398, -0.031935881823301315, -0.11075335741043091, -0.13785211741924286, -0.08949577063322067, 0.008214267902076244, 0.048001185059547424, 0.1061912253499031, -0.04337014630436897, 0.11773594468832016, -0.05511004105210304, -0.1891918182373047, 0.22603143751621246, 0.07907161861658096, -0.014885656535625458, -0.05668617784976959, -0.05970829725265503, 0.09807337820529938, 0.03903531655669212, 0.03078710101544857, -0.10742876678705215, -0.17025862634181976, 0.009437236934900284, -0.09609281271696091, 0.18193604052066803, 0.0745776891708374, -0.1060984805226326, 0.03262525051832199, 0.11963129043579102, -0.013161291368305683, -0.02447364293038845, -0.068893663585186, -0.10634633153676987, 0.049684006720781326, 0.049090635031461716, 0.10731513053178787, 0.07017020881175995, -0.011302761733531952, 0.05408935621380806, 0.0019526333780959249, 0.09228665381669998, 0.07411632686853409, 0.02744036726653576, -0.009240534156560898, -0.056979622691869736, 0.08732276409864426, 0.06547528505325317, 0.09205019474029541, -0.11625724285840988, 0.10090886056423187, 0.026599375531077385]
2022-03-22, 12:37:53, Lost, person, 162, 2497,  386
