2022-04-01, 07:53:56, Found, person, 7, 2297,  436
2022-04-01, 07:53:57, Eingang, 498802, 7, No face visible, NA, -1
2022-04-01, 07:53:57, Eingang, 498822, 7, No face visible, NA, -1
2022-04-01, 07:53:59, Eingang, 498842, 7, No face visible, NA, -1
2022-04-01, 07:54:00, Eingang, 498862, 7, No face visible, NA, -1
2022-04-01, 07:54:01, Eingang, 498885, 7, unknown, NA, [-0.03475073724985123, -0.10408102720975876, -0.052736327052116394, -0.1102510616183281, 0.0992426872253418, 0.014069747179746628, 0.011189810000360012, -0.06573833525180817, 0.011200419627130032, 0.04592902213335037, 0.05642949044704437, -0.08480425924062729, 0.02131279557943344, -0.1108298972249031, -0.020651960745453835, 0.11132519692182541, 0.0877881869673729, -0.09496787190437317, 0.07254859060049057, -0.15733014047145844, 0.044303227216005325, 0.029023144394159317, -0.0687616690993309, -0.02301887422800064, 0.04668249562382698, -0.05051838234066963, 0.13861976563930511, 0.09185855090618134, -0.049076665192842484, 0.006714642979204655, -0.05528172478079796, 0.08604731410741806, 0.03312641382217407, -0.009113292209804058, 0.12918123602867126, -0.11440417170524597, 0.058557819575071335, 0.020854853093624115, 0.1277352273464203, 0.0074300700798630714, 0.08034253865480423, 0.018584540113806725, -0.041452739387750626, -0.0480215810239315, -0.10172603279352188, -0.14175552129745483, -0.003815129166468978, -0.02387876622378826, 0.13180916011333466, 0.07661668211221695, -0.1481500118970871, 0.07648055255413055, 0.049679506570100784, -0.09543375670909882, 0.015221123583614826, 0.06243182346224785, 0.1540856808423996, 0.0187126062810421, -0.07602843642234802, -0.24323657155036926, -0.1167801022529602, -0.08050103485584259, -0.023131366819143295, 0.22209632396697998, -0.04235679283738136, 0.142684668302536, 0.0890955775976181, 0.00354969035834074, 0.056418634951114655, -0.13114970922470093, -0.013038776814937592, -0.12137594819068909, 0.04918741434812546, -0.12442357838153839, -0.01618768274784088, -0.04470124840736389, 0.0023895655758678913, 0.09668966382741928, -0.06721828877925873, -0.09814546257257462, -0.16185559332370758, -0.05095406249165535, 0.04541085660457611, 0.052221909165382385, 0.1163109540939331, 0.049340054392814636, 0.10079240798950195, -0.05370187386870384, -0.17332963645458221, 0.22793394327163696, 0.09749986976385117, 0.031533461064100266, 0.0004462663782760501, 0.016854993999004364, 0.17192861437797546, 0.04741211235523224, -0.011746866628527641, -0.08375705778598785, -0.21901802718639374, -0.00013161097012925893, -0.0730421394109726, 0.15591022372245789, 0.06114191189408302, -0.08848293870687485, 0.01936626434326172, 0.05159030109643936, -0.04239193722605705, 0.014547331258654594, -0.08675036579370499, -0.09967641532421112, 0.04079294577240944, 0.052143070846796036, 0.0781862884759903, 0.13731695711612701, -0.023455513641238213, 0.031434591859579086, 0.03812054917216301, 0.09948785603046417, 0.05660419911146164, 0.007655751425772905, -0.03885996714234352, 0.008554952219128609, 0.0928306058049202, 0.02473539672791958, 0.08437909185886383, -0.13533057272434235, 0.05611790344119072, 0.0384395532310009]
2022-04-01, 07:54:03, Eingang, 498914, 7, Ifrahim, 0.15262929472311804, [-0.006459386087954044, -0.07021141797304153, -0.07643100619316101, -0.09304934740066528, 0.07085947692394257, -0.06798022985458374, 0.031665194779634476, -0.08330436795949936, 0.0020886939018964767, 0.010311678983271122, 0.06981800496578217, -0.09113454818725586, -0.03344519063830376, -0.14148975908756256, 0.016665976494550705, 0.08237624168395996, 0.09130879491567612, -0.0986567959189415, 0.06172461807727814, -0.17404522001743317, -0.059133101254701614, -0.021598994731903076, -0.0892111137509346, -0.002383517799898982, 0.047331877052783966, -0.03011033870279789, 0.1604093313217163, 0.09783165901899338, -0.0997898280620575, 0.015657778829336166, -0.07758980989456177, 0.08838601410388947, 0.013455118052661419, -0.04974440857768059, 0.13645094633102417, -0.04997449368238449, 0.13316309452056885, 0.014532698318362236, 0.1801513433456421, -0.002369797555729747, 0.08168110251426697, 0.011016000993549824, -0.07871077209711075, -0.031674791127443314, -0.09517501294612885, -0.10931402444839478, 0.011955177411437035, -0.018589235842227936, 0.05952998250722885, 0.07185283303260803, -0.1036914736032486, 0.07762279361486435, 0.06866015493869781, -0.05446821451187134, 0.008921436965465546, 0.14834308624267578, 0.11615113168954849, 0.038724321871995926, 0.0011755296727642417, -0.17838254570960999, -0.06218453869223595, -0.07143550366163254, -0.03504353016614914, 0.2005898803472519, 0.06524667888879776, 0.17299528419971466, 0.06505502015352249, 0.011226729489862919, 0.03627391159534454, -0.0825197622179985, -0.011067396961152554, -0.1246822401881218, 0.06877388060092926, -0.1259261965751648, -0.05690377578139305, -0.01960783079266548, -0.025855520740151405, 0.08544588088989258, -0.06185934320092201, -0.15645438432693481, -0.11309836059808731, -0.04549773782491684, 0.030989810824394226, 0.10234766453504562, 0.10927264392375946, -0.06751979887485504, 0.1173987165093422, -0.08191549777984619, -0.17771992087364197, 0.19767162203788757, 0.06690757721662521, -0.0017415600595995784, -0.04608624055981636, -0.05892149358987808, 0.052502866834402084, 0.055518988519907, 0.03131468966603279, -0.13613063097000122, -0.20605890452861786, 0.04211750999093056, -0.1344555765390396, 0.1749752163887024, 0.059651557356119156, -0.11764279007911682, 0.036286890506744385, 0.06311812996864319, -0.02493172697722912, 0.01640128716826439, -0.0222458615899086, -0.09444541484117508, 0.03186551108956337, 0.04034455120563507, 0.12723113596439362, 0.08761877566576004, -0.016895219683647156, 0.056367505341768265, 0.006099344231188297, 0.14208047091960907, 0.09053319692611694, 0.054325662553310394, -0.01517470832914114, -0.05344460532069206, 0.12652073800563812, 0.0522414892911911, 0.09191711992025375, -0.12076110392808914, 0.08979658037424088, -0.017873793840408325]
2022-04-01, 07:54:04, Eingang, 498934, 7, No face visible, NA, -1
2022-04-01, 07:54:04, Eingang, 498935, 7, No face visible, NA, -1
2022-04-01, 07:54:05, Eingang, 498955, 7, No face visible, NA, -1
2022-04-01, 07:54:06, Eingang, 498975, 7, No face visible, NA, -1
2022-04-01, 07:54:07, Eingang, 498995, 7, No face visible, NA, -1
2022-04-01, 07:54:08, Eingang, 499015, 7, No face visible, NA, -1
2022-04-01, 07:54:09, Eingang, 499035, 7, No face visible, NA, -1
2022-04-01, 07:54:10, Eingang, 499055, 7, No face visible, NA, -1
2022-04-01, 07:54:10, Eingang, 499056, 7, No face visible, NA, -1
2022-04-01, 07:54:11, Eingang, 499076, 7, No face visible, NA, -1
2022-04-01, 07:54:12, Eingang, 499096, 7, No face visible, NA, -1
2022-04-01, 07:54:13, Eingang, 499116, 7, No face visible, NA, -1
2022-04-01, 07:54:14, Eingang, 499136, 7, No face visible, NA, -1
2022-04-01, 07:54:15, Eingang, 499156, 7, No face visible, NA, -1
2022-04-01, 07:54:16, Eingang, 499176, 7, No face visible, NA, -1
2022-04-01, 07:54:16, Eingang, 499177, 7, No face visible, NA, -1
2022-04-01, 07:54:18, Eingang, 499197, 7, No face visible, NA, -1
2022-04-01, 07:54:19, Eingang, 499217, 7, No face visible, NA, -1
2022-04-01, 07:54:20, Eingang, 499237, 7, No face visible, NA, -1
2022-04-01, 07:54:21, Eingang, 499257, 7, Ifrahim, 0.16452009915525273, [0.013771740719676018, -0.07047729194164276, -0.07335066795349121, -0.08337625861167908, 0.05227039009332657, -0.09562553465366364, 0.026505718007683754, -0.06653175503015518, -0.014878282323479652, 0.02428418956696987, 0.0546097457408905, -0.08936422318220139, -0.0372743234038353, -0.1304064244031906, 0.03136174753308296, 0.07619182020425797, 0.07375825941562653, -0.11598405241966248, 0.08288601785898209, -0.16609235107898712, -0.0859193354845047, -0.025361448526382446, -0.10135767608880997, 0.02553940750658512, 0.03826761618256569, -0.01744435913860798, 0.17761586606502533, 0.12850341200828552, -0.10426659882068634, 0.007007283624261618, -0.09256290644407272, 0.09511135518550873, -0.007868802174925804, -0.06278828531503677, 0.11468657851219177, -0.0430583730340004, 0.11408824473619461, 0.000969457090832293, 0.19222566485404968, 0.01651160791516304, 0.07032523304224014, -0.0006270369631238282, -0.09866757690906525, -0.035284388810396194, -0.0934562236070633, -0.09861740469932556, 0.014476981945335865, -0.0190993994474411, 0.04728908836841583, 0.050464753061532974, -0.10018625855445862, 0.10154129564762115, 0.05788728967308998, -0.04760606959462166, 0.008932987228035927, 0.1656278371810913, 0.1186305433511734, 0.06062190607190132, -0.00025985800311900675, -0.16449324786663055, -0.06659562140703201, -0.08167764544487, -0.021069860085844994, 0.17645598948001862, 0.06268680840730667, 0.17187535762786865, 0.07688107341527939, 0.016773119568824768, 0.01721341535449028, -0.06438852101564407, -0.020322227850556374, -0.11134455353021622, 0.10312065482139587, -0.1149061992764473, -0.07541517168283463, -0.015344325453042984, -0.039527636021375656, 0.09206479042768478, -0.07835155725479126, -0.15290656685829163, -0.11524488776922226, -0.06459742784500122, 0.037159524857997894, 0.10024524480104446, 0.09861413389444351, -0.10283829271793365, 0.10263058543205261, -0.09009531885385513, -0.15049925446510315, 0.17585667967796326, 0.08361776918172836, -0.028590645641088486, -0.050963643938302994, -0.05950118601322174, 0.04830865189433098, 0.02719520591199398, 0.03644445538520813, -0.12843212485313416, -0.19268615543842316, 0.0382772795855999, -0.13027918338775635, 0.19515378773212433, 0.07245755195617676, -0.12199992686510086, 0.058697063475847244, 0.050108641386032104, -0.014771409332752228, 0.028419554233551025, -0.019013790413737297, -0.08291150629520416, 0.04405641183257103, 0.04681085795164108, 0.12789852917194366, 0.07502323389053345, -0.00467228377237916, 0.06669893115758896, 0.010137604549527168, 0.15722329914569855, 0.09998980164527893, 0.05468147248029709, -0.02056068181991577, -0.03219647705554962, 0.10564938187599182, 0.056046269834041595, 0.10474812984466553, -0.12514588236808777, 0.07832664251327515, -0.0221896693110466]
2022-04-01, 07:54:22, Eingang, 499277, 7, Ifrahim, 0.13638170150179185, [-0.001962050097063184, -0.061321042478084564, -0.07170978933572769, -0.09659884870052338, 0.10532189160585403, -0.04523211345076561, 0.03191643953323364, -0.056203652173280716, 0.012646623887121677, 0.011712846346199512, 0.10366665571928024, -0.0961727499961853, -0.0537753626704216, -0.13520313799381256, 0.020791972056031227, 0.10157717764377594, 0.058134809136390686, -0.10397616028785706, 0.05837886035442352, -0.1901792585849762, -0.0717562660574913, -0.004145544022321701, -0.08137303590774536, 0.0021997150033712387, 0.037273842841386795, -0.042003192007541656, 0.1664348840713501, 0.09819834679365158, -0.1207817867398262, 0.00709906592965126, -0.0886322483420372, 0.08242291957139969, 0.02818511798977852, -0.05272326245903969, 0.1280820071697235, -0.025942949578166008, 0.12824781239032745, 0.0179905965924263, 0.1898462176322937, 0.010930495336651802, 0.07888395339250565, -0.0024178314488381147, -0.08781379461288452, -0.06787644326686859, -0.10862818360328674, -0.11211419105529785, 0.011459446512162685, -0.0007887231186032295, 0.0731639713048935, 0.09504271298646927, -0.09218666702508926, 0.09257698804140091, 0.10054461658000946, -0.04861312732100487, 0.02384796552360058, 0.14358015358448029, 0.0923144742846489, 0.039710428565740585, 0.004640416707843542, -0.1590641438961029, -0.06167662516236305, -0.10255716741085052, -0.02968698926270008, 0.19248121976852417, 0.09243392944335938, 0.14721940457820892, 0.05595684424042702, 0.02109142392873764, 0.015751931816339493, -0.06983423233032227, -0.019675705581903458, -0.1245575100183487, 0.06474459171295166, -0.11175317317247391, -0.054699402302503586, -0.02363828755915165, -0.01209067553281784, 0.12654869258403778, -0.07547269761562347, -0.11724337935447693, -0.15836216509342194, -0.052004601806402206, 0.04846280813217163, 0.10039679706096649, 0.09759394824504852, -0.04225600138306618, 0.12659263610839844, -0.08086498081684113, -0.13951459527015686, 0.17394192516803741, 0.07012450695037842, 0.019972294569015503, -0.03223254159092903, -0.052749887108802795, 0.08741024881601334, 0.04213188961148262, -0.01096654124557972, -0.15068359673023224, -0.222091943025589, 0.049245141446590424, -0.1263733208179474, 0.16170823574066162, 0.044125355780124664, -0.11715492606163025, 0.03718898072838783, 0.05351695045828819, -0.02307647280395031, 0.019062364473938942, -0.016378486528992653, -0.08271574229001999, 0.04863717034459114, 0.03231589496135712, 0.1106070876121521, 0.10879486054182053, -0.007776048965752125, 0.05932503193616867, 0.021875126287341118, 0.14067208766937256, 0.08269296586513519, 0.0596352182328701, -0.055757373571395874, -0.05828433856368065, 0.1225254014134407, 0.04754936322569847, 0.0790567621588707, -0.1023298129439354, 0.08720824867486954, -0.0022556623443961143]
2022-04-01, 07:54:23, Eingang, 499297, 7, No face visible, NA, -1
2022-04-01, 07:54:23, Eingang, 499298, 7, No face visible, NA, -1
2022-04-01, 07:54:24, Eingang, 499318, 7, No face visible, NA, -1
2022-04-01, 07:54:25, Eingang, 499338, 7, No face visible, NA, -1
2022-04-01, 07:54:26, Eingang, 499358, 7, No face visible, NA, -1
2022-04-01, 07:54:27, Eingang, 499378, 7, No face visible, NA, -1
2022-04-01, 07:54:28, Eingang, 499398, 7, No face visible, NA, -1
2022-04-01, 07:54:29, Eingang, 499418, 7, No face visible, NA, -1
2022-04-01, 07:54:29, Eingang, 499419, 7, No face visible, NA, -1
2022-04-01, 07:54:31, Eingang, 499439, 7, No face visible, NA, -1
2022-04-01, 07:54:32, Eingang, 499459, 7, No face visible, NA, -1
2022-04-01, 07:54:33, Eingang, 499479, 7, No face visible, NA, -1
2022-04-01, 07:54:34, Eingang, 499511, 7, No face visible, NA, -1
2022-04-01, 07:54:36, Eingang, 499531, 7, No face visible, NA, -1
2022-04-01, 07:54:36, Eingang, 499551, 7, No face visible, NA, -1
2022-04-01, 07:54:36, Eingang, 499552, 7, No face visible, NA, -1
2022-04-01, 07:54:38, Eingang, 499572, 7, No face visible, NA, -1
2022-04-01, 07:54:39, Eingang, 499592, 7, No face visible, NA, -1
2022-04-01, 07:54:40, Eingang, 499612, 7, No face visible, NA, -1
2022-04-01, 07:54:41, Eingang, 499632, 7, No face visible, NA, -1
2022-04-01, 07:54:42, Eingang, 499652, 7, No face visible, NA, -1
2022-04-01, 07:54:43, Eingang, 499672, 7, No face visible, NA, -1
2022-04-01, 07:54:43, Eingang, 499673, 7, No face visible, NA, -1
2022-04-01, 07:54:44, Eingang, 499693, 7, No face visible, NA, -1
2022-04-01, 07:54:46, Eingang, 499713, 7, unknown, NA, [-0.006582309026271105, -0.09278062731027603, -0.02051956206560135, -0.09744595736265182, 0.12844623625278473, 0.030302053317427635, 0.06445999443531036, -0.02781796082854271, 0.044628389179706573, 0.030244294553995132, 0.14654415845870972, -0.10502072423696518, 0.018318243324756622, -0.1645643711090088, -0.009702973067760468, 0.0929126888513565, 0.09541580080986023, -0.0850098580121994, 0.04279564693570137, -0.11540023237466812, -0.005869726184755564, 0.031054075807332993, -0.09648174792528152, -0.0070562721230089664, 0.020688949152827263, -0.06690678745508194, 0.15972743928432465, 0.0611313134431839, -0.135564923286438, -0.03188561275601387, -0.07395277172327042, 0.06854228675365448, 0.011150270700454712, -0.07713940739631653, 0.1237376406788826, -0.053408894687891006, 0.10985361784696579, 0.0130122359842062, 0.10898207128047943, 0.022019101306796074, 0.08233870565891266, -0.017841890454292297, -0.006803463213145733, -0.07246065884828568, -0.10559237003326416, -0.16101282835006714, 0.022404933348298073, 0.009378337301313877, 0.13741594552993774, 0.08209186047315598, -0.1118609830737114, 0.05956245958805084, 0.05270766466856003, -0.07105901837348938, -0.014475458301603794, 0.07567541301250458, 0.0687880739569664, 0.025895170867443085, -0.041535865515470505, -0.19633634388446808, -0.1004384309053421, -0.068831667304039, 0.010403791442513466, 0.2284458577632904, 0.04111326485872269, 0.12263131886720657, 0.0468284897506237, 0.0369047075510025, 0.0489627905189991, -0.08510208874940872, -0.030387913808226585, -0.15253904461860657, 0.06562860310077667, -0.1126045286655426, -0.03091975674033165, -0.06402646005153656, -0.00898695643991232, 0.09888606518507004, -0.10382123291492462, -0.06602999567985535, -0.15316323935985565, -0.09889347851276398, 0.0025215151254087687, 0.07250040769577026, 0.11308920383453369, 0.014555222354829311, 0.1414070725440979, -0.09041649848222733, -0.1559886783361435, 0.18558739125728607, 0.0768178179860115, 0.03606319800019264, 0.01394538301974535, -0.028042571619153023, 0.10669498890638351, 0.04321877658367157, -0.01018319372087717, -0.12299805134534836, -0.2039255052804947, 0.05551331862807274, -0.07344657182693481, 0.1699441373348236, 0.0863112211227417, -0.11477508395910263, 0.006861647125333548, 0.06483576446771622, -0.036017533391714096, -0.0425836518406868, -0.054206326603889465, -0.09866651147603989, 0.06905808299779892, 0.034924544394016266, 0.12315451353788376, 0.12732988595962524, -0.024143656715750694, 0.0406365692615509, -0.005198699422180653, 0.13750503957271576, 0.0687766820192337, 0.07211347669363022, -0.10733658075332642, -0.05255819484591484, 0.10092012584209442, 0.07965457439422607, 0.049968939274549484, -0.08378217369318008, 0.07695294171571732, 0.06517207622528076]
2022-04-01, 07:54:46, Eingang, 499733, 7, No face visible, NA, -1
2022-04-01, 07:54:48, Eingang, 499753, 7, No face visible, NA, -1
2022-04-01, 07:54:49, Eingang, 499773, 7, No face visible, NA, -1
2022-04-01, 07:54:50, Eingang, 499805, 7, No face visible, NA, -1
2022-04-01, 07:54:51, Eingang, 499806, 7, No face visible, NA, -1
2022-04-01, 07:54:53, Eingang, 499859, 7, No face visible, NA, -1
2022-04-01, 07:54:54, Eingang, 499882, 7, No face visible, NA, -1
2022-04-01, 07:54:57, Eingang, 499932, 7, No face visible, NA, -1
2022-04-01, 07:54:58, Eingang, 499952, 7, No face visible, NA, -1
2022-04-01, 07:55:02, Lost, person, 7, 2273, 1425
