2022-04-01, 07:35:09, Found, person, 4, 2307, 1404
2022-04-01, 07:35:09, Eingang, 476584, 4, No face visible, NA, -1
2022-04-01, 07:35:11, Eingang, 476604, 4, No face visible, NA, -1
2022-04-01, 07:35:12, Eingang, 476624, 4, No face visible, NA, -1
2022-04-01, 07:35:13, Eingang, 476644, 4, Maureen_Leber, 2.8577671769137947, [-0.053028982132673264, -0.05645173415541649, -0.12217552959918976, -0.07000043243169785, 0.036742907017469406, -0.08943018317222595, -0.008330349810421467, -0.0509716160595417, -0.018701719120144844, -0.013372951187193394, 0.03856799006462097, -0.00844648014754057, -0.03955179825425148, -0.13045120239257812, -0.00828349869698286, 0.026691727340221405, 0.08243601024150848, -0.11595573276281357, 0.08795997500419617, -0.19531677663326263, -0.07233519852161407, -0.051307789981365204, -0.09967201948165894, -0.02280195616185665, 0.019803881645202637, 0.005345374345779419, 0.19410236179828644, 0.0397067554295063, -0.06722032278776169, -0.0038929269649088383, -0.12325895577669144, 0.03329937160015106, -0.012508348561823368, -0.017473746091127396, 0.10201393067836761, 0.05707944929599762, 0.14432844519615173, 0.0006650490686297417, 0.1284714788198471, -0.03233209624886513, 0.07821350544691086, 0.14436353743076324, -0.03992844745516777, 0.014569892548024654, -0.052700236439704895, -0.0909605324268341, -0.006277983542531729, -0.012700621969997883, 0.07702358812093735, 0.035090625286102295, -0.15374846756458282, 0.06423936784267426, 0.08956477791070938, 0.021161675453186035, -0.05539930239319801, 0.15949955582618713, 0.085218146443367, 0.04027784243226051, -0.012265588156878948, -0.15983757376670837, -0.12373433262109756, -0.010517464019358158, -0.03258269652724266, 0.16919037699699402, 0.02957194857299328, 0.2225499451160431, 0.032788485288619995, 0.007108708843588829, 0.010947826318442822, -0.05196873098611832, 0.07795405387878418, -0.025704743340611458, 0.0013661915436387062, -0.11657281219959259, 0.011038566008210182, -0.057632528245449066, -0.03803351894021034, 0.13601334393024445, -0.04423971101641655, -0.15479950606822968, -0.11251218616962433, -0.06785856187343597, -0.02084425464272499, 0.008143371902406216, 0.07195378839969635, -0.003763353917747736, 0.06232687830924988, -0.007651421241462231, -0.14930851757526398, 0.1538059413433075, 0.07743939012289047, 0.031753167510032654, -0.0028253081254661083, -0.03000614419579506, 0.01828174665570259, 0.1272529512643814, 0.004980697296559811, -0.16370290517807007, -0.13550744950771332, 0.1109810322523117, -0.09277480095624924, 0.1454773098230362, 0.14306968450546265, -0.11787141114473343, 0.08882075548171997, 0.05906134843826294, -0.03579433262348175, -0.014619659632444382, -0.0845637395977974, -0.08083430677652359, 0.07800693064928055, 0.0013967903796583414, 0.07601509243249893, 0.1452961564064026, -0.03374674916267395, 0.09012315422296524, -0.07357964664697647, 0.17111235857009888, 0.1369500309228897, 0.0667857825756073, -0.0595969632267952, -0.1148558035492897, 0.13084706664085388, 0.02958928979933262, 0.08261024951934814, -0.09079444408416748, 0.17869675159454346, -0.016509918496012688]
2022-04-01, 07:35:14, Eingang, 476664, 4, No face visible, NA, -1
2022-04-01, 07:35:15, Eingang, 476684, 4, No face visible, NA, -1
2022-04-01, 07:35:16, Eingang, 476704, 4, No face visible, NA, -1
2022-04-01, 07:35:16, Eingang, 476705, 4, No face visible, NA, -1
2022-04-01, 07:35:17, Eingang, 476725, 4, No face visible, NA, -1
2022-04-01, 07:35:18, Eingang, 476745, 4, No face visible, NA, -1
2022-04-01, 07:35:20, Eingang, 476765, 4, No face visible, NA, -1
2022-04-01, 07:35:20, Eingang, 476785, 4, No face visible, NA, -1
2022-04-01, 07:35:22, Eingang, 476805, 4, No face visible, NA, -1
2022-04-01, 07:35:23, Eingang, 476825, 4, Elvira_Bruno, NA, -1
2022-04-01, 07:35:23, Eingang, 476826, 4, Elvira_Bruno, NA, -1
2022-04-01, 07:35:24, Eingang, 476846, 4, No face visible, NA, -1
2022-04-01, 07:35:25, Eingang, 476866, 4, No face visible, NA, -1
2022-04-01, 07:35:27, Eingang, 476901, 4, No face visible, NA, -1
2022-04-01, 07:35:28, Eingang, 476921, 4, No face visible, NA, -1
2022-04-01, 07:35:29, Eingang, 476941, 4, No face visible, NA, -1
2022-04-01, 07:35:30, Eingang, 476961, 4, No face visible, NA, -1
2022-04-01, 07:35:35, Lost, person, 4, 2427,  161
