2022-03-22, 17:04:02, Found, person, 373, 102, 1755
2022-03-22, 17:04:02, Eingang, 907162, 373, No face visible, NA, -1
2022-03-22, 17:04:03, Eingang, 907172, 373, No face visible, NA, -1
2022-03-22, 17:04:04, Eingang, 907182, 373, No face visible, NA, -1
2022-03-22, 17:04:06, Eingang, 907200, 373, No face visible, NA, -1
2022-03-22, 17:04:06, Eingang, 907210, 373, No face visible, NA, -1
2022-03-22, 17:04:07, Eingang, 907220, 373, No face visible, NA, -1
2022-03-22, 17:04:08, Eingang, 907230, 373, unknown, NA, [-0.04598246514797211, -0.06278234720230103, -0.1385342925786972, -0.05656178295612335, -0.044962912797927856, 0.04692608863115311, -0.008336679078638554, 0.09785065799951553, -0.02430853806436062, -0.02794785238802433, -0.07267270982265472, 0.11020531505346298, 0.025079019367694855, -0.0786253809928894, 0.0806315690279007, -0.11399799585342407, -0.051779843866825104, -0.14285752177238464, 0.15678353607654572, -0.11642250418663025, -0.11822786927223206, -0.018768800422549248, -0.005460665095597506, 0.09906184673309326, 0.010464746505022049, -0.011559994891285896, 0.1313856989145279, -0.009696731343865395, -0.044448986649513245, -0.12643927335739136, -0.1138375848531723, -0.013250615447759628, -0.025990258902311325, 0.08856552094221115, -0.03532347083091736, 0.03797032684087753, 0.041347697377204895, -0.07177671045064926, 0.03923303633928299, -0.13205412030220032, 0.01832656003534794, 0.21599185466766357, -0.024801375344395638, -0.0392741784453392, -0.031460944563150406, -0.05750640481710434, -0.03947829827666283, -0.1316726803779602, 0.06681914627552032, 0.015492642298340797, -0.12221070379018784, 0.07926557958126068, 0.08781412988901138, -0.11088243871927261, -0.0532817579805851, 0.1333664059638977, 0.013372723013162613, -0.03709498792886734, -0.05177551135420799, -0.1389368772506714, -0.06546083092689514, 0.06240805983543396, 0.00610136054456234, 0.039500147104263306, -0.0520961694419384, 0.1654941886663437, 0.05012331157922745, 0.022458208724856377, -0.10685843229293823, -0.008908017538487911, 0.17222364246845245, -0.021473044529557228, 0.056322064250707626, -0.15171414613723755, 0.18453828990459442, -0.032582975924015045, -0.1588609218597412, 0.16508720815181732, -0.09056911617517471, -0.012780018150806427, -0.03295271098613739, 0.0556800402700901, -0.16552335023880005, -0.09626534581184387, 0.03916525840759277, 0.06615941971540451, -0.02845582365989685, 0.1052476316690445, -0.04540999233722687, 0.09514982998371124, 0.10902580618858337, -0.008295539766550064, -0.0756557434797287, 0.06926008313894272, 0.06541762501001358, 0.12500154972076416, -0.08945532143115997, -0.06095540523529053, -0.02516786940395832, 0.16238166391849518, -0.00846158992499113, -0.04291754588484764, 0.16654634475708008, -0.08082006126642227, 0.08991245925426483, -0.028343424201011658, 0.0031360378488898277, -0.010097003541886806, -0.09691231697797775, -0.03952702507376671, 0.02061106264591217, 0.027256878092885017, -0.00562475249171257, 0.10053440183401108, 0.0028597451746463776, 0.07132720947265625, -0.15968820452690125, 0.07740626484155655, 0.14619357883930206, 0.07937149703502655, -0.059327129274606705, -0.17684397101402283, 0.045857496559619904, 0.07236924022436142, 0.11450975388288498, -0.10218483209609985, 0.15336556732654572, 0.02340005151927471]
2022-03-22, 17:04:09, Eingang, 907234, 373, No face visible, NA, -1
2022-03-22, 17:04:10, Eingang, 907244, 373, No face visible, NA, -1
2022-03-22, 17:04:11, Eingang, 907254, 373, No face visible, NA, -1
2022-03-22, 17:04:12, Eingang, 907271, 373, No face visible, NA, -1
2022-03-22, 17:04:13, Eingang, 907281, 373, No face visible, NA, -1
2022-03-22, 17:04:14, Eingang, 907291, 373, No face visible, NA, -1
2022-03-22, 17:04:15, Eingang, 907301, 373, No face visible, NA, -1
2022-03-22, 17:04:16, Eingang, 907302, 373, No face visible, NA, -1
2022-03-22, 17:04:17, Eingang, 907315, 373, No face visible, NA, -1
2022-03-22, 17:04:18, Eingang, 907325, 373, No face visible, NA, -1
2022-03-22, 17:04:19, Eingang, 907335, 373, No face visible, NA, -1
2022-03-22, 17:04:22, Eingang, 907363, 373, unknown, NA, [-0.035540126264095306, -0.08137389272451401, -0.10645832866430283, -0.07563721388578415, 0.0927443727850914, -0.02966351993381977, 0.03907119855284691, -0.04372778162360191, 0.016021883115172386, 0.05198357626795769, 0.0885576456785202, -0.0848822295665741, -0.011819003149867058, -0.1669471263885498, 0.004123523831367493, 0.10129574686288834, 0.10635412484407425, -0.11520686745643616, 0.06387783586978912, -0.1505538821220398, -0.037551771849393845, -0.007213315460830927, -0.09899751842021942, 0.004215037915855646, 0.004333242308348417, -0.04034528508782387, 0.1713944971561432, 0.04991831257939339, -0.10962575674057007, 0.018669886514544487, -0.05912141501903534, 0.059839531779289246, 0.032784946262836456, -0.045880381017923355, 0.13427098095417023, -0.05551639199256897, 0.14343567192554474, 0.0021093771792948246, 0.14915047585964203, -0.011209649965167046, 0.08435484766960144, 0.048452913761138916, -0.0689762532711029, -0.032800596207380295, -0.11272423714399338, -0.13686707615852356, 0.024360893294215202, -0.0024340383242815733, 0.07821528613567352, 0.08643605560064316, -0.12967172265052795, 0.048507511615753174, 0.07450734078884125, -0.028813548386096954, -0.00560504337772727, 0.08226487785577774, 0.1390007585287094, 0.03396834805607796, -0.016817500814795494, -0.2182198464870453, -0.09562735259532928, -0.06883552670478821, -0.04049791023135185, 0.2191821187734604, 0.060718219727277756, 0.15398171544075012, 0.06688898801803589, 0.017781540751457214, 0.010918316431343555, -0.08706383407115936, 0.005484292283654213, -0.11470013111829758, 0.048245154321193695, -0.1071363091468811, -0.010279566049575806, -0.01885896734893322, -0.0017050207825377584, 0.1343308389186859, -0.06309919059276581, -0.1184755340218544, -0.18101221323013306, -0.06268377602100372, -0.004634648561477661, 0.014250151813030243, 0.1063610091805458, -0.012785008177161217, 0.09272467344999313, -0.052799273282289505, -0.18791337311267853, 0.20626039803028107, 0.06709982454776764, 0.01870187744498253, -0.04181540012359619, -0.01660170778632164, 0.09316982328891754, 0.036130182445049286, 0.004643033258616924, -0.10841044038534164, -0.22646386921405792, 0.03623867779970169, -0.0854327455163002, 0.16183918714523315, 0.05557382479310036, -0.10908687859773636, 0.042666953057050705, 0.07783044129610062, -0.028883151710033417, -0.015979116782546043, -0.0399557426571846, -0.07368691265583038, 0.03484230488538742, 0.045896485447883606, 0.10835681110620499, 0.1170358657836914, -0.07621647417545319, 0.04780954495072365, -0.021042965352535248, 0.06829705089330673, 0.08147747814655304, 0.07670338451862335, -0.055675800889730453, -0.07658912986516953, 0.09276754409074783, 0.024576736614108086, 0.09206336736679077, -0.12726984918117523, 0.11667276173830032, 0.011318867094814777]
2022-03-22, 17:04:23, Eingang, 907373, 373, No face visible, NA, -1
2022-03-22, 17:04:24, Eingang, 907383, 373, No face visible, NA, -1
2022-03-22, 17:04:24, Eingang, 907384, 373, No face visible, NA, -1
2022-03-22, 17:04:25, Eingang, 907394, 373, No face visible, NA, -1
2022-03-22, 17:04:26, Eingang, 907404, 373, No face visible, NA, -1
2022-03-22, 17:04:27, Eingang, 907414, 373, No face visible, NA, -1
2022-03-22, 17:04:28, Eingang, 907424, 373, No face visible, NA, -1
2022-03-22, 17:04:29, Eingang, 907434, 373, No face visible, NA, -1
2022-03-22, 17:04:30, Eingang, 907444, 373, No face visible, NA, -1
2022-03-22, 17:04:30, Eingang, 907445, 373, No face visible, NA, -1
2022-03-22, 17:04:31, Eingang, 907455, 373, No face visible, NA, -1
2022-03-22, 17:04:32, Eingang, 907465, 373, No face visible, NA, -1
2022-03-22, 17:04:42, Lost, person, 373, 2447,  460
