2022-03-26, 13:02:50, Found, person, 92, 1393, 1481
2022-03-26, 13:02:50, Eingang, 890854, 92, No face visible, NA, -1
2022-03-26, 13:02:50, Eingang, 890864, 92, No face visible, NA, -1
2022-03-26, 13:02:51, Eingang, 890874, 92, No face visible, NA, -1
2022-03-26, 13:02:52, Eingang, 890884, 92, No face visible, NA, -1
2022-03-26, 13:02:52, Eingang, 890894, 92, No face visible, NA, -1
2022-03-26, 13:02:53, Eingang, 890904, 92, No face visible, NA, -1
2022-03-26, 13:02:53, Eingang, 890914, 92, No face visible, NA, -1
2022-03-26, 13:02:53, Eingang, 890915, 92, No face visible, NA, -1
2022-03-26, 13:02:54, Eingang, 890925, 92, No face visible, NA, -1
2022-03-26, 13:02:54, Eingang, 890935, 92, No face visible, NA, -1
2022-03-26, 13:02:55, Eingang, 890945, 92, unknown, NA, [-0.02274797111749649, -0.11607319116592407, 0.016304930672049522, -0.13057346642017365, 0.09148736298084259, 0.027196289971470833, 0.02742326259613037, -0.06708982586860657, 0.005292660556733608, 0.08560957759618759, 0.08197751641273499, -0.08496706932783127, 0.01934928447008133, -0.1090068370103836, -0.015005619265139103, 0.1021588146686554, 0.052653513848781586, -0.08839336037635803, 0.08418735861778259, -0.1558367908000946, 0.012154214084148407, 0.012333687394857407, -0.06651292741298676, -0.003918538335710764, 0.04117298126220703, -0.03412389010190964, 0.1655021607875824, 0.10362372547388077, -0.0583137609064579, -0.015037556178867817, -0.09488843381404877, 0.08154873549938202, 0.0035728381481021643, -0.046821478754282, 0.13666591048240662, -0.11607800424098969, 0.09247495234012604, 0.03879857808351517, 0.14120006561279297, 0.0017515862127766013, 0.09672712534666061, -0.060326289385557175, -0.028557799756526947, -0.04634634405374527, -0.12164997309446335, -0.14787249267101288, 0.0055189891718328, -0.026980886235833168, 0.11440329253673553, 0.025603262707591057, -0.12368801236152649, 0.08875869959592819, 0.045391518622636795, -0.0825037881731987, 0.0083448626101017, 0.06351288408041, 0.13220828771591187, 0.050778597593307495, -0.03465866297483444, -0.21939855813980103, -0.09398125112056732, -0.06252427399158478, -0.025741206482052803, 0.2180202752351761, -0.02024345099925995, 0.16734297573566437, 0.09001526981592178, 0.01661733165383339, 0.05274161323904991, -0.0929412990808487, -0.04831895977258682, -0.15581415593624115, 0.08731398731470108, -0.11121760308742523, -0.02996438927948475, -0.030149538069963455, -0.011449620127677917, 0.10939417034387589, -0.07647018134593964, -0.09154943376779556, -0.15202055871486664, -0.08147178590297699, 0.0292639322578907, 0.05949542671442032, 0.0841054692864418, 0.01757112517952919, 0.11837951838970184, -0.05909978225827217, -0.1500525325536728, 0.18951067328453064, 0.09421391040086746, -0.0034004678018391132, 0.01696372777223587, -0.04844443500041962, 0.1875779777765274, 0.05341543257236481, 0.013574471697211266, -0.10795636475086212, -0.1857675462961197, -0.0010264953598380089, -0.11266029626131058, 0.161537304520607, 0.06168283149600029, -0.08406179398298264, 0.01747533679008484, 0.08165444433689117, -0.009901933372020721, -0.012018805369734764, -0.03412207216024399, -0.09042559564113617, 0.050528232008218765, 0.04181678220629692, 0.0899999663233757, 0.09717319160699844, -0.02457612194120884, 0.04604208841919899, 0.018132101744413376, 0.1426459103822708, 0.06612800061702728, 0.014650925062596798, -0.0812651664018631, 0.0052279396913945675, 0.10338719189167023, 0.06002971529960632, 0.1042998880147934, -0.08716704696416855, 0.10122663527727127, 0.05630979314446449]
2022-03-26, 13:02:55, Eingang, 890955, 92, unknown, NA, [-0.014407454058527946, -0.09389014542102814, -0.049449142068624496, -0.12773598730564117, 0.10007734596729279, 0.0037093788851052523, 0.02511868067085743, -0.043993718922138214, 0.009385921061038971, 0.056239448487758636, 0.0934474840760231, -0.09236741811037064, 0.019133776426315308, -0.1328616440296173, -0.005456107202917337, 0.12116178125143051, 0.08357026427984238, -0.09393781423568726, 0.07984068989753723, -0.14457480609416962, 0.012285874225199223, 0.033262986689805984, -0.07678016275167465, -0.010265039280056953, 0.037447575479745865, -0.056944988667964935, 0.14718389511108398, 0.10376422107219696, -0.06822694092988968, -0.0033578190486878157, -0.07817447185516357, 0.08153549581766129, 0.028816428035497665, -0.0683707520365715, 0.1456763744354248, -0.09328944981098175, 0.0866943746805191, 0.029799005016684532, 0.15139584243297577, 0.01670144870877266, 0.0744791105389595, -0.008440673351287842, -0.036051105707883835, -0.03832618519663811, -0.11741054803133011, -0.13790903985500336, -0.00207768427208066, -0.03377993032336235, 0.10130605846643448, 0.084463931620121, -0.12796683609485626, 0.09435121715068817, 0.04480086266994476, -0.08277855068445206, 0.006539526395499706, 0.08414290845394135, 0.12275028228759766, 0.037858810275793076, -0.05697314441204071, -0.23216336965560913, -0.09464605152606964, -0.07914606481790543, -0.02486802265048027, 0.20367269217967987, -0.006464061792939901, 0.15170997381210327, 0.08267395198345184, 0.01231677271425724, 0.04999809339642525, -0.13168378174304962, -0.041463255882263184, -0.13083979487419128, 0.06176890805363655, -0.12781624495983124, -0.021994490176439285, -0.023402031511068344, -0.019019214436411858, 0.09688230603933334, -0.08764918148517609, -0.09711134433746338, -0.15461546182632446, -0.039049576967954636, 0.038786064833402634, 0.06745430827140808, 0.12107782810926437, 0.0015450771898031235, 0.10604274272918701, -0.05606807768344879, -0.16427049040794373, 0.21649520099163055, 0.08807045966386795, 0.01438233908265829, 0.0013136907946318388, -0.002526623895391822, 0.13117672502994537, 0.04617208614945412, -0.009838494472205639, -0.11718310415744781, -0.2151692658662796, 0.002891836455091834, -0.09548819065093994, 0.16495062410831451, 0.07493244111537933, -0.11064379662275314, 0.006913530174642801, 0.04129249230027199, -0.016999784857034683, 0.032653093338012695, -0.03729626163840294, -0.08797100931406021, 0.062477100640535355, 0.04268966615200043, 0.10847869515419006, 0.12175623327493668, -0.02490871585905552, 0.03940296918153763, 0.05113162845373154, 0.12607237696647644, 0.06624302268028259, 0.018419578671455383, -0.04814983159303665, 0.009258742444217205, 0.09767252951860428, 0.041658539324998856, 0.08725990355014801, -0.12797211110591888, 0.042555902153253555, 0.01738397404551506]
2022-03-26, 13:02:56, Eingang, 890965, 92, No face visible, NA, -1
2022-03-26, 13:02:58, Eingang, 891002, 92, No face visible, NA, -1
2022-03-26, 13:02:58, Eingang, 891003, 92, No face visible, NA, -1
2022-03-26, 13:02:58, Eingang, 891013, 92, No face visible, NA, -1
2022-03-26, 13:02:59, Eingang, 891023, 92, No face visible, NA, -1
2022-03-26, 13:02:59, Eingang, 891033, 92, No face visible, NA, -1
2022-03-26, 13:03:00, Eingang, 891043, 92, No face visible, NA, -1
2022-03-26, 13:03:00, Eingang, 891053, 92, No face visible, NA, -1
2022-03-26, 13:03:01, Eingang, 891063, 92, No face visible, NA, -1
2022-03-26, 13:03:01, Eingang, 891064, 92, No face visible, NA, -1
2022-03-26, 13:03:01, Eingang, 891074, 92, No face visible, NA, -1
2022-03-26, 13:03:02, Eingang, 891084, 92, No face visible, NA, -1
2022-03-26, 13:03:02, Eingang, 891094, 92, No face visible, NA, -1
2022-03-26, 13:03:03, Eingang, 891104, 92, No face visible, NA, -1
2022-03-26, 13:03:03, Eingang, 891114, 92, No face visible, NA, -1
2022-03-26, 13:03:04, Eingang, 891124, 92, No face visible, NA, -1
2022-03-26, 13:03:04, Eingang, 891125, 92, No face visible, NA, -1
2022-03-26, 13:03:09, Lost, person, 92, 1391,  700
