2022-03-30, 12:35:54, Found, person, 238, 1576, 1032
2022-03-30, 12:35:54, Eingang, 2976013, 238, No face visible, NA, -1
2022-03-30, 12:35:55, Eingang, 2976033, 238, No face visible, NA, -1
2022-03-30, 12:35:56, Eingang, 2976053, 238, No face visible, NA, -1
2022-03-30, 12:35:57, Eingang, 2976073, 238, No face visible, NA, -1
2022-03-30, 12:35:58, Eingang, 2976093, 238, No face visible, NA, -1
2022-03-30, 12:35:59, Eingang, 2976113, 238, No face visible, NA, -1
2022-03-30, 12:36:00, Eingang, 2976133, 238, Maureen_Leber, 2.3869691326178595, [0.009164473041892052, -0.0653405487537384, -0.11155256628990173, -0.08387179672718048, 0.020395496860146523, -0.08233364671468735, -0.01922479458153248, -0.022654173895716667, 0.013588265515863895, -0.010261565446853638, 0.026403304189443588, -0.07559560984373093, -0.028991760686039925, -0.12043662369251251, 0.042723722755908966, -0.018692346289753914, 0.07450617104768753, -0.12486337125301361, 0.06009461730718613, -0.16151399910449982, -0.1283029317855835, -0.03265830874443054, -0.10415083169937134, 0.05777401849627495, 0.07333121448755264, 0.015888653695583344, 0.20058052241802216, 0.09153050184249878, -0.11904340982437134, -0.019629886373877525, -0.08481711894273758, 0.035355884581804276, -0.002721336204558611, -0.050569094717502594, 0.10707686841487885, 0.015501020476222038, 0.09848068654537201, -0.03836929798126221, 0.1961526870727539, 0.0009741337853483856, 0.036693330854177475, 0.05640724301338196, -0.1038564071059227, -0.012029680423438549, -0.08369086682796478, -0.07292378693819046, 0.01186898723244667, -0.03319064527750015, 0.03897133842110634, -0.006063502281904221, -0.10908469557762146, 0.10772918164730072, 0.10407361388206482, -0.07374204695224762, 0.02525293081998825, 0.17636683583259583, 0.14637352526187897, 0.016446400433778763, -0.018038511276245117, -0.1190725713968277, -0.019059550017118454, -0.0361422598361969, -0.0198669396340847, 0.1977086365222931, 0.11332549899816513, 0.17816026508808136, 0.04516478255391121, 0.0035990499891340733, 0.00021709749125875533, -0.06690642237663269, 0.03167913109064102, -0.030564088374376297, 0.05037395656108856, -0.15203946828842163, -0.028998877853155136, -0.01471557468175888, -0.06898514926433563, 0.11234422028064728, -0.03443615883588791, -0.1305115818977356, -0.10510376840829849, -0.044828157871961594, 0.03296152874827385, 0.10074225068092346, 0.13023050129413605, -0.12283701449632645, 0.05305048078298569, -0.07603392750024796, -0.14585994184017181, 0.11551401019096375, 0.09064774215221405, -0.016671493649482727, -0.11384619772434235, -0.016741104423999786, 0.026591777801513672, 0.08101548999547958, 0.00560756353661418, -0.09479101747274399, -0.1718762218952179, 0.035934027284383774, -0.04809765890240669, 0.1542692631483078, 0.09292269498109818, -0.09687674790620804, 0.051159102469682693, 0.07009610533714294, -0.05384200066328049, -0.0302378349006176, -0.038408711552619934, -0.1333846002817154, 0.02442045696079731, 0.03657341003417969, 0.11234647780656815, 0.07333125919103622, 0.001496880198828876, 0.10457798093557358, -0.05786939337849617, 0.18065407872200012, 0.18064948916435242, 0.12701691687107086, 0.012239496223628521, -0.07574855536222458, 0.0859929546713829, 0.03159447759389877, 0.09142406284809113, -0.1554175764322281, 0.12701737880706787, -0.060341667383909225]
2022-03-30, 12:36:00, Eingang, 2976134, 238, Maureen_Leber, 2.4938327515228877, [0.0009054674883373082, -0.06610388308763504, -0.10070229321718216, -0.07466117292642593, 0.0393889956176281, -0.053112953901290894, -0.00490434980019927, -0.03132592514157295, 0.00991776306182146, 0.0010899887420237064, 0.03593198582530022, -0.07780789583921432, -0.020747436210513115, -0.11168400198221207, 0.03513741493225098, 0.0020007758866995573, 0.0850740447640419, -0.14193516969680786, 0.05775410681962967, -0.15627112984657288, -0.11268061399459839, -0.0364232137799263, -0.10445977002382278, 0.04287433624267578, 0.06412583589553833, -0.0006102490006014705, 0.20052653551101685, 0.0866936668753624, -0.11110181361436844, -0.012600736692547798, -0.07463601231575012, 0.03104133903980255, 0.010347260162234306, -0.05293000116944313, 0.11250876635313034, 0.005104714073240757, 0.10622028261423111, -0.02738022990524769, 0.18948912620544434, 0.001371351070702076, 0.05362001433968544, 0.057409487664699554, -0.10791171342134476, -0.01836005225777626, -0.10403254628181458, -0.08735352009534836, 0.011720174923539162, -0.017186224460601807, 0.05913025140762329, 0.0037921422626823187, -0.11084143072366714, 0.11111779510974884, 0.10749268531799316, -0.06547018885612488, 0.022817255929112434, 0.17472000420093536, 0.1409526765346527, 0.01623873971402645, -0.006456912029534578, -0.12532928586006165, -0.04020829126238823, -0.038266539573669434, -0.010425499640405178, 0.21497435867786407, 0.10447163879871368, 0.17315402626991272, 0.0469730980694294, 0.013599666766822338, 0.0160320233553648, -0.05446465313434601, 0.022385163232684135, -0.04510518163442612, 0.04944155737757683, -0.14250405132770538, -0.036173105239868164, -0.011526764370501041, -0.052320703864097595, 0.11457867920398712, -0.04230040684342384, -0.12472325563430786, -0.12045659124851227, -0.05643748119473457, 0.04146181419491768, 0.09750860184431076, 0.1303434818983078, -0.10187815874814987, 0.07323773950338364, -0.08516408503055573, -0.16197793185710907, 0.12711307406425476, 0.09113252907991409, -0.006660879589617252, -0.0957711860537529, -0.02458932437002659, 0.03778907656669617, 0.08746057003736496, 0.012129549868404865, -0.10938418656587601, -0.18017058074474335, 0.04666278138756752, -0.07399618625640869, 0.17159844934940338, 0.07656603306531906, -0.08135203272104263, 0.05118415877223015, 0.07386375963687897, -0.05539243295788765, -0.034618452191352844, -0.03868213668465614, -0.13251546025276184, 0.02202976495027542, 0.03837377578020096, 0.10765835642814636, 0.08122958987951279, -0.011127316392958164, 0.09803089499473572, -0.05184929072856903, 0.17757023870944977, 0.1672958880662918, 0.10186542570590973, 0.011488089337944984, -0.08245733380317688, 0.09703682363033295, 0.026202209293842316, 0.09037943184375763, -0.14850273728370667, 0.1326124668121338, -0.038171108812093735]
2022-03-30, 12:36:01, Eingang, 2976154, 238, Katja_Schäck, NA, -1
2022-03-30, 12:36:02, Eingang, 2976174, 238, No face visible, NA, -1
2022-03-30, 12:36:03, Eingang, 2976194, 238, No face visible, NA, -1
2022-03-30, 12:36:05, Eingang, 2976214, 238, No face visible, NA, -1
2022-03-30, 12:36:06, Eingang, 2976234, 238, No face visible, NA, -1
2022-03-30, 12:36:07, Eingang, 2976254, 238, No face visible, NA, -1
2022-03-30, 12:36:07, Eingang, 2976255, 238, No face visible, NA, -1
2022-03-30, 12:36:08, Eingang, 2976275, 238, Katja_Schäck, NA, -1
2022-03-30, 12:36:09, Eingang, 2976295, 238, No face visible, NA, -1
2022-03-30, 12:36:10, Eingang, 2976315, 238, Katja_Schäck, NA, -1
2022-03-30, 12:36:11, Eingang, 2976335, 238, No face visible, NA, -1
2022-03-30, 12:36:12, Eingang, 2976355, 238, Elvira_Bruno, NA, -1
2022-03-30, 12:36:16, Eingang, 2976375, 238, Elvira_Bruno, NA, -1
2022-03-30, 12:36:16, Eingang, 2976376, 238, Elvira_Bruno, NA, -1
2022-03-30, 12:36:17, Eingang, 2976396, 238, No face visible, NA, -1
2022-03-30, 12:36:18, Eingang, 2976416, 238, No face visible, NA, -1
2022-03-30, 12:36:19, Eingang, 2976436, 238, Elvira_Bruno, NA, -1
2022-03-30, 12:36:20, Eingang, 2976456, 238, No face visible, NA, -1
2022-03-30, 12:36:21, Eingang, 2976476, 238, No face visible, NA, -1
2022-03-30, 12:36:22, Eingang, 2976496, 238, No face visible, NA, -1
2022-03-30, 12:36:22, Eingang, 2976497, 238, No face visible, NA, -1
2022-03-30, 12:36:23, Eingang, 2976517, 238, No face visible, NA, -1
2022-03-30, 12:36:27, Out, person, 238, 1696, 1120
