2022-03-21, 16:25:41, Found, person, 1, 2218, 1001
2022-03-21, 16:25:41, Eingang, 2620, 1, No face visible, NA, -1
2022-03-21, 16:25:42, Eingang, 2630, 1, No face visible, NA, -1
2022-03-21, 16:25:43, Eingang, 2640, 1, No face visible, NA, -1
2022-03-21, 16:25:44, Eingang, 2650, 1, No face visible, NA, -1
2022-03-21, 16:25:45, Eingang, 2660, 1, No face visible, NA, -1
2022-03-21, 16:25:46, Eingang, 2670, 1, No face visible, NA, -1
2022-03-21, 16:25:47, Eingang, 2680, 1, No face visible, NA, -1
2022-03-21, 16:25:47, Eingang, 2681, 1, No face visible, NA, -1
2022-03-21, 16:25:48, Eingang, 2691, 1, Caren_Bruno, 3.0305875070272865, [-0.014725882560014725, -0.08830573409795761, -0.055641256272792816, -0.10010574012994766, 0.0793255940079689, -0.014759302139282227, 0.02092328853905201, -0.062479641288518906, -0.002727966755628586, 0.041813500225543976, 0.07350862771272659, -0.09878074377775192, -0.013669401407241821, -0.12770913541316986, 0.01521538570523262, 0.1129549890756607, 0.09470836818218231, -0.08660662174224854, 0.054646529257297516, -0.1574259251356125, -0.028429104015231133, 0.025498658418655396, -0.10664315521717072, -0.024406328797340393, 0.03443143889307976, -0.03369738161563873, 0.1361764818429947, 0.09239577502012253, -0.07070420682430267, 0.003988771233707666, -0.043452225625514984, 0.08982540667057037, 0.02931389771401882, -0.04824154078960419, 0.14861075580120087, -0.09045684337615967, 0.10870489478111267, 0.03266962990164757, 0.15502206981182098, 0.003756395075470209, 0.07884807884693146, 0.012667860835790634, -0.04898791387677193, -0.059571411460638046, -0.10963215678930283, -0.13815821707248688, 0.014037497341632843, -0.016192028298974037, 0.09463383257389069, 0.08459055423736572, -0.10549179464578629, 0.03825182095170021, 0.06944134831428528, -0.0603598952293396, 0.01178831048309803, 0.07591307908296585, 0.1322622001171112, 0.03596699982881546, -0.025842705741524696, -0.2330920696258545, -0.09891027212142944, -0.0836150273680687, -0.038940586149692535, 0.2415561079978943, 0.021283091977238655, 0.14039631187915802, 0.079472117125988, -0.007824900560081005, 0.052468180656433105, -0.10618765652179718, -0.020800400525331497, -0.15861085057258606, 0.06158927455544472, -0.12964043021202087, -0.029103649780154228, -0.02306969091296196, -0.008554583415389061, 0.11811722815036774, -0.06326915323734283, -0.10580796003341675, -0.14471077919006348, -0.07736580073833466, 0.01772146299481392, 0.06560327112674713, 0.10860244184732437, -0.01412414200603962, 0.12329639494419098, -0.06595178693532944, -0.1898452341556549, 0.21417784690856934, 0.08512353152036667, 0.008237631060183048, -0.038670577108860016, -0.05006297305226326, 0.11733240634202957, 0.039462197571992874, 0.012192958034574986, -0.11557053029537201, -0.1960623413324356, 0.014531499706208706, -0.13255217671394348, 0.18469847738742828, 0.054021790623664856, -0.09542309492826462, 0.03779655694961548, 0.07185699790716171, -0.030715810135006905, 0.005346896592527628, -0.04575076326727867, -0.08576473593711853, 0.03961768373847008, 0.044852711260318756, 0.08408743143081665, 0.11848516017198563, -0.0390615239739418, 0.04085620865225792, 0.019802838563919067, 0.10370545834302902, 0.061043404042720795, 0.022198103368282318, -0.04738954082131386, -0.04676540568470955, 0.10409121215343475, 0.05297750234603882, 0.09082410484552383, -0.12785454094409943, 0.056394342333078384, 0.028530560433864594]
2022-03-21, 16:25:49, Eingang, 2701, 1, Maureen_Leber, NA, -1
2022-03-21, 16:25:50, Eingang, 2711, 1, No face visible, NA, -1
2022-03-21, 16:25:51, Eingang, 2721, 1, No face visible, NA, -1
2022-03-21, 16:25:52, Eingang, 2731, 1, No face visible, NA, -1
2022-03-21, 16:25:53, Eingang, 2741, 1, No face visible, NA, -1
2022-03-21, 16:25:53, Eingang, 2742, 1, No face visible, NA, -1
2022-03-21, 16:25:54, Eingang, 2752, 1, No face visible, NA, -1
2022-03-21, 16:25:55, Eingang, 2765, 1, No face visible, NA, -1
2022-03-21, 16:25:57, Eingang, 2781, 1, No face visible, NA, -1
2022-03-21, 16:25:58, Eingang, 2791, 1, No face visible, NA, -1
2022-03-21, 16:25:59, Eingang, 2801, 1, No face visible, NA, -1
2022-03-21, 16:26:00, Eingang, 2811, 1, No face visible, NA, -1
2022-03-21, 16:26:59, Eingang, 3397, 1, No face visible, NA, -1
2022-03-21, 16:27:01, Eingang, 3419, 1, No face visible, NA, -1
2022-03-21, 16:27:05, Eingang, 3468, 1, No face visible, NA, -1
2022-03-21, 16:27:10, Out, person, 1, 2265,   -1
