2022-03-29, 15:41:46, Found, person, 144, 1570, 1074
2022-03-29, 15:41:46, Eingang, 1762750, 144, No face visible, NA, -1
2022-03-29, 15:41:47, Eingang, 1762770, 144, Maureen_Leber, 1.9294448919480742, [-0.0021531975362449884, -0.09604977071285248, -0.0407138355076313, -0.10416155308485031, 0.16228540241718292, 0.053886350244283676, 0.0396820530295372, -0.0036596886347979307, 0.06376517564058304, 0.03654375299811363, 0.1140723004937172, -0.10804132372140884, -0.02084451913833618, -0.17522352933883667, 0.0015282898675650358, 0.031132513657212257, 0.03233988583087921, -0.09958866238594055, 0.03742104396224022, -0.16885030269622803, -0.0277758426964283, 0.03967259079217911, -0.06873295456171036, 0.07429032772779465, 0.005888068117201328, -0.03153340145945549, 0.1554279923439026, 0.02953830547630787, -0.1301761418581009, -0.07728958874940872, -0.02326659858226776, 0.043048299849033356, -0.007514101918786764, -0.058415934443473816, 0.11347297579050064, -0.025976991280913353, 0.03229673579335213, -0.01822812855243683, 0.16809892654418945, 0.0043991911225020885, 0.039883870631456375, -0.0700855702161789, -0.011271251365542412, -0.07717379927635193, -0.10180366039276123, -0.11285975575447083, 0.028096022084355354, -0.0402093268930912, 0.10496719926595688, 0.013949154876172543, -0.10937348753213882, 0.13105477392673492, 0.08513284474611282, -0.12746451795101166, 0.0015608607791364193, 0.13998857140541077, 0.0540667399764061, -0.02893262729048729, -0.060163598507642746, -0.16153419017791748, -0.08293689787387848, -0.10035558044910431, -0.027641940861940384, 0.1961761713027954, 0.08613134175539017, 0.1069137379527092, 0.07351498305797577, 0.040990255773067474, -0.02860269322991371, -0.04592617228627205, 0.021748969331383705, -0.12490825355052948, 0.06137390807271004, -0.1680593192577362, 0.03702810779213905, -0.04360331594944, -0.04080774262547493, 0.1589377224445343, -0.17827290296554565, -0.04235757142305374, -0.14056186378002167, -0.06642834097146988, 0.01563616655766964, 0.07200349122285843, 0.10078584402799606, -0.007781815715134144, 0.04178445413708687, -0.11041612178087234, -0.11583355814218521, 0.08692970126867294, 0.10648271441459656, -0.008516300469636917, -0.07264528423547745, -0.02910863794386387, 0.15856336057186127, 0.03946499526500702, -0.08663021773099899, -0.09588348865509033, -0.1664084941148758, 0.02538575977087021, -0.05967239290475845, 0.12511679530143738, 0.07012700289487839, -0.1062949001789093, -0.016128620132803917, 0.0687897801399231, 0.00522577902302146, -0.048224885016679764, -0.0344751738011837, -0.13378579914569855, 0.019953621551394463, 0.10210942476987839, 0.10290547460317612, 0.08792329579591751, 0.029919307678937912, 0.08203472942113876, -0.012358322739601135, 0.14729967713356018, 0.04068845137953758, 0.1124911904335022, -0.06999249011278152, -0.09771411865949631, 0.14714087545871735, 0.07902628928422928, 0.061918485909700394, -0.1524941772222519, 0.09530462324619293, 0.06702335178852081]
2022-03-29, 15:41:48, Eingang, 1762790, 144, No face visible, NA, -1
2022-03-29, 15:41:49, Eingang, 1762810, 144, No face visible, NA, -1
2022-03-29, 15:41:50, Eingang, 1762830, 144, No face visible, NA, -1
2022-03-29, 15:41:51, Eingang, 1762850, 144, No face visible, NA, -1
2022-03-29, 15:41:52, Eingang, 1762870, 144, No face visible, NA, -1
2022-03-29, 15:41:52, Eingang, 1762871, 144, No face visible, NA, -1
2022-03-29, 15:41:53, Eingang, 1762891, 144, No face visible, NA, -1
2022-03-29, 15:41:54, Eingang, 1762911, 144, No face visible, NA, -1
2022-03-29, 15:41:55, Eingang, 1762931, 144, No face visible, NA, -1
2022-03-29, 15:41:56, Eingang, 1762951, 144, No face visible, NA, -1
2022-03-29, 15:41:58, Eingang, 1762971, 144, No face visible, NA, -1
2022-03-29, 15:41:58, Eingang, 1762991, 144, No face visible, NA, -1
2022-03-29, 15:41:58, Eingang, 1762992, 144, No face visible, NA, -1
2022-03-29, 15:42:00, Eingang, 1763012, 144, No face visible, NA, -1
2022-03-29, 15:42:01, Eingang, 1763032, 144, No face visible, NA, -1
2022-03-29, 15:42:02, Eingang, 1763052, 144, No face visible, NA, -1
2022-03-29, 15:42:03, Eingang, 1763072, 144, No face visible, NA, -1
2022-03-29, 15:42:04, Eingang, 1763092, 144, No face visible, NA, -1
2022-03-29, 15:42:05, Eingang, 1763112, 144, No face visible, NA, -1
2022-03-29, 15:42:05, Eingang, 1763113, 144, No face visible, NA, -1
2022-03-29, 15:42:06, Eingang, 1763133, 144, No face visible, NA, -1
2022-03-29, 15:42:07, Eingang, 1763153, 144, No face visible, NA, -1
2022-03-29, 15:42:08, Eingang, 1763173, 144, No face visible, NA, -1
2022-03-29, 15:42:09, Eingang, 1763193, 144, No face visible, NA, -1
2022-03-29, 15:42:10, Eingang, 1763213, 144, No face visible, NA, -1
2022-03-29, 15:42:11, Eingang, 1763233, 144, No face visible, NA, -1
2022-03-29, 15:42:11, Eingang, 1763234, 144, No face visible, NA, -1
2022-03-29, 15:42:13, Eingang, 1763254, 144, No face visible, NA, -1
2022-03-29, 15:42:13, Eingang, 1763274, 144, No face visible, NA, -1
2022-03-29, 15:42:15, Eingang, 1763294, 144, No face visible, NA, -1
2022-03-29, 15:42:16, Eingang, 1763314, 144, No face visible, NA, -1
2022-03-29, 15:42:17, Eingang, 1763334, 144, No face visible, NA, -1
2022-03-29, 15:42:18, Eingang, 1763354, 144, No face visible, NA, -1
2022-03-29, 15:42:18, Eingang, 1763355, 144, No face visible, NA, -1
2022-03-29, 15:42:19, Eingang, 1763375, 144, No face visible, NA, -1
2022-03-29, 15:42:20, Eingang, 1763395, 144, No face visible, NA, -1
2022-03-29, 15:42:21, Eingang, 1763415, 144, Elvira_Bruno, NA, -1
2022-03-29, 15:42:22, Eingang, 1763435, 144, Elvira_Bruno, NA, -1
2022-03-29, 15:42:23, Eingang, 1763455, 144, Elvira_Bruno, NA, -1
2022-03-29, 15:42:24, Eingang, 1763475, 144, Elvira_Bruno, NA, -1
2022-03-29, 15:42:24, Eingang, 1763476, 144, Elvira_Bruno, NA, -1
2022-03-29, 15:42:26, Eingang, 1763496, 144, No face visible, NA, -1
2022-03-29, 15:42:27, Eingang, 1763516, 144, No face visible, NA, -1
2022-03-29, 15:42:28, Eingang, 1763551, 144, No face visible, NA, -1
2022-03-29, 15:42:30, Eingang, 1763571, 144, Maureen_Leber, 2.111955523482323, [-0.014058409258723259, -0.09738802164793015, -0.04854400455951691, -0.09900836646556854, 0.11445552855730057, 0.010946453548967838, 0.026445314288139343, -0.06253551691770554, 0.0102184247225523, 0.05297257751226425, 0.07557958364486694, -0.08985839784145355, 0.00973996240645647, -0.12209682166576385, -7.630560867255554e-05, 0.1260572075843811, 0.09487888216972351, -0.09553960710763931, 0.09210383147001266, -0.14352133870124817, 0.013874463737010956, 0.032956965267658234, -0.08594514429569244, -0.006421201396733522, 0.04879504069685936, -0.04810715839266777, 0.1471880078315735, 0.09210771322250366, -0.0649801716208458, 0.0054110330529510975, -0.05123491957783699, 0.08583509922027588, 0.030565476045012474, -0.02816697023808956, 0.138705775141716, -0.10026384890079498, 0.06954053789377213, 0.0289012398570776, 0.1256248503923416, 0.02432653307914734, 0.08390439301729202, 0.007755756378173828, -0.04994695261120796, -0.06328634917736053, -0.11274734884500504, -0.14858584105968475, 0.0012695926707237959, 0.009041125886142254, 0.11687033623456955, 0.08654613792896271, -0.13401924073696136, 0.08678065985441208, 0.05984587222337723, -0.06088430434465408, 0.022724932059645653, 0.0638342946767807, 0.1448444277048111, 0.040990907698869705, -0.05342546105384827, -0.22215485572814941, -0.09503588080406189, -0.09651745110750198, -0.007473365403711796, 0.23481808602809906, -0.003795766970142722, 0.12691394984722137, 0.09443511068820953, 0.0070434981025755405, 0.04675644636154175, -0.10769747942686081, -0.02622058056294918, -0.14672735333442688, 0.0585990846157074, -0.09051705151796341, -0.04992684721946716, -0.050386518239974976, 0.013262322172522545, 0.10933572053909302, -0.07678326964378357, -0.09332135319709778, -0.1713361293077469, -0.06436537951231003, 0.04492545127868652, 0.05817894637584686, 0.10643336921930313, 0.015313245356082916, 0.13489224016666412, -0.07941313832998276, -0.17089633643627167, 0.20332568883895874, 0.07217719405889511, 0.027112234383821487, 0.0011237248545512557, -0.012901190668344498, 0.1647128313779831, 0.018675830215215683, -0.006591194309294224, -0.09872094541788101, -0.22185152769088745, 0.018307717517018318, -0.09587113559246063, 0.1723124086856842, 0.052022725343704224, -0.07479416579008102, 0.03164339438080788, 0.06020580604672432, -0.036950044333934784, 0.011016837321221828, -0.05738253518939018, -0.11151935160160065, 0.03795325756072998, 0.04286552593111992, 0.09951582551002502, 0.1346369981765747, -0.03719714656472206, 0.02342153713107109, 0.0396573506295681, 0.10396968573331833, 0.06958579272031784, 0.02481359988451004, -0.056574009358882904, 0.004814581014215946, 0.0850965827703476, 0.02774679660797119, 0.09514409303665161, -0.10206001996994019, 0.061830926686525345, 0.04123232886195183]
2022-03-29, 15:42:34, Lost, person, 144, 1066,  817
