2022-03-29, 13:11:51, Found, person, 139, 101, 1106
2022-03-29, 13:11:51, Eingang, 1582570, 139, No face visible, NA, -1
2022-03-29, 13:11:52, Eingang, 1582590, 139, No face visible, NA, -1
2022-03-29, 13:11:54, Eingang, 1582619, 139, No face visible, NA, -1
2022-03-29, 13:11:55, Eingang, 1582639, 139, No face visible, NA, -1
2022-03-29, 13:11:56, Eingang, 1582659, 139, No face visible, NA, -1
2022-03-29, 13:11:57, Eingang, 1582679, 139, No face visible, NA, -1
2022-03-29, 13:11:58, Eingang, 1582699, 139, No face visible, NA, -1
2022-03-29, 13:11:58, Eingang, 1582700, 139, No face visible, NA, -1
2022-03-29, 13:11:59, Eingang, 1582720, 139, No face visible, NA, -1
2022-03-29, 13:12:00, Eingang, 1582740, 139, No face visible, NA, -1
2022-03-29, 13:12:01, Eingang, 1582760, 139, No face visible, NA, -1
2022-03-29, 13:12:02, Eingang, 1582780, 139, No face visible, NA, -1
2022-03-29, 13:12:03, Eingang, 1582800, 139, No face visible, NA, -1
2022-03-29, 13:12:05, Eingang, 1582820, 139, No face visible, NA, -1
2022-03-29, 13:12:05, Eingang, 1582821, 139, No face visible, NA, -1
2022-03-29, 13:12:06, Eingang, 1582841, 139, Silvia, 0.1383954005372873, [-0.039339225739240646, -0.08799590915441513, -0.08741650730371475, -0.08604289591312408, 0.08323590457439423, -0.004858022090047598, 0.036482974886894226, -0.07027885317802429, 0.016855215653777122, 0.003203038591891527, 0.08407969027757645, -0.09398672729730606, -0.017991594970226288, -0.13865762948989868, 0.005617239512503147, 0.09148978441953659, 0.10336865484714508, -0.12090334296226501, 0.06376315653324127, -0.1573179066181183, -0.04919073358178139, -0.010428129695355892, -0.08802198618650436, -0.033688757568597794, 0.03340929374098778, -0.022639360278844833, 0.1665697693824768, 0.061785925179719925, -0.09289766103029251, 0.0008533919462934136, -0.05945234000682831, 0.053419072180986404, 0.03509281203150749, -0.02980821579694748, 0.13223907351493835, -0.03508400917053223, 0.12101396173238754, 0.016055786982178688, 0.16539087891578674, -0.04076109454035759, 0.09717227518558502, 0.035268671810626984, -0.08298883587121964, -0.04837636649608612, -0.08698993921279907, -0.15576030313968658, 0.00048549703205935657, -0.014028115198016167, 0.0959339588880539, 0.05557011440396309, -0.1205974891781807, 0.051978424191474915, 0.07186221331357956, -0.05111902207136154, -0.015101511962711811, 0.12348846346139908, 0.11317672580480576, 0.027104346081614494, -0.021372033283114433, -0.18232622742652893, -0.08556711673736572, -0.05181625112891197, -0.025324808433651924, 0.23673982918262482, 0.036686159670352936, 0.15504106879234314, 0.06805437803268433, 0.000983720296062529, 0.04164358600974083, -0.06404086202383041, 0.01693318411707878, -0.11176177114248276, 0.03881053254008293, -0.1289726048707962, -0.028584860265254974, -0.02539963833987713, -0.01144489273428917, 0.12069406360387802, -0.039135754108428955, -0.12349966913461685, -0.14762958884239197, -0.061532966792583466, 0.009710154496133327, 0.05213480442762375, 0.10737650841474533, -0.04275421053171158, 0.13054265081882477, -0.0835053101181984, -0.1910967379808426, 0.16640348732471466, 0.07619478553533554, 0.012610344216227531, -0.04780855029821396, -0.041455890983343124, 0.07391412556171417, 0.05919894576072693, -0.005374892149120569, -0.11500902473926544, -0.21811948716640472, 0.05643490329384804, -0.10410604625940323, 0.16780391335487366, 0.05868682265281677, -0.07774301618337631, 0.06368660926818848, 0.09648545831441879, -0.017616458237171173, -0.06341619789600372, -0.07546262443065643, -0.09247168153524399, 0.026718277484178543, 0.058896422386169434, 0.10803894698619843, 0.10766381770372391, -0.044436682015657425, 0.05441632866859436, -0.030021967366337776, 0.12377440184354782, 0.07254688441753387, 0.06602144241333008, -0.03117116168141365, -0.058664992451667786, 0.14450940489768982, 0.07449954003095627, 0.09153974056243896, -0.12235762178897858, 0.12104631215333939, 0.031429722905159]
2022-03-29, 13:12:07, Eingang, 1582864, 139, No face visible, NA, -1
2022-03-29, 13:12:08, Eingang, 1582887, 139, No face visible, NA, -1
2022-03-29, 13:12:13, Lost, person, 139, 1104,  475
