2022-03-24 10:37:09 [    INFO] 2022-03-24, 10:37:09, Found, person, 1, 1747, 1443
2022-03-24 10:37:13 [    INFO] 2022-03-24, 10:37:09, Eingang, 592, 1, N, NA
2022-03-24 10:37:14 [ WARNING] 5 out of the last 17 calls to <function Model.make_predict_function.<locals>.predict_function at 0x7f99d07fc3b0> triggered tf.function retracing. Tracing is expensive and the excessive number of tracings could be due to (1) creating @tf.function repeatedly in a loop, (2) passing tensors with different shapes, (3) passing Python objects instead of tensors. For (1), please define your @tf.function outside of the loop. For (2), @tf.function has experimental_relax_shapes=True option that relaxes argument shapes that can avoid unnecessary retracing. For (3), please refer to https://www.tensorflow.org/guide/function#controlling_retracing and https://www.tensorflow.org/api_docs/python/tf/function for  more details.
2022-03-24 10:37:17 [    INFO] 2022-03-24, 10:37:10, Eingang, 602, 1, u, NA
2022-03-24 10:37:18 [ WARNING] 5 out of the last 17 calls to <function Model.make_predict_function.<locals>.predict_function at 0x7f99b83f7dd0> triggered tf.function retracing. Tracing is expensive and the excessive number of tracings could be due to (1) creating @tf.function repeatedly in a loop, (2) passing tensors with different shapes, (3) passing Python objects instead of tensors. For (1), please define your @tf.function outside of the loop. For (2), @tf.function has experimental_relax_shapes=True option that relaxes argument shapes that can avoid unnecessary retracing. For (3), please refer to https://www.tensorflow.org/guide/function#controlling_retracing and https://www.tensorflow.org/api_docs/python/tf/function for  more details.
2022-03-24 10:37:20 [    INFO] 2022-03-24, 10:37:13, Eingang, 630, 1, u, NA
2022-03-24 10:37:22 [    INFO] 2022-03-24, 10:37:14, Eingang, 640, 1, N, NA
2022-03-24 10:37:24 [    INFO] 2022-03-24, 10:37:15, Eingang, 650, 1, N, NA
2022-03-24 10:37:26 [    INFO] 2022-03-24, 10:37:16, Eingang, 660, 1, N, NA
2022-03-24 10:37:28 [    INFO] 2022-03-24, 10:37:16, Eingang, 670, 1, N, NA
2022-03-24 10:37:30 [    INFO] 2022-03-24, 10:37:17, Eingang, 671, 1, u, NA
2022-03-24 10:37:31 [    INFO] 2022-03-24, 10:37:18, Eingang, 681, 1, N, NA
2022-03-24 10:37:33 [    INFO] 2022-03-24, 10:37:18, Eingang, 691, 1, N, NA
2022-03-24 10:37:35 [    INFO] 2022-03-24, 10:37:20, Eingang, 701, 1, N, NA
2022-03-24 10:37:36 [    INFO] 2022-03-24, 10:37:21, Eingang, 711, 1, N, NA
2022-03-24 10:37:39 [    INFO] 2022-03-24, 10:37:22, Eingang, 721, 1, u, NA
2022-03-24 10:37:41 [    INFO] 2022-03-24, 10:37:23, Eingang, 731, 1, u, NA
2022-03-24 10:37:43 [    INFO] 2022-03-24, 10:37:23, Eingang, 732, 1, u, NA
2022-03-24 10:37:46 [    INFO] 2022-03-24, 10:37:24, Eingang, 742, 1, u, NA
2022-03-24 10:37:49 [    INFO] 2022-03-24, 10:37:25, Eingang, 752, 1, u, NA
2022-03-24 10:43:59 [    INFO] 2022-03-24, 10:43:59, Found, person, 2, 1872,   86
2022-03-24 10:44:11 [    INFO] 2022-03-24, 10:44:11, Lost, person, 2, 2457,  101
2022-03-25 09:01:21 [    INFO] 2022-03-25, 09:01:21, Found, person, 1, 2268,  408
2022-03-25 09:01:24 [    INFO] 2022-03-25, 09:01:21, Eingang, 1426, 1, N, NA
2022-03-25 09:01:24 [ WARNING] 5 out of the last 14 calls to <function Model.make_predict_function.<locals>.predict_function at 0x7fadbc641f80> triggered tf.function retracing. Tracing is expensive and the excessive number of tracings could be due to (1) creating @tf.function repeatedly in a loop, (2) passing tensors with different shapes, (3) passing Python objects instead of tensors. For (1), please define your @tf.function outside of the loop. For (2), @tf.function has experimental_relax_shapes=True option that relaxes argument shapes that can avoid unnecessary retracing. For (3), please refer to https://www.tensorflow.org/guide/function#controlling_retracing and https://www.tensorflow.org/api_docs/python/tf/function for  more details.
2022-03-25 09:01:25 [    INFO] 2022-03-25, 09:01:22, Eingang, 1436, 1, N, NA
2022-03-25 09:01:26 [ WARNING] 5 out of the last 14 calls to <function Model.make_predict_function.<locals>.predict_function at 0x7fadbc67c950> triggered tf.function retracing. Tracing is expensive and the excessive number of tracings could be due to (1) creating @tf.function repeatedly in a loop, (2) passing tensors with different shapes, (3) passing Python objects instead of tensors. For (1), please define your @tf.function outside of the loop. For (2), @tf.function has experimental_relax_shapes=True option that relaxes argument shapes that can avoid unnecessary retracing. For (3), please refer to https://www.tensorflow.org/guide/function#controlling_retracing and https://www.tensorflow.org/api_docs/python/tf/function for  more details.
2022-03-25 09:01:26 [    INFO] 2022-03-25, 09:01:23, Eingang, 1446, 1, N, NA
2022-03-25 09:01:28 [    INFO] 2022-03-25, 09:01:24, Eingang, 1456, 1, N, NA
2022-03-25 09:01:31 [    INFO] 2022-03-25, 09:01:25, Eingang, 1466, 1, u, NA
2022-03-25 09:01:34 [    INFO] 2022-03-25, 09:01:26, Eingang, 1476, 1, u, NA
2022-03-25 09:01:36 [    INFO] 2022-03-25, 09:01:27, Eingang, 1486, 1, u, NA
2022-03-25 09:01:39 [    INFO] 2022-03-25, 09:01:27, Eingang, 1487, 1, u, NA
2022-03-25 09:32:24 [    INFO] 2022-03-25, 09:32:24, Found, person, 1, 2258,  375
2022-03-25 09:32:28 [    INFO] 2022-03-25, 09:32:24, Eingang, 1375, 1, u, NA
2022-03-25 09:32:29 [ WARNING] 5 out of the last 15 calls to <function Model.make_predict_function.<locals>.predict_function at 0x7f73b03ea950> triggered tf.function retracing. Tracing is expensive and the excessive number of tracings could be due to (1) creating @tf.function repeatedly in a loop, (2) passing tensors with different shapes, (3) passing Python objects instead of tensors. For (1), please define your @tf.function outside of the loop. For (2), @tf.function has experimental_relax_shapes=True option that relaxes argument shapes that can avoid unnecessary retracing. For (3), please refer to https://www.tensorflow.org/guide/function#controlling_retracing and https://www.tensorflow.org/api_docs/python/tf/function for  more details.
2022-03-25 09:32:29 [ WARNING] 6 out of the last 16 calls to <function Model.make_predict_function.<locals>.predict_function at 0x7f73b03ea950> triggered tf.function retracing. Tracing is expensive and the excessive number of tracings could be due to (1) creating @tf.function repeatedly in a loop, (2) passing tensors with different shapes, (3) passing Python objects instead of tensors. For (1), please define your @tf.function outside of the loop. For (2), @tf.function has experimental_relax_shapes=True option that relaxes argument shapes that can avoid unnecessary retracing. For (3), please refer to https://www.tensorflow.org/guide/function#controlling_retracing and https://www.tensorflow.org/api_docs/python/tf/function for  more details.
2022-03-25 09:32:30 [    INFO] 2022-03-25, 09:32:25, Eingang, 1385, 1, N, NA
2022-03-25 09:32:31 [    INFO] 2022-03-25, 09:32:25, Eingang, 1395, 1, N, NA
2022-03-25 09:32:33 [    INFO] 2022-03-25, 09:32:25, Eingang, 1405, 1, N, NA
2022-03-25 09:32:34 [    INFO] 2022-03-25, 09:32:26, Eingang, 1415, 1, N, NA
2022-03-25 09:32:36 [    INFO] 2022-03-25, 09:32:27, Eingang, 1425, 1, N, NA
2022-03-25 09:32:38 [    INFO] 2022-03-25, 09:32:27, Eingang, 1435, 1, N, NA
2022-03-25 09:32:39 [    INFO] 2022-03-25, 09:32:27, Eingang, 1436, 1, N, NA
2022-03-25 09:32:41 [    INFO] 2022-03-25, 09:32:28, Eingang, 1446, 1, N, NA
2022-03-25 09:32:43 [    INFO] 2022-03-25, 09:32:28, Eingang, 1456, 1, u, NA
2022-03-25 09:32:45 [    INFO] 2022-03-25, 09:32:29, Eingang, 1466, 1, u, NA
2022-03-25 09:32:48 [    INFO] 2022-03-25, 09:32:29, Eingang, 1476, 1, u, NA
2022-03-25 09:32:50 [    INFO] 2022-03-25, 09:32:30, Eingang, 1486, 1, u, NA
2022-03-25 09:32:52 [    INFO] 2022-03-25, 09:32:30, Eingang, 1496, 1, u, NA
2022-03-25 09:32:55 [    INFO] 2022-03-25, 09:32:31, Eingang, 1497, 1, u, NA
2022-03-25 09:32:58 [    INFO] 2022-03-25, 09:32:31, Eingang, 1507, 1, u, NA
2022-03-25 09:33:00 [    INFO] 2022-03-25, 09:32:32, Eingang, 1517, 1, u, NA
2022-03-25 09:33:02 [    INFO] 2022-03-25, 09:32:32, Eingang, 1527, 1, u, NA
2022-03-25 09:33:05 [    INFO] 2022-03-25, 09:32:33, Eingang, 1537, 1, u, NA
2022-03-25 09:33:07 [    INFO] 2022-03-25, 09:32:33, Eingang, 1547, 1, u, NA
2022-03-25 09:33:10 [    INFO] 2022-03-25, 09:32:34, Eingang, 1557, 1, u, NA
2022-03-25 09:33:13 [    INFO] 2022-03-25, 09:32:34, Eingang, 1558, 1, u, NA
2022-03-25 09:33:16 [    INFO] 2022-03-25, 09:32:35, Eingang, 1568, 1, u, NA
2022-03-25 09:33:18 [    INFO] 2022-03-25, 09:32:35, Eingang, 1578, 1, u, NA
