2022-03-31 11:45:19 [    INFO] 1706x1280 stream @ 20 FPS
2022-03-31 11:45:19 [    INFO] Loading detector model...
2022-03-31 11:45:26 [    INFO] Loading feature extractor models...
2022-03-31 11:45:26 [    INFO] Starting video capture...
2022-03-31 12:00:36 [    INFO] Found:        person       1 at (1513, 1070)
2022-03-31 12:00:36 [    INFO] Snap:         FaceRecognition/FaceNet_input/Eingang/in_of_interest_area/trackID_1/2022March31_12_00_36_Eingang18238_crop_track_1.png,Eingang,18238,1,2085.814771,1281.000000,359.640094,635.500000
2022-03-31 12:00:37 [    INFO] Snap:         FaceRecognition/FaceNet_input/Eingang/in_of_interest_area/trackID_1/2022March31_12_00_37_Eingang18258_crop_track_1.png,Eingang,18258,1,1683.657679,1059.000000,364.141852,667.000000
2022-03-31 12:00:38 [    INFO] Snap:         FaceRecognition/FaceNet_input/Eingang/in_of_interest_area/trackID_1/2022March31_12_00_38_Eingang18278_crop_track_1.png,Eingang,18278,1,1500.586166,1003.500000,344.634232,581.500000
2022-03-31 12:00:39 [    INFO] Snap:         FaceRecognition/FaceNet_input/Eingang/in_of_interest_area/trackID_1/2022March31_12_00_39_Eingang18298_crop_track_1.png,Eingang,18298,1,1491.582649,831.000000,227.588511,547.000000
2022-03-31 12:00:40 [    INFO] Snap:         FaceRecognition/FaceNet_input/Eingang/in_of_interest_area/trackID_1/2022March31_12_00_40_Eingang18318_crop_track_1.png,Eingang,18318,1,1637.139508,790.500000,236.592028,542.500000
2022-03-31 12:00:41 [    INFO] Snap:         FaceRecognition/FaceNet_input/Eingang/in_of_interest_area/trackID_1/2022March31_12_00_41_Eingang18338_crop_track_1.png,Eingang,18338,1,1559.109027,802.500000,248.596717,527.500000
2022-03-31 12:00:43 [    INFO] Snap:         FaceRecognition/FaceNet_input/Eingang/in_of_interest_area/trackID_1/2022March31_12_00_42_Eingang18376_crop_track_1.png,Eingang,18376,1,1755.685815,765.000000,220.085580,451.000000
2022-03-31 12:00:43 [    INFO] Snap:         FaceRecognition/FaceNet_input/Eingang/in_of_interest_area/trackID_1/2022March31_12_00_43_Eingang18377_crop_track_1.png,Eingang,18377,1,1754.185229,766.500000,218.584994,451.000000
2022-03-31 12:00:44 [    INFO] Snap:         FaceRecognition/FaceNet_input/Eingang/in_of_interest_area/trackID_1/2022March31_12_00_44_Eingang18397_crop_track_1.png,Eingang,18397,1,1770.691676,759.000000,190.073857,472.000000
2022-03-31 12:00:48 [    INFO] Snap:         FaceRecognition/FaceNet_input/Eingang/in_of_interest_area/trackID_1/2022March31_12_00_48_Eingang18477_crop_track_1.png,Eingang,18477,1,2192.356389,831.000000,172.066823,559.000000
2022-03-31 12:00:55 [    INFO] Snap:         FaceRecognition/FaceNet_input/Eingang/in_of_interest_area/trackID_1/2022March31_12_00_55_Eingang18611_crop_track_1.png,Eingang,18611,1,2003.282532,681.000000,224.587339,520.000000
2022-03-31 12:00:56 [    INFO] Snap:         FaceRecognition/FaceNet_input/Eingang/in_of_interest_area/trackID_1/2022March31_12_00_56_Eingang18631_crop_track_1.png,Eingang,18631,1,1940.257913,712.500000,242.594373,482.500000
2022-03-31 12:00:57 [    INFO] Snap:         FaceRecognition/FaceNet_input/Eingang/in_of_interest_area/trackID_1/2022March31_12_00_57_Eingang18651_crop_track_1.png,Eingang,18651,1,1947.760844,700.500000,233.590856,517.000000
2022-03-31 12:00:58 [    INFO] Snap:         FaceRecognition/FaceNet_input/Eingang/in_of_interest_area/trackID_1/2022March31_12_00_58_Eingang18671_crop_track_1.png,Eingang,18671,1,1923.751465,666.000000,236.592028,532.000000
2022-03-31 12:00:58 [    INFO] Snap:         FaceRecognition/FaceNet_input/Eingang/in_of_interest_area/trackID_1/2022March31_12_00_58_Eingang18672_crop_track_1.png,Eingang,18672,1,1922.250879,663.000000,236.592028,532.000000
2022-03-31 12:00:58 [    INFO] Found:        person       2 at (1573,  899)
2022-03-31 12:00:58 [    INFO] Snap:         FaceRecognition/FaceNet_input/Eingang/in_of_interest_area/trackID_2/2022March31_12_00_58_Eingang18673_crop_track_2.png,Eingang,18673,2,2126.330598,816.000000,398.655334,1087.000000
2022-03-31 12:00:59 [    INFO] Snap:         FaceRecognition/FaceNet_input/Eingang/in_of_interest_area/trackID_2/2022March31_12_00_59_Eingang18693_crop_track_2.png,Eingang,18693,2,2063.305979,763.500000,424.165299,1184.500000
2022-03-31 12:00:59 [    INFO] Snap:         FaceRecognition/FaceNet_input/Eingang/in_of_interest_area/trackID_2/2022March31_12_00_59_Eingang18713_crop_track_2.png,Eingang,18713,2,1871.230950,763.500000,544.212192,1177.000000
2022-03-31 12:01:00 [    INFO] Snap:         FaceRecognition/FaceNet_input/Eingang/in_of_interest_area/trackID_2/2022March31_12_01_00_Eingang18733_crop_track_2.png,Eingang,18733,2,1797.702227,748.500000,502.195780,1184.500000
2022-03-31 12:01:00 [    INFO] Snap:         FaceRecognition/FaceNet_input/Eingang/in_of_interest_area/trackID_2/2022March31_12_01_00_Eingang18753_crop_track_2.png,Eingang,18753,2,1814.208675,753.000000,490.191090,1175.500000
2022-03-31 12:01:01 [    INFO] Snap:         FaceRecognition/FaceNet_input/Eingang/in_of_interest_area/trackID_2/2022March31_12_01_00_Eingang18773_crop_track_2.png,Eingang,18773,2,1818.710434,768.000000,568.221571,1166.500000
2022-03-31 12:01:01 [    INFO] Snap:         FaceRecognition/FaceNet_input/Eingang/in_of_interest_area/trackID_2/2022March31_12_01_01_Eingang18793_crop_track_2.png,Eingang,18793,2,1835.216882,768.000000,578.725674,1157.500000
2022-03-31 12:01:01 [    INFO] Snap:         FaceRecognition/FaceNet_input/Eingang/in_of_interest_area/trackID_2/2022March31_12_01_01_Eingang18794_crop_track_2.png,Eingang,18794,2,1833.716295,768.000000,578.725674,1157.500000
2022-03-31 12:01:01 [    INFO] Lost:         person       1 at (1431,  625)
2022-03-31 12:01:01 [    INFO] Snap:         FaceRecognition/FaceNet_input/Eingang/in_of_interest_area/trackID_2/2022March31_12_01_01_Eingang18814_crop_track_2.png,Eingang,18814,2,1872.731536,763.500000,460.179367,1166.500000
2022-03-31 12:01:03 [    INFO] Snap:         FaceRecognition/FaceNet_input/Eingang/in_of_interest_area/trackID_2/2022March31_12_01_03_Eingang18834_crop_track_2.png,Eingang,18834,2,1862.227433,760.500000,485.689332,1172.500000
2022-03-31 12:01:04 [    INFO] Snap:         FaceRecognition/FaceNet_input/Eingang/in_of_interest_area/trackID_2/2022March31_12_01_03_Eingang18854_crop_track_2.png,Eingang,18854,2,1859.226260,763.500000,493.192263,1174.000000
2022-03-31 12:01:05 [    INFO] Snap:         FaceRecognition/FaceNet_input/Eingang/in_of_interest_area/trackID_2/2022March31_12_01_05_Eingang18874_crop_track_2.png,Eingang,18874,2,1851.723329,772.500000,509.698710,1160.500000
2022-03-31 12:01:06 [    INFO] Snap:         FaceRecognition/FaceNet_input/Eingang/in_of_interest_area/trackID_2/2022March31_12_01_06_Eingang18894_crop_track_2.png,Eingang,18894,2,1833.716295,762.000000,470.683470,1171.000000
2022-03-31 12:01:07 [    INFO] Snap:         FaceRecognition/FaceNet_input/Eingang/in_of_interest_area/trackID_2/2022March31_12_01_07_Eingang18914_crop_track_2.png,Eingang,18914,2,1850.222743,781.500000,578.725674,1153.000000
2022-03-31 12:01:07 [    INFO] Snap:         FaceRecognition/FaceNet_input/Eingang/in_of_interest_area/trackID_2/2022March31_12_01_07_Eingang18915_crop_track_2.png,Eingang,18915,2,1851.723329,783.000000,580.226260,1151.500000
2022-03-31 12:01:12 [    INFO] Lost:         person       2 at (1580,  928)
2022-03-31 12:01:23 [    INFO] Found:        person       3 at (1538,  903)
2022-03-31 12:01:24 [    INFO] Snap:         FaceRecognition/FaceNet_input/Eingang/in_of_interest_area/trackID_3/2022March31_12_01_23_Eingang19237_crop_track_3.png,Eingang,19237,3,1979.273154,759.000000,529.206331,1184.500000
2022-03-31 12:01:24 [    INFO] Snap:         FaceRecognition/FaceNet_input/Eingang/in_of_interest_area/trackID_3/2022March31_12_01_24_Eingang19257_crop_track_3.png,Eingang,19257,3,1905.744431,741.000000,475.185229,1190.500000
2022-03-31 12:01:26 [    INFO] Snap:         FaceRecognition/FaceNet_input/Eingang/in_of_interest_area/trackID_3/2022March31_12_01_25_Eingang19277_crop_track_3.png,Eingang,19277,3,1766.189918,618.000000,451.175850,1208.500000
2022-03-31 12:01:27 [    INFO] Snap:         FaceRecognition/FaceNet_input/Eingang/in_of_interest_area/trackID_3/2022March31_12_01_26_Eingang19297_crop_track_3.png,Eingang,19297,3,1790.199297,589.500000,385.150059,1037.500000
2022-03-31 12:01:28 [    INFO] Snap:         FaceRecognition/FaceNet_input/Eingang/in_of_interest_area/trackID_3/2022March31_12_01_28_Eingang19317_crop_track_3.png,Eingang,19317,3,1826.213365,559.500000,383.649472,952.000000
2022-03-31 12:01:29 [    INFO] Snap:         FaceRecognition/FaceNet_input/Eingang/in_of_interest_area/trackID_3/2022March31_12_01_28_Eingang19337_crop_track_3.png,Eingang,19337,3,1608.628370,576.000000,463.180539,988.000000
2022-03-31 12:01:30 [    INFO] Snap:         FaceRecognition/FaceNet_input/Eingang/in_of_interest_area/trackID_3/2022March31_12_01_30_Eingang19357_crop_track_3.png,Eingang,19357,3,1560.609613,537.000000,383.649472,935.500000
2022-03-31 12:01:30 [    INFO] Snap:         FaceRecognition/FaceNet_input/Eingang/in_of_interest_area/trackID_3/2022March31_12_01_30_Eingang19358_crop_track_3.png,Eingang,19358,3,1563.610785,534.000000,385.150059,934.000000
2022-03-31 12:01:31 [    INFO] Snap:         FaceRecognition/FaceNet_input/Eingang/in_of_interest_area/trackID_3/2022March31_12_01_31_Eingang19378_crop_track_3.png,Eingang,19378,3,1590.621336,550.500000,368.643611,901.000000
2022-03-31 12:01:32 [    INFO] Snap:         FaceRecognition/FaceNet_input/Eingang/in_of_interest_area/trackID_3/2022March31_12_01_32_Eingang19398_crop_track_3.png,Eingang,19398,3,1565.111372,547.500000,370.144197,898.000000
2022-03-31 12:01:33 [    INFO] Snap:         FaceRecognition/FaceNet_input/Eingang/in_of_interest_area/trackID_3/2022March31_12_01_33_Eingang19418_crop_track_3.png,Eingang,19418,3,1581.617819,562.500000,416.662368,883.000000
2022-03-31 12:01:34 [    INFO] Snap:         FaceRecognition/FaceNet_input/Eingang/in_of_interest_area/trackID_3/2022March31_12_01_34_Eingang19438_crop_track_3.png,Eingang,19438,3,1572.614302,552.000000,374.645955,881.500000
2022-03-31 12:01:35 [    INFO] Snap:         FaceRecognition/FaceNet_input/Eingang/in_of_interest_area/trackID_3/2022March31_12_01_35_Eingang19458_crop_track_3.png,Eingang,19458,3,1590.621336,541.500000,370.144197,899.500000
2022-03-31 12:01:36 [    INFO] Snap:         FaceRecognition/FaceNet_input/Eingang/in_of_interest_area/trackID_3/2022March31_12_01_36_Eingang19478_crop_track_3.png,Eingang,19478,3,1586.119578,543.000000,367.143025,893.500000
2022-03-31 12:01:36 [    INFO] Snap:         FaceRecognition/FaceNet_input/Eingang/in_of_interest_area/trackID_3/2022March31_12_01_36_Eingang19479_crop_track_3.png,Eingang,19479,3,1584.618992,543.000000,367.143025,892.000000
2022-03-31 12:01:37 [    INFO] Snap:         FaceRecognition/FaceNet_input/Eingang/in_of_interest_area/trackID_3/2022March31_12_01_37_Eingang19499_crop_track_3.png,Eingang,19499,3,1538.100821,472.500000,391.152403,913.000000
2022-03-31 12:01:39 [    INFO] Snap:         FaceRecognition/FaceNet_input/Eingang/in_of_interest_area/trackID_3/2022March31_12_01_38_Eingang19519_crop_track_3.png,Eingang,19519,3,1769.191090,459.000000,347.635404,799.000000
2022-03-31 12:01:39 [    INFO] Snap:         FaceRecognition/FaceNet_input/Eingang/in_of_interest_area/trackID_3/2022March31_12_01_39_Eingang19539_crop_track_3.png,Eingang,19539,3,1752.684642,637.500000,428.667057,592.000000
2022-03-31 12:01:41 [    INFO] Snap:         FaceRecognition/FaceNet_input/Eingang/in_of_interest_area/trackID_3/2022March31_12_01_41_Eingang19559_crop_track_3.png,Eingang,19559,3,1757.186401,603.000000,416.662368,608.500000
2022-03-31 12:01:42 [    INFO] Snap:         FaceRecognition/FaceNet_input/Eingang/in_of_interest_area/trackID_3/2022March31_12_01_42_Eingang19579_crop_track_3.png,Eingang,19579,3,1770.691676,567.000000,344.634232,613.000000
2022-03-31 12:01:43 [    INFO] Snap:         FaceRecognition/FaceNet_input/Eingang/in_of_interest_area/trackID_3/2022March31_12_01_43_Eingang19602_crop_track_3.png,Eingang,19602,3,1784.196952,627.000000,350.636577,545.500000
2022-03-31 12:01:43 [    INFO] Snap:         FaceRecognition/FaceNet_input/Eingang/in_of_interest_area/trackID_3/2022March31_12_01_43_Eingang19603_crop_track_3.png,Eingang,19603,3,1785.697538,616.500000,362.641266,575.500000
2022-03-31 12:01:44 [    INFO] Snap:         FaceRecognition/FaceNet_input/Eingang/in_of_interest_area/trackID_3/2022March31_12_01_44_Eingang19623_crop_track_3.png,Eingang,19623,3,1767.690504,561.000000,440.671747,694.000000
2022-03-31 12:01:45 [    INFO] Snap:         FaceRecognition/FaceNet_input/Eingang/in_of_interest_area/trackID_3/2022March31_12_01_45_Eingang19643_crop_track_3.png,Eingang,19643,3,1767.690504,579.000000,454.177022,662.500000
2022-03-31 12:01:47 [    INFO] Snap:         FaceRecognition/FaceNet_input/Eingang/in_of_interest_area/trackID_3/2022March31_12_01_47_Eingang19675_crop_track_3.png,Eingang,19675,3,1761.688159,577.500000,428.667057,635.500000
2022-03-31 12:01:48 [    INFO] Snap:         FaceRecognition/FaceNet_input/Eingang/in_of_interest_area/trackID_3/2022March31_12_01_48_Eingang19695_crop_track_3.png,Eingang,19695,3,1586.119578,424.500000,358.139508,811.000000
2022-03-31 12:01:49 [    INFO] Snap:         FaceRecognition/FaceNet_input/Eingang/in_of_interest_area/trackID_3/2022March31_12_01_49_Eingang19715_crop_track_3.png,Eingang,19715,3,1436.060961,391.500000,377.647128,1007.500000
2022-03-31 12:01:50 [    INFO] Snap:         FaceRecognition/FaceNet_input/Eingang/in_of_interest_area/trackID_3/2022March31_12_01_50_Eingang19735_crop_track_3.png,Eingang,19735,3,1581.617819,561.000000,493.192263,956.500000
2022-03-31 12:01:50 [    INFO] Snap:         FaceRecognition/FaceNet_input/Eingang/in_of_interest_area/trackID_3/2022March31_12_01_50_Eingang19736_crop_track_3.png,Eingang,19736,3,1604.126612,565.500000,502.195780,956.500000
2022-03-31 12:01:52 [    INFO] Snap:         FaceRecognition/FaceNet_input/Eingang/in_of_interest_area/trackID_3/2022March31_12_01_52_Eingang19756_crop_track_3.png,Eingang,19756,3,1772.192263,609.000000,428.667057,982.000000
2022-03-31 12:01:53 [    INFO] Snap:         FaceRecognition/FaceNet_input/Eingang/in_of_interest_area/trackID_3/2022March31_12_01_53_Eingang19776_crop_track_3.png,Eingang,19776,3,1827.713951,607.500000,401.656506,991.000000
2022-03-31 12:01:54 [    INFO] Snap:         FaceRecognition/FaceNet_input/Eingang/in_of_interest_area/trackID_3/2022March31_12_01_54_Eingang19796_crop_track_3.png,Eingang,19796,3,1838.218054,678.000000,343.133646,917.500000
2022-03-31 12:01:55 [    INFO] Snap:         FaceRecognition/FaceNet_input/Eingang/in_of_interest_area/trackID_3/2022March31_12_01_55_Eingang19816_crop_track_3.png,Eingang,19816,3,1817.209848,663.000000,371.644783,917.500000
2022-03-31 12:01:56 [    INFO] Snap:         FaceRecognition/FaceNet_input/Eingang/in_of_interest_area/trackID_3/2022March31_12_01_56_Eingang19836_crop_track_3.png,Eingang,19836,3,1827.713951,645.000000,371.644783,941.500000
2022-03-31 12:01:57 [    INFO] Snap:         FaceRecognition/FaceNet_input/Eingang/in_of_interest_area/trackID_3/2022March31_12_01_57_Eingang19856_crop_track_3.png,Eingang,19856,3,1830.715123,645.000000,376.146542,943.000000
2022-03-31 12:01:57 [    INFO] Snap:         FaceRecognition/FaceNet_input/Eingang/in_of_interest_area/trackID_3/2022March31_12_01_57_Eingang19857_crop_track_3.png,Eingang,19857,3,1830.715123,645.000000,374.645955,943.000000
2022-03-31 12:01:58 [    INFO] Snap:         FaceRecognition/FaceNet_input/Eingang/in_of_interest_area/trackID_3/2022March31_12_01_58_Eingang19877_crop_track_3.png,Eingang,19877,3,1832.215709,669.000000,397.154748,902.500000
2022-03-31 12:01:59 [    INFO] Snap:         FaceRecognition/FaceNet_input/Eingang/in_of_interest_area/trackID_3/2022March31_12_01_59_Eingang19897_crop_track_3.png,Eingang,19897,3,1844.220399,675.000000,400.155920,884.500000
2022-03-31 12:02:01 [    INFO] Snap:         FaceRecognition/FaceNet_input/Eingang/in_of_interest_area/trackID_3/2022March31_12_02_01_Eingang19917_crop_track_3.png,Eingang,19917,3,1836.717468,639.000000,304.118406,944.500000
2022-03-31 12:02:01 [    INFO] Snap:         FaceRecognition/FaceNet_input/Eingang/in_of_interest_area/trackID_3/2022March31_12_02_01_Eingang19937_crop_track_3.png,Eingang,19937,3,1835.216882,618.000000,383.649472,967.000000
2022-03-31 12:02:03 [    INFO] Snap:         FaceRecognition/FaceNet_input/Eingang/in_of_interest_area/trackID_3/2022March31_12_02_03_Eingang19957_crop_track_3.png,Eingang,19957,3,1826.213365,637.500000,398.655334,947.500000
2022-03-31 12:02:04 [    INFO] Snap:         FaceRecognition/FaceNet_input/Eingang/in_of_interest_area/trackID_3/2022March31_12_02_04_Eingang19977_crop_track_3.png,Eingang,19977,3,1833.716295,625.500000,382.148886,949.000000
2022-03-31 12:02:04 [    INFO] Snap:         FaceRecognition/FaceNet_input/Eingang/in_of_interest_area/trackID_3/2022March31_12_02_04_Eingang19978_crop_track_3.png,Eingang,19978,3,1833.716295,619.500000,383.649472,953.500000
2022-03-31 12:02:07 [    INFO] Found:        person       5 at (1397,  332)
2022-03-31 12:02:07 [    INFO] Snap:         FaceRecognition/FaceNet_input/Eingang/in_of_interest_area/trackID_5/2022March31_12_02_07_Eingang19996_crop_track_5.png,Eingang,19996,5,1997.280188,180.000000,205.079719,620.500000
2022-03-31 12:02:08 [    INFO] Snap:         FaceRecognition/FaceNet_input/Eingang/in_of_interest_area/trackID_5/2022March31_12_02_08_Eingang20016_crop_track_5.png,Eingang,20016,5,2087.315358,144.000000,239.593200,565.000000
2022-03-31 12:02:09 [    INFO] Snap:         FaceRecognition/FaceNet_input/Eingang/in_of_interest_area/trackID_5/2022March31_12_02_09_Eingang20036_crop_track_5.png,Eingang,20036,5,2165.345838,126.000000,175.067995,526.000000
2022-03-31 12:02:12 [    INFO] Lost:         person       3 at (1376,  745)
2022-03-31 12:02:15 [    INFO] Lost:         person       5 at (1614,  207)
2022-03-31 12:23:29 [    INFO] Found:        person       6 at (1517,  217)
2022-03-31 12:23:29 [    INFO] Snap:         FaceRecognition/FaceNet_input/Eingang/in_of_interest_area/trackID_6/2022March31_12_23_29_Eingang45640_crop_track_6.png,Eingang,45640,6,2187.854631,148.500000,170.566237,365.500000
2022-03-31 12:23:29 [    INFO] Snap:         FaceRecognition/FaceNet_input/Eingang/in_of_interest_area/trackID_6/2022March31_12_23_29_Eingang45660_crop_track_6.png,Eingang,45660,6,2013.786635,178.500000,251.597890,563.500000
2022-03-31 12:23:31 [    INFO] Snap:         FaceRecognition/FaceNet_input/Eingang/in_of_interest_area/trackID_6/2022March31_12_23_31_Eingang45680_crop_track_6.png,Eingang,45680,6,1893.739742,208.500000,320.624853,586.000000
2022-03-31 12:23:32 [    INFO] Snap:         FaceRecognition/FaceNet_input/Eingang/in_of_interest_area/trackID_6/2022March31_12_23_32_Eingang45700_crop_track_6.png,Eingang,45700,6,1887.737397,256.500000,271.105510,626.500000
2022-03-31 12:23:33 [    INFO] Snap:         FaceRecognition/FaceNet_input/Eingang/in_of_interest_area/trackID_6/2022March31_12_23_33_Eingang45720_crop_track_6.png,Eingang,45720,6,1794.701055,310.500000,253.098476,646.000000
2022-03-31 12:23:34 [    INFO] Snap:         FaceRecognition/FaceNet_input/Eingang/in_of_interest_area/trackID_6/2022March31_12_23_34_Eingang45746_crop_track_6.png,Eingang,45746,6,1487.080891,361.500000,316.123095,659.500000
2022-03-31 12:23:35 [    INFO] Snap:         FaceRecognition/FaceNet_input/Eingang/in_of_interest_area/trackID_6/2022March31_12_23_35_Eingang45766_crop_track_6.png,Eingang,45766,6,1412.051583,379.500000,335.630715,752.500000
2022-03-31 12:23:35 [    INFO] Snap:         FaceRecognition/FaceNet_input/Eingang/in_of_interest_area/trackID_6/2022March31_12_23_35_Eingang45767_crop_track_6.png,Eingang,45767,6,1410.550996,381.000000,335.630715,754.000000
2022-03-31 12:23:36 [    INFO] Snap:         FaceRecognition/FaceNet_input/Eingang/in_of_interest_area/trackID_6/2022March31_12_23_36_Eingang45787_crop_track_6.png,Eingang,45787,6,1397.045721,378.000000,281.609613,776.500000
2022-03-31 12:23:38 [    INFO] Snap:         FaceRecognition/FaceNet_input/Eingang/in_of_interest_area/trackID_6/2022March31_12_23_38_Eingang45807_crop_track_6.png,Eingang,45807,6,1428.558030,418.500000,307.119578,818.500000
2022-03-31 12:23:39 [    INFO] Snap:         FaceRecognition/FaceNet_input/Eingang/in_of_interest_area/trackID_6/2022March31_12_23_39_Eingang45827_crop_track_6.png,Eingang,45827,6,1317.514654,483.000000,379.147714,859.000000
2022-03-31 12:23:40 [    INFO] Snap:         FaceRecognition/FaceNet_input/Eingang/in_of_interest_area/trackID_6/2022March31_12_23_40_Eingang45847_crop_track_6.png,Eingang,45847,6,1509.589683,543.000000,380.648300,971.500000
2022-03-31 12:23:41 [    INFO] Snap:         FaceRecognition/FaceNet_input/Eingang/in_of_interest_area/trackID_6/2022March31_12_23_41_Eingang45867_crop_track_6.png,Eingang,45867,6,1623.634232,592.500000,425.665885,970.000000
2022-03-31 12:23:42 [    INFO] Snap:         FaceRecognition/FaceNet_input/Eingang/in_of_interest_area/trackID_6/2022March31_12_23_42_Eingang45887_crop_track_6.png,Eingang,45887,6,1701.664713,586.500000,461.679953,1012.000000
2022-03-31 12:23:42 [    INFO] Snap:         FaceRecognition/FaceNet_input/Eingang/in_of_interest_area/trackID_6/2022March31_12_23_42_Eingang45888_crop_track_6.png,Eingang,45888,6,1706.166471,586.500000,461.679953,1013.500000
2022-03-31 12:23:43 [    INFO] Snap:         FaceRecognition/FaceNet_input/Eingang/in_of_interest_area/trackID_6/2022March31_12_23_43_Eingang45908_crop_track_6.png,Eingang,45908,6,1685.158265,609.000000,394.153576,1010.500000
2022-03-31 12:23:45 [    INFO] Snap:         FaceRecognition/FaceNet_input/Eingang/in_of_interest_area/trackID_6/2022March31_12_23_45_Eingang45928_crop_track_6.png,Eingang,45928,6,1653.645955,655.500000,416.662368,949.000000
2022-03-31 12:23:46 [    INFO] Snap:         FaceRecognition/FaceNet_input/Eingang/in_of_interest_area/trackID_6/2022March31_12_23_46_Eingang45948_crop_track_6.png,Eingang,45948,6,1688.159437,582.000000,380.648300,982.000000
2022-03-31 12:23:47 [    INFO] Snap:         FaceRecognition/FaceNet_input/Eingang/in_of_interest_area/trackID_6/2022March31_12_23_47_Eingang45968_crop_track_6.png,Eingang,45968,6,1820.211020,493.500000,382.148886,928.000000
2022-03-31 12:23:48 [    INFO] Snap:         FaceRecognition/FaceNet_input/Eingang/in_of_interest_area/trackID_6/2022March31_12_23_48_Eingang45988_crop_track_6.png,Eingang,45988,6,1887.737397,462.000000,403.157093,865.000000
2022-03-31 12:23:49 [    INFO] Snap:         FaceRecognition/FaceNet_input/Eingang/in_of_interest_area/trackID_6/2022March31_12_23_49_Eingang46008_crop_track_6.png,Eingang,46008,6,1959.765533,486.000000,397.154748,821.500000
2022-03-31 12:23:49 [    INFO] Snap:         FaceRecognition/FaceNet_input/Eingang/in_of_interest_area/trackID_6/2022March31_12_23_49_Eingang46009_crop_track_6.png,Eingang,46009,6,1950.762016,487.500000,406.158265,820.000000
2022-03-31 12:23:50 [    INFO] Snap:         FaceRecognition/FaceNet_input/Eingang/in_of_interest_area/trackID_6/2022March31_12_23_50_Eingang46029_crop_track_6.png,Eingang,46029,6,1890.738570,538.500000,383.649472,880.000000
2022-03-31 12:23:51 [    INFO] Snap:         FaceRecognition/FaceNet_input/Eingang/in_of_interest_area/trackID_6/2022March31_12_23_51_Eingang46049_crop_track_6.png,Eingang,46049,6,1889.237984,570.000000,422.664713,946.000000
2022-03-31 12:23:52 [    INFO] Snap:         FaceRecognition/FaceNet_input/Eingang/in_of_interest_area/trackID_6/2022March31_12_23_52_Eingang46069_crop_track_6.png,Eingang,46069,6,1889.237984,555.000000,386.650645,977.500000
2022-03-31 12:23:53 [    INFO] Snap:         FaceRecognition/FaceNet_input/Eingang/in_of_interest_area/trackID_6/2022March31_12_23_53_Eingang46089_crop_track_6.png,Eingang,46089,6,1892.239156,567.000000,394.153576,968.500000
2022-03-31 12:23:54 [    INFO] Snap:         FaceRecognition/FaceNet_input/Eingang/in_of_interest_area/trackID_6/2022March31_12_23_54_Eingang46109_crop_track_6.png,Eingang,46109,6,1760.187573,550.500000,451.175850,1025.500000
2022-03-31 12:23:55 [    INFO] Snap:         FaceRecognition/FaceNet_input/Eingang/in_of_interest_area/trackID_6/2022March31_12_23_55_Eingang46129_crop_track_6.png,Eingang,46129,6,1499.085580,531.000000,359.640094,949.000000
2022-03-31 12:23:55 [    INFO] Snap:         FaceRecognition/FaceNet_input/Eingang/in_of_interest_area/trackID_6/2022March31_12_23_55_Eingang46130_crop_track_6.png,Eingang,46130,6,1485.580305,526.500000,359.640094,947.500000
2022-03-31 12:23:56 [    INFO] Snap:         FaceRecognition/FaceNet_input/Eingang/in_of_interest_area/trackID_6/2022March31_12_23_56_Eingang46150_crop_track_6.png,Eingang,46150,6,1503.587339,436.500000,344.634232,847.000000
2022-03-31 12:23:58 [    INFO] Snap:         FaceRecognition/FaceNet_input/Eingang/in_of_interest_area/trackID_6/2022March31_12_23_58_Eingang46170_crop_track_6.png,Eingang,46170,6,1763.188746,370.500000,238.092614,785.500000
2022-03-31 12:23:59 [    INFO] Snap:         FaceRecognition/FaceNet_input/Eingang/in_of_interest_area/trackID_6/2022March31_12_23_59_Eingang46190_crop_track_6.png,Eingang,46190,6,1958.264947,438.000000,337.131301,773.500000
2022-03-31 12:24:04 [    INFO] Snap:         FaceRecognition/FaceNet_input/Eingang/in_of_interest_area/trackID_6/2022March31_12_24_04_Eingang46282_crop_track_6.png,Eingang,46282,6,1896.740914,580.500000,398.655334,583.000000
2022-03-31 12:24:05 [    INFO] Snap:         FaceRecognition/FaceNet_input/Eingang/in_of_interest_area/trackID_6/2022March31_12_24_05_Eingang46302_crop_track_6.png,Eingang,46302,6,1949.261430,597.000000,340.132474,557.500000
2022-03-31 12:24:06 [    INFO] Snap:         FaceRecognition/FaceNet_input/Eingang/in_of_interest_area/trackID_6/2022March31_12_24_06_Eingang46325_crop_track_6.png,Eingang,46325,6,1922.250879,447.000000,347.635404,704.500000
2022-03-31 12:24:06 [    INFO] Snap:         FaceRecognition/FaceNet_input/Eingang/in_of_interest_area/trackID_6/2022March31_12_24_06_Eingang46326_crop_track_6.png,Eingang,46326,6,1920.750293,441.000000,347.635404,709.000000
2022-03-31 12:24:07 [    INFO] Snap:         FaceRecognition/FaceNet_input/Eingang/in_of_interest_area/trackID_6/2022March31_12_24_07_Eingang46346_crop_track_6.png,Eingang,46346,6,2012.286049,460.500000,263.602579,695.500000
2022-03-31 12:24:09 [    INFO] Snap:         FaceRecognition/FaceNet_input/Eingang/in_of_interest_area/trackID_6/2022March31_12_24_09_Eingang46366_crop_track_6.png,Eingang,46366,6,1973.270809,408.000000,286.111372,718.000000
2022-03-31 12:24:10 [    INFO] Snap:         FaceRecognition/FaceNet_input/Eingang/in_of_interest_area/trackID_6/2022March31_12_24_10_Eingang46386_crop_track_6.png,Eingang,46386,6,2031.793669,399.000000,313.121923,689.500000
2022-03-31 12:24:11 [    INFO] Snap:         FaceRecognition/FaceNet_input/Eingang/in_of_interest_area/trackID_6/2022March31_12_24_11_Eingang46406_crop_track_6.png,Eingang,46406,6,1983.774912,400.500000,320.624853,712.000000
2022-03-31 12:24:12 [    INFO] Found:        person       7 at (1397,  623)
2022-03-31 12:24:12 [    INFO] Snap:         FaceRecognition/FaceNet_input/Eingang/in_of_interest_area/trackID_6/2022March31_12_24_12_Eingang46426_crop_track_6.png,Eingang,46426,6,1995.779601,390.000000,323.626026,758.500000
2022-03-31 12:24:12 [    INFO] Snap:         FaceRecognition/FaceNet_input/Eingang/in_of_interest_area/trackID_7/2022March31_12_24_12_Eingang46426_crop_track_7.png,Eingang,46426,7,1953.763189,654.000000,292.113716,568.000000
2022-03-31 12:24:13 [    INFO] Snap:         FaceRecognition/FaceNet_input/Eingang/in_of_interest_area/trackID_6/2022March31_12_24_13_Eingang46446_crop_track_6.png,Eingang,46446,6,2018.288394,373.500000,277.107855,745.000000
2022-03-31 12:24:13 [    INFO] Snap:         FaceRecognition/FaceNet_input/Eingang/in_of_interest_area/trackID_7/2022March31_12_24_13_Eingang46446_crop_track_7.png,Eingang,46446,7,1955.263775,673.500000,277.107855,488.500000
2022-03-31 12:24:13 [    INFO] Snap:         FaceRecognition/FaceNet_input/Eingang/in_of_interest_area/trackID_6/2022March31_12_24_13_Eingang46447_crop_track_6.png,Eingang,46447,6,2028.792497,375.000000,271.105510,748.000000
2022-03-31 12:24:14 [    INFO] Snap:         FaceRecognition/FaceNet_input/Eingang/in_of_interest_area/trackID_6/2022March31_12_24_14_Eingang46467_crop_track_6.png,Eingang,46467,6,1956.764361,382.500000,352.137163,805.000000
2022-03-31 12:24:15 [    INFO] Snap:         FaceRecognition/FaceNet_input/Eingang/in_of_interest_area/trackID_7/2022March31_12_24_15_Eingang46484_crop_track_7.png,Eingang,46484,7,1614.630715,663.000000,220.085580,541.000000
2022-03-31 12:24:15 [    INFO] Snap:         FaceRecognition/FaceNet_input/Eingang/in_of_interest_area/trackID_6/2022March31_12_24_15_Eingang46487_crop_track_6.png,Eingang,46487,6,1931.254396,379.500000,347.635404,800.500000
2022-03-31 12:24:16 [    INFO] Snap:         FaceRecognition/FaceNet_input/Eingang/in_of_interest_area/trackID_7/2022March31_12_24_16_Eingang46504_crop_track_7.png,Eingang,46504,7,1617.631887,633.000000,181.070340,586.000000
2022-03-31 12:24:16 [    INFO] Snap:         FaceRecognition/FaceNet_input/Eingang/in_of_interest_area/trackID_6/2022March31_12_24_16_Eingang46507_crop_track_6.png,Eingang,46507,6,1854.724502,405.000000,365.642438,797.500000
2022-03-31 12:24:17 [    INFO] Snap:         FaceRecognition/FaceNet_input/Eingang/in_of_interest_area/trackID_7/2022March31_12_24_17_Eingang46524_crop_track_7.png,Eingang,46524,7,1605.627198,586.500000,230.589683,631.000000
2022-03-31 12:24:17 [    INFO] Snap:         FaceRecognition/FaceNet_input/Eingang/in_of_interest_area/trackID_6/2022March31_12_24_17_Eingang46527_crop_track_6.png,Eingang,46527,6,1911.746776,426.000000,346.134818,775.000000
2022-03-31 12:24:18 [    INFO] Snap:         FaceRecognition/FaceNet_input/Eingang/in_of_interest_area/trackID_7/2022March31_12_24_18_Eingang46544_crop_track_7.png,Eingang,46544,7,1584.618992,736.500000,218.584994,599.500000
2022-03-31 12:24:18 [    INFO] Snap:         FaceRecognition/FaceNet_input/Eingang/in_of_interest_area/trackID_6/2022March31_12_24_18_Eingang46547_crop_track_6.png,Eingang,46547,6,1973.270809,456.000000,304.118406,703.000000
2022-03-31 12:24:19 [    INFO] Snap:         FaceRecognition/FaceNet_input/Eingang/in_of_interest_area/trackID_7/2022March31_12_24_19_Eingang46564_crop_track_7.png,Eingang,46564,7,1361.031653,822.000000,244.094959,638.500000
2022-03-31 12:24:19 [    INFO] Snap:         FaceRecognition/FaceNet_input/Eingang/in_of_interest_area/trackID_7/2022March31_12_24_19_Eingang46565_crop_track_7.png,Eingang,46565,7,1347.526377,825.000000,245.595545,640.000000
2022-03-31 12:24:19 [    INFO] Snap:         FaceRecognition/FaceNet_input/Eingang/in_of_interest_area/trackID_6/2022March31_12_24_19_Eingang46567_crop_track_6.png,Eingang,46567,6,1956.764361,409.500000,332.629543,788.500000
2022-03-31 12:24:19 [    INFO] Snap:         FaceRecognition/FaceNet_input/Eingang/in_of_interest_area/trackID_6/2022March31_12_24_19_Eingang46568_crop_track_6.png,Eingang,46568,6,1955.263775,406.500000,335.630715,791.500000
2022-03-31 12:24:20 [    INFO] Found:        person       8 at (1348,  578)
2022-03-31 12:24:20 [    INFO] Snap:         FaceRecognition/FaceNet_input/Eingang/in_of_interest_area/trackID_8/2022March31_12_24_20_Eingang46582_crop_track_8.png,Eingang,46582,8,1880.234467,552.000000,217.084408,523.000000
2022-03-31 12:24:20 [    INFO] Snap:         FaceRecognition/FaceNet_input/Eingang/in_of_interest_area/trackID_7/2022March31_12_24_20_Eingang46585_crop_track_7.png,Eingang,46585,7,1101.430246,915.000000,269.604924,667.000000
2022-03-31 12:24:20 [    INFO] Snap:         FaceRecognition/FaceNet_input/Eingang/in_of_interest_area/trackID_6/2022March31_12_24_20_Eingang46588_crop_track_6.png,Eingang,46588,6,1983.774912,409.500000,316.123095,797.500000
2022-03-31 12:24:21 [    INFO] Snap:         FaceRecognition/FaceNet_input/Eingang/in_of_interest_area/trackID_7/2022March31_12_24_21_Eingang46605_crop_track_7.png,Eingang,46605,7,841.828839,1008.000000,299.616647,683.500000
2022-03-31 12:24:21 [    INFO] Snap:         FaceRecognition/FaceNet_input/Eingang/in_of_interest_area/trackID_6/2022March31_12_24_21_Eingang46608_crop_track_6.png,Eingang,46608,6,2004.783118,432.000000,268.104338,767.500000
2022-03-31 12:24:22 [    INFO] Snap:         FaceRecognition/FaceNet_input/Eingang/in_of_interest_area/trackID_8/2022March31_12_24_22_Eingang46617_crop_track_8.png,Eingang,46617,8,1496.084408,760.500000,263.602579,463.000000
2022-03-31 12:24:22 [    INFO] Snap:         FaceRecognition/FaceNet_input/Eingang/in_of_interest_area/trackID_6/2022March31_12_24_22_Eingang46628_crop_track_6.png,Eingang,46628,6,1977.772567,459.000000,292.113716,712.000000
2022-03-31 12:24:23 [    INFO] Snap:         FaceRecognition/FaceNet_input/Eingang/in_of_interest_area/trackID_7/2022March31_12_24_23_Eingang46634_crop_track_7.png,Eingang,46634,7,210.082063,1263.000000,356.638921,701.500000
2022-03-31 12:24:23 [    INFO] Snap:         FaceRecognition/FaceNet_input/Eingang/in_of_interest_area/trackID_8/2022March31_12_24_23_Eingang46637_crop_track_8.png,Eingang,46637,8,1179.460727,1089.000000,341.633060,565.000000
2022-03-31 12:24:24 [    INFO] Snap:         FaceRecognition/FaceNet_input/Eingang/in_of_interest_area/trackID_6/2022March31_12_24_24_Eingang46648_crop_track_6.png,Eingang,46648,6,2000.281360,414.000000,295.114889,748.000000
2022-03-31 12:24:24 [    INFO] Out:          person       7 at (  -1, 1142)
2022-03-31 12:24:25 [    INFO] Snap:         FaceRecognition/FaceNet_input/Eingang/in_of_interest_area/trackID_6/2022March31_12_24_24_Eingang46668_crop_track_6.png,Eingang,46668,6,1958.264947,442.500000,319.124267,733.000000
2022-03-31 12:24:25 [    INFO] Out:          person       8 at ( 444, 1286)
2022-03-31 12:24:27 [    INFO] Snap:         FaceRecognition/FaceNet_input/Eingang/in_of_interest_area/trackID_6/2022March31_12_24_27_Eingang46709_crop_track_6.png,Eingang,46709,6,1979.273154,582.000000,298.116061,595.000000
2022-03-31 12:24:27 [    INFO] Snap:         FaceRecognition/FaceNet_input/Eingang/in_of_interest_area/trackID_6/2022March31_12_24_27_Eingang46710_crop_track_6.png,Eingang,46710,6,1976.271981,582.000000,298.116061,592.000000
2022-03-31 12:24:28 [    INFO] Snap:         FaceRecognition/FaceNet_input/Eingang/in_of_interest_area/trackID_6/2022March31_12_24_28_Eingang46730_crop_track_6.png,Eingang,46730,6,1847.221571,541.500000,406.158265,703.000000
2022-03-31 12:24:29 [    INFO] Snap:         FaceRecognition/FaceNet_input/Eingang/in_of_interest_area/trackID_6/2022March31_12_24_29_Eingang46753_crop_track_6.png,Eingang,46753,6,1848.722157,577.500000,430.167644,679.000000
2022-03-31 12:24:30 [    INFO] Snap:         FaceRecognition/FaceNet_input/Eingang/in_of_interest_area/trackID_6/2022March31_12_24_30_Eingang46773_crop_track_6.png,Eingang,46773,6,1847.221571,580.500000,421.164127,668.500000
2022-03-31 12:24:31 [    INFO] Snap:         FaceRecognition/FaceNet_input/Eingang/in_of_interest_area/trackID_6/2022March31_12_24_31_Eingang46793_crop_track_6.png,Eingang,46793,6,1835.216882,564.000000,434.669402,674.500000
2022-03-31 12:24:32 [    INFO] Snap:         FaceRecognition/FaceNet_input/Eingang/in_of_interest_area/trackID_6/2022March31_12_24_32_Eingang46813_crop_track_6.png,Eingang,46813,6,1719.671747,391.500000,265.103165,790.000000
2022-03-31 12:24:33 [    INFO] Snap:         FaceRecognition/FaceNet_input/Eingang/in_of_interest_area/trackID_6/2022March31_12_24_33_Eingang46833_crop_track_6.png,Eingang,46833,6,1518.593200,463.500000,406.158265,848.500000
2022-03-31 12:24:34 [    INFO] Snap:         FaceRecognition/FaceNet_input/Eingang/in_of_interest_area/trackID_6/2022March31_12_24_33_Eingang46834_crop_track_6.png,Eingang,46834,6,1548.604924,472.500000,415.161782,853.000000
2022-03-31 12:24:34 [    INFO] Snap:         FaceRecognition/FaceNet_input/Eingang/in_of_interest_area/trackID_6/2022March31_12_24_34_Eingang46854_crop_track_6.png,Eingang,46854,6,1640.140680,621.000000,364.141852,847.000000
2022-03-31 12:24:37 [    INFO] Snap:         FaceRecognition/FaceNet_input/Eingang/in_of_interest_area/trackID_6/2022March31_12_24_37_Eingang46910_crop_track_6.png,Eingang,46910,6,1646.143025,813.000000,322.125440,587.500000
2022-03-31 12:24:39 [    INFO] Snap:         FaceRecognition/FaceNet_input/Eingang/in_of_interest_area/trackID_6/2022March31_12_24_39_Eingang46930_crop_track_6.png,Eingang,46930,6,1629.636577,814.500000,367.143025,586.000000
2022-03-31 12:24:41 [    INFO] Snap:         FaceRecognition/FaceNet_input/Eingang/in_of_interest_area/trackID_6/2022March31_12_24_41_Eingang46986_crop_track_6.png,Eingang,46986,6,1634.138335,589.500000,409.159437,869.500000
2022-03-31 12:24:43 [    INFO] Snap:         FaceRecognition/FaceNet_input/Eingang/in_of_interest_area/trackID_6/2022March31_12_24_43_Eingang47006_crop_track_6.png,Eingang,47006,6,1826.213365,603.000000,368.643611,955.000000
2022-03-31 12:24:44 [    INFO] Snap:         FaceRecognition/FaceNet_input/Eingang/in_of_interest_area/trackID_6/2022March31_12_24_44_Eingang47026_crop_track_6.png,Eingang,47026,6,1772.192263,760.500000,530.706917,763.000000
2022-03-31 12:24:44 [    INFO] Snap:         FaceRecognition/FaceNet_input/Eingang/in_of_interest_area/trackID_6/2022March31_12_24_44_Eingang47027_crop_track_6.png,Eingang,47027,6,1769.191090,765.000000,536.709261,757.000000
2022-03-31 12:24:45 [    INFO] Snap:         FaceRecognition/FaceNet_input/Eingang/in_of_interest_area/trackID_6/2022March31_12_24_45_Eingang47047_crop_track_6.png,Eingang,47047,6,1776.694021,792.000000,541.211020,697.000000
2022-03-31 12:24:46 [    INFO] Snap:         FaceRecognition/FaceNet_input/Eingang/in_of_interest_area/trackID_6/2022March31_12_24_46_Eingang47067_crop_track_6.png,Eingang,47067,6,1793.200469,787.500000,526.205158,704.500000
2022-03-31 12:24:47 [    INFO] Snap:         FaceRecognition/FaceNet_input/Eingang/in_of_interest_area/trackID_6/2022March31_12_24_47_Eingang47087_crop_track_6.png,Eingang,47087,6,1797.702227,777.000000,515.701055,728.500000
2022-03-31 12:24:48 [    INFO] Snap:         FaceRecognition/FaceNet_input/Eingang/in_of_interest_area/trackID_6/2022March31_12_24_48_Eingang47107_crop_track_6.png,Eingang,47107,6,1793.200469,793.500000,539.710434,704.500000
2022-03-31 12:24:49 [    INFO] Snap:         FaceRecognition/FaceNet_input/Eingang/in_of_interest_area/trackID_6/2022March31_12_24_49_Eingang47127_crop_track_6.png,Eingang,47127,6,1785.697538,789.000000,547.213365,694.000000
2022-03-31 12:24:50 [    INFO] Snap:         FaceRecognition/FaceNet_input/Eingang/in_of_interest_area/trackID_6/2022March31_12_24_50_Eingang47147_crop_track_6.png,Eingang,47147,6,1767.690504,745.500000,497.694021,754.000000
2022-03-31 12:24:50 [    INFO] Snap:         FaceRecognition/FaceNet_input/Eingang/in_of_interest_area/trackID_6/2022March31_12_24_50_Eingang47148_crop_track_6.png,Eingang,47148,6,1767.690504,745.500000,496.193435,755.500000
2022-03-31 12:24:51 [    INFO] Snap:         FaceRecognition/FaceNet_input/Eingang/in_of_interest_area/trackID_6/2022March31_12_24_51_Eingang47168_crop_track_6.png,Eingang,47168,6,1743.681125,732.000000,521.703400,775.000000
2022-03-31 12:24:51 [    INFO] Snap:         FaceRecognition/FaceNet_input/Eingang/in_of_interest_area/trackID_6/2022March31_12_24_51_Eingang47188_crop_track_6.png,Eingang,47188,6,1824.712778,696.000000,413.661196,830.500000
2022-03-31 12:24:52 [    INFO] Snap:         FaceRecognition/FaceNet_input/Eingang/in_of_interest_area/trackID_6/2022March31_12_24_51_Eingang47208_crop_track_6.png,Eingang,47208,6,1793.200469,660.000000,338.631887,890.500000
2022-03-31 12:24:52 [    INFO] Snap:         FaceRecognition/FaceNet_input/Eingang/in_of_interest_area/trackID_6/2022March31_12_24_52_Eingang47228_crop_track_6.png,Eingang,47228,6,1796.201641,675.000000,308.620164,857.500000
2022-03-31 12:24:52 [    INFO] Snap:         FaceRecognition/FaceNet_input/Eingang/in_of_interest_area/trackID_6/2022March31_12_24_52_Eingang47248_crop_track_6.png,Eingang,47248,6,1800.703400,687.000000,440.671747,839.500000
2022-03-31 12:24:53 [    INFO] Snap:         FaceRecognition/FaceNet_input/Eingang/in_of_interest_area/trackID_6/2022March31_12_24_53_Eingang47268_crop_track_6.png,Eingang,47268,6,1770.691676,693.000000,448.174678,827.500000
2022-03-31 12:24:53 [    INFO] Snap:         FaceRecognition/FaceNet_input/Eingang/in_of_interest_area/trackID_6/2022March31_12_24_53_Eingang47269_crop_track_6.png,Eingang,47269,6,1776.694021,690.000000,433.168816,830.500000
2022-03-31 12:24:53 [    INFO] Snap:         FaceRecognition/FaceNet_input/Eingang/in_of_interest_area/trackID_6/2022March31_12_24_53_Eingang47289_crop_track_6.png,Eingang,47289,6,1752.684642,700.500000,376.146542,835.000000
2022-03-31 12:24:55 [    INFO] Snap:         FaceRecognition/FaceNet_input/Eingang/in_of_interest_area/trackID_6/2022March31_12_24_55_Eingang47309_crop_track_6.png,Eingang,47309,6,1752.684642,853.500000,442.172333,742.000000
2022-03-31 12:24:56 [    INFO] Snap:         FaceRecognition/FaceNet_input/Eingang/in_of_interest_area/trackID_6/2022March31_12_24_55_Eingang47329_crop_track_6.png,Eingang,47329,6,1769.191090,816.000000,425.665885,731.500000
2022-03-31 12:24:57 [    INFO] Snap:         FaceRecognition/FaceNet_input/Eingang/in_of_interest_area/trackID_6/2022March31_12_24_57_Eingang47349_crop_track_6.png,Eingang,47349,6,1770.691676,843.000000,418.162954,734.500000
2022-03-31 12:24:58 [    INFO] Snap:         FaceRecognition/FaceNet_input/Eingang/in_of_interest_area/trackID_6/2022March31_12_24_58_Eingang47369_crop_track_6.png,Eingang,47369,6,1721.172333,822.000000,454.177022,721.000000
2022-03-31 12:24:59 [    INFO] Snap:         FaceRecognition/FaceNet_input/Eingang/in_of_interest_area/trackID_6/2022March31_12_24_59_Eingang47389_crop_track_6.png,Eingang,47389,6,1772.192263,843.000000,442.172333,736.000000
2022-03-31 12:24:59 [    INFO] Snap:         FaceRecognition/FaceNet_input/Eingang/in_of_interest_area/trackID_6/2022March31_12_24_59_Eingang47390_crop_track_6.png,Eingang,47390,6,1773.692849,844.500000,440.671747,737.500000
2022-03-31 12:25:00 [    INFO] Snap:         FaceRecognition/FaceNet_input/Eingang/in_of_interest_area/trackID_6/2022March31_12_25_00_Eingang47410_crop_track_6.png,Eingang,47410,6,1797.702227,828.000000,415.161782,718.000000
2022-03-31 12:25:01 [    INFO] Snap:         FaceRecognition/FaceNet_input/Eingang/in_of_interest_area/trackID_6/2022March31_12_25_01_Eingang47430_crop_track_6.png,Eingang,47430,6,1806.705744,831.000000,412.160610,715.000000
2022-03-31 12:25:02 [    INFO] Snap:         FaceRecognition/FaceNet_input/Eingang/in_of_interest_area/trackID_6/2022March31_12_25_02_Eingang47450_crop_track_6.png,Eingang,47450,6,1790.199297,810.000000,427.166471,742.000000
2022-03-31 12:25:03 [    INFO] Snap:         FaceRecognition/FaceNet_input/Eingang/in_of_interest_area/trackID_6/2022March31_12_25_03_Eingang47470_crop_track_6.png,Eingang,47470,6,1754.185229,855.000000,457.178195,721.000000
2022-03-31 12:25:04 [    INFO] Snap:         FaceRecognition/FaceNet_input/Eingang/in_of_interest_area/trackID_6/2022March31_12_25_04_Eingang47490_crop_track_6.png,Eingang,47490,6,1760.187573,735.000000,461.679953,766.000000
2022-03-31 12:25:05 [    INFO] Snap:         FaceRecognition/FaceNet_input/Eingang/in_of_interest_area/trackID_6/2022March31_12_25_05_Eingang47510_crop_track_6.png,Eingang,47510,6,1857.725674,559.500000,407.658851,977.500000
2022-03-31 12:25:05 [    INFO] Snap:         FaceRecognition/FaceNet_input/Eingang/in_of_interest_area/trackID_6/2022March31_12_25_05_Eingang47511_crop_track_6.png,Eingang,47511,6,1862.227433,555.000000,406.158265,983.500000
2022-03-31 12:25:06 [    INFO] Found:        person      11 at ( 849, 1098)
2022-03-31 12:25:06 [    INFO] Snap:         FaceRecognition/FaceNet_input/Eingang/in_of_interest_area/trackID_11/2022March31_12_25_06_Eingang47524_crop_track_11.png,Eingang,47524,11,1089.425557,1383.000000,367.143025,535.000000
2022-03-31 12:25:06 [    INFO] Snap:         FaceRecognition/FaceNet_input/Eingang/in_of_interest_area/trackID_6/2022March31_12_25_06_Eingang47531_crop_track_6.png,Eingang,47531,6,1872.731536,559.500000,374.645955,1001.500000
2022-03-31 12:25:07 [    INFO] Snap:         FaceRecognition/FaceNet_input/Eingang/in_of_interest_area/trackID_11/2022March31_12_25_07_Eingang47544_crop_track_11.png,Eingang,47544,11,1155.451348,1197.000000,316.123095,692.500000
2022-03-31 12:25:07 [    INFO] Snap:         FaceRecognition/FaceNet_input/Eingang/in_of_interest_area/trackID_6/2022March31_12_25_07_Eingang47551_crop_track_6.png,Eingang,47551,6,1854.724502,589.500000,367.143025,953.500000
2022-03-31 12:25:08 [    INFO] Snap:         FaceRecognition/FaceNet_input/Eingang/in_of_interest_area/trackID_11/2022March31_12_25_08_Eingang47564_crop_track_11.png,Eingang,47564,11,1230.480657,990.000000,284.610785,770.500000
2022-03-31 12:25:08 [    INFO] Snap:         FaceRecognition/FaceNet_input/Eingang/in_of_interest_area/trackID_6/2022March31_12_25_08_Eingang47571_crop_track_6.png,Eingang,47571,6,1821.711606,639.000000,397.154748,920.500000
2022-03-31 12:25:09 [    INFO] Snap:         FaceRecognition/FaceNet_input/Eingang/in_of_interest_area/trackID_11/2022March31_12_25_09_Eingang47584_crop_track_11.png,Eingang,47584,11,1461.570926,871.500000,275.607268,674.500000
2022-03-31 12:25:09 [    INFO] Snap:         FaceRecognition/FaceNet_input/Eingang/in_of_interest_area/trackID_6/2022March31_12_25_09_Eingang47591_crop_track_6.png,Eingang,47591,6,1851.723329,663.000000,437.670574,881.500000
2022-03-31 12:25:10 [    INFO] Snap:         FaceRecognition/FaceNet_input/Eingang/in_of_interest_area/trackID_11/2022March31_12_25_10_Eingang47604_crop_track_11.png,Eingang,47604,11,1596.623681,838.500000,257.600234,614.500000
2022-03-31 12:25:10 [    INFO] Snap:         FaceRecognition/FaceNet_input/Eingang/in_of_interest_area/trackID_6/2022March31_12_25_10_Eingang47611_crop_track_6.png,Eingang,47611,6,1838.218054,600.000000,436.169988,926.500000
2022-03-31 12:25:11 [    INFO] Snap:         FaceRecognition/FaceNet_input/Eingang/in_of_interest_area/trackID_11/2022March31_12_25_11_Eingang47624_crop_track_11.png,Eingang,47624,11,1644.642438,820.500000,272.606096,619.000000
2022-03-31 12:25:12 [    INFO] Snap:         FaceRecognition/FaceNet_input/Eingang/in_of_interest_area/trackID_6/2022March31_12_25_12_Eingang47631_crop_track_6.png,Eingang,47631,6,1860.726846,651.000000,422.664713,923.500000
2022-03-31 12:25:12 [    INFO] Snap:         FaceRecognition/FaceNet_input/Eingang/in_of_interest_area/trackID_6/2022March31_12_25_12_Eingang47632_crop_track_6.png,Eingang,47632,6,1859.226260,651.000000,419.663540,920.500000
2022-03-31 12:25:12 [    INFO] Snap:         FaceRecognition/FaceNet_input/Eingang/in_of_interest_area/trackID_11/2022March31_12_25_12_Eingang47644_crop_track_11.png,Eingang,47644,11,1635.638921,832.500000,316.123095,635.500000
2022-03-31 12:25:12 [    INFO] Snap:         FaceRecognition/FaceNet_input/Eingang/in_of_interest_area/trackID_11/2022March31_12_25_12_Eingang47645_crop_track_11.png,Eingang,47645,11,1635.638921,832.500000,317.623681,637.000000
2022-03-31 12:25:13 [    INFO] Snap:         FaceRecognition/FaceNet_input/Eingang/in_of_interest_area/trackID_6/2022March31_12_25_13_Eingang47652_crop_track_6.png,Eingang,47652,6,1868.229777,679.500000,397.154748,878.500000
2022-03-31 12:25:13 [    INFO] Snap:         FaceRecognition/FaceNet_input/Eingang/in_of_interest_area/trackID_11/2022March31_12_25_13_Eingang47665_crop_track_11.png,Eingang,47665,11,1640.140680,822.000000,322.125440,641.500000
2022-03-31 12:25:14 [    INFO] Snap:         FaceRecognition/FaceNet_input/Eingang/in_of_interest_area/trackID_6/2022March31_12_25_14_Eingang47672_crop_track_6.png,Eingang,47672,6,1884.736225,669.000000,376.146542,881.500000
2022-03-31 12:25:15 [    INFO] Snap:         FaceRecognition/FaceNet_input/Eingang/in_of_interest_area/trackID_11/2022March31_12_25_15_Eingang47685_crop_track_11.png,Eingang,47685,11,1622.133646,816.000000,289.112544,623.500000
2022-03-31 12:25:15 [    INFO] Snap:         FaceRecognition/FaceNet_input/Eingang/in_of_interest_area/trackID_6/2022March31_12_25_15_Eingang47692_crop_track_6.png,Eingang,47692,6,1868.229777,580.500000,359.640094,1015.000000
2022-03-31 12:25:16 [    INFO] Snap:         FaceRecognition/FaceNet_input/Eingang/in_of_interest_area/trackID_11/2022March31_12_25_16_Eingang47705_crop_track_11.png,Eingang,47705,11,1614.630715,825.000000,263.602579,605.500000
2022-03-31 12:25:16 [    INFO] Snap:         FaceRecognition/FaceNet_input/Eingang/in_of_interest_area/trackID_6/2022March31_12_25_16_Eingang47712_crop_track_6.png,Eingang,47712,6,1581.617819,640.500000,400.155920,992.500000
2022-03-31 12:25:17 [    INFO] Snap:         FaceRecognition/FaceNet_input/Eingang/in_of_interest_area/trackID_6/2022March31_12_25_17_Eingang47732_crop_track_6.png,Eingang,47732,6,1527.596717,625.500000,533.708089,1088.500000
2022-03-31 12:25:18 [    INFO] Snap:         FaceRecognition/FaceNet_input/Eingang/in_of_interest_area/trackID_6/2022March31_12_25_18_Eingang47752_crop_track_6.png,Eingang,47752,6,1748.182884,780.000000,530.706917,1189.000000
2022-03-31 12:25:18 [    INFO] Snap:         FaceRecognition/FaceNet_input/Eingang/in_of_interest_area/trackID_6/2022March31_12_25_18_Eingang47753_crop_track_6.png,Eingang,47753,6,1764.689332,784.500000,524.704572,1192.000000
2022-03-31 12:25:19 [    INFO] Snap:         FaceRecognition/FaceNet_input/Eingang/in_of_interest_area/trackID_11/2022March31_12_25_19_Eingang47758_crop_track_11.png,Eingang,47758,11,1605.627198,820.500000,257.600234,620.500000
2022-03-31 12:25:19 [    INFO] Snap:         FaceRecognition/FaceNet_input/Eingang/in_of_interest_area/trackID_6/2022March31_12_25_19_Eingang47773_crop_track_6.png,Eingang,47773,6,1766.189918,916.500000,583.227433,1022.500000
2022-03-31 12:25:20 [    INFO] Snap:         FaceRecognition/FaceNet_input/Eingang/in_of_interest_area/trackID_11/2022March31_12_25_20_Eingang47778_crop_track_11.png,Eingang,47778,11,1632.637749,853.500000,311.621336,607.000000
2022-03-31 12:25:21 [    INFO] Snap:         FaceRecognition/FaceNet_input/Eingang/in_of_interest_area/trackID_6/2022March31_12_25_21_Eingang47793_crop_track_6.png,Eingang,47793,6,1631.137163,907.500000,728.784291,989.500000
2022-03-31 12:25:22 [    INFO] Snap:         FaceRecognition/FaceNet_input/Eingang/in_of_interest_area/trackID_6/2022March31_12_25_21_Eingang47813_crop_track_6.png,Eingang,47813,6,1592.121923,877.500000,791.808910,1052.500000
2022-03-31 12:25:23 [    INFO] Snap:         FaceRecognition/FaceNet_input/Eingang/in_of_interest_area/trackID_6/2022March31_12_25_23_Eingang47833_crop_track_6.png,Eingang,47833,6,1608.628370,865.500000,785.806565,1073.500000
2022-03-31 12:25:24 [    INFO] Snap:         FaceRecognition/FaceNet_input/Eingang/in_of_interest_area/trackID_6/2022March31_12_25_24_Eingang47853_crop_track_6.png,Eingang,47853,6,1568.112544,858.000000,802.313013,1079.500000
2022-03-31 12:25:25 [    INFO] Snap:         FaceRecognition/FaceNet_input/Eingang/in_of_interest_area/trackID_6/2022March31_12_25_25_Eingang47873_crop_track_6.png,Eingang,47873,6,1572.614302,864.000000,796.310668,1064.500000
2022-03-31 12:25:25 [    INFO] Snap:         FaceRecognition/FaceNet_input/Eingang/in_of_interest_area/trackID_11/2022March31_12_25_25_Eingang47873_crop_track_11.png,Eingang,47873,11,1526.096131,1290.000000,359.640094,617.500000
2022-03-31 12:25:25 [    INFO] Snap:         FaceRecognition/FaceNet_input/Eingang/in_of_interest_area/trackID_6/2022March31_12_25_25_Eingang47874_crop_track_6.png,Eingang,47874,6,1574.114889,864.000000,794.810082,1064.500000
2022-03-31 12:25:25 [    INFO] Snap:         FaceRecognition/FaceNet_input/Eingang/in_of_interest_area/trackID_11/2022March31_12_25_25_Eingang47874_crop_track_11.png,Eingang,47874,11,1526.096131,1293.000000,359.640094,617.500000
2022-03-31 12:25:26 [    INFO] Snap:         FaceRecognition/FaceNet_input/Eingang/in_of_interest_area/trackID_6/2022March31_12_25_26_Eingang47894_crop_track_6.png,Eingang,47894,6,1677.655334,903.000000,746.791325,1024.000000
2022-03-31 12:25:26 [    INFO] Snap:         FaceRecognition/FaceNet_input/Eingang/in_of_interest_area/trackID_11/2022March31_12_25_26_Eingang47894_crop_track_11.png,Eingang,47894,11,1449.566237,1216.500000,434.669402,698.500000
2022-03-31 12:25:27 [    INFO] Snap:         FaceRecognition/FaceNet_input/Eingang/in_of_interest_area/trackID_6/2022March31_12_25_27_Eingang47914_crop_track_6.png,Eingang,47914,6,1617.631887,906.000000,796.310668,1015.000000
2022-03-31 12:25:28 [    INFO] Snap:         FaceRecognition/FaceNet_input/Eingang/in_of_interest_area/trackID_6/2022March31_12_25_28_Eingang47937_crop_track_6.png,Eingang,47937,6,1667.151231,874.500000,775.302462,1049.500000
2022-03-31 12:25:29 [    INFO] Snap:         FaceRecognition/FaceNet_input/Eingang/in_of_interest_area/trackID_11/2022March31_12_25_29_Eingang47950_crop_track_11.png,Eingang,47950,11,2025.791325,1242.000000,367.143025,688.000000
2022-03-31 12:25:29 [    INFO] Snap:         FaceRecognition/FaceNet_input/Eingang/in_of_interest_area/trackID_6/2022March31_12_25_29_Eingang47957_crop_track_6.png,Eingang,47957,6,1658.147714,909.000000,722.781946,1009.000000
2022-03-31 12:25:30 [    INFO] Snap:         FaceRecognition/FaceNet_input/Eingang/in_of_interest_area/trackID_11/2022March31_12_25_30_Eingang47973_crop_track_11.png,Eingang,47973,11,2147.338804,1308.000000,292.113716,619.000000
2022-03-31 12:25:30 [    INFO] Snap:         FaceRecognition/FaceNet_input/Eingang/in_of_interest_area/trackID_6/2022March31_12_25_30_Eingang47977_crop_track_6.png,Eingang,47977,6,1698.663540,918.000000,541.211020,995.500000
2022-03-31 12:25:31 [    INFO] Found:        person      14 at (1537, 1070)
2022-03-31 12:25:31 [    INFO] Snap:         FaceRecognition/FaceNet_input/Eingang/in_of_interest_area/trackID_14/2022March31_12_25_31_Eingang47992_crop_track_14.png,Eingang,47992,14,2079.812427,1284.000000,428.667057,637.000000
2022-03-31 12:25:32 [    INFO] Snap:         FaceRecognition/FaceNet_input/Eingang/in_of_interest_area/trackID_6/2022March31_12_25_32_Eingang47997_crop_track_6.png,Eingang,47997,6,1649.144197,886.500000,716.779601,1039.000000
2022-03-31 12:25:32 [    INFO] Snap:         FaceRecognition/FaceNet_input/Eingang/in_of_interest_area/trackID_6/2022March31_12_25_32_Eingang47998_crop_track_6.png,Eingang,47998,6,1658.147714,889.500000,713.778429,1036.000000
2022-03-31 12:25:33 [    INFO] Snap:         FaceRecognition/FaceNet_input/Eingang/in_of_interest_area/trackID_6/2022March31_12_25_33_Eingang48018_crop_track_6.png,Eingang,48018,6,1632.637749,889.500000,562.219226,1048.000000
2022-03-31 12:25:33 [    INFO] Snap:         FaceRecognition/FaceNet_input/Eingang/in_of_interest_area/trackID_14/2022March31_12_25_33_Eingang48021_crop_track_14.png,Eingang,48021,14,2180.351700,1309.500000,355.138335,602.500000
2022-03-31 12:25:34 [    INFO] Snap:         FaceRecognition/FaceNet_input/Eingang/in_of_interest_area/trackID_6/2022March31_12_25_34_Eingang48038_crop_track_6.png,Eingang,48038,6,1745.181712,870.000000,581.726846,1039.000000
2022-03-31 12:25:35 [    INFO] Snap:         FaceRecognition/FaceNet_input/Eingang/in_of_interest_area/trackID_6/2022March31_12_25_35_Eingang48058_crop_track_6.png,Eingang,48058,6,1944.759672,864.000000,488.690504,1073.500000
2022-03-31 12:25:36 [    INFO] Snap:         FaceRecognition/FaceNet_input/Eingang/in_of_interest_area/trackID_6/2022March31_12_25_36_Eingang48078_crop_track_6.png,Eingang,48078,6,1943.259086,870.000000,485.689332,1045.000000
2022-03-31 12:25:37 [    INFO] Snap:         FaceRecognition/FaceNet_input/Eingang/in_of_interest_area/trackID_6/2022March31_12_25_37_Eingang48098_crop_track_6.png,Eingang,48098,6,1974.771395,874.500000,515.701055,1055.500000
2022-03-31 12:25:38 [    INFO] Lost:         person      11 at (1577,  969)
2022-03-31 12:25:38 [    INFO] Snap:         FaceRecognition/FaceNet_input/Eingang/in_of_interest_area/trackID_6/2022March31_12_25_38_Eingang48118_crop_track_6.png,Eingang,48118,6,2015.287222,859.500000,467.682298,1060.000000
2022-03-31 12:25:38 [    INFO] Snap:         FaceRecognition/FaceNet_input/Eingang/in_of_interest_area/trackID_6/2022March31_12_25_38_Eingang48119_crop_track_6.png,Eingang,48119,6,2022.790152,858.000000,467.682298,1061.500000
2022-03-31 12:25:38 [    INFO] Lost:         person      14 at (1390, 1004)
2022-03-31 12:25:39 [    INFO] Snap:         FaceRecognition/FaceNet_input/Eingang/in_of_interest_area/trackID_6/2022March31_12_25_39_Eingang48139_crop_track_6.png,Eingang,48139,6,2031.793669,865.500000,433.168816,1072.000000
2022-03-31 12:25:44 [    INFO] Lost:         person       6 at (1600, 1058)
2022-03-31 13:33:09 [    INFO] Found:        person      15 at (1518,  248)
2022-03-31 13:33:09 [    INFO] Snap:         FaceRecognition/FaceNet_input/Eingang/in_of_interest_area/trackID_15/2022March31_13_33_09_Eingang128875_crop_track_15.png,Eingang,128875,15,2171.348183,48.000000,199.077374,662.500000
2022-03-31 13:33:10 [    INFO] Snap:         FaceRecognition/FaceNet_input/Eingang/in_of_interest_area/trackID_15/2022March31_13_33_10_Eingang128895_crop_track_15.png,Eingang,128895,15,1938.757327,118.500000,259.100821,712.000000
2022-03-31 13:33:11 [    INFO] Snap:         FaceRecognition/FaceNet_input/Eingang/in_of_interest_area/trackID_15/2022March31_13_33_11_Eingang128915_crop_track_15.png,Eingang,128915,15,1685.158265,189.000000,326.627198,863.500000
2022-03-31 13:33:12 [    INFO] Snap:         FaceRecognition/FaceNet_input/Eingang/in_of_interest_area/trackID_15/2022March31_13_33_12_Eingang128935_crop_track_15.png,Eingang,128935,15,1485.580305,339.000000,373.145369,1036.000000
2022-03-31 13:33:13 [    INFO] Snap:         FaceRecognition/FaceNet_input/Eingang/in_of_interest_area/trackID_15/2022March31_13_33_13_Eingang128955_crop_track_15.png,Eingang,128955,15,1511.090270,784.500000,536.709261,935.500000
2022-03-31 13:33:15 [    INFO] Snap:         FaceRecognition/FaceNet_input/Eingang/in_of_interest_area/trackID_15/2022March31_13_33_15_Eingang128993_crop_track_15.png,Eingang,128993,15,1541.101993,927.000000,571.222743,635.500000
2022-03-31 13:33:20 [    INFO] Snap:         FaceRecognition/FaceNet_input/Eingang/in_of_interest_area/trackID_15/2022March31_13_33_19_Eingang129070_crop_track_15.png,Eingang,129070,15,1478.077374,642.000000,598.233294,893.500000
2022-03-31 13:33:20 [    INFO] Snap:         FaceRecognition/FaceNet_input/Eingang/in_of_interest_area/trackID_15/2022March31_13_33_20_Eingang129071_crop_track_15.png,Eingang,129071,15,1472.075029,624.000000,599.733880,904.000000
2022-03-31 13:33:21 [    INFO] Snap:         FaceRecognition/FaceNet_input/Eingang/in_of_interest_area/trackID_15/2022March31_13_33_20_Eingang129091_crop_track_15.png,Eingang,129091,15,1505.087925,252.000000,392.652989,1178.500000
2022-03-31 13:33:22 [    INFO] Snap:         FaceRecognition/FaceNet_input/Eingang/in_of_interest_area/trackID_15/2022March31_13_33_22_Eingang129111_crop_track_15.png,Eingang,129111,15,1793.200469,156.000000,341.633060,965.500000
2022-03-31 13:33:23 [    INFO] Snap:         FaceRecognition/FaceNet_input/Eingang/in_of_interest_area/trackID_15/2022March31_13_33_23_Eingang129131_crop_track_15.png,Eingang,129131,15,1994.279015,111.000000,280.109027,691.000000
2022-03-31 13:33:24 [    INFO] Snap:         FaceRecognition/FaceNet_input/Eingang/in_of_interest_area/trackID_15/2022March31_13_33_24_Eingang129151_crop_track_15.png,Eingang,129151,15,2195.357562,58.500000,232.090270,643.000000
2022-03-31 13:33:27 [    INFO] Out:          person      15 at (1706,  172)
2022-03-31 20:11:30 [ WARNING] Camera motion estimation failed
