2022-03-23, 16:30:58, Found, person, 839, 2263,  865
2022-03-23, 16:30:58, Eingang, 1769179, 839, No face visible, NA, -1
2022-03-23, 16:30:58, Eingang, 1769189, 839, Maureen_Leber, 2.9235663186576617, [-0.04513956606388092, -0.06937813013792038, -0.09313301742076874, -0.11234469711780548, 0.1301630586385727, 0.016385575756430626, 0.01547974068671465, 0.00394594157114625, 0.04421956092119217, 0.04409947618842125, 0.07010996341705322, -0.05457855015993118, 0.012655341997742653, -0.16712816059589386, 0.020345361903309822, 0.01471010036766529, 0.002153429901227355, -0.08368578553199768, 0.10056565701961517, -0.16887249052524567, -0.032068196684122086, 0.043886948376894, -0.03516027331352234, 0.07071694731712341, 0.05809450149536133, -0.06903936713933945, 0.1739761084318161, 0.01752849854528904, -0.0999247208237648, -0.07952225208282471, -0.1570948213338852, 0.015798235312104225, -0.005697414744645357, -0.03772838041186333, 0.1459023356437683, -0.003770127659663558, 0.09680245071649551, -0.03261881694197655, 0.08783901482820511, -0.08292227238416672, 0.08535516262054443, 0.029606066644191742, -0.032599303871393204, -0.0010752147063612938, -0.06493856757879257, -0.17468169331550598, 0.027922894805669785, -0.05411534383893013, 0.10952969640493393, 0.047431830316782, -0.18145598471164703, 0.0911865234375, 0.06721175462007523, -0.09011409431695938, -0.056729163974523544, 0.08146346360445023, 0.0946037694811821, -0.0040583000518381596, -0.04573908820748329, -0.1716344654560089, -0.04830852895975113, -0.029695771634578705, -0.046488504856824875, 0.13776002824306488, 0.02351919561624527, 0.18438343703746796, 0.05788695812225342, 0.05325768515467644, -0.005437848623842001, -0.09387271851301193, 0.010668831877410412, -0.10112873464822769, -0.005237414035946131, -0.12518410384655, 0.04355834424495697, -0.08337217569351196, -0.026973197236657143, 0.14575280249118805, -0.08245652168989182, -0.07606813311576843, -0.13095100224018097, -0.02130364254117012, -0.0359848290681839, 0.027460195124149323, 0.10997645556926727, 0.04187319427728653, 0.10554061084985733, -0.028426436707377434, -0.11378855258226395, 0.13404397666454315, 0.08841023594141006, 0.06031768396496773, -0.024265801534056664, -0.007034271955490112, 0.10610294342041016, 0.08457168191671371, -0.0844094306230545, -0.15714259445667267, -0.1728864312171936, 0.09864098578691483, -0.08097140491008759, 0.10418421030044556, 0.10468173772096634, -0.15121474862098694, 0.030172215774655342, 0.03480158746242523, -0.005906909704208374, -0.04068760573863983, -0.034467913210392, -0.08507096022367477, 0.031024442985653877, 0.006671575829386711, 0.0994674414396286, 0.14416536688804626, -0.05000355839729309, 0.07507407665252686, -0.03719670698046684, 0.13216842710971832, 0.10924310237169266, 0.16483548283576965, -0.10741697251796722, -0.05858878046274185, 0.08807369321584702, 0.07742150872945786, 0.12629206478595734, -0.0951262041926384, 0.16735979914665222, 0.021898934617638588]
2022-03-23, 16:31:00, Eingang, 1769199, 839, No face visible, NA, -1
2022-03-23, 16:31:00, Eingang, 1769209, 839, No face visible, NA, -1
2022-03-23, 16:31:02, Eingang, 1769219, 839, Maureen_Leber, 1.8962836986933205, [-0.03714165464043617, -0.09834090620279312, -0.08429717272520065, -0.0900699645280838, 0.10199565440416336, -0.0028955796733498573, 0.02384188584983349, -0.05011032521724701, 0.021934185177087784, 0.03731529042124748, 0.07569341361522675, -0.10480218380689621, -0.013478812761604786, -0.16647545993328094, -0.00141980464104563, 0.09760899096727371, 0.07746923714876175, -0.06581796705722809, 0.07101114839315414, -0.16031165421009064, -0.0018178753089159727, 0.027850531041622162, -0.07329791784286499, -0.006205851677805185, 0.026213616132736206, -0.06059234216809273, 0.14915049076080322, 0.06209768354892731, -0.10665018111467361, 0.011981361545622349, -0.04594006389379501, 0.07569532841444016, 0.047284774482250214, -0.03712746128439903, 0.1464117020368576, -0.0914180800318718, 0.09348936378955841, 0.009804219007492065, 0.14258189499378204, -0.006372022908180952, 0.06431159377098083, 0.0037524299696087837, -0.04795359447598457, -0.06679170578718185, -0.06819842755794525, -0.1547059863805771, 0.017778530716896057, -0.003216776065528393, 0.10455398261547089, 0.06482414901256561, -0.14765191078186035, 0.07204518467187881, 0.06272668391466141, -0.061147864907979965, 0.01133009884506464, 0.0821351408958435, 0.138296976685524, 0.046582482755184174, -0.04273663088679314, -0.23258230090141296, -0.07839243113994598, -0.08343549072742462, -0.039173759520053864, 0.2273964285850525, 0.03932887688279152, 0.14455406367778778, 0.1015377789735794, 0.024988800287246704, -0.007637243717908859, -0.10262976586818695, 0.0002754031156655401, -0.14722131192684174, 0.04337849095463753, -0.12194129824638367, -0.017687637358903885, -0.057426292449235916, -0.01622891239821911, 0.1303330510854721, -0.0939735695719719, -0.10453998297452927, -0.1492038071155548, -0.05907188728451729, 0.0119380634278059, 0.0538630411028862, 0.09560348838567734, 0.009111008606851101, 0.09131186455488205, -0.07901759445667267, -0.20714575052261353, 0.16372697055339813, 0.08566759526729584, 0.016992179676890373, -0.04982008785009384, -0.023338012397289276, 0.12156154215335846, 0.021484391763806343, -0.04055536165833473, -0.10551545023918152, -0.22129875421524048, 0.031063243746757507, -0.11064483970403671, 0.14580875635147095, 0.05959964543581009, -0.09765104949474335, 0.018703272566199303, 0.06894135475158691, -0.0379885770380497, -0.02180398814380169, -0.05727214366197586, -0.08464383333921432, 0.003849336411803961, 0.04436701536178589, 0.10115310549736023, 0.13346019387245178, -0.057969484478235245, 0.040192414075136185, 0.007443542126566172, 0.07100367546081543, 0.04969513416290283, 0.08382802456617355, -0.06226867437362671, -0.03809397295117378, 0.10972016304731369, 0.04083570837974548, 0.104869544506073, -0.1290656179189682, 0.09274517744779587, 0.03977741301059723]
2022-03-23, 16:31:02, Eingang, 1769229, 839, Maureen_Leber, 3.0488113100257856, [-0.011656157672405243, -0.084297314286232, -0.06597795337438583, -0.112371526658535, 0.11071804165840149, -0.05027744919061661, 0.018721574917435646, -0.06678767502307892, 0.00561543507501483, 0.037781547755002975, 0.09383703023195267, -0.07068998366594315, -0.03889857605099678, -0.1317845582962036, 0.005347690545022488, 0.09266786277294159, 0.05215686187148094, -0.06134212017059326, 0.07210280001163483, -0.18210875988006592, -0.049745842814445496, -0.002845651702955365, -0.08423194289207458, 0.022280827164649963, 0.03561437129974365, -0.05069050192832947, 0.16678547859191895, 0.08918041735887527, -0.10087773203849792, -0.0072016543708741665, -0.07883616536855698, 0.0738692581653595, 0.01560917031019926, -0.04231942072510719, 0.1196841299533844, -0.05244952812790871, 0.10262351483106613, 0.023625768721103668, 0.1627940833568573, -0.007454049773514271, 0.0800575315952301, -0.016391821205615997, -0.042733874171972275, -0.06538703292608261, -0.10457529872655869, -0.16530364751815796, 0.016342299059033394, -0.006065993569791317, 0.08160354942083359, 0.0739775002002716, -0.12216745316982269, 0.08871328830718994, 0.08987143635749817, -0.04728243127465248, 0.017510438337922096, 0.1196301057934761, 0.0932786837220192, 0.05248313024640083, -0.015364395454525948, -0.18164943158626556, -0.07590401917695999, -0.0948881134390831, -0.016703786328434944, 0.2058774083852768, 0.055772196501493454, 0.16912461817264557, 0.06443386524915695, 0.03068472072482109, 0.009646233171224594, -0.06268233060836792, -0.012715965509414673, -0.13257187604904175, 0.06791282445192337, -0.09534808993339539, -0.05196985974907875, -0.062113210558891296, -0.009091508574783802, 0.10994981229305267, -0.08350306004285812, -0.13162113726139069, -0.1546347290277481, -0.07321518659591675, 0.02737520821392536, 0.09963493049144745, 0.09664823859930038, 0.0053553800098598, 0.11642754822969437, -0.07926333695650101, -0.13486461341381073, 0.16469860076904297, 0.0762641653418541, 0.0062296693213284016, -0.014495564624667168, -0.04053322970867157, 0.11567899584770203, 0.021176446229219437, -0.02628003992140293, -0.14692054688930511, -0.19547921419143677, 0.036333754658699036, -0.12317504733800888, 0.18767590820789337, 0.0908900648355484, -0.1250539869070053, 0.04498457536101341, 0.058899953961372375, -0.03101358190178871, -0.0012563562486320734, -0.049523983150720596, -0.08989860117435455, 0.05485169589519501, 0.062142472714185715, 0.10234349966049194, 0.12417617440223694, -0.021667921915650368, 0.05216003581881523, 0.01259130984544754, 0.14194193482398987, 0.06372690200805664, 0.07506611198186874, -0.09283367544412613, -0.02367449551820755, 0.1336030662059784, 0.04731099307537079, 0.0819760113954544, -0.09009915590286255, 0.11099668592214584, 0.011731250211596489]
2022-03-23, 16:31:04, Eingang, 1769239, 839, No face visible, NA, -1
2022-03-23, 16:31:04, Eingang, 1769240, 839, No face visible, NA, -1
2022-03-23, 16:31:05, Eingang, 1769250, 839, No face visible, NA, -1
2022-03-23, 16:31:06, Eingang, 1769260, 839, No face visible, NA, -1
2022-03-23, 16:31:07, Eingang, 1769270, 839, No face visible, NA, -1
2022-03-23, 16:31:08, Eingang, 1769280, 839, No face visible, NA, -1
2022-03-23, 16:31:09, Eingang, 1769290, 839, No face visible, NA, -1
2022-03-23, 16:31:10, Eingang, 1769300, 839, No face visible, NA, -1
2022-03-23, 16:31:10, Eingang, 1769301, 839, No face visible, NA, -1
2022-03-23, 16:31:11, Eingang, 1769311, 839, No face visible, NA, -1
2022-03-23, 16:31:12, Eingang, 1769321, 839, No face visible, NA, -1
2022-03-23, 16:31:13, Eingang, 1769331, 839, No face visible, NA, -1
2022-03-23, 16:31:14, Eingang, 1769341, 839, No face visible, NA, -1
2022-03-23, 16:31:15, Eingang, 1769351, 839, No face visible, NA, -1
2022-03-23, 16:31:16, Eingang, 1769361, 839, No face visible, NA, -1
2022-03-23, 16:31:16, Eingang, 1769362, 839, No face visible, NA, -1
2022-03-23, 16:31:17, Eingang, 1769372, 839, No face visible, NA, -1
2022-03-23, 16:31:18, Eingang, 1769382, 839, Holger, NA, -1
2022-03-23, 16:31:19, Eingang, 1769392, 839, No face visible, NA, -1
2022-03-23, 16:31:20, Eingang, 1769402, 839, No face visible, NA, -1
2022-03-23, 16:31:21, Eingang, 1769412, 839, Maureen_Leber, 2.894487082549503, [-0.04722984880208969, -0.10663052648305893, -0.06829885393381119, -0.1191830113530159, 0.05049453675746918, -0.03931958228349686, -0.002944468753412366, -0.00934431329369545, -0.01154947467148304, 0.022057784721255302, 0.10030315816402435, -0.058911338448524475, -0.0001428858668077737, -0.17553956806659698, -0.005925012286752462, 0.03692774474620819, 0.050411373376846313, -0.05364198610186577, 0.08335750550031662, -0.20244304835796356, -0.07011942565441132, 0.012101954780519009, -0.06772717833518982, 0.012301270850002766, 0.016941482201218605, -0.016617437824606895, 0.16254135966300964, 0.053997110575437546, -0.11154729872941971, -0.07975466549396515, -0.10423562675714493, 0.06564909219741821, 0.015156405046582222, -0.022253064438700676, 0.13466744124889374, 0.01564018800854683, 0.11029916256666183, 0.008727899752557278, 0.15665701031684875, -0.0642450675368309, 0.07074248790740967, 0.04588934779167175, -0.015465809032320976, -0.035082291811704636, -0.048077117651700974, -0.12388626486063004, 0.04992567375302315, -0.06395827978849411, 0.10077546536922455, 0.03298868238925934, -0.17045460641384125, 0.05489782989025116, 0.07452081888914108, -0.04184739664196968, -0.03028063103556633, 0.14711658656597137, 0.058843910694122314, 0.02141190506517887, -0.021901974454522133, -0.17915529012680054, -0.07229997962713242, -0.040285564959049225, -0.06370703130960464, 0.1742166429758072, 0.07149399071931839, 0.17325060069561005, 0.05928127095103264, 0.014138378202915192, -0.0052462490275502205, -0.05207588151097298, 0.021293483674526215, -0.07981899380683899, 0.002714388305321336, -0.1496632993221283, 0.04912393540143967, -0.07176898419857025, -0.0842951238155365, 0.12607495486736298, -0.06654451042413712, -0.10051275789737701, -0.08242027461528778, -0.10289511829614639, -0.03791496157646179, 0.037471551448106766, 0.11400195211172104, 0.007789922412484884, 0.05742666870355606, -0.02823747880756855, -0.1460350900888443, 0.13468420505523682, 0.08911322802305222, 0.036072053015232086, -0.06719313561916351, -0.05014433711767197, 0.09702925384044647, 0.09068791568279266, -0.06498446315526962, -0.15110568702220917, -0.13547752797603607, 0.055068276822566986, -0.09169842302799225, 0.1321476250886917, 0.10512019693851471, -0.15116006135940552, 0.04615824669599533, 0.11035242676734924, -0.01465675514191389, -0.04367681220173836, -0.08383964747190475, -0.10591448843479156, 0.057524729520082474, 0.05435514822602272, 0.054402731359004974, 0.13684852421283722, -0.02445502020418644, 0.09153185039758682, -0.05705159902572632, 0.11594543606042862, 0.08493780344724655, 0.11858035624027252, -0.10085361450910568, -0.10728254914283752, 0.1308300644159317, 0.10095566511154175, 0.09852015227079391, -0.12698516249656677, 0.16292336583137512, 0.018869193270802498]
2022-03-23, 16:31:22, Eingang, 1769422, 839, No face visible, NA, -1
2022-03-23, 16:31:22, Eingang, 1769423, 839, No face visible, NA, -1
2022-03-23, 16:31:23, Eingang, 1769433, 839, Elvira_Bruno, NA, -1
2022-03-23, 16:31:24, Eingang, 1769443, 839, No face visible, NA, -1
2022-03-23, 16:31:25, Eingang, 1769453, 839, No face visible, NA, -1
2022-03-23, 16:31:26, Eingang, 1769463, 839, Maureen_Leber, 2.6910810582271574, [-0.019138170406222343, -0.053536586463451385, -0.11753193289041519, -0.09839548170566559, 0.08777004480361938, -0.07816388458013535, -0.008639765903353691, -0.020576218143105507, 0.024936215952038765, 0.003208481939509511, 0.0779648944735527, -0.08748667687177658, -0.05752876028418541, -0.17471517622470856, 0.005325028672814369, 0.049355484545230865, 0.03590962290763855, -0.06642279773950577, 0.07077842205762863, -0.21935920417308807, -0.08205118775367737, 0.012369342148303986, -0.07006904482841492, 0.04088966175913811, 0.026908066123723984, -0.025169195607304573, 0.16631153225898743, 0.07772772759199142, -0.1279614418745041, -0.023054981604218483, -0.1293061375617981, 0.062279198318719864, -0.016070852056145668, -0.01207051333039999, 0.12953542172908783, 0.007693388033658266, 0.10881724953651428, 0.004054845776408911, 0.1608933061361313, -0.031021133065223694, 0.046301357448101044, 0.043960291892290115, -0.0463813841342926, -0.04690185934305191, -0.07692480832338333, -0.10781757533550262, 0.022839881479740143, -0.03672327846288681, 0.06255441904067993, 0.05251331254839897, -0.12080951035022736, 0.09000387042760849, 0.10951398313045502, -0.02396208420395851, -0.011492595076560974, 0.1491892784833908, 0.06484600156545639, -0.021079545840620995, -0.04429902508854866, -0.15712761878967285, -0.06113748624920845, -0.04941476881504059, -0.0469030924141407, 0.17065715789794922, 0.0880727544426918, 0.19342553615570068, 0.0555657334625721, 0.03869761526584625, -0.020517343655228615, -0.06442767381668091, 0.04199796915054321, -0.07243349403142929, 0.031104933470487595, -0.16152465343475342, 0.018565472215414047, -0.031502265483140945, -0.05494412034749985, 0.16418562829494476, -0.0823754295706749, -0.14012888073921204, -0.12138830870389938, -0.04870833083987236, -0.02483118698000908, 0.0672561526298523, 0.09586931020021439, -0.018544891849160194, 0.06196027994155884, -0.07087529450654984, -0.1190626472234726, 0.13077101111412048, 0.11451926082372665, 0.024926869198679924, -0.04906583949923515, -0.014700104482471943, 0.08583603799343109, 0.07402413338422775, -0.04184482619166374, -0.14096999168395996, -0.18127289414405823, 0.06246417015790939, -0.06760156154632568, 0.13685265183448792, 0.1033705323934555, -0.1523866504430771, 0.054061662405729294, 0.06883329898118973, -0.05623907223343849, -0.010373275727033615, -0.08594056218862534, -0.08633936196565628, 0.05677574500441551, 0.03735551983118057, 0.06229217350482941, 0.1346026062965393, -0.03328167647123337, 0.09104598313570023, -0.07210532575845718, 0.12478849291801453, 0.07861125469207764, 0.12611007690429688, -0.09421398490667343, -0.08844819664955139, 0.11986421793699265, 0.05130494013428688, 0.09699336439371109, -0.12648163735866547, 0.13940373063087463, -0.02221045456826687]
2022-03-23, 16:31:27, Eingang, 1769473, 839, Elvira_Bruno, NA, -1
2022-03-23, 16:31:28, Eingang, 1769483, 839, No face visible, NA, -1
2022-03-23, 16:31:28, Eingang, 1769484, 839, No face visible, NA, -1
2022-03-23, 16:31:29, Eingang, 1769494, 839, No face visible, NA, -1
2022-03-23, 16:31:30, Eingang, 1769504, 839, No face visible, NA, -1
2022-03-23, 16:31:31, Eingang, 1769514, 839, No face visible, NA, -1
2022-03-23, 16:31:32, Eingang, 1769524, 839, No face visible, NA, -1
2022-03-23, 16:31:33, Eingang, 1769534, 839, No face visible, NA, -1
2022-03-23, 16:31:34, Eingang, 1769544, 839, No face visible, NA, -1
2022-03-23, 16:31:34, Eingang, 1769545, 839, No face visible, NA, -1
2022-03-23, 16:31:35, Eingang, 1769555, 839, No face visible, NA, -1
2022-03-23, 16:31:36, Eingang, 1769565, 839, No face visible, NA, -1
2022-03-23, 16:31:37, Eingang, 1769575, 839, No face visible, NA, -1
2022-03-23, 16:31:38, Eingang, 1769585, 839, No face visible, NA, -1
2022-03-23, 16:31:39, Eingang, 1769595, 839, No face visible, NA, -1
2022-03-23, 16:31:40, Eingang, 1769605, 839, No face visible, NA, -1
2022-03-23, 16:31:40, Eingang, 1769606, 839, No face visible, NA, -1
2022-03-23, 16:31:42, Eingang, 1769616, 839, No face visible, NA, -1
2022-03-23, 16:31:42, Eingang, 1769626, 839, No face visible, NA, -1
2022-03-23, 16:31:44, Eingang, 1769636, 839, No face visible, NA, -1
2022-03-23, 16:31:44, Eingang, 1769646, 839, No face visible, NA, -1
2022-03-23, 16:31:46, Eingang, 1769656, 839, No face visible, NA, -1
2022-03-23, 16:31:46, Eingang, 1769666, 839, No face visible, NA, -1
2022-03-23, 16:31:46, Eingang, 1769667, 839, No face visible, NA, -1
2022-03-23, 16:31:48, Eingang, 1769677, 839, No face visible, NA, -1
2022-03-23, 16:31:48, Eingang, 1769687, 839, No face visible, NA, -1
2022-03-23, 16:31:50, Eingang, 1769697, 839, No face visible, NA, -1
2022-03-23, 16:31:50, Eingang, 1769707, 839, No face visible, NA, -1
2022-03-23, 16:31:52, Eingang, 1769717, 839, No face visible, NA, -1
2022-03-23, 16:32:00, Out, person, 839, 2393,  907
