2022-03-27, 12:38:16, Found, person, 211, 180, 1509
2022-03-27, 12:38:17, Eingang, 2235127, 211, No face visible, NA, -1
2022-03-27, 12:38:17, Eingang, 2235137, 211, Maureen_Leber, 2.9791113199281276, [-0.03186387941241264, -0.05545521900057793, -0.10200166702270508, -0.09797871857881546, 0.14740249514579773, 0.013163409195840359, 0.040620479732751846, -0.03204319253563881, 0.061468932777643204, 0.040855664759874344, 0.10647527873516083, -0.09625737369060516, -0.05884309113025665, -0.1675802618265152, 0.018007220700383186, 0.059811875224113464, 0.0010069824056699872, -0.03736542910337448, 0.05561211332678795, -0.1846247911453247, -0.03351304680109024, 0.01697281375527382, -0.061287324875593185, 0.05180288106203079, 0.036824438720941544, -0.07695190608501434, 0.14917564392089844, 0.05098915472626686, -0.1559215933084488, -0.05182098224759102, -0.08993679285049438, 0.074100561439991, 0.013319282792508602, -0.022718552500009537, 0.12436956912279129, -0.03634992241859436, 0.052907973527908325, -0.020426450297236443, 0.15353097021579742, -0.03432951495051384, 0.0621759332716465, -0.020770970731973648, -0.05407554656267166, -0.06700494140386581, -0.07408493012189865, -0.16124533116817474, 0.010608812794089317, -0.011116502806544304, 0.08578263223171234, 0.07215597480535507, -0.14668899774551392, 0.11041313409805298, 0.08069208264350891, -0.05654953792691231, 0.015485457144677639, 0.11790551245212555, 0.07807452976703644, -0.0022453106939792633, -0.0660783126950264, -0.17836137115955353, -0.036607906222343445, -0.0797639787197113, -0.029017001390457153, 0.18011002242565155, 0.09804047644138336, 0.14995884895324707, 0.0649532750248909, 0.05609244108200073, -0.007366570178419352, -0.09131001681089401, -0.004557102918624878, -0.12687531113624573, 0.03450508788228035, -0.12113022804260254, 0.015093381516635418, -0.0741601213812828, -0.02575336955487728, 0.1364988535642624, -0.11699975281953812, -0.05881435051560402, -0.13664361834526062, -0.045331377536058426, -0.005044821184128523, 0.07015122473239899, 0.10010894387960434, 0.03296620398759842, 0.07902272045612335, -0.07337876409292221, -0.11281035840511322, 0.12527385354042053, 0.08565399795770645, 0.027537034824490547, -0.037948645651340485, 0.00986672006547451, 0.1289394199848175, 0.03874540701508522, -0.10742835700511932, -0.13789071142673492, -0.2190784513950348, 0.061211805790662766, -0.10923159867525101, 0.13726136088371277, 0.05048779025673866, -0.14557424187660217, 0.023984523490071297, 0.02555171027779579, -0.033735793083906174, -0.02602587267756462, -0.04698736593127251, -0.09276553988456726, 0.02408229187130928, 0.0668913945555687, 0.07490165531635284, 0.13398535549640656, -0.04718729853630066, 0.08871150016784668, -0.013377802446484566, 0.10897133499383926, 0.04257025197148323, 0.1597156524658203, -0.12294142693281174, -0.0331413634121418, 0.14715194702148438, 0.04102455824613571, 0.08087985962629318, -0.10066138952970505, 0.12591950595378876, 0.03145585209131241]
2022-03-27, 12:38:17, Eingang, 2235147, 211, No face visible, NA, -1
2022-03-27, 12:38:18, Eingang, 2235157, 211, No face visible, NA, -1
2022-03-27, 12:38:19, Eingang, 2235167, 211, Silvia, NA, -1
2022-03-27, 12:38:19, Eingang, 2235177, 211, No face visible, NA, -1
2022-03-27, 12:38:20, Eingang, 2235187, 211, No face visible, NA, -1
2022-03-27, 12:38:20, Eingang, 2235188, 211, No face visible, NA, -1
2022-03-27, 12:38:21, Eingang, 2235198, 211, No face visible, NA, -1
2022-03-27, 12:38:21, Eingang, 2235208, 211, No face visible, NA, -1
2022-03-27, 12:38:22, Eingang, 2235218, 211, No face visible, NA, -1
2022-03-27, 12:38:22, Eingang, 2235228, 211, No face visible, NA, -1
2022-03-27, 12:38:23, Eingang, 2235238, 211, No face visible, NA, -1
2022-03-27, 12:38:23, Eingang, 2235248, 211, No face visible, NA, -1
2022-03-27, 12:38:23, Eingang, 2235249, 211, No face visible, NA, -1
2022-03-27, 12:38:24, Eingang, 2235259, 211, No face visible, NA, -1
2022-03-27, 12:38:24, Eingang, 2235269, 211, No face visible, NA, -1
2022-03-27, 12:38:25, Eingang, 2235279, 211, No face visible, NA, -1
2022-03-27, 12:38:25, Eingang, 2235289, 211, No face visible, NA, -1
2022-03-27, 12:38:26, Eingang, 2235299, 211, No face visible, NA, -1
2022-03-27, 12:38:26, Eingang, 2235309, 211, No face visible, NA, -1
2022-03-27, 12:38:26, Eingang, 2235310, 211, No face visible, NA, -1
2022-03-27, 12:38:27, Eingang, 2235320, 211, No face visible, NA, -1
2022-03-27, 12:38:27, Eingang, 2235330, 211, No face visible, NA, -1
2022-03-27, 12:38:28, Eingang, 2235340, 211, No face visible, NA, -1
2022-03-27, 12:38:28, Eingang, 2235350, 211, Salvatore_Bruno, NA, -1
2022-03-27, 12:38:29, Eingang, 2235360, 211, Jaqueline_Odermatt, NA, -1
2022-03-27, 12:38:33, Lost, person, 211, 2351,  390
