2022-03-23, 15:42:33, Reidentified, person, 782, -14, 1393
2022-03-23, 15:42:33, Eingang, 1740084, 782, No face visible, NA, -1
2022-03-23, 15:42:33, Eingang, 1740085, 782, No face visible, NA, -1
2022-03-23, 15:42:34, Eingang, 1740098, 782, No face visible, NA, -1
2022-03-23, 15:42:35, Eingang, 1740108, 782, No face visible, NA, -1
2022-03-23, 15:42:37, Eingang, 1740127, 782, No face visible, NA, -1
2022-03-23, 15:42:38, Eingang, 1740137, 782, No face visible, NA, -1
2022-03-23, 15:42:39, Eingang, 1740147, 782, No face visible, NA, -1
2022-03-23, 15:42:40, Eingang, 1740157, 782, No face visible, NA, -1
2022-03-23, 15:42:41, Eingang, 1740158, 782, No face visible, NA, -1
2022-03-23, 15:42:42, Eingang, 1740174, 782, No face visible, NA, -1
2022-03-23, 15:42:43, Eingang, 1740184, 782, No face visible, NA, -1
2022-03-23, 15:42:44, Eingang, 1740194, 782, No face visible, NA, -1
2022-03-23, 15:42:46, Eingang, 1740216, 782, No face visible, NA, -1
2022-03-23, 15:42:47, Eingang, 1740226, 782, No face visible, NA, -1
2022-03-23, 15:42:48, Eingang, 1740236, 782, No face visible, NA, -1
2022-03-23, 15:42:48, Eingang, 1740237, 782, No face visible, NA, -1
2022-03-23, 15:42:49, Eingang, 1740247, 782, No face visible, NA, -1
2022-03-23, 15:42:50, Eingang, 1740260, 782, No face visible, NA, -1
2022-03-23, 15:42:51, Eingang, 1740270, 782, No face visible, NA, -1
2022-03-23, 15:42:53, Eingang, 1740280, 782, No face visible, NA, -1
2022-03-23, 15:42:53, Eingang, 1740290, 782, No face visible, NA, -1
2022-03-23, 15:42:55, Eingang, 1740300, 782, No face visible, NA, -1
2022-03-23, 15:42:55, Eingang, 1740301, 782, No face visible, NA, -1
2022-03-23, 15:42:56, Eingang, 1740314, 782, No face visible, NA, -1
2022-03-23, 15:42:59, Eingang, 1740345, 782, No face visible, NA, -1
2022-03-23, 15:43:00, Eingang, 1740355, 782, No face visible, NA, -1
2022-03-23, 15:43:01, Eingang, 1740365, 782, No face visible, NA, -1
2022-03-23, 15:43:02, Eingang, 1740375, 782, No face visible, NA, -1
2022-03-23, 15:43:03, Eingang, 1740385, 782, No face visible, NA, -1
2022-03-23, 15:43:03, Eingang, 1740386, 782, No face visible, NA, -1
2022-03-23, 15:43:04, Eingang, 1740396, 782, No face visible, NA, -1
2022-03-23, 15:43:05, Eingang, 1740406, 782, Salvatore_Bruno, NA, -1
2022-03-23, 15:43:07, Eingang, 1740422, 782, No face visible, NA, -1
2022-03-23, 15:43:07, Eingang, 1740432, 782, No face visible, NA, -1
2022-03-23, 15:43:09, Eingang, 1740442, 782, No face visible, NA, -1
2022-03-23, 15:43:09, Eingang, 1740452, 782, Maureen_Leber, 3.0644864273552863, [-0.041412353515625, -0.11417297273874283, -0.05086017772555351, -0.12037860602140427, 0.08923328667879105, 0.0309026800096035, 0.031161293387413025, -0.03260471671819687, 0.028116680681705475, 0.03308488428592682, 0.10678651928901672, -0.0685785636305809, -0.00036878592800348997, -0.10903628915548325, 0.010182714089751244, 0.08142722398042679, 0.049052879214286804, -0.08391465991735458, 0.07930406183004379, -0.17539061605930328, -0.03191559389233589, -0.0007261745631694794, -0.08410272747278214, -0.004034083802253008, 0.052859291434288025, -0.045763637870550156, 0.1637616902589798, 0.07299672067165375, -0.09631535410881042, -0.04156528785824776, -0.0676400437951088, 0.07699739187955856, 0.03574955090880394, -0.05602116882801056, 0.13548162579536438, -0.06002817302942276, 0.07148011773824692, 0.02252528816461563, 0.16060884296894073, -0.02297470159828663, 0.08917069435119629, -0.004998074844479561, -0.036340657621622086, -0.07964343577623367, -0.08823176473379135, -0.16684332489967346, 0.00235547311604023, -0.022168098017573357, 0.11384210735559464, 0.06353825330734253, -0.1342499554157257, 0.10050004720687866, 0.07674337178468704, -0.09337589889764786, 0.015996253117918968, 0.10030007362365723, 0.11299116164445877, 0.06279807537794113, -0.019834309816360474, -0.20760220289230347, -0.06419891119003296, -0.05902526155114174, -0.03410628065466881, 0.22363881766796112, 0.05225805938243866, 0.14276689291000366, 0.07313437759876251, 0.020257774740457535, 0.0073075443506240845, -0.07242713123559952, -0.00891328975558281, -0.14099754393100739, 0.058186937123537064, -0.12371552735567093, -0.02356521226465702, -0.07439916580915451, -0.010503659956157207, 0.11751388013362885, -0.09039849787950516, -0.07268638908863068, -0.1475411206483841, -0.06852559745311737, 0.02879541739821434, 0.05218095704913139, 0.09121714532375336, 0.006830465514212847, 0.11879809200763702, -0.05680358409881592, -0.1672750562429428, 0.14861226081848145, 0.08167143911123276, 0.009522038511931896, -0.041029948741197586, -0.04420093446969986, 0.1435333490371704, 0.055030036717653275, -0.046616751700639725, -0.11191883683204651, -0.20534434914588928, 0.04780406877398491, -0.1201866865158081, 0.15372337400913239, 0.0754004567861557, -0.09630513936281204, 0.02719998173415661, 0.07433416694402695, 0.009890919551253319, -0.024649808183312416, -0.02622016705572605, -0.0888051688671112, 0.04002417251467705, 0.05074019730091095, 0.1049894317984581, 0.11792726069688797, -0.02532898634672165, 0.05083258077502251, 0.03253581374883652, 0.14428742229938507, 0.07446665316820145, 0.05859901010990143, -0.07938350737094879, -0.020283307880163193, 0.1479421705007553, 0.07219088822603226, 0.10736089199781418, -0.10901369899511337, 0.10714279115200043, 0.05122987926006317]
2022-03-23, 15:43:09, Eingang, 1740453, 782, Holger, NA, -1
2022-03-23, 15:43:11, Eingang, 1740463, 782, Maureen_Leber, 3.033207385812159, [-0.010137107223272324, -0.12318084388971329, -0.03935252130031586, -0.11144351959228516, 0.08506695181131363, 0.05962684378027916, -0.012367963790893555, -0.007241215091198683, 0.016329558566212654, 0.0038621029816567898, 0.10232865065336227, -0.07970567047595978, 0.01646467112004757, -0.1510372906923294, -0.02189241722226143, 0.05926365777850151, 0.1127689927816391, -0.1564500778913498, 0.05951988697052002, -0.11504699289798737, -0.009262996725738049, 0.02421703189611435, -0.1079162061214447, 0.048622846603393555, 0.027048012241721153, 0.009787437506020069, 0.16259197890758514, 0.08063367009162903, -0.04284842312335968, -0.02070094831287861, 0.016371622681617737, 0.09785733371973038, 0.012776924297213554, -0.04335762932896614, 0.07501937448978424, -0.04042110592126846, 0.04696352407336235, 0.014503482729196548, 0.13190656900405884, 0.03793971613049507, 0.07052337378263474, 0.013474085368216038, -0.0027936073020100594, -0.08305151015520096, -0.10322533547878265, -0.12284603714942932, 0.03681497275829315, -0.013267354108393192, 0.08544480800628662, 0.037446968257427216, -0.09605685621500015, 0.0999256893992424, 0.09096665680408478, -0.08621393144130707, 0.005482188891619444, 0.10530636459589005, 0.06912002712488174, 0.0020666210912168026, -0.03237008675932884, -0.21167026460170746, -0.11853595823049545, -0.09407094866037369, 8.023343980312347e-05, 0.24396881461143494, 0.0028129657730460167, 0.12134180963039398, 0.08223003894090652, 0.03264906629920006, -0.01316691841930151, -0.07335161417722702, 0.0152671430259943, -0.14449748396873474, 0.08763211965560913, -0.13163627684116364, -0.0062292818911373615, -0.01186315156519413, -0.03055228292942047, 0.1619315892457962, -0.1327311396598816, -0.0726219043135643, -0.16326023638248444, -0.08114240318536758, -0.013691717758774757, 0.05216747149825096, 0.11607717722654343, 0.0069983946159482, 0.09412673860788345, -0.09357940405607224, -0.16750182211399078, 0.13299492001533508, 0.11949160695075989, -0.020322101190686226, -0.044304002076387405, -0.05312695354223251, 0.18450133502483368, 0.07452937960624695, -0.017027832567691803, -0.09318194538354874, -0.18777742981910706, -0.0009324160637333989, -0.06956624984741211, 0.14963233470916748, 0.10631975531578064, -0.07769709080457687, -0.03197425231337547, 0.08330000191926956, -0.01315983198583126, -0.015275322832167149, -0.040103547275066376, -0.12123245000839233, 0.021083669736981392, 0.06065782904624939, 0.12317540496587753, 0.0866972804069519, 0.009634609334170818, 0.06103549525141716, -0.03275582194328308, 0.11305690556764603, 0.06460748612880707, 0.000727987673599273, -0.044531889259815216, -0.07607192546129227, 0.14527861773967743, 0.049049366265535355, 0.11236923933029175, -0.16100506484508514, 0.09618261456489563, 0.07464263588190079]
2022-03-23, 15:43:11, Eingang, 1740473, 782, No face visible, NA, -1
2022-03-23, 15:43:13, Eingang, 1740483, 782, No face visible, NA, -1
2022-03-23, 15:43:13, Eingang, 1740493, 782, No face visible, NA, -1
2022-03-23, 15:43:15, Eingang, 1740503, 782, No face visible, NA, -1
2022-03-23, 15:43:15, Eingang, 1740513, 782, No face visible, NA, -1
2022-03-23, 15:43:16, Eingang, 1740514, 782, No face visible, NA, -1
2022-03-23, 15:43:17, Eingang, 1740524, 782, Maureen_Leber, 2.9817417105357005, [-0.05479399487376213, -0.10083463042974472, -0.036808691918849945, -0.13359098136425018, 0.07427990436553955, 0.048668455332517624, 0.033038560301065445, -0.048853643238544464, 0.004159744828939438, 0.010381288826465607, 0.11135992407798767, -0.08074069023132324, 0.02103564888238907, -0.14383502304553986, 0.012031367979943752, 0.04375696927309036, 0.08335396647453308, -0.07880866527557373, 0.04676060378551483, -0.17607514560222626, -0.0363960936665535, -0.012172489427030087, -0.0880800113081932, 0.013209559954702854, 0.05943148583173752, -0.03180006518959999, 0.16555532813072205, 0.03267907351255417, -0.11918745189905167, -0.04406191036105156, -0.08389513194561005, 0.06061503291130066, 0.016319841146469116, -0.0039066108874976635, 0.15495659410953522, -0.0008937958627939224, 0.07604903727769852, 0.008428261615335941, 0.14488136768341064, -0.020167142152786255, 0.09882808476686478, 0.03310030698776245, 0.008543631993234158, -0.026000846177339554, -0.07357676327228546, -0.18581542372703552, 0.014465125277638435, -0.014597507193684578, 0.13140229880809784, 0.008892374113202095, -0.12710468471050262, 0.04645020514726639, 0.07817148417234421, -0.07067223638296127, -0.0038188176695257425, 0.08862120658159256, 0.08092580735683441, -0.010489346459507942, -0.02568703331053257, -0.18931357562541962, -0.0686335414648056, -0.04091965779662132, -0.029125653207302094, 0.21127301454544067, 0.055527571588754654, 0.15375880897045135, 0.026415051892399788, 0.01687360368669033, 0.02481718175113201, -0.04452867433428764, 0.01908433623611927, -0.09743999689817429, 0.021148890256881714, -0.15452046692371368, 0.034129031002521515, -0.07471222430467606, -0.029983781278133392, 0.12351463735103607, -0.066245436668396, -0.05615004524588585, -0.10865281522274017, -0.06710073351860046, -0.04572584852576256, 0.06440450996160507, 0.12878301739692688, 0.053919509053230286, 0.120122030377388, -0.07803846895694733, -0.18656153976917267, 0.1517665833234787, 0.10105182975530624, 0.057624347507953644, -0.03866568207740784, -0.034208010882139206, 0.11655785888433456, 0.12941250205039978, -0.03640345111489296, -0.1376512199640274, -0.19028377532958984, 0.07274772971868515, -0.08683416247367859, 0.10718142241239548, 0.07674133777618408, -0.08850947767496109, 0.0021492342930287123, 0.07535835355520248, -0.05953427776694298, -0.07688327878713608, -0.0725436732172966, -0.11463114619255066, 0.04382451996207237, 0.01758734881877899, 0.09421657025814056, 0.1322367936372757, -0.0390937402844429, 0.056323882192373276, -0.03692243993282318, 0.13362787663936615, 0.10086511820554733, 0.10259691625833511, -0.07268261909484863, -0.09058220684528351, 0.1595146358013153, 0.05218498408794403, 0.06027045100927353, -0.09395820647478104, 0.16372963786125183, 0.0339389368891716]
2022-03-23, 15:43:18, Out, person, 782, -11, 1769
