2022-03-22, 12:51:30, Found, person, 242, 2280,  361
2022-03-22, 12:51:30, Eingang, 755893, 242, No face visible, NA, -1
2022-03-22, 12:51:32, Eingang, 755903, 242, No face visible, NA, -1
2022-03-22, 12:51:33, Eingang, 755913, 242, No face visible, NA, -1
2022-03-22, 12:51:34, Eingang, 755923, 242, No face visible, NA, -1
2022-03-22, 12:51:35, Eingang, 755933, 242, No face visible, NA, -1
2022-03-22, 12:51:36, Eingang, 755943, 242, Frau_Möske, 0.14475032789998474, [-0.009270710870623589, -0.080136738717556, -0.06430759280920029, -0.11491934955120087, 0.04342116042971611, -0.07765127718448639, 0.010565492324531078, -0.0704735517501831, 0.005887456238269806, 0.0055908020585775375, 0.07682327181100845, -0.0645964965224266, -0.008188613690435886, -0.13078650832176208, 0.030029984191060066, 0.05752256512641907, 0.08774220198392868, -0.13018369674682617, 0.0349966362118721, -0.15039896965026855, -0.0758569985628128, -0.010003147646784782, -0.13298557698726654, 0.05837736278772354, 0.06926771998405457, 0.012493578717112541, 0.16023670136928558, 0.11194070428609848, -0.05225671827793121, -0.00850871205329895, -0.041538506746292114, 0.08568773418664932, -0.02335193380713463, -0.03133920952677727, 0.09497064352035522, -0.03582880273461342, 0.06858690828084946, 0.021571559831500053, 0.14124812185764313, 0.02231304906308651, 0.06076492369174957, 0.032762669026851654, -0.04689925163984299, -0.027821354568004608, -0.12130213528871536, -0.13512124121189117, 0.02425212785601616, -0.04079484939575195, 0.07955325394868851, 0.06549475342035294, -0.07838287949562073, 0.05318253114819527, 0.11075933277606964, -0.11828742176294327, 0.006903719622641802, 0.09893189370632172, 0.13113026320934296, 0.04453133046627045, 0.0011348704574629664, -0.21079064905643463, -0.11393611878156662, -0.07988426089286804, -0.06730389595031738, 0.19054733216762543, 0.03708253055810928, 0.15414343774318695, 0.0503128282725811, -0.014314979314804077, 0.029030928388237953, -0.0866868644952774, 0.017212487757205963, -0.1535104364156723, 0.09032995253801346, -0.1586536169052124, -0.05199238657951355, -0.017267554998397827, -0.017098339274525642, 0.10371032357215881, -0.07929562032222748, -0.1382453888654709, -0.12669898569583893, -0.0740194171667099, 0.00921526737511158, 0.07098861038684845, 0.11828478425741196, -0.009562784805893898, 0.10824140906333923, -0.04654776304960251, -0.15256401896476746, 0.2181290090084076, 0.10723965615034103, -0.03047584928572178, -0.061193425208330154, -0.0442228727042675, 0.11514328420162201, 0.062194205820560455, 0.012267056852579117, -0.11348551511764526, -0.16952675580978394, 0.01597219705581665, -0.07352163642644882, 0.18193529546260834, 0.10810481756925583, -0.13494084775447845, 0.012779993005096912, 0.05934682488441467, -0.010063671506941319, 0.03715717792510986, -0.02750280499458313, -0.11914932727813721, 0.06060423329472542, 0.05550331622362137, 0.1120448186993599, 0.10065065324306488, 0.0231340192258358, 0.06122270226478577, 0.014846147038042545, 0.12543605268001556, 0.10539974272251129, 0.058941297233104706, 0.0028204151894897223, -0.06952734291553497, 0.08095967024564743, 0.015008930116891861, 0.09328330308198929, -0.14955395460128784, 0.09985822439193726, -0.013507876545190811]
2022-03-22, 12:51:37, Eingang, 755953, 242, unknown, NA, [-0.03785616159439087, -0.12179840356111526, -0.01136437151581049, -0.10402266681194305, 0.11216750741004944, 0.09977711737155914, -0.018138796091079712, -0.07346110790967941, 0.010340683162212372, 0.08651912957429886, 0.04184729978442192, -0.07498300820589066, 0.06096137315034866, -0.09224103391170502, 0.013310597278177738, 0.1099487915635109, 0.08535896986722946, -0.04427448287606239, 0.10183367133140564, -0.10162577033042908, 0.04269862920045853, 0.022179221734404564, -0.05553026497364044, 0.03441958501935005, 0.04196332022547722, -0.04818004369735718, 0.13238991796970367, 0.04915712773799896, -0.04744863882660866, -0.02982422150671482, -0.004249504767358303, 0.10256867110729218, 0.04548989236354828, -0.0034664019476622343, 0.13017630577087402, -0.1569989025592804, 0.057469695806503296, 0.014471839182078838, 0.0861705020070076, 0.02440793439745903, 0.10543118417263031, -0.030184974893927574, 0.017645569518208504, -0.041646163910627365, -0.11010564863681793, -0.1689484715461731, 0.025948194786906242, -0.00798243097960949, 0.15932980179786682, 0.037874579429626465, -0.1404024362564087, 0.06447219848632812, 0.04372390732169151, -0.0678633451461792, 0.0684797391295433, -0.008029680699110031, 0.1136706992983818, 0.014106945134699345, -0.06610946357250214, -0.23507556319236755, -0.06562819331884384, -0.07300978153944016, -0.01177588663995266, 0.23298035562038422, -0.06820060312747955, 0.12006589025259018, 0.09752162545919418, 0.037991393357515335, 0.07114649564027786, -0.10363005846738815, -0.04959413781762123, -0.15968862175941467, 0.06274742633104324, -0.07301389425992966, -0.036042388528585434, -0.05410081893205643, 0.0013278918340802193, 0.05987241864204407, -0.06465481966733932, -0.0787426233291626, -0.14747455716133118, -0.09136773645877838, 0.005969613324850798, 0.08822011202573776, 0.11227227002382278, 0.05924367904663086, 0.12521202862262726, -0.08900804817676544, -0.1894376277923584, 0.16406427323818207, 0.05853060632944107, 0.01614125445485115, -0.007781407795846462, -0.02119521051645279, 0.22432824969291687, 0.02585477940738201, -0.014665665104985237, -0.04652247950434685, -0.22332613170146942, -0.02027074806392193, -0.07722704857587814, 0.1520845890045166, 0.00016928555851336569, -0.05066702514886856, -0.00836039800196886, 0.05662691593170166, -0.07637261599302292, -0.038967981934547424, -0.09180766344070435, -0.12663565576076508, -0.004217804875224829, 0.07143688946962357, 0.08343002200126648, 0.07770295441150665, -0.0929088443517685, 0.02367277257144451, -0.005711200647056103, 0.03421890735626221, 0.034004587680101395, 0.033552467823028564, -0.08777552098035812, -0.008990406058728695, 0.11007060110569, 0.03221346437931061, 0.11874314397573471, -0.11155306547880173, 0.12018023431301117, 0.11121497303247452]
2022-03-22, 12:51:37, Eingang, 755954, 242, No face visible, NA, -1
2022-03-22, 12:51:38, Eingang, 755964, 242, No face visible, NA, -1
2022-03-22, 12:51:39, Eingang, 755974, 242, No face visible, NA, -1
2022-03-22, 12:51:40, Eingang, 755984, 242, No face visible, NA, -1
2022-03-22, 12:51:41, Eingang, 755994, 242, No face visible, NA, -1
2022-03-22, 12:51:42, Eingang, 756004, 242, No face visible, NA, -1
2022-03-22, 12:51:43, Eingang, 756014, 242, No face visible, NA, -1
2022-03-22, 12:51:43, Eingang, 756015, 242, No face visible, NA, -1
2022-03-22, 12:51:44, Eingang, 756025, 242, No face visible, NA, -1
2022-03-22, 12:51:45, Eingang, 756035, 242, No face visible, NA, -1
2022-03-22, 12:51:46, Eingang, 756045, 242, No face visible, NA, -1
2022-03-22, 12:51:47, Eingang, 756055, 242, No face visible, NA, -1
2022-03-22, 12:51:48, Eingang, 756065, 242, No face visible, NA, -1
2022-03-22, 12:51:49, Eingang, 756075, 242, No face visible, NA, -1
2022-03-22, 12:51:53, Eingang, 756118, 242, No face visible, NA, -1
2022-03-22, 12:51:54, Eingang, 756128, 242, No face visible, NA, -1
2022-03-22, 12:52:04, Lost, person, 242, 2109,  379
