2022-03-21, 17:26:23, Found, person, 38, 2202,  265
2022-03-21, 17:26:23, Eingang, 39097, 38, No face visible, NA, -1
2022-03-21, 17:26:23, Eingang, 39107, 38, No face visible, NA, -1
2022-03-21, 17:26:25, Eingang, 39117, 38, No face visible, NA, -1
2022-03-21, 17:26:25, Eingang, 39127, 38, No face visible, NA, -1
2022-03-21, 17:26:27, Eingang, 39137, 38, No face visible, NA, -1
2022-03-21, 17:26:27, Eingang, 39147, 38, No face visible, NA, -1
2022-03-21, 17:26:29, Eingang, 39157, 38, No face visible, NA, -1
2022-03-21, 17:26:29, Eingang, 39158, 38, No face visible, NA, -1
2022-03-21, 17:26:30, Eingang, 39168, 38, No face visible, NA, -1
2022-03-21, 17:26:33, Eingang, 39196, 38, No face visible, NA, -1
2022-03-21, 17:26:33, Eingang, 39206, 38, No face visible, NA, -1
2022-03-21, 17:26:35, Eingang, 39216, 38, Maureen_Leber, 3.2366748560735115, [-0.009509336203336716, -0.06855182349681854, -0.043607600033283234, -0.11302390694618225, 0.15361647307872772, 0.02915831096470356, 0.06165105849504471, -0.03821228817105293, 0.024931687861680984, 0.05494476109743118, 0.14110250771045685, -0.13633687794208527, 0.0047045438550412655, -0.1661565601825714, -0.01971748284995556, 0.12503239512443542, 0.04934457689523697, -0.07474831491708755, 0.036350592970848083, -0.1293242871761322, 0.022993003949522972, 0.044824838638305664, -0.02843206189572811, 0.014260311610996723, 0.022957252338528633, -0.10658016800880432, 0.12577815353870392, 0.08301572501659393, -0.13367775082588196, -0.019852248951792717, -0.09579624235630035, 0.07462381571531296, 0.015023773536086082, -0.051229462027549744, 0.12246706336736679, -0.054303038865327835, 0.10331889986991882, -0.01201286818832159, 0.10502059012651443, 0.005682241637259722, 0.07807546854019165, -0.041791412979364395, -0.05008411407470703, -0.05167841538786888, -0.09843984991312027, -0.15189862251281738, 0.05714651197195053, -0.011872714385390282, 0.10616741329431534, 0.07120027393102646, -0.16214686632156372, 0.0830872431397438, 0.04039779677987099, -0.04496745392680168, -0.03956761211156845, 0.08780287951231003, 0.06771807372570038, 0.03040633164346218, -0.06161889433860779, -0.15963837504386902, -0.07844863831996918, -0.07992633432149887, -0.01088442001491785, 0.2008926272392273, 0.05040509253740311, 0.10711067169904709, 0.09072805941104889, 0.0721549242734909, 0.08924298733472824, -0.1280701905488968, -0.08252298831939697, -0.10200121998786926, 0.022851552814245224, -0.11882631480693817, -0.035168569535017014, -0.04058158025145531, -0.019685305655002594, 0.0863921046257019, -0.08929236233234406, -0.08978001773357391, -0.14455218613147736, -0.07384505867958069, 0.025614099577069283, 0.07177530974149704, 0.09409535676240921, 0.012260764837265015, 0.13094615936279297, -0.09075506776571274, -0.1273859590291977, 0.18176525831222534, 0.09192121028900146, 0.021143220365047455, 0.008429412730038166, -0.018112417310476303, 0.13471579551696777, 0.04836644232273102, -0.054148294031620026, -0.16197925806045532, -0.20489633083343506, 0.06476302444934845, -0.07751008868217468, 0.17643874883651733, 0.03209786117076874, -0.13303983211517334, -0.00025188454310409725, 0.03541046008467674, -0.0492154024541378, -0.04115638509392738, -0.047677233815193176, -0.1116095781326294, 0.03085174411535263, 0.05716484785079956, 0.11275012791156769, 0.1281806379556656, -0.032448239624500275, 0.051306482404470444, 0.005434654653072357, 0.10272741317749023, 0.035289254039525986, 0.11772066354751587, -0.10956097394227982, -0.005428216885775328, 0.09730211645364761, 0.060786448419094086, 0.07494422048330307, -0.11217910051345825, 0.09723283350467682, 0.05225386470556259]
2022-03-21, 17:26:37, Eingang, 39244, 38, No face visible, NA, -1
2022-03-21, 17:26:43, Eingang, 39296, 38, No face visible, NA, -1
2022-03-21, 17:26:43, Eingang, 39297, 38, No face visible, NA, -1
2022-03-21, 17:27:01, Eingang, 39473, 38, Caren_Bruno, 4.183263939626494, [-0.032716792076826096, -0.10113660991191864, -0.053462039679288864, -0.11324410140514374, 0.09237798303365707, 0.0062278262339532375, 0.025664212182164192, -0.0776432603597641, 0.005248451139777899, 0.050423748791217804, 0.059089578688144684, -0.07934296131134033, 0.014779317192733288, -0.10573703795671463, -0.004745575599372387, 0.12532784044742584, 0.10417235642671585, -0.09291863441467285, 0.07894774526357651, -0.15130750834941864, 0.020695820450782776, 0.023120393976569176, -0.07600604742765427, -0.03542781248688698, 0.03435949236154556, -0.03595605865120888, 0.14808274805545807, 0.09384946525096893, -0.05404309555888176, 0.027288611978292465, -0.05263844504952431, 0.0882224515080452, 0.04166526719927788, -0.020482948049902916, 0.14614155888557434, -0.1177910715341568, 0.06753348559141159, 0.026961611583828926, 0.14218983054161072, 0.015170351602137089, 0.07101592421531677, 0.016113268211483955, -0.05629292502999306, -0.03377377614378929, -0.09771022200584412, -0.14249643683433533, -0.013077929615974426, -0.023667968809604645, 0.12180311977863312, 0.08812572807073593, -0.1285087615251541, 0.06676708161830902, 0.044665832072496414, -0.09069953858852386, 0.030057836323976517, 0.05599101632833481, 0.16321788728237152, 0.04456757754087448, -0.06701016426086426, -0.2582298219203949, -0.11124711483716965, -0.08357767760753632, -0.01715071313083172, 0.21535025537014008, -0.03964080289006233, 0.14602914452552795, 0.08036817610263824, -0.000251112156547606, 0.06390759348869324, -0.1338120698928833, -0.026043804362416267, -0.12854057550430298, 0.052094459533691406, -0.12205991894006729, -0.03326437994837761, -0.031226057559251785, -0.006164426915347576, 0.07663889974355698, -0.0591421015560627, -0.10581416636705399, -0.1672973930835724, -0.0406593456864357, 0.04315728694200516, 0.059172529727220535, 0.11032860726118088, 0.02382998913526535, 0.10880933701992035, -0.04186386987566948, -0.18086278438568115, 0.22741246223449707, 0.07256709784269333, 0.024316923692822456, -0.001481386600062251, 0.015800807625055313, 0.1533929854631424, 0.033044587820768356, 0.002062783809378743, -0.08550091087818146, -0.22596536576747894, -0.003192639909684658, -0.07817400246858597, 0.16061240434646606, 0.046866338700056076, -0.08096471428871155, 0.022328512743115425, 0.05463492125272751, -0.04084286466240883, 0.02183709852397442, -0.07026342302560806, -0.09682594984769821, 0.04871236905455589, 0.050337452441453934, 0.08449365198612213, 0.1319454163312912, -0.031589850783348083, 0.03508089482784271, 0.04992647469043732, 0.08912869542837143, 0.0660376325249672, 0.0018390652257949114, -0.03528878837823868, 0.02545173093676567, 0.0929025411605835, 0.009361756965517998, 0.08304300159215927, -0.12765851616859436, 0.04765032231807709, 0.019122539088129997]
2022-03-21, 17:27:04, Eingang, 39505, 38, No face visible, NA, -1
2022-03-21, 17:27:38, Eingang, 39843, 38, No face visible, NA, -1
2022-03-21, 17:27:39, Eingang, 39853, 38, No face visible, NA, -1
2022-03-21, 17:27:40, Eingang, 39863, 38, No face visible, NA, -1
2022-03-21, 17:27:41, Eingang, 39873, 38, No face visible, NA, -1
2022-03-21, 17:27:41, Eingang, 39874, 38, Patrick_Möske, NA, -1
2022-03-21, 17:27:42, Eingang, 39884, 38, Patrick_Möske, NA, -1
2022-03-21, 17:27:43, Eingang, 39894, 38, No face visible, NA, -1
2022-03-21, 17:27:44, Eingang, 39904, 38, No face visible, NA, -1
2022-03-21, 17:27:45, Eingang, 39914, 38, No face visible, NA, -1
2022-03-21, 17:27:46, Eingang, 39924, 38, No face visible, NA, -1
2022-03-21, 17:27:47, Eingang, 39934, 38, No face visible, NA, -1
2022-03-21, 17:27:47, Eingang, 39935, 38, No face visible, NA, -1
2022-03-21, 17:27:49, Eingang, 39945, 38, Elvira_Bruno, NA, -1
2022-03-21, 17:27:49, Eingang, 39955, 38, No face visible, NA, -1
2022-03-21, 17:27:51, Eingang, 39965, 38, No face visible, NA, -1
2022-03-21, 17:27:51, Eingang, 39975, 38, No face visible, NA, -1
2022-03-21, 17:29:14, Lost, person, 38, 2262,  143
