2022-03-22, 07:53:27, Found, person, 91, 2301,  395
2022-03-22, 07:53:27, Eingang, 576766, 91, No face visible, NA, -1
2022-03-22, 07:53:28, Eingang, 576776, 91, No face visible, NA, -1
2022-03-22, 07:53:29, Eingang, 576786, 91, No face visible, NA, -1
2022-03-22, 07:53:30, Eingang, 576799, 91, No face visible, NA, -1
2022-03-22, 07:53:31, Eingang, 576809, 91, Maureen_Leber, 2.1734852147931236, [-0.01741262525320053, -0.09139326214790344, -0.046818897128105164, -0.11617565155029297, 0.10266625136137009, -0.003339499933645129, 0.02015770599246025, -0.0693119466304779, 0.006706647574901581, 0.04853665083646774, 0.06801670789718628, -0.07823659479618073, 0.0022321343421936035, -0.12204547971487045, -0.011271757073700428, 0.11940284073352814, 0.08635204285383224, -0.08896548300981522, 0.08471272140741348, -0.1509004682302475, 0.02554144337773323, 0.02560366690158844, -0.09049268066883087, -0.02201049029827118, 0.032556772232055664, -0.04589631408452988, 0.14536695182323456, 0.10918232798576355, -0.05485086888074875, 0.011915670707821846, -0.06327737122774124, 0.10501281917095184, 0.02915848046541214, -0.03350108116865158, 0.1306142508983612, -0.10348784923553467, 0.06911856681108475, 0.019379081204533577, 0.13751046359539032, 0.02142198011279106, 0.08523893356323242, 0.004152469336986542, -0.05794380232691765, -0.04799463972449303, -0.10523176938295364, -0.1358584612607956, -0.004733039066195488, -0.013931568711996078, 0.10911830514669418, 0.08358137309551239, -0.14107327163219452, 0.0868978351354599, 0.04467489942908287, -0.0655168741941452, 0.023352276533842087, 0.07860108464956284, 0.1324564516544342, 0.03865018114447594, -0.06703872978687286, -0.2364143282175064, -0.10948630422353745, -0.09721803665161133, -0.014325331896543503, 0.21775229275226593, -0.021635517477989197, 0.1591535359621048, 0.093997061252594, 0.014928356744349003, 0.0646248310804367, -0.1271582692861557, -0.032108329236507416, -0.1287887543439865, 0.06462337076663971, -0.1006706953048706, -0.043436914682388306, -0.03948351740837097, -0.00467692781239748, 0.08999942988157272, -0.07663732022047043, -0.09888377040624619, -0.1658940315246582, -0.057588011026382446, 0.0482570119202137, 0.06229542940855026, 0.11208825558423996, 0.013226435519754887, 0.10990626364946365, -0.06161627918481827, -0.16039617359638214, 0.22422751784324646, 0.07731429487466812, 0.01847931742668152, 0.005776932928711176, -0.003957072272896767, 0.153871551156044, 0.02809431590139866, -0.002605646150186658, -0.09935438632965088, -0.21458697319030762, 0.0037039523012936115, -0.09961913526058197, 0.17776024341583252, 0.0573604553937912, -0.09134647250175476, 0.021586623042821884, 0.0559517964720726, -0.029006436467170715, 0.026840096339583397, -0.0629788264632225, -0.09494776278734207, 0.049560315907001495, 0.0522020198404789, 0.08790678530931473, 0.12424391508102417, -0.022013485431671143, 0.048026032745838165, 0.04547128081321716, 0.10999445617198944, 0.06495139002799988, 0.00445987842977047, -0.05285850912332535, 0.02813059836626053, 0.10306639224290848, 0.021382223814725876, 0.08796674013137817, -0.1156085878610611, 0.04775911569595337, 0.03587722033262253]
2022-03-22, 07:53:32, Eingang, 576819, 91, Silvia, NA, -1
2022-03-22, 07:53:33, Eingang, 576829, 91, Silvia, NA, -1
2022-03-22, 07:53:33, Eingang, 576830, 91, Silvia, NA, -1
2022-03-22, 07:53:35, Eingang, 576840, 91, Silvia, NA, -1
2022-03-22, 07:53:35, Eingang, 576850, 91, Silvia, NA, -1
2022-03-22, 07:53:37, Eingang, 576860, 91, Silvia, NA, -1
2022-03-22, 07:53:37, Eingang, 576870, 91, Silvia, NA, -1
2022-03-22, 07:53:38, Eingang, 576880, 91, Silvia, NA, -1
2022-03-22, 07:53:39, Eingang, 576890, 91, Silvia, NA, -1
2022-03-22, 07:53:39, Eingang, 576891, 91, Silvia, NA, -1
2022-03-22, 07:53:41, Eingang, 576901, 91, Silvia, NA, -1
2022-03-22, 07:53:41, Eingang, 576911, 91, Silvia, NA, -1
2022-03-22, 07:53:43, Eingang, 576921, 91, No face visible, NA, -1
2022-03-22, 07:53:52, Lost, person, 91, 2310,  867
