2022-03-23, 16:31:18, Found, person, 842, 2204,  996
2022-03-23, 16:31:18, Eingang, 1769380, 842, No face visible, NA, -1
2022-03-23, 16:31:19, Eingang, 1769390, 842, No face visible, NA, -1
2022-03-23, 16:31:20, Eingang, 1769400, 842, No face visible, NA, -1
2022-03-23, 16:31:21, Eingang, 1769410, 842, No face visible, NA, -1
2022-03-23, 16:31:22, Eingang, 1769420, 842, No face visible, NA, -1
2022-03-23, 16:31:22, Eingang, 1769430, 842, No face visible, NA, -1
2022-03-23, 16:31:24, Eingang, 1769446, 842, No face visible, NA, -1
2022-03-23, 16:31:24, Eingang, 1769447, 842, No face visible, NA, -1
2022-03-23, 16:31:26, Eingang, 1769457, 842, No face visible, NA, -1
2022-03-23, 16:31:28, Eingang, 1769479, 842, No face visible, NA, -1
2022-03-23, 16:31:30, Eingang, 1769498, 842, No face visible, NA, -1
2022-03-23, 16:31:31, Eingang, 1769511, 842, No face visible, NA, -1
2022-03-23, 16:31:40, Eingang, 1769599, 842, No face visible, NA, -1
2022-03-23, 16:31:40, Eingang, 1769609, 842, No face visible, NA, -1
2022-03-23, 16:31:40, Eingang, 1769610, 842, No face visible, NA, -1
2022-03-23, 16:31:42, Eingang, 1769620, 842, No face visible, NA, -1
2022-03-23, 16:31:42, Eingang, 1769630, 842, No face visible, NA, -1
2022-03-23, 16:31:44, Eingang, 1769640, 842, No face visible, NA, -1
2022-03-23, 16:31:44, Eingang, 1769650, 842, unknown, NA, [-0.01654372178018093, -0.09959916770458221, -0.04272356256842613, -0.1074422299861908, 0.0899476483464241, 0.012778587639331818, 0.03345911204814911, -0.044097378849983215, 0.01551779918372631, 0.02982451021671295, 0.08469986170530319, -0.09012091904878616, 0.02001478523015976, -0.14263947308063507, 0.01813974417746067, 0.0876934751868248, 0.12964536249637604, -0.1119334027171135, 0.05490818992257118, -0.14174994826316833, -0.02714933641254902, 0.00863176304847002, -0.11521916091442108, -0.009541531093418598, 0.03254503011703491, -0.021922778338193893, 0.16093680262565613, 0.07540815323591232, -0.07028422504663467, -0.015227066352963448, -0.006646386347711086, 0.07882148027420044, 0.03181847184896469, -0.04014838486909866, 0.1376967877149582, -0.08182649314403534, 0.06889161467552185, -0.0012733468320220709, 0.12158862501382828, 0.012793474830687046, 0.05862833559513092, 0.016485093161463737, -0.0341595821082592, -0.05548093840479851, -0.08859401941299438, -0.1599038690328598, -0.008026203140616417, 0.0064157708548009396, 0.11564911901950836, 0.05272701755166054, -0.10767678916454315, 0.06427821516990662, 0.05961766093969345, -0.0688212588429451, 0.016692373901605606, 0.07483916729688644, 0.1183520257472992, 0.02193174883723259, -0.041826337575912476, -0.25297150015830994, -0.11768627911806107, -0.07607950270175934, -0.016311220824718475, 0.26063910126686096, 0.0015852886717766523, 0.13350877165794373, 0.06453383713960648, -0.010105883702635765, 0.03426647558808327, -0.09843719750642776, 0.0023722383193671703, -0.15421009063720703, 0.06948956102132797, -0.1267026960849762, -0.026853589341044426, -0.03196023032069206, -0.017570747062563896, 0.10929688811302185, -0.08278895169496536, -0.10153910517692566, -0.15341150760650635, -0.062123458832502365, -0.021984538063406944, 0.035018693655729294, 0.1407037377357483, -0.038823481649160385, 0.10331651568412781, -0.10537178814411163, -0.19979554414749146, 0.19565807282924652, 0.0496550090610981, 0.013827483169734478, -0.04844632372260094, -0.020502302795648575, 0.12956780195236206, 0.04584234580397606, -0.012122255750000477, -0.07395824044942856, -0.1995406150817871, 0.012261978350579739, -0.07167050987482071, 0.1704471856355667, 0.07306454330682755, -0.07524915784597397, 0.012887805700302124, 0.12306921184062958, -0.043808840215206146, -0.021211333572864532, -0.07610928267240524, -0.1226649358868599, 0.03163118660449982, 0.08237274736166, 0.09858409315347672, 0.09381785243749619, -0.02501673623919487, 0.08140923827886581, 0.011980121023952961, 0.06362997740507126, 0.048248615115880966, 0.03865373134613037, -0.024691713973879814, -0.06032370775938034, 0.11181271076202393, 0.04183667525649071, 0.08869214355945587, -0.12849277257919312, 0.07907390594482422, 0.041092585772275925]
2022-03-23, 16:31:46, Eingang, 1769660, 842, No face visible, NA, -1
2022-03-23, 16:31:46, Eingang, 1769670, 842, No face visible, NA, -1
2022-03-23, 16:31:47, Eingang, 1769671, 842, No face visible, NA, -1
2022-03-23, 16:31:48, Eingang, 1769681, 842, No face visible, NA, -1
2022-03-23, 16:31:50, Eingang, 1769697, 842, Ifrahim, 0.15173311393720992, [-0.01871028169989586, -0.07057805359363556, -0.0964815691113472, -0.06588808447122574, 0.06320086866617203, 0.008043534122407436, 0.0009827864123508334, -0.04103602468967438, 0.02682919055223465, 0.009872659109532833, 0.05778685584664345, -0.0838269591331482, -0.01232224516570568, -0.16409514844417572, 0.011897995136678219, 0.04844486713409424, 0.08868949115276337, -0.0793880894780159, 0.05919560045003891, -0.15543614327907562, -0.06789857149124146, 0.03552662953734398, -0.10932036489248276, 0.0017165587050840259, 0.0326823852956295, -0.019397525116801262, 0.1393190175294876, 0.061176396906375885, -0.10357484221458435, -0.03521547093987465, -0.048676345497369766, 0.055439114570617676, 0.025569012388586998, -0.01693771220743656, 0.13984465599060059, -0.036655642092227936, 0.10389389842748642, -0.01992693915963173, 0.11885350197553635, -0.031609147787094116, 0.053200945258140564, 0.06995554268360138, -0.09282031655311584, -0.056240733712911606, -0.09591229259967804, -0.14764699339866638, 0.014822756871581078, 0.019755719229578972, 0.1098904237151146, 0.05662856623530388, -0.10010798275470734, 0.034684643149375916, 0.09026970714330673, -0.029924847185611725, 0.013436133973300457, 0.12046191096305847, 0.12669500708580017, -0.01326996274292469, -0.0597936287522316, -0.20772908627986908, -0.08371758460998535, -0.06526229530572891, -0.011614772491157055, 0.2612123191356659, 0.07846922427415848, 0.15647514164447784, 0.07863304764032364, -0.00169952807482332, 0.018989790230989456, -0.07740076631307602, 0.033975522965192795, -0.1122441217303276, 0.03682902082800865, -0.13426916301250458, 0.011997206136584282, -0.05389297753572464, -0.04340023919939995, 0.15731747448444366, -0.06253473460674286, -0.08451218903064728, -0.14955216646194458, -0.09621869772672653, -0.022084344178438187, 0.06381557136774063, 0.11888237297534943, -0.029033349826931953, 0.09145626425743103, -0.088365338742733, -0.1646508127450943, 0.15293031930923462, 0.09414679557085037, 0.018757347017526627, -0.08635447919368744, -0.02394782565534115, 0.10228509455919266, 0.07360395789146423, -0.009003888815641403, -0.11350907385349274, -0.1787877231836319, 0.028587915003299713, -0.07517418265342712, 0.1805974841117859, 0.05812155827879906, -0.07943247258663177, 0.06100566312670708, 0.10250873863697052, -0.0720159187912941, -0.05942336469888687, -0.060295283794403076, -0.1389399915933609, 0.010009495541453362, 0.05309715121984482, 0.054812341928482056, 0.14400503039360046, -0.04645102843642235, 0.0850490927696228, -0.05955633148550987, 0.08084923028945923, 0.08380179852247238, 0.09904159605503082, -0.07152292132377625, -0.10962336510419846, 0.10504267364740372, 0.04324815794825554, 0.09705691784620285, -0.1283312737941742, 0.11852853745222092, 0.014752257615327835]
2022-03-23, 16:31:50, Eingang, 1769707, 842, No face visible, NA, -1
2022-03-23, 16:31:52, Eingang, 1769717, 842, No face visible, NA, -1
2022-03-23, 16:31:52, Eingang, 1769727, 842, No face visible, NA, -1
2022-03-23, 16:31:54, Eingang, 1769737, 842, No face visible, NA, -1
2022-03-23, 16:31:54, Eingang, 1769738, 842, No face visible, NA, -1
2022-03-23, 16:31:54, Eingang, 1769748, 842, No face visible, NA, -1
2022-03-23, 16:31:56, Eingang, 1769758, 842, No face visible, NA, -1
2022-03-23, 16:31:56, Eingang, 1769768, 842, No face visible, NA, -1
2022-03-23, 16:31:58, Eingang, 1769778, 842, No face visible, NA, -1
2022-03-23, 16:32:06, Lost, person, 842, 2484,  944
