2022-03-21, 17:32:13, Found, person, 69, 253, 1580
2022-03-21, 17:32:25, Eingang, 42706, 69, No face visible, NA, -1
2022-03-21, 17:32:27, Eingang, 42730, 69, No face visible, NA, -1
2022-03-21, 17:32:28, Eingang, 42745, 69, Silvia, 0.15408489746875786, [-0.08944191783666611, -0.15111927688121796, -0.09545879811048508, -0.07846657186746597, 0.11038970947265625, 0.02209724672138691, -0.05889534950256348, -0.04776725918054581, 0.031167319044470787, 0.013147830031812191, 0.08438769727945328, -0.045085079967975616, -0.009606295265257359, -0.14816366136074066, 0.04364878311753273, 0.05246228352189064, 0.11943452060222626, -0.05097171664237976, 0.07413138449192047, -0.13109643757343292, 0.0002563299785833806, -0.04353742673993111, -0.09549570083618164, 0.0007787714712321758, 0.023546593263745308, -0.03666688874363899, 0.16249047219753265, 0.04138505458831787, -0.09966202825307846, 0.010645758360624313, -0.026273712515830994, 0.10992303490638733, 0.019405851140618324, 0.008275204338133335, 0.10714878141880035, -0.00779979582875967, 0.14177678525447845, -0.029163066297769547, 0.10477371513843536, -0.007097221445292234, 0.12353729456663132, 0.07368223369121552, 0.014968379400670528, -0.007156017702072859, -0.11687969416379929, -0.11721716076135635, 0.04913019761443138, -0.0644117146730423, 0.10104643553495407, 0.07626701891422272, -0.13770261406898499, 0.047309182584285736, 0.1220557689666748, -0.05550512298941612, 0.07454880326986313, 0.025719305500388145, 0.07137029618024826, 0.04537705332040787, -0.027535052970051765, -0.22031646966934204, -0.06546521186828613, -0.05815042182803154, -0.031582459807395935, 0.21848101913928986, 0.0315740592777729, 0.1633966863155365, 0.07547236233949661, 0.03988870605826378, 0.025486283004283905, -0.12211121618747711, 0.03806932643055916, -0.11785756051540375, 0.010554486885666847, -0.09855620563030243, -0.020360728725790977, 0.011393747292459011, -0.012576697394251823, 0.10275020450353622, -0.0675990954041481, -0.08427424728870392, -0.17009401321411133, -0.04889296367764473, -0.017105599865317345, 0.06169867888092995, 0.09251383692026138, 0.010377942584455013, 0.06503146886825562, 0.01033039577305317, -0.18569956719875336, 0.1529792994260788, 0.048166319727897644, 0.029116496443748474, -0.0901561751961708, 0.022699661552906036, 0.11586165428161621, 0.07273353636264801, -0.04967678710818291, -0.09711065143346786, -0.2076779007911682, 0.05696588009595871, -0.04131413996219635, 0.11450977623462677, 0.022317633032798767, -0.1419108808040619, -0.0037609136197715998, 0.06004711613059044, -0.027206432074308395, -0.06194786727428436, -0.04974755272269249, -0.1212618350982666, 0.00727187842130661, 0.060501325875520706, 0.1228633001446724, 0.0650762990117073, -0.05239422246813774, 0.0358322374522686, -0.04089531674981117, 0.05400868505239487, 0.0966048315167427, 0.10624483227729797, -0.09515296667814255, -0.1051020398736, 0.16332660615444183, -0.006268816534429789, 0.1032094731926918, -0.11501577496528625, 0.2023201286792755, 0.0584079883992672]
2022-03-21, 17:32:29, Eingang, 42757, 69, No face visible, NA, -1
2022-03-21, 17:32:31, Eingang, 42770, 69, No face visible, NA, -1
2022-03-21, 17:32:36, Eingang, 42829, 69, No face visible, NA, -1
2022-03-21, 17:32:38, Eingang, 42849, 69, No face visible, NA, -1
2022-03-21, 17:32:38, Eingang, 42851, 69, No face visible, NA, -1
2022-03-21, 17:32:41, Eingang, 42874, 69, No face visible, NA, -1
2022-03-21, 17:32:42, Eingang, 42884, 69, No face visible, NA, -1
2022-03-21, 17:32:45, Eingang, 42910, 69, No face visible, NA, -1
2022-03-21, 17:32:47, Eingang, 42937, 69, No face visible, NA, -1
2022-03-21, 17:32:49, Eingang, 42950, 69, No face visible, NA, -1
2022-03-21, 17:32:50, Eingang, 42965, 69, No face visible, NA, -1
2022-03-21, 17:32:50, Eingang, 42966, 69, No face visible, NA, -1
2022-03-21, 17:32:53, Eingang, 43000, 69, No face visible, NA, -1
2022-03-21, 17:33:03, Eingang, 43098, 69, No face visible, NA, -1
2022-03-21, 17:33:04, Eingang, 43108, 69, No face visible, NA, -1
2022-03-21, 17:33:07, Eingang, 43136, 69, No face visible, NA, -1
2022-03-21, 17:33:09, Eingang, 43153, 69, No face visible, NA, -1
2022-03-21, 17:33:10, Eingang, 43169, 69, Kyla_Bruno, 0.1295938286795925, [-0.03770829364657402, -0.07929977774620056, -0.09685132652521133, -0.10460861772298813, 0.1018284261226654, -0.0054751052521169186, -0.02334994450211525, -0.040349047631025314, 0.04060885310173035, 0.01604962721467018, 0.08917447924613953, -0.048487287014722824, -0.026604337617754936, -0.16293835639953613, 0.012090232223272324, 0.05524219572544098, 0.11441781371831894, -0.11808633804321289, 0.05728960409760475, -0.14280153810977936, -0.017531758174300194, -0.022514166310429573, -0.09831636399030685, 0.033166639506816864, 0.02559683658182621, -0.06969354301691055, 0.18689322471618652, 0.052429188042879105, -0.10218953341245651, 0.017144806683063507, -0.085886150598526, 0.05296781659126282, 0.0029886728152632713, -0.034121956676244736, 0.1196136400103569, 0.007109195925295353, 0.1171097457408905, -0.032456427812576294, 0.13665519654750824, -0.006651677656918764, 0.08174361288547516, 0.027128269895911217, -0.044398028403520584, -0.013326802290976048, -0.10354270040988922, -0.13346871733665466, 0.04688693955540657, -0.027168726548552513, 0.059033818542957306, 0.07710403949022293, -0.14457356929779053, 0.08091918379068375, 0.1064721867442131, -0.048320360481739044, 0.006886250805109739, 0.08739342540502548, 0.08546441793441772, 0.013174297288060188, -0.00910485815256834, -0.17794910073280334, -0.0845903679728508, -0.07233303785324097, -0.011907330714166164, 0.1950189173221588, 0.0769362598657608, 0.1818581521511078, 0.05594293400645256, 0.03618387132883072, -0.003619329771026969, -0.113510861992836, 0.013205163180828094, -0.11118803918361664, 0.03857473284006119, -0.10978710651397705, -0.004090355709195137, -0.013376894406974316, 7.334734982578084e-05, 0.12300049513578415, -0.06531180441379547, -0.11934864521026611, -0.17029044032096863, -0.034396395087242126, 0.0012921912129968405, 0.06220543757081032, 0.1227799579501152, 0.0026634722016751766, 0.09239140897989273, -0.051404353231191635, -0.16370052099227905, 0.1733834147453308, 0.0759955495595932, 0.041575752198696136, -0.0396498367190361, -0.025614826008677483, 0.09190244227647781, 0.0961368978023529, -0.030820053070783615, -0.13503095507621765, -0.218781515955925, 0.07523848861455917, -0.08163684606552124, 0.14384351670742035, 0.08497429639101028, -0.11617878824472427, 0.002400950761511922, 0.04629506170749664, -0.03178038075566292, 0.0008247350342571735, -0.02710609696805477, -0.11585671454668045, 0.04235986992716789, 0.022924963384866714, 0.1337805539369583, 0.10128474235534668, -0.04272295907139778, 0.046759359538555145, -0.022756418213248253, 0.15200352668762207, 0.12172605842351913, 0.09506209194660187, -0.06375553458929062, -0.08868642151355743, 0.13268017768859863, 0.0035370588302612305, 0.09084209054708481, -0.10577525198459625, 0.14944472908973694, 0.005405543837696314]
2022-03-21, 17:33:11, Eingang, 43170, 69, No face visible, NA, -1
2022-03-21, 17:33:12, Eingang, 43189, 69, No face visible, NA, -1
2022-03-21, 17:33:15, Eingang, 43214, 69, No face visible, NA, -1
2022-03-21, 17:33:19, Eingang, 43261, 69, No face visible, NA, -1
2022-03-21, 17:33:21, Eingang, 43271, 69, No face visible, NA, -1
2022-03-21, 17:33:22, Eingang, 43283, 69, No face visible, NA, -1
2022-03-21, 17:33:23, Eingang, 43293, 69, unknown, NA, [0.0019593313336372375, -0.06941207498311996, -0.0920742005109787, -0.08161072432994843, 0.10292315483093262, -0.05449695140123367, -0.006091255694627762, -0.06294518709182739, 0.07256747037172318, 0.013543372042477131, 0.09086151421070099, -0.06444109231233597, -0.049004457890987396, -0.16614387929439545, -0.05085285007953644, 0.054633524268865585, 0.003279157215729356, -0.0718127191066742, 0.0735025554895401, -0.15327511727809906, -0.04281047731637955, 0.02045847475528717, -0.05456962808966637, 0.01790436916053295, 0.07191009819507599, -0.049242906272411346, 0.17008283734321594, 0.027861038222908974, -0.12444546818733215, -0.04209169000387192, -0.15948675572872162, 0.020510205999016762, -0.02408961020410061, 0.005408128723502159, 0.08315812051296234, 0.0828949436545372, 0.17833362519741058, -0.014857711270451546, 0.08825463801622391, -0.02717892825603485, 0.07986127585172653, 0.047700900584459305, -0.030453797429800034, -0.005828223191201687, -0.12628822028636932, -0.13048557937145233, 0.00855986587703228, -0.02887270227074623, 0.07608435302972794, 0.07073699682950974, -0.1780572086572647, 0.034589726477861404, 0.08379989862442017, 0.0026989858597517014, -0.06585235893726349, 0.13931776583194733, 0.052420854568481445, 0.012119206599891186, -0.008344251662492752, -0.06092068925499916, -0.08341526240110397, -0.052684761583805084, -0.021584732457995415, 0.14070090651512146, 0.09055864810943604, 0.1944102644920349, 0.04673570394515991, 0.04221644625067711, 0.02911214344203472, -0.06479091942310333, 0.02980978973209858, -0.07339518517255783, -0.023235077038407326, -0.1119324266910553, 0.02634122036397457, -0.06829297542572021, -0.014295321889221668, 0.11539871990680695, -0.060440365225076675, -0.10848045349121094, -0.10782600194215775, -0.08855325728654861, 0.04159609228372574, 0.0780702605843544, 0.06472500413656235, 6.170618235046277e-06, 0.07093491405248642, -0.01741119846701622, -0.05232231691479683, 0.14643725752830505, 0.07245902717113495, -0.02163079008460045, -0.01009401399642229, -0.054969288408756256, 0.03960181027650833, 0.10344774276018143, -0.1059030145406723, -0.20032998919487, -0.13086137175559998, 0.12143992632627487, -0.04678354039788246, 0.11888382583856583, 0.09856916964054108, -0.16211430728435516, 0.051825255155563354, 0.029888512566685677, -0.023546552285552025, -0.05252870172262192, -0.07308103889226913, -0.14961208403110504, 0.14051833748817444, -0.01545835193246603, 0.08376617729663849, 0.17084410786628723, 0.01773752085864544, 0.032844919711351395, -0.05349310487508774, 0.17685052752494812, 0.12618644535541534, 0.18251916766166687, -0.056902721524238586, -0.13809995353221893, 0.07425808906555176, 0.04706103727221489, 0.03945160284638405, -0.05111582204699516, 0.20566163957118988, 0.03239801526069641]
2022-03-21, 17:33:25, Eingang, 43312, 69, No face visible, NA, -1
2022-03-21, 17:33:26, Eingang, 43322, 69, No face visible, NA, -1
2022-03-21, 17:33:27, Eingang, 43332, 69, No face visible, NA, -1
2022-03-21, 17:33:29, Eingang, 43356, 69, No face visible, NA, -1
2022-03-21, 17:33:33, Eingang, 43391, 69, No face visible, NA, -1
2022-03-21, 17:33:38, Eingang, 43449, 69, No face visible, NA, -1
2022-03-21, 17:33:43, Eingang, 43494, 69, No face visible, NA, -1
2022-03-21, 17:33:46, Eingang, 43530, 69, No face visible, NA, -1
2022-03-21, 17:33:51, Eingang, 43580, 69, No face visible, NA, -1
2022-03-21, 17:33:55, Eingang, 43621, 69, No face visible, NA, -1
2022-03-21, 17:34:12, Eingang, 43783, 69, No face visible, NA, -1
2022-03-21, 17:34:13, Eingang, 43793, 69, No face visible, NA, -1
2022-03-21, 17:34:17, Eingang, 43834, 69, No face visible, NA, -1
2022-03-21, 17:34:19, Eingang, 43861, 69, No face visible, NA, -1
2022-03-21, 17:34:19, Eingang, 43862, 69, unknown, NA, [-0.0763145238161087, -0.0932401791214943, -0.09197936952114105, -0.0766802430152893, 0.05123075470328331, -0.10254465043544769, -0.012450244277715683, -0.05854504182934761, -0.005936219356954098, -0.0006434270762838423, 0.06919844448566437, -0.02088475227355957, -0.025298409163951874, -0.1474972516298294, 0.014747055247426033, 0.0034590098075568676, 0.12108400464057922, -0.07535722106695175, 0.10791639983654022, -0.14388008415699005, -0.057474829256534576, -0.07047034800052643, -0.10949579626321793, -0.016743311658501625, 0.007784574292600155, -0.007596476934850216, 0.18605442345142365, 0.036467503756284714, -0.09974765032529831, 0.010507400147616863, -0.11741454899311066, 0.06251496821641922, -0.032143812626600266, -0.013189030811190605, 0.12509235739707947, 0.029289016500115395, 0.18569651246070862, -0.037009578198194504, 0.12386968731880188, -0.020714163780212402, 0.09977781027555466, 0.10948043316602707, 0.0007623543497174978, 0.07023010402917862, -0.08809081465005875, -0.1140647679567337, 0.017627594992518425, -0.07374588400125504, 0.07078094780445099, 0.06080285459756851, -0.15299300849437714, 0.05708162486553192, 0.0955004021525383, -0.029869984835386276, -0.02588542178273201, 0.09827558696269989, 0.11104687303304672, 0.0524909533560276, -0.01510609220713377, -0.16982878744602203, -0.0899214819073677, -0.021423641592264175, -0.03012222982943058, 0.14406044781208038, 0.02328830026090145, 0.23489895462989807, 0.05904916301369667, 0.025782981887459755, 0.01230029296129942, -0.07099169492721558, 0.05111551657319069, -0.06536084413528442, 0.016724519431591034, -0.13049733638763428, -0.019678659737110138, -0.010209009982645512, -0.030711447820067406, 0.0681348443031311, -0.06223750859498978, -0.15982702374458313, -0.10018178075551987, -0.029751837253570557, -0.028256218880414963, 0.01848929561674595, 0.08302396535873413, -0.02772984467446804, 0.03200926631689072, 0.021858325228095055, -0.16366176307201385, 0.19570232927799225, 0.03191964328289032, 0.019729945808649063, -0.0630912035703659, -0.007914292626082897, 0.006410094443708658, 0.08392077684402466, 0.002045526634901762, -0.13528595864772797, -0.15619921684265137, 0.09269759804010391, -0.040792614221572876, 0.1084137111902237, 0.11414394527673721, -0.15451250970363617, 0.05963355302810669, 0.06450876593589783, -0.009719952940940857, -0.025563271716237068, -0.06386841088533401, -0.10531869530677795, 0.07219564914703369, 0.024095868691802025, 0.13383595645427704, 0.10588686168193817, -0.037019696086645126, 0.028254559263586998, -0.05983245372772217, 0.11575361341238022, 0.1781029850244522, 0.1210700199007988, -0.05714987963438034, -0.12151455879211426, 0.10433991998434067, 0.011567083187401295, 0.09333785623311996, -0.0910937562584877, 0.2032792568206787, 0.000714615685865283]
2022-03-21, 17:34:22, Eingang, 43890, 69, No face visible, NA, -1
2022-03-21, 17:34:38, Eingang, 44053, 69, No face visible, NA, -1
2022-03-21, 17:34:46, Eingang, 44126, 69, No face visible, NA, -1
2022-03-21, 17:34:49, Eingang, 44154, 69, No face visible, NA, -1
2022-03-21, 17:35:05, Eingang, 44315, 69, No face visible, NA, -1
2022-03-21, 17:35:06, Eingang, 44325, 69, No face visible, NA, -1
2022-03-21, 17:35:28, Lost, person, 69, 203, 1424
