2022-03-22, 12:34:20, Found, person, 199, 1180, 1543
2022-03-22, 12:34:20, Eingang, 745573, 199, No face visible, NA, -1
2022-03-22, 12:34:22, Eingang, 745583, 199, No face visible, NA, -1
2022-03-22, 12:34:22, Eingang, 745593, 199, No face visible, NA, -1
2022-03-22, 12:34:24, Eingang, 745603, 199, No face visible, NA, -1
2022-03-22, 12:34:24, Eingang, 745613, 199, No face visible, NA, -1
2022-03-22, 12:34:26, Eingang, 745623, 199, No face visible, NA, -1
2022-03-22, 12:34:26, Eingang, 745633, 199, No face visible, NA, -1
2022-03-22, 12:34:26, Eingang, 745634, 199, No face visible, NA, -1
2022-03-22, 12:34:28, Eingang, 745644, 199, No face visible, NA, -1
2022-03-22, 12:34:28, Eingang, 745654, 199, No face visible, NA, -1
2022-03-22, 12:34:30, Eingang, 745664, 199, No face visible, NA, -1
2022-03-22, 12:34:30, Eingang, 745674, 199, No face visible, NA, -1
2022-03-22, 12:34:32, Eingang, 745684, 199, No face visible, NA, -1
2022-03-22, 12:34:32, Eingang, 745694, 199, No face visible, NA, -1
2022-03-22, 12:34:33, Eingang, 745695, 199, No face visible, NA, -1
2022-03-22, 12:34:34, Eingang, 745705, 199, No face visible, NA, -1
2022-03-22, 12:34:34, Eingang, 745715, 199, No face visible, NA, -1
2022-03-22, 12:34:36, Eingang, 745725, 199, unknown, NA, [-0.014845006167888641, -0.06988050788640976, -0.06114320829510689, -0.13471274077892303, 0.14775897562503815, 0.024577246978878975, 0.05591225251555443, 0.002543272217735648, 0.060692545026540756, 0.0011668037623167038, 0.1655518263578415, -0.1152903139591217, -0.01397358812391758, -0.18537689745426178, -0.026513969525694847, 0.09218686074018478, 0.03669605776667595, -0.11428544670343399, 0.05347970873117447, -0.15918995440006256, 0.0013383524492383003, 0.06027083471417427, -0.08104708045721054, -0.010760611854493618, 0.044843390583992004, -0.06843585520982742, 0.14361248910427094, 0.045766428112983704, -0.1151752769947052, -0.03995008021593094, -0.10827227681875229, 0.024402353912591934, 0.01611141301691532, -0.07365559041500092, 0.12836211919784546, -0.005256494041532278, 0.16112910211086273, 0.0012360065011307597, 0.13064731657505035, -0.03061624988913536, 0.07930730283260345, 0.0035295342095196247, -0.0274971891194582, -0.07216943055391312, -0.11839143931865692, -0.1299169510602951, 0.024776602163910866, -0.021349219605326653, 0.10185043513774872, 0.07824812084436417, -0.11568981409072876, 0.09406498819589615, 0.06415800750255585, -0.06933694332838058, -0.05570319667458534, 0.10443634539842606, 0.052097491919994354, 0.006180937401950359, -0.015051553957164288, -0.13411498069763184, -0.05752740800380707, -0.06160145252943039, -0.021318720653653145, 0.19331854581832886, 0.07231394946575165, 0.1375577449798584, 0.04267280176281929, 0.04002949595451355, 0.021131141111254692, -0.11778490245342255, -0.010883135721087456, -0.12737560272216797, -0.0030692240688949823, -0.1448582410812378, 0.013252089731395245, -0.021783843636512756, -0.004684587009251118, 0.16328521072864532, -0.08083215355873108, -0.0654892548918724, -0.17778600752353668, -0.024520007893443108, 0.017248885706067085, 0.04081742465496063, 0.08423055708408356, -0.0021634765435010195, 0.12519653141498566, -0.043196190148591995, -0.11710674315690994, 0.1661178320646286, 0.0731680616736412, 0.04439414665102959, 0.01715048961341381, -0.02457825094461441, 0.09682048857212067, 0.0703357458114624, -0.06477852910757065, -0.16819338500499725, -0.17507801949977875, 0.0984850525856018, -0.05071480572223663, 0.11571793258190155, 0.09788338094949722, -0.12312665581703186, 0.002726539969444275, 0.06415671110153198, -0.008796785958111286, -0.01788766123354435, -0.041721656918525696, -0.09323771297931671, 0.0750463679432869, -0.021457752212882042, 0.13233673572540283, 0.11882084608078003, -0.0019308205228298903, 0.0486697182059288, 0.004052707459777594, 0.17500318586826324, 0.07587148249149323, 0.11092142015695572, -0.10164177417755127, -0.05522032827138901, 0.09728623926639557, 0.11247329413890839, 0.061988696455955505, -0.0870041698217392, 0.08241647481918335, 0.027880290523171425]
2022-03-22, 12:34:36, Eingang, 745735, 199, unknown, NA, [-0.055823247879743576, -0.11163230240345001, -0.03547123819589615, -0.12140531092882156, 0.1568547487258911, -0.03140027076005936, 0.04590070992708206, -0.0116976797580719, 0.0677790492773056, -0.0157352015376091, 0.15874715149402618, -0.0701194703578949, -0.0028783727902919054, -0.14994768798351288, -0.03854509815573692, 0.06975198537111282, 0.08562541753053665, -0.11000903695821762, 0.015897216275334358, -0.16473039984703064, 0.046052806079387665, -0.0009115203283727169, -0.07317336648702621, -0.04374556615948677, 0.030982090160250664, -0.10438942164182663, 0.14576682448387146, 0.01015191525220871, -0.06897769868373871, -0.01312408596277237, -0.11838903278112411, 0.03678267076611519, 0.006083861459046602, -0.006851173005998135, 0.11616666615009308, -0.009819447062909603, 0.17408499121665955, -0.025028984993696213, 0.054932739585638046, -0.025300391018390656, 0.08977773040533066, 0.04009927809238434, -0.0319015309214592, 0.024787537753582, -0.11800109595060349, -0.12493475526571274, 0.03441411629319191, -0.038361016660928726, 0.11859534680843353, 0.08242262154817581, -0.20485664904117584, 0.05632825195789337, 0.0384582094848156, -0.07302413135766983, -0.05082828924059868, 0.057945556938648224, 0.1116417646408081, 0.06432552635669708, -0.05919932201504707, -0.13639424741268158, -0.12394101917743683, -0.038307856768369675, -0.05060410127043724, 0.1936316192150116, 0.015855377539992332, 0.19304810464382172, 0.03828045725822449, 0.04666377604007721, 0.05511834844946861, -0.15983302891254425, 0.01178826205432415, -0.10096016526222229, -0.0559387281537056, -0.1252678781747818, 0.024497440084815025, -0.0359196774661541, 0.008074351586401463, 0.09382564574480057, -0.08486393839120865, -0.07899092137813568, -0.18263240158557892, -0.049116358160972595, 0.018391011282801628, -0.0401516892015934, 0.083621084690094, 0.03670554235577583, 0.050702836364507675, 0.003115873783826828, -0.1114586591720581, 0.18574438989162445, 0.04411589354276657, 0.055127207189798355, 0.010715330019593239, -0.03339766338467598, 0.111848384141922, 0.12109679728746414, -0.0807371512055397, -0.15315453708171844, -0.18274439871311188, 0.0871155709028244, -0.0232912115752697, 0.10700739175081253, 0.06215347349643707, -0.14699506759643555, 0.018825147300958633, 0.09219520539045334, 0.02748413197696209, -0.1009107232093811, -0.04133719205856323, -0.10548831522464752, 0.049079470336437225, 0.010314569808542728, 0.13100694119930267, 0.08127332478761673, -0.019765136763453484, 0.028155358508229256, 0.002245232230052352, 0.11332745105028152, 0.09199250489473343, 0.10324361175298691, -0.0952972024679184, -0.05847705155611038, 0.10470152646303177, 0.012389179319143295, 0.05981752648949623, -0.052298784255981445, 0.12176632881164551, 0.060622092336416245]
2022-03-22, 12:34:38, Eingang, 745745, 199, No face visible, NA, -1
2022-03-22, 12:34:38, Eingang, 745755, 199, No face visible, NA, -1
2022-03-22, 12:34:39, Eingang, 745756, 199, No face visible, NA, -1
2022-03-22, 12:34:40, Eingang, 745766, 199, No face visible, NA, -1
2022-03-22, 12:34:41, Eingang, 745776, 199, No face visible, NA, -1
2022-03-22, 12:34:42, Eingang, 745786, 199, No face visible, NA, -1
2022-03-22, 12:34:43, Eingang, 745796, 199, No face visible, NA, -1
2022-03-22, 12:34:44, Eingang, 745806, 199, No face visible, NA, -1
2022-03-22, 12:34:44, Eingang, 745816, 199, No face visible, NA, -1
2022-03-22, 12:34:45, Eingang, 745817, 199, No face visible, NA, -1
2022-03-22, 12:34:46, Eingang, 745827, 199, No face visible, NA, -1
2022-03-22, 12:34:47, Eingang, 745837, 199, No face visible, NA, -1
2022-03-22, 12:34:48, Eingang, 745847, 199, No face visible, NA, -1
2022-03-22, 12:34:49, Eingang, 745857, 199, No face visible, NA, -1
2022-03-22, 12:34:50, Eingang, 745867, 199, No face visible, NA, -1
2022-03-22, 12:34:51, Eingang, 745877, 199, No face visible, NA, -1
2022-03-22, 12:34:51, Eingang, 745878, 199, No face visible, NA, -1
2022-03-22, 12:34:52, Eingang, 745888, 199, No face visible, NA, -1
2022-03-22, 12:34:54, Out, person, 199, 597, 1924
