2022-03-30, 12:36:45, Found, person, 244, 1470,   74
2022-03-30, 12:36:45, Eingang, 2976958, 244, No face visible, NA, -1
2022-03-30, 12:36:47, Eingang, 2976978, 244, No face visible, NA, -1
2022-03-30, 12:36:49, Eingang, 2977018, 244, No face visible, NA, -1
2022-03-30, 12:36:53, Eingang, 2977101, 244, No face visible, NA, -1
2022-03-30, 12:36:54, Eingang, 2977121, 244, No face visible, NA, -1
2022-03-30, 12:36:55, Eingang, 2977141, 244, No face visible, NA, -1
2022-03-30, 12:36:56, Eingang, 2977162, 244, No face visible, NA, -1
2022-03-30, 12:36:57, Eingang, 2977163, 244, No face visible, NA, -1
2022-03-30, 12:36:57, Eingang, 2977183, 244, No face visible, NA, -1
2022-03-30, 12:36:58, Eingang, 2977203, 244, No face visible, NA, -1
2022-03-30, 12:36:59, Eingang, 2977223, 244, No face visible, NA, -1
2022-03-30, 12:37:00, Eingang, 2977243, 244, No face visible, NA, -1
2022-03-30, 12:37:01, Eingang, 2977263, 244, No face visible, NA, -1
2022-03-30, 12:37:03, Eingang, 2977283, 244, No face visible, NA, -1
2022-03-30, 12:37:03, Eingang, 2977284, 244, No face visible, NA, -1
2022-03-30, 12:37:03, Eingang, 2977304, 244, No face visible, NA, -1
2022-03-30, 12:37:05, Eingang, 2977328, 244, No face visible, NA, -1
2022-03-30, 12:37:05, Eingang, 2977351, 244, No face visible, NA, -1
2022-03-30, 12:37:07, Eingang, 2977371, 244, No face visible, NA, -1
2022-03-30, 12:37:08, Eingang, 2977396, 244, No face visible, NA, -1
2022-03-30, 12:37:09, Eingang, 2977416, 244, No face visible, NA, -1
2022-03-30, 12:37:09, Eingang, 2977417, 244, No face visible, NA, -1
2022-03-30, 12:37:11, Eingang, 2977449, 244, No face visible, NA, -1
2022-03-30, 12:37:12, Eingang, 2977478, 244, No face visible, NA, -1
2022-03-30, 12:37:22, Eingang, 2977684, 244, No face visible, NA, -1
2022-03-30, 12:37:23, Eingang, 2977704, 244, No face visible, NA, -1
2022-03-30, 12:37:24, Eingang, 2977729, 244, No face visible, NA, -1
2022-03-30, 12:37:27, Eingang, 2977774, 244, No face visible, NA, -1
2022-03-30, 12:37:27, Eingang, 2977775, 244, No face visible, NA, -1
2022-03-30, 12:37:28, Eingang, 2977804, 244, No face visible, NA, -1
2022-03-30, 12:37:29, Eingang, 2977824, 244, No face visible, NA, -1
2022-03-30, 12:37:30, Eingang, 2977850, 244, No face visible, NA, -1
2022-03-30, 12:37:33, Eingang, 2977909, 244, No face visible, NA, -1
2022-03-30, 12:37:34, Eingang, 2977929, 244, No face visible, NA, -1
2022-03-30, 12:37:35, Eingang, 2977951, 244, No face visible, NA, -1
2022-03-30, 12:37:35, Eingang, 2977952, 244, No face visible, NA, -1
2022-03-30, 12:37:37, Eingang, 2977978, 244, No face visible, NA, -1
2022-03-30, 12:37:40, Eingang, 2978030, 244, No face visible, NA, -1
2022-03-30, 12:37:41, Eingang, 2978050, 244, unknown, NA, [-0.03889612853527069, -0.10240784287452698, -0.047912292182445526, -0.1100335344672203, 0.09672379493713379, 0.004370097536593676, 0.015886884182691574, -0.08227730542421341, -0.013708425685763359, 0.049291666597127914, 0.08797949552536011, -0.07978116720914841, 0.005135707091540098, -0.1273631453514099, -0.005735291168093681, 0.13725897669792175, 0.10701312869787216, -0.09817049652338028, 0.08213299512863159, -0.15672190487384796, 0.01169831957668066, 0.014842812903225422, -0.07879872620105743, -0.032283686101436615, 0.03776468336582184, -0.057653140276670456, 0.15192249417304993, 0.0916866660118103, -0.05911845341324806, 0.016249924898147583, -0.06198541820049286, 0.07695456594228745, 0.039339303970336914, -0.02667299658060074, 0.14326946437358856, -0.07553013414144516, 0.09373285621404648, 0.035729244351387024, 0.13316281139850616, 0.011016192846000195, 0.09510262310504913, 0.021441685035824776, -0.04134811460971832, -0.024143073707818985, -0.10050877183675766, -0.14000074565410614, -0.0066162338480353355, -0.012401899322867393, 0.11379851400852203, 0.07971581071615219, -0.1417955458164215, 0.06539059430360794, 0.06038959324359894, -0.04638618975877762, 0.007807605899870396, 0.07452793419361115, 0.12289085984230042, 0.038608405739068985, -0.05871092528104782, -0.2432882934808731, -0.10544086992740631, -0.07587220519781113, -0.019429439678788185, 0.21410053968429565, -0.02973795495927334, 0.1579088419675827, 0.0806463286280632, 0.0035521462559700012, 0.05952737107872963, -0.11298366636037827, -0.023523660376667976, -0.12555474042892456, 0.03367818892002106, -0.1133083924651146, -0.03587757796049118, -0.028419211506843567, -0.003134619677439332, 0.09970558434724808, -0.05740159749984741, -0.0972605049610138, -0.15640446543693542, -0.05890010669827461, 0.023739181458950043, 0.06715811789035797, 0.1194601058959961, 0.01644652523100376, 0.11949081718921661, -0.04829030856490135, -0.18080240488052368, 0.21179276704788208, 0.07818000018596649, 0.02641712687909603, 0.020665977150201797, 0.00549363112077117, 0.13807295262813568, 0.04211900755763054, 0.004173732362687588, -0.1157466396689415, -0.22137990593910217, 0.02185545302927494, -0.09452449530363083, 0.16453635692596436, 0.057345833629369736, -0.08467495441436768, 0.028927214443683624, 0.06584500521421432, -0.04400898143649101, 0.006624766159802675, -0.07597453892230988, -0.0909108966588974, 0.05146767199039459, 0.04712952673435211, 0.0986146405339241, 0.12713098526000977, -0.05024021863937378, 0.03404972329735756, 0.025366829708218575, 0.10063593834638596, 0.0539436861872673, 0.009071587584912777, -0.05392446368932724, -0.006394200958311558, 0.11738836020231247, 0.026216667145490646, 0.09928098320960999, -0.1130620613694191, 0.07916098088026047, 0.03796600550413132]
2022-03-30, 12:37:42, Eingang, 2978070, 244, unknown, NA, [-0.030751198530197144, -0.11346568912267685, -0.034037888050079346, -0.10399536788463593, 0.1067880392074585, -0.006014637649059296, 0.01136530190706253, -0.06306244432926178, -0.017065681517124176, 0.056459978222846985, 0.09395936876535416, -0.08722280710935593, 0.012858567759394646, -0.1288871020078659, 0.0008734447183087468, 0.11930838972330093, 0.11708520352840424, -0.10616839677095413, 0.07387595623731613, -0.14925146102905273, -0.004851607605814934, -0.0018989401869475842, -0.07625458389520645, -0.008947448804974556, 0.0384625606238842, -0.06871476024389267, 0.16247016191482544, 0.08559353649616241, -0.06924030929803848, 0.019693080335855484, -0.055076632648706436, 0.062038980424404144, 0.027758684009313583, -0.048389848321676254, 0.14211006462574005, -0.057407915592193604, 0.09652606397867203, 0.03547677770256996, 0.1316685974597931, 0.031080981716513634, 0.09033706784248352, 0.010219170711934566, -0.019626302644610405, -0.013046897947788239, -0.0940958559513092, -0.1301606297492981, 0.005272503476589918, -0.007571769412606955, 0.109331414103508, 0.06157238036394119, -0.1549924910068512, 0.0813017413020134, 0.07036197185516357, -0.045313894748687744, -0.009710138663649559, 0.07490809261798859, 0.10279714316129684, 0.0427597314119339, -0.040337540209293365, -0.23123310506343842, -0.10549159348011017, -0.0660482794046402, -0.022050760686397552, 0.2110164612531662, -0.020867018029093742, 0.16095425188541412, 0.07121923565864563, 0.020476600155234337, 0.05390377342700958, -0.0899381935596466, -0.02123429998755455, -0.12380307912826538, 0.03491160273551941, -0.11687484383583069, -0.0458984449505806, -0.028506528586149216, 0.0005645547062158585, 0.10038431733846664, -0.07884310185909271, -0.0972479060292244, -0.14570657908916473, -0.07795538753271103, 0.015530012547969818, 0.07609226554632187, 0.13525989651679993, -0.00278068776242435, 0.11183584481477737, -0.07762239128351212, -0.197390615940094, 0.1915101706981659, 0.08638300746679306, 0.024712810292840004, 0.006269219797104597, -0.006362078711390495, 0.11380628496408463, 0.05286268889904022, 0.005322564858943224, -0.1170060783624649, -0.22533197700977325, 0.02971801720559597, -0.10171791911125183, 0.17888954281806946, 0.07562584429979324, -0.10173028707504272, 0.005439477041363716, 0.07854239642620087, -0.04718894883990288, -0.014643036760389805, -0.07527033239603043, -0.08798515051603317, 0.04885861650109291, 0.0568869449198246, 0.11382756382226944, 0.10115495324134827, -0.04429661110043526, 0.04459966719150543, 0.01018512062728405, 0.10374908149242401, 0.05081680044531822, 0.020832736045122147, -0.04501980543136597, -0.0326632596552372, 0.11841178685426712, 0.02365179918706417, 0.1000787690281868, -0.12751565873622894, 0.09663034230470657, 0.046907272189855576]
2022-03-30, 12:37:43, Eingang, 2978090, 244, No face visible, NA, -1
2022-03-30, 12:37:44, Eingang, 2978110, 244, No face visible, NA, -1
2022-03-30, 12:37:44, Eingang, 2978111, 244, No face visible, NA, -1
2022-03-30, 12:37:45, Eingang, 2978131, 244, No face visible, NA, -1
2022-03-30, 12:37:46, Eingang, 2978151, 244, unknown, NA, [-0.04418689012527466, -0.10508271306753159, -0.04246637597680092, -0.09038524329662323, 0.11761046200990677, 0.0756949633359909, 0.023083828389644623, -0.07007858157157898, 0.013024202547967434, 0.07159434258937836, 0.061372414231300354, -0.09555501490831375, 0.03363804146647453, -0.1070668026804924, 0.003969764336943626, 0.10999537259340286, 0.09365089982748032, -0.10076197236776352, 0.06533078849315643, -0.138680562376976, 0.027753012254834175, 0.030760737136006355, -0.07118440419435501, -0.014150411821901798, 0.036394573748111725, -0.05571601539850235, 0.13288576900959015, 0.07127948850393295, -0.06952404975891113, -0.010682041756808758, -0.0234809760004282, 0.06981836259365082, 0.049293048679828644, -0.041694097220897675, 0.14850948750972748, -0.10431982576847076, 0.062113527208566666, 0.025125769898295403, 0.11264778673648834, 0.004583748988807201, 0.09709078073501587, -0.002767870668321848, -0.036840762943029404, -0.07222134619951248, -0.09188149124383926, -0.15808744728565216, 0.016411984339356422, 0.008793487213551998, 0.1310168206691742, 0.06151402369141579, -0.13674196600914001, 0.06510608643293381, 0.04045525938272476, -0.0846928209066391, 0.014571978710591793, 0.04695044085383415, 0.1398882418870926, 0.027271518483757973, -0.03964497148990631, -0.24728672206401825, -0.08707152307033539, -0.0814647302031517, -0.009618088603019714, 0.2502630650997162, -0.02472527325153351, 0.10297629237174988, 0.08738738298416138, 0.012465250678360462, 0.07113794982433319, -0.12330924719572067, -0.03513839840888977, -0.15983428061008453, 0.045554403215646744, -0.09870178252458572, -0.024365702643990517, -0.04537798836827278, 0.015209164470434189, 0.10740537196397781, -0.06798797845840454, -0.07356733083724976, -0.15791398286819458, -0.06736069917678833, 0.021944953128695488, 0.06148667633533478, 0.0961163192987442, 0.037526339292526245, 0.15156756341457367, -0.06811388581991196, -0.2018376737833023, 0.19532838463783264, 0.07378446310758591, 0.027416609227657318, 0.009531169198453426, -0.012636663392186165, 0.17347072064876556, 0.04659726470708847, -0.008367493748664856, -0.08226002007722855, -0.21205522119998932, 0.03613816574215889, -0.1220797523856163, 0.16670194268226624, 0.029761934652924538, -0.062349703162908554, 0.011902282945811749, 0.048231057822704315, -0.046208903193473816, -0.010966053232550621, -0.04911147430539131, -0.10836460441350937, 0.009392721578478813, 0.043791264295578, 0.08397941291332245, 0.1354525089263916, -0.06028473749756813, 0.03898657485842705, 0.03242719545960426, 0.09128516912460327, 0.03834392502903938, 0.02986937016248703, -0.06669580191373825, -0.00934439618140459, 0.10111773014068604, 0.041675545275211334, 0.09645280987024307, -0.1053292527794838, 0.07953996956348419, 0.06391249597072601]
2022-03-30, 12:37:47, Eingang, 2978171, 244, No face visible, NA, -1
2022-03-30, 12:37:48, Eingang, 2978191, 244, No face visible, NA, -1
2022-03-30, 12:37:49, Eingang, 2978211, 244, No face visible, NA, -1
2022-03-30, 12:37:50, Eingang, 2978231, 244, No face visible, NA, -1
2022-03-30, 12:37:50, Eingang, 2978232, 244, No face visible, NA, -1
2022-03-30, 12:37:52, Eingang, 2978252, 244, Silvia, 0.12649910566004005, [-0.018442168831825256, -0.06299678981304169, -0.08492715656757355, -0.08525463193655014, 0.0451672226190567, -0.01980811171233654, 0.04681913182139397, -0.0800287276506424, 0.002464463235810399, 0.006294064689427614, 0.07920502871274948, -0.05723058804869652, -0.01475592888891697, -0.1449861377477646, 0.002914908342063427, 0.0661647617816925, 0.08859188854694366, -0.11479394137859344, 0.0555533841252327, -0.1478434056043625, -0.04416647553443909, -0.0280225221067667, -0.11360147595405579, -0.046561215072870255, 0.026174208149313927, -0.0276178028434515, 0.14876648783683777, 0.06746619939804077, -0.10513328015804291, -0.02099822275340557, -0.07309035956859589, 0.056839749217033386, 0.052898306399583817, -0.07660972326993942, 0.12480713427066803, -0.01733659952878952, 0.17736832797527313, 0.009260260500013828, 0.18166619539260864, -0.03695998340845108, 0.11221518367528915, 0.07347996532917023, -0.0692751407623291, -0.05870139226317406, -0.11144460737705231, -0.10947903990745544, 0.008908732794225216, -0.011658989824354649, 0.056070923805236816, 0.07468931376934052, -0.09489649534225464, 0.03814741224050522, 0.06760919094085693, -0.05412780120968819, -0.0020814905874431133, 0.15592296421527863, 0.09408076107501984, 0.057105764746665955, 0.021140309050679207, -0.1774100959300995, -0.06256137788295746, -0.06372915953397751, -0.030198585242033005, 0.21008215844631195, 0.06013752147555351, 0.1727173775434494, 0.05712726339697838, -0.012766337022185326, 0.05957210436463356, -0.07886113971471786, 0.019450528547167778, -0.12283676117658615, 0.04477701708674431, -0.135395810008049, -0.013186940923333168, -0.02849738672375679, -0.01407612394541502, 0.12199198454618454, -0.03423931449651718, -0.11482460796833038, -0.12396378070116043, -0.06754042953252792, 0.034058500081300735, 0.054719507694244385, 0.08385292440652847, -0.0227395948022604, 0.13332761824131012, -0.03667456656694412, -0.15388360619544983, 0.1990879625082016, 0.047484029084444046, 0.0023790597915649414, -0.02515505626797676, -0.04849129542708397, 0.042945101857185364, 0.08171217143535614, 0.02267559990286827, -0.17084716260433197, -0.19346150755882263, 0.09082164615392685, -0.1427983045578003, 0.18027441203594208, 0.08136254549026489, -0.1025194302201271, 0.04248872771859169, 0.045058149844408035, 0.009683295153081417, -0.01619340293109417, -0.020849592983722687, -0.05583754926919937, 0.03602321073412895, 0.034240275621414185, 0.10515689104795456, 0.11657396703958511, -0.048752035945653915, 0.05537666380405426, -0.030069010332226753, 0.1717701405286789, 0.10667216032743454, 0.0265852939337492, -0.05567514896392822, -0.08479631692171097, 0.1490480750799179, 0.07756680995225906, 0.07543428242206573, -0.08818541467189789, 0.11213057488203049, 0.012161348015069962]
2022-03-30, 12:37:57, Lost, person, 244, 56,  896
